{"level":"info","message":"Root endpoint hit","timestamp":"2025-07-23 15:02:29"}
{"level":"info","message":" Incoming Request \u001b[32mGET\u001b[39m \u001b[32m200\u001b[39m \u001b[35m/\u001b[39m \u001b[93m13 ms\u001b[39m","size":"109","timestamp":"2025-07-23 15:02:29"}
{"level":"info","message":"Root endpoint hit","timestamp":"2025-07-23 15:02:31"}
{"level":"info","message":" Incoming Request \u001b[32mGET\u001b[39m \u001b[32m200\u001b[39m \u001b[35m/\u001b[39m \u001b[93m1 ms\u001b[39m","size":"109","timestamp":"2025-07-23 15:02:31"}
{"level":"info","message":"Root endpoint hit","timestamp":"2025-07-23 15:03:02"}
{"level":"info","message":" Incoming Request \u001b[32mGET\u001b[39m \u001b[32m200\u001b[39m \u001b[35m/\u001b[39m \u001b[93m4 ms\u001b[39m","size":"109","timestamp":"2025-07-23 15:03:02"}
{"level":"info","message":"Root endpoint hit","timestamp":"2025-07-23 15:03:32"}
{"level":"info","message":" Incoming Request \u001b[32mGET\u001b[39m \u001b[32m200\u001b[39m \u001b[35m/\u001b[39m \u001b[93m1 ms\u001b[39m","size":"109","timestamp":"2025-07-23 15:03:32"}
{"level":"info","message":"Root endpoint hit","timestamp":"2025-07-23 15:04:02"}
{"level":"info","message":" Incoming Request \u001b[32mGET\u001b[39m \u001b[32m200\u001b[39m \u001b[35m/\u001b[39m \u001b[93m1 ms\u001b[39m","size":"109","timestamp":"2025-07-23 15:04:02"}
{"level":"info","message":"Root endpoint hit","timestamp":"2025-07-23 15:04:32"}
{"level":"info","message":" Incoming Request \u001b[32mGET\u001b[39m \u001b[32m200\u001b[39m \u001b[35m/\u001b[39m \u001b[93m1 ms\u001b[39m","size":"109","timestamp":"2025-07-23 15:04:32"}
{"level":"info","message":"Root endpoint hit","timestamp":"2025-07-23 15:05:02"}
{"level":"info","message":" Incoming Request \u001b[32mGET\u001b[39m \u001b[32m200\u001b[39m \u001b[35m/\u001b[39m \u001b[93m2 ms\u001b[39m","size":"109","timestamp":"2025-07-23 15:05:02"}
{"level":"info","message":"Root endpoint hit","timestamp":"2025-07-23 15:05:32"}
{"level":"info","message":" Incoming Request \u001b[32mGET\u001b[39m \u001b[32m200\u001b[39m \u001b[35m/\u001b[39m \u001b[93m1 ms\u001b[39m","size":"109","timestamp":"2025-07-23 15:05:32"}
{"level":"info","message":"Root endpoint hit","timestamp":"2025-07-23 15:06:02"}
{"level":"info","message":" Incoming Request \u001b[32mGET\u001b[39m \u001b[32m200\u001b[39m \u001b[35m/\u001b[39m \u001b[93m1 ms\u001b[39m","size":"109","timestamp":"2025-07-23 15:06:02"}
{"level":"info","message":"Root endpoint hit","timestamp":"2025-07-23 15:06:48"}
{"level":"info","message":" Incoming Request \u001b[32mGET\u001b[39m \u001b[32m200\u001b[39m \u001b[35m/\u001b[39m \u001b[93m1 ms\u001b[39m","size":"109","timestamp":"2025-07-23 15:06:48"}
{"level":"info","message":"Root endpoint hit","timestamp":"2025-07-23 15:07:48"}
{"level":"info","message":" Incoming Request \u001b[32mGET\u001b[39m \u001b[32m200\u001b[39m \u001b[35m/\u001b[39m \u001b[93m0 ms\u001b[39m","size":"109","timestamp":"2025-07-23 15:07:48"}
{"level":"info","message":"Root endpoint hit","timestamp":"2025-07-23 15:08:48"}
{"level":"info","message":" Incoming Request \u001b[32mGET\u001b[39m \u001b[32m200\u001b[39m \u001b[35m/\u001b[39m \u001b[93m1 ms\u001b[39m","size":"109","timestamp":"2025-07-23 15:08:48"}
{"level":"info","message":"Root endpoint hit","timestamp":"2025-07-23 15:09:48"}
{"level":"info","message":" Incoming Request \u001b[32mGET\u001b[39m \u001b[32m200\u001b[39m \u001b[35m/\u001b[39m \u001b[93m1 ms\u001b[39m","size":"109","timestamp":"2025-07-23 15:09:48"}
{"level":"info","message":"Root endpoint hit","timestamp":"2025-07-23 15:09:53"}
{"level":"info","message":" Incoming Request \u001b[32mGET\u001b[39m \u001b[32m200\u001b[39m \u001b[35m/\u001b[39m \u001b[93m1 ms\u001b[39m","size":"109","timestamp":"2025-07-23 15:09:53"}
{"level":"info","message":" Incoming Request \u001b[32mGET\u001b[39m \u001b[31m404\u001b[39m \u001b[35m/favicon.ico\u001b[39m \u001b[93m15 ms\u001b[39m","size":"1458","timestamp":"2025-07-23 15:09:54"}
{"level":"info","message":"Root endpoint hit","timestamp":"2025-07-23 15:10:02"}
{"level":"info","message":" Incoming Request \u001b[32mGET\u001b[39m \u001b[32m200\u001b[39m \u001b[35m/\u001b[39m \u001b[93m1 ms\u001b[39m","size":"109","timestamp":"2025-07-23 15:10:02"}
{"level":"info","message":"Root endpoint hit","timestamp":"2025-07-23 15:10:08"}
{"level":"info","message":" Incoming Request \u001b[32mGET\u001b[39m \u001b[32m200\u001b[39m \u001b[35m/\u001b[39m \u001b[93m2 ms\u001b[39m","size":"109","timestamp":"2025-07-23 15:10:08"}
{"level":"info","message":"Root endpoint hit","timestamp":"2025-07-23 15:10:32"}
{"level":"info","message":" Incoming Request \u001b[32mGET\u001b[39m \u001b[32m200\u001b[39m \u001b[35m/\u001b[39m \u001b[93m1 ms\u001b[39m","size":"109","timestamp":"2025-07-23 15:10:32"}
{"level":"info","message":"Root endpoint hit","timestamp":"2025-07-23 15:10:48"}
{"level":"info","message":" Incoming Request \u001b[32mGET\u001b[39m \u001b[32m200\u001b[39m \u001b[35m/\u001b[39m \u001b[93m0 ms\u001b[39m","size":"109","timestamp":"2025-07-23 15:10:48"}
{"level":"info","message":"Root endpoint hit","timestamp":"2025-07-23 15:11:33"}
{"level":"info","message":" Incoming Request \u001b[32mGET\u001b[39m \u001b[32m200\u001b[39m \u001b[35m/\u001b[39m \u001b[93m1 ms\u001b[39m","size":"109","timestamp":"2025-07-23 15:11:33"}
{"level":"info","message":"Root endpoint hit","timestamp":"2025-07-23 15:12:34"}
{"level":"info","message":" Incoming Request \u001b[32mGET\u001b[39m \u001b[32m200\u001b[39m \u001b[35m/\u001b[39m \u001b[93m1 ms\u001b[39m","size":"109","timestamp":"2025-07-23 15:12:34"}
{"level":"info","message":" Incoming Request \u001b[32mGET\u001b[39m \u001b[31m400\u001b[39m \u001b[35m/api/v1/user/my-profile\u001b[39m \u001b[93m24 ms\u001b[39m","size":"1442","timestamp":"2025-07-23 15:13:12"}
{"level":"info","message":" Incoming Request \u001b[32mGET\u001b[39m \u001b[31m400\u001b[39m \u001b[35m/api/v1/user/my-profile\u001b[39m \u001b[93m2 ms\u001b[39m","size":"1442","timestamp":"2025-07-23 15:13:23"}
{"level":"info","message":"Root endpoint hit","timestamp":"2025-07-23 15:13:35"}
{"level":"info","message":" Incoming Request \u001b[32mGET\u001b[39m \u001b[32m200\u001b[39m \u001b[35m/\u001b[39m \u001b[93m1 ms\u001b[39m","size":"109","timestamp":"2025-07-23 15:13:35"}
{"level":"info","message":"Root endpoint hit","timestamp":"2025-07-23 15:14:36"}
{"level":"info","message":" Incoming Request \u001b[32mGET\u001b[39m \u001b[32m200\u001b[39m \u001b[35m/\u001b[39m \u001b[93m1 ms\u001b[39m","size":"109","timestamp":"2025-07-23 15:14:36"}
{"level":"info","message":"Root endpoint hit","timestamp":"2025-07-23 15:15:37"}
{"level":"info","message":" Incoming Request \u001b[32mGET\u001b[39m \u001b[32m200\u001b[39m \u001b[35m/\u001b[39m \u001b[93m1 ms\u001b[39m","size":"109","timestamp":"2025-07-23 15:15:37"}
{"level":"info","message":"Root endpoint hit","timestamp":"2025-07-23 15:16:38"}
{"level":"info","message":" Incoming Request \u001b[32mGET\u001b[39m \u001b[32m200\u001b[39m \u001b[35m/\u001b[39m \u001b[93m1 ms\u001b[39m","size":"109","timestamp":"2025-07-23 15:16:38"}
{"level":"info","message":"Root endpoint hit","timestamp":"2025-07-23 15:17:39"}
{"level":"info","message":" Incoming Request \u001b[32mGET\u001b[39m \u001b[32m200\u001b[39m \u001b[35m/\u001b[39m \u001b[93m1 ms\u001b[39m","size":"109","timestamp":"2025-07-23 15:17:39"}
{"level":"info","message":"Root endpoint hit","timestamp":"2025-07-23 15:18:40"}
{"level":"info","message":" Incoming Request \u001b[32mGET\u001b[39m \u001b[32m200\u001b[39m \u001b[35m/\u001b[39m \u001b[93m1 ms\u001b[39m","size":"109","timestamp":"2025-07-23 15:18:40"}
{"level":"info","message":"Root endpoint hit","timestamp":"2025-07-23 15:19:42"}
{"level":"info","message":" Incoming Request \u001b[32mGET\u001b[39m \u001b[32m200\u001b[39m \u001b[35m/\u001b[39m \u001b[93m1 ms\u001b[39m","size":"109","timestamp":"2025-07-23 15:19:42"}
{"level":"info","message":"Root endpoint hit","timestamp":"2025-07-23 15:20:42"}
{"level":"info","message":" Incoming Request \u001b[32mGET\u001b[39m \u001b[32m200\u001b[39m \u001b[35m/\u001b[39m \u001b[93m1 ms\u001b[39m","size":"109","timestamp":"2025-07-23 15:20:42"}
{"level":"info","message":"Root endpoint hit","timestamp":"2025-07-23 15:21:43"}
{"level":"info","message":" Incoming Request \u001b[32mGET\u001b[39m \u001b[32m200\u001b[39m \u001b[35m/\u001b[39m \u001b[93m1 ms\u001b[39m","size":"109","timestamp":"2025-07-23 15:21:43"}
{"level":"info","message":"Root endpoint hit","timestamp":"2025-07-23 15:22:44"}
{"level":"info","message":" Incoming Request \u001b[32mGET\u001b[39m \u001b[32m200\u001b[39m \u001b[35m/\u001b[39m \u001b[93m1 ms\u001b[39m","size":"109","timestamp":"2025-07-23 15:22:44"}
{"level":"info","message":"Root endpoint hit","timestamp":"2025-07-23 15:23:45"}
{"level":"info","message":" Incoming Request \u001b[32mGET\u001b[39m \u001b[32m200\u001b[39m \u001b[35m/\u001b[39m \u001b[93m1 ms\u001b[39m","size":"109","timestamp":"2025-07-23 15:23:45"}
{"level":"info","message":"Root endpoint hit","timestamp":"2025-07-23 15:24:46"}
{"level":"info","message":" Incoming Request \u001b[32mGET\u001b[39m \u001b[32m200\u001b[39m \u001b[35m/\u001b[39m \u001b[93m0 ms\u001b[39m","size":"109","timestamp":"2025-07-23 15:24:46"}
{"level":"info","message":"Root endpoint hit","timestamp":"2025-07-23 15:25:47"}
{"level":"info","message":" Incoming Request \u001b[32mGET\u001b[39m \u001b[32m200\u001b[39m \u001b[35m/\u001b[39m \u001b[93m1 ms\u001b[39m","size":"109","timestamp":"2025-07-23 15:25:47"}
{"level":"info","message":"Root endpoint hit","timestamp":"2025-07-23 15:26:48"}
{"level":"info","message":" Incoming Request \u001b[32mGET\u001b[39m \u001b[32m200\u001b[39m \u001b[35m/\u001b[39m \u001b[93m1 ms\u001b[39m","size":"109","timestamp":"2025-07-23 15:26:48"}
{"level":"info","message":"Root endpoint hit","timestamp":"2025-07-23 15:27:48"}
{"level":"info","message":" Incoming Request \u001b[32mGET\u001b[39m \u001b[32m200\u001b[39m \u001b[35m/\u001b[39m \u001b[93m2 ms\u001b[39m","size":"109","timestamp":"2025-07-23 15:27:48"}
{"level":"info","message":"Root endpoint hit","timestamp":"2025-07-23 15:28:48"}
{"level":"info","message":" Incoming Request \u001b[32mGET\u001b[39m \u001b[32m200\u001b[39m \u001b[35m/\u001b[39m \u001b[93m1 ms\u001b[39m","size":"109","timestamp":"2025-07-23 15:28:48"}
{"level":"info","message":"Root endpoint hit","timestamp":"2025-07-23 15:29:48"}
{"level":"info","message":" Incoming Request \u001b[32mGET\u001b[39m \u001b[32m200\u001b[39m \u001b[35m/\u001b[39m \u001b[93m1 ms\u001b[39m","size":"109","timestamp":"2025-07-23 15:29:48"}
{"level":"info","message":"Root endpoint hit","timestamp":"2025-07-23 15:30:48"}
{"level":"info","message":" Incoming Request \u001b[32mGET\u001b[39m \u001b[32m200\u001b[39m \u001b[35m/\u001b[39m \u001b[93m1 ms\u001b[39m","size":"109","timestamp":"2025-07-23 15:30:48"}
{"level":"info","message":"Root endpoint hit","timestamp":"2025-07-23 15:31:48"}
{"level":"info","message":" Incoming Request \u001b[32mGET\u001b[39m \u001b[32m200\u001b[39m \u001b[35m/\u001b[39m \u001b[93m1 ms\u001b[39m","size":"109","timestamp":"2025-07-23 15:31:48"}
{"level":"info","message":"Root endpoint hit","timestamp":"2025-07-23 15:32:48"}
{"level":"info","message":" Incoming Request \u001b[32mGET\u001b[39m \u001b[32m200\u001b[39m \u001b[35m/\u001b[39m \u001b[93m1 ms\u001b[39m","size":"109","timestamp":"2025-07-23 15:32:48"}
{"level":"info","message":"Root endpoint hit","timestamp":"2025-07-23 15:33:48"}
{"level":"info","message":" Incoming Request \u001b[32mGET\u001b[39m \u001b[32m200\u001b[39m \u001b[35m/\u001b[39m \u001b[93m0 ms\u001b[39m","size":"109","timestamp":"2025-07-23 15:33:48"}
{"level":"info","message":" Incoming Request \u001b[34mPOST\u001b[39m \u001b[32m200\u001b[39m \u001b[35m/api/v1/user/login\u001b[39m \u001b[93m1128 ms\u001b[39m","size":"1963","timestamp":"2025-07-23 15:34:43"}
{"level":"info","message":" Incoming Request \u001b[32mGET\u001b[39m \u001b[31m400\u001b[39m \u001b[35m/api/v1/user/my-profile\u001b[39m \u001b[93m4 ms\u001b[39m","size":"1442","timestamp":"2025-07-23 15:34:43"}
{"level":"info","message":"Root endpoint hit","timestamp":"2025-07-23 15:34:48"}
{"level":"info","message":" Incoming Request \u001b[32mGET\u001b[39m \u001b[32m200\u001b[39m \u001b[35m/\u001b[39m \u001b[93m0 ms\u001b[39m","size":"109","timestamp":"2025-07-23 15:34:48"}
{"level":"info","message":" Incoming Request \u001b[32mGET\u001b[39m \u001b[32m201\u001b[39m \u001b[35m/api/v1/job/overview\u001b[39m \u001b[93m783 ms\u001b[39m","size":"130","timestamp":"2025-07-23 15:35:26"}
{"level":"info","message":" Incoming Request \u001b[32mGET\u001b[39m \u001b[32m201\u001b[39m \u001b[35m/api/v1/job/my-jobs?limit=10\u001b[39m \u001b[93m818 ms\u001b[39m","size":"945","timestamp":"2025-07-23 15:35:26"}
{"level":"info","message":"Root endpoint hit","timestamp":"2025-07-23 15:35:48"}
{"level":"info","message":" Incoming Request \u001b[32mGET\u001b[39m \u001b[32m200\u001b[39m \u001b[35m/\u001b[39m \u001b[93m1 ms\u001b[39m","size":"109","timestamp":"2025-07-23 15:35:48"}
{"level":"info","message":" Incoming Request \u001b[34mPOST\u001b[39m \u001b[32m200\u001b[39m \u001b[35m/api/v1/user/identity-verification?step=2\u001b[39m \u001b[93m198 ms\u001b[39m","size":"1108","timestamp":"2025-07-23 15:35:58"}
{"level":"info","message":" Incoming Request \u001b[32mGET\u001b[39m \u001b[32m200\u001b[39m \u001b[35m/api/v1/user/my-profile\u001b[39m \u001b[93m233 ms\u001b[39m","size":"1644","timestamp":"2025-07-23 15:35:58"}
{"level":"info","message":"Root endpoint hit","timestamp":"2025-07-23 15:36:48"}
{"level":"info","message":" Incoming Request \u001b[32mGET\u001b[39m \u001b[32m200\u001b[39m \u001b[35m/\u001b[39m \u001b[93m0 ms\u001b[39m","size":"109","timestamp":"2025-07-23 15:36:48"}
{"level":"info","message":" Incoming Request \u001b[32mGET\u001b[39m \u001b[34m304\u001b[39m \u001b[35m/api/v1/user/my-profile\u001b[39m \u001b[93m234 ms\u001b[39m","size":0,"timestamp":"2025-07-23 15:37:43"}
{"level":"info","message":"Root endpoint hit","timestamp":"2025-07-23 15:37:48"}
{"level":"info","message":" Incoming Request \u001b[32mGET\u001b[39m \u001b[32m200\u001b[39m \u001b[35m/\u001b[39m \u001b[93m0 ms\u001b[39m","size":"109","timestamp":"2025-07-23 15:37:48"}
{"level":"info","message":"Root endpoint hit","timestamp":"2025-07-23 15:38:49"}
{"level":"info","message":" Incoming Request \u001b[32mGET\u001b[39m \u001b[32m200\u001b[39m \u001b[35m/\u001b[39m \u001b[93m0 ms\u001b[39m","size":"109","timestamp":"2025-07-23 15:38:49"}
{"level":"info","message":"Root endpoint hit","timestamp":"2025-07-23 15:39:48"}
{"level":"info","message":" Incoming Request \u001b[32mGET\u001b[39m \u001b[32m200\u001b[39m \u001b[35m/\u001b[39m \u001b[93m2 ms\u001b[39m","size":"109","timestamp":"2025-07-23 15:39:48"}
{"level":"info","message":"Root endpoint hit","timestamp":"2025-07-23 15:40:48"}
{"level":"info","message":" Incoming Request \u001b[32mGET\u001b[39m \u001b[32m200\u001b[39m \u001b[35m/\u001b[39m \u001b[93m0 ms\u001b[39m","size":"109","timestamp":"2025-07-23 15:40:48"}
{"level":"info","message":" Incoming Request \u001b[32mGET\u001b[39m \u001b[34m304\u001b[39m \u001b[35m/api/v1/user/my-profile\u001b[39m \u001b[93m229 ms\u001b[39m","size":0,"timestamp":"2025-07-23 15:40:54"}
{"level":"info","message":" Incoming Request \u001b[32mGET\u001b[39m \u001b[34m304\u001b[39m \u001b[35m/api/v1/user/my-profile\u001b[39m \u001b[93m233 ms\u001b[39m","size":0,"timestamp":"2025-07-23 15:41:35"}
{"level":"info","message":"Root endpoint hit","timestamp":"2025-07-23 15:41:48"}
{"level":"info","message":" Incoming Request \u001b[32mGET\u001b[39m \u001b[32m200\u001b[39m \u001b[35m/\u001b[39m \u001b[93m1 ms\u001b[39m","size":"109","timestamp":"2025-07-23 15:41:48"}
{"level":"info","message":" Incoming Request \u001b[32mGET\u001b[39m \u001b[34m304\u001b[39m \u001b[35m/api/v1/user/my-profile\u001b[39m \u001b[93m229 ms\u001b[39m","size":0,"timestamp":"2025-07-23 15:41:58"}
{"level":"info","message":"Root endpoint hit","timestamp":"2025-07-23 15:42:48"}
{"level":"info","message":" Incoming Request \u001b[32mGET\u001b[39m \u001b[32m200\u001b[39m \u001b[35m/\u001b[39m \u001b[93m2 ms\u001b[39m","size":"109","timestamp":"2025-07-23 15:42:48"}
{"level":"info","message":"Root endpoint hit","timestamp":"2025-07-23 15:43:48"}
{"level":"info","message":" Incoming Request \u001b[32mGET\u001b[39m \u001b[32m200\u001b[39m \u001b[35m/\u001b[39m \u001b[93m0 ms\u001b[39m","size":"109","timestamp":"2025-07-23 15:43:48"}
{"level":"info","message":"Root endpoint hit","timestamp":"2025-07-23 15:44:48"}
{"level":"info","message":" Incoming Request \u001b[32mGET\u001b[39m \u001b[32m200\u001b[39m \u001b[35m/\u001b[39m \u001b[93m0 ms\u001b[39m","size":"109","timestamp":"2025-07-23 15:44:48"}
{"level":"info","message":" Incoming Request \u001b[32mGET\u001b[39m \u001b[34m304\u001b[39m \u001b[35m/api/v1/user/my-profile\u001b[39m \u001b[93m598 ms\u001b[39m","size":0,"timestamp":"2025-07-23 15:45:38"}
{"level":"info","message":"Root endpoint hit","timestamp":"2025-07-23 15:45:48"}
{"level":"info","message":" Incoming Request \u001b[32mGET\u001b[39m \u001b[32m200\u001b[39m \u001b[35m/\u001b[39m \u001b[93m1 ms\u001b[39m","size":"109","timestamp":"2025-07-23 15:45:48"}
{"level":"info","message":" Incoming Request \u001b[32mGET\u001b[39m \u001b[34m304\u001b[39m \u001b[35m/api/v1/user/my-profile\u001b[39m \u001b[93m237 ms\u001b[39m","size":0,"timestamp":"2025-07-23 15:46:02"}
{"level":"info","message":"Root endpoint hit","timestamp":"2025-07-23 15:46:48"}
{"level":"info","message":" Incoming Request \u001b[32mGET\u001b[39m \u001b[32m200\u001b[39m \u001b[35m/\u001b[39m \u001b[93m0 ms\u001b[39m","size":"109","timestamp":"2025-07-23 15:46:48"}
{"level":"info","message":"Root endpoint hit","timestamp":"2025-07-23 15:47:48"}
{"level":"info","message":" Incoming Request \u001b[32mGET\u001b[39m \u001b[32m200\u001b[39m \u001b[35m/\u001b[39m \u001b[93m0 ms\u001b[39m","size":"109","timestamp":"2025-07-23 15:47:48"}
{"level":"info","message":"Root endpoint hit","timestamp":"2025-07-23 15:48:48"}
{"level":"info","message":" Incoming Request \u001b[32mGET\u001b[39m \u001b[32m200\u001b[39m \u001b[35m/\u001b[39m \u001b[93m1 ms\u001b[39m","size":"109","timestamp":"2025-07-23 15:48:48"}
{"level":"info","message":"Root endpoint hit","timestamp":"2025-07-23 15:49:48"}
{"level":"info","message":" Incoming Request \u001b[32mGET\u001b[39m \u001b[32m200\u001b[39m \u001b[35m/\u001b[39m \u001b[93m0 ms\u001b[39m","size":"109","timestamp":"2025-07-23 15:49:48"}
{"level":"info","message":"Root endpoint hit","timestamp":"2025-07-23 15:50:48"}
{"level":"info","message":" Incoming Request \u001b[32mGET\u001b[39m \u001b[32m200\u001b[39m \u001b[35m/\u001b[39m \u001b[93m1 ms\u001b[39m","size":"109","timestamp":"2025-07-23 15:50:48"}
{"level":"info","message":"Root endpoint hit","timestamp":"2025-07-23 15:51:48"}
{"level":"info","message":" Incoming Request \u001b[32mGET\u001b[39m \u001b[32m200\u001b[39m \u001b[35m/\u001b[39m \u001b[93m1 ms\u001b[39m","size":"109","timestamp":"2025-07-23 15:51:48"}
{"level":"info","message":"Root endpoint hit","timestamp":"2025-07-23 15:52:48"}
{"level":"info","message":" Incoming Request \u001b[32mGET\u001b[39m \u001b[32m200\u001b[39m \u001b[35m/\u001b[39m \u001b[93m0 ms\u001b[39m","size":"109","timestamp":"2025-07-23 15:52:48"}
{"level":"info","message":"Root endpoint hit","timestamp":"2025-07-23 15:53:48"}
{"level":"info","message":" Incoming Request \u001b[32mGET\u001b[39m \u001b[32m200\u001b[39m \u001b[35m/\u001b[39m \u001b[93m2 ms\u001b[39m","size":"109","timestamp":"2025-07-23 15:53:48"}
{"level":"info","message":"Root endpoint hit","timestamp":"2025-07-23 15:54:48"}
{"level":"info","message":" Incoming Request \u001b[32mGET\u001b[39m \u001b[32m200\u001b[39m \u001b[35m/\u001b[39m \u001b[93m0 ms\u001b[39m","size":"109","timestamp":"2025-07-23 15:54:48"}
{"level":"info","message":"Root endpoint hit","timestamp":"2025-07-23 15:55:48"}
{"level":"info","message":" Incoming Request \u001b[32mGET\u001b[39m \u001b[32m200\u001b[39m \u001b[35m/\u001b[39m \u001b[93m0 ms\u001b[39m","size":"109","timestamp":"2025-07-23 15:55:48"}
{"level":"info","message":"Root endpoint hit","timestamp":"2025-07-23 15:56:48"}
{"level":"info","message":" Incoming Request \u001b[32mGET\u001b[39m \u001b[32m200\u001b[39m \u001b[35m/\u001b[39m \u001b[93m1 ms\u001b[39m","size":"109","timestamp":"2025-07-23 15:56:48"}
{"level":"info","message":"Root endpoint hit","timestamp":"2025-07-23 15:57:48"}
{"level":"info","message":" Incoming Request \u001b[32mGET\u001b[39m \u001b[32m200\u001b[39m \u001b[35m/\u001b[39m \u001b[93m1 ms\u001b[39m","size":"109","timestamp":"2025-07-23 15:57:48"}
{"level":"info","message":"Root endpoint hit","timestamp":"2025-07-23 15:58:48"}
{"level":"info","message":" Incoming Request \u001b[32mGET\u001b[39m \u001b[32m200\u001b[39m \u001b[35m/\u001b[39m \u001b[93m1 ms\u001b[39m","size":"109","timestamp":"2025-07-23 15:58:48"}
{"level":"info","message":" Incoming Request \u001b[34mPOST\u001b[39m \u001b[32m200\u001b[39m \u001b[35m/api/v1/user/register\u001b[39m \u001b[93m3255 ms\u001b[39m","size":"280","timestamp":"2025-07-23 15:59:47"}
{"level":"info","message":"Root endpoint hit","timestamp":"2025-07-23 15:59:48"}
{"level":"info","message":" Incoming Request \u001b[32mGET\u001b[39m \u001b[32m200\u001b[39m \u001b[35m/\u001b[39m \u001b[93m1 ms\u001b[39m","size":"109","timestamp":"2025-07-23 15:59:48"}
{"level":"info","message":" Incoming Request \u001b[34mPOST\u001b[39m \u001b[32m201\u001b[39m \u001b[35m/api/v1/user/verify-otp\u001b[39m \u001b[93m427 ms\u001b[39m","size":"772","timestamp":"2025-07-23 16:00:13"}
{"level":"info","message":" Incoming Request \u001b[32mGET\u001b[39m \u001b[31m400\u001b[39m \u001b[35m/api/v1/user/my-profile\u001b[39m \u001b[93m4 ms\u001b[39m","size":"1442","timestamp":"2025-07-23 16:00:13"}
{"level":"info","message":"Root endpoint hit","timestamp":"2025-07-23 16:00:48"}
{"level":"info","message":" Incoming Request \u001b[32mGET\u001b[39m \u001b[32m200\u001b[39m \u001b[35m/\u001b[39m \u001b[93m0 ms\u001b[39m","size":"109","timestamp":"2025-07-23 16:00:48"}
{"level":"info","message":" Incoming Request \u001b[34mPOST\u001b[39m \u001b[32m200\u001b[39m \u001b[35m/api/v1/uploded\u001b[39m \u001b[93m17 ms\u001b[39m","size":"201","timestamp":"2025-07-23 16:01:03"}
{"level":"info","message":" Incoming Request \u001b[34mPOST\u001b[39m \u001b[32m200\u001b[39m \u001b[35m/api/v1/user/candidate-identity-verification?step=1\u001b[39m \u001b[93m340 ms\u001b[39m","size":"399","timestamp":"2025-07-23 16:01:42"}
{"level":"info","message":" Incoming Request \u001b[32mGET\u001b[39m \u001b[32m200\u001b[39m \u001b[35m/api/v1/user/my-profile\u001b[39m \u001b[93m160 ms\u001b[39m","size":"322","timestamp":"2025-07-23 16:01:43"}
{"level":"info","message":"Root endpoint hit","timestamp":"2025-07-23 16:01:48"}
{"level":"info","message":" Incoming Request \u001b[32mGET\u001b[39m \u001b[32m200\u001b[39m \u001b[35m/\u001b[39m \u001b[93m2 ms\u001b[39m","size":"109","timestamp":"2025-07-23 16:01:48"}
{"level":"info","message":" Incoming Request \u001b[34mPOST\u001b[39m \u001b[32m200\u001b[39m \u001b[35m/api/v1/user/candidate-identity-verification?step=2\u001b[39m \u001b[93m324 ms\u001b[39m","size":"399","timestamp":"2025-07-23 16:02:09"}
{"level":"info","message":" Incoming Request \u001b[32mGET\u001b[39m \u001b[32m200\u001b[39m \u001b[35m/api/v1/user/my-profile\u001b[39m \u001b[93m156 ms\u001b[39m","size":"322","timestamp":"2025-07-23 16:02:10"}
{"level":"info","message":" Incoming Request \u001b[34mPOST\u001b[39m \u001b[32m200\u001b[39m \u001b[35m/api/v1/user/candidate-identity-verification?step=3\u001b[39m \u001b[93m631 ms\u001b[39m","size":"399","timestamp":"2025-07-23 16:02:27"}
{"level":"info","message":" Incoming Request \u001b[32mGET\u001b[39m \u001b[32m200\u001b[39m \u001b[35m/api/v1/user/my-profile\u001b[39m \u001b[93m158 ms\u001b[39m","size":"322","timestamp":"2025-07-23 16:02:27"}
{"level":"info","message":"Root endpoint hit","timestamp":"2025-07-23 16:02:48"}
{"level":"info","message":" Incoming Request \u001b[32mGET\u001b[39m \u001b[32m200\u001b[39m \u001b[35m/\u001b[39m \u001b[93m1 ms\u001b[39m","size":"109","timestamp":"2025-07-23 16:02:48"}
{"level":"info","message":"Root endpoint hit","timestamp":"2025-07-23 16:03:48"}
{"level":"info","message":" Incoming Request \u001b[32mGET\u001b[39m \u001b[32m200\u001b[39m \u001b[35m/\u001b[39m \u001b[93m1 ms\u001b[39m","size":"109","timestamp":"2025-07-23 16:03:48"}
{"level":"info","message":" Incoming Request \u001b[32mGET\u001b[39m \u001b[34m304\u001b[39m \u001b[35m/api/v1/user/my-profile\u001b[39m \u001b[93m156 ms\u001b[39m","size":0,"timestamp":"2025-07-23 16:04:12"}
{"level":"info","message":"Root endpoint hit","timestamp":"2025-07-23 16:04:48"}
{"level":"info","message":" Incoming Request \u001b[32mGET\u001b[39m \u001b[32m200\u001b[39m \u001b[35m/\u001b[39m \u001b[93m1 ms\u001b[39m","size":"109","timestamp":"2025-07-23 16:04:48"}
{"level":"info","message":" Incoming Request \u001b[34mPOST\u001b[39m \u001b[32m200\u001b[39m \u001b[35m/api/v1/user/candidate-identity-verification?step=4\u001b[39m \u001b[93m487 ms\u001b[39m","size":"1110","timestamp":"2025-07-23 16:04:59"}
{"level":"info","message":" Incoming Request \u001b[32mGET\u001b[39m \u001b[32m200\u001b[39m \u001b[35m/api/v1/user/my-profile\u001b[39m \u001b[93m228 ms\u001b[39m","size":"964","timestamp":"2025-07-23 16:05:00"}
{"level":"info","message":" Incoming Request \u001b[32mGET\u001b[39m \u001b[32m200\u001b[39m \u001b[35m/api/v1/category/all?\u001b[39m \u001b[93m85 ms\u001b[39m","size":"1302","timestamp":"2025-07-23 16:05:00"}
{"level":"info","message":" Incoming Request \u001b[32mGET\u001b[39m \u001b[32m201\u001b[39m \u001b[35m/api/v1/job/overview\u001b[39m \u001b[93m156 ms\u001b[39m","size":"130","timestamp":"2025-07-23 16:05:05"}
{"level":"info","message":" Incoming Request \u001b[32mGET\u001b[39m \u001b[32m201\u001b[39m \u001b[35m/api/v1/job/my-jobs?limit=10\u001b[39m \u001b[93m244 ms\u001b[39m","size":"186","timestamp":"2025-07-23 16:05:05"}
{"level":"info","message":" Incoming Request \u001b[32mGET\u001b[39m \u001b[34m304\u001b[39m \u001b[35m/api/v1/user/my-profile\u001b[39m \u001b[93m248 ms\u001b[39m","size":0,"timestamp":"2025-07-23 16:05:08"}
{"level":"info","message":" Incoming Request \u001b[32mGET\u001b[39m \u001b[32m201\u001b[39m \u001b[35m/api/v1/job/overview\u001b[39m \u001b[93m162 ms\u001b[39m","size":"130","timestamp":"2025-07-23 16:05:09"}
{"level":"info","message":" Incoming Request \u001b[32mGET\u001b[39m \u001b[32m201\u001b[39m \u001b[35m/api/v1/job/my-jobs?limit=10\u001b[39m \u001b[93m227 ms\u001b[39m","size":"186","timestamp":"2025-07-23 16:05:09"}
{"level":"info","message":" Incoming Request \u001b[32mGET\u001b[39m \u001b[34m304\u001b[39m \u001b[35m/api/v1/user/my-profile\u001b[39m \u001b[93m235 ms\u001b[39m","size":0,"timestamp":"2025-07-23 16:05:17"}
{"level":"info","message":" Incoming Request \u001b[32mGET\u001b[39m \u001b[34m304\u001b[39m \u001b[35m/api/v1/category/all?\u001b[39m \u001b[93m78 ms\u001b[39m","size":0,"timestamp":"2025-07-23 16:05:19"}
{"level":"info","message":" Incoming Request \u001b[34mPOST\u001b[39m \u001b[32m200\u001b[39m \u001b[35m/api/v1/user/candidate-identity-verification?step=4\u001b[39m \u001b[93m316 ms\u001b[39m","size":"1105","timestamp":"2025-07-23 16:05:24"}
{"level":"info","message":" Incoming Request \u001b[32mGET\u001b[39m \u001b[34m304\u001b[39m \u001b[35m/api/v1/user/my-profile\u001b[39m \u001b[93m233 ms\u001b[39m","size":0,"timestamp":"2025-07-23 16:05:24"}
{"level":"info","message":"Root endpoint hit","timestamp":"2025-07-23 16:05:48"}
{"level":"info","message":" Incoming Request \u001b[32mGET\u001b[39m \u001b[32m200\u001b[39m \u001b[35m/\u001b[39m \u001b[93m0 ms\u001b[39m","size":"109","timestamp":"2025-07-23 16:05:48"}
{"level":"info","message":"Root endpoint hit","timestamp":"2025-07-23 16:06:48"}
{"level":"info","message":" Incoming Request \u001b[32mGET\u001b[39m \u001b[32m200\u001b[39m \u001b[35m/\u001b[39m \u001b[93m1 ms\u001b[39m","size":"109","timestamp":"2025-07-23 16:06:48"}
{"level":"info","message":"Root endpoint hit","timestamp":"2025-07-23 16:07:48"}
{"level":"info","message":" Incoming Request \u001b[32mGET\u001b[39m \u001b[32m200\u001b[39m \u001b[35m/\u001b[39m \u001b[93m0 ms\u001b[39m","size":"109","timestamp":"2025-07-23 16:07:48"}
{"level":"info","message":"Root endpoint hit","timestamp":"2025-07-23 16:08:48"}
{"level":"info","message":" Incoming Request \u001b[32mGET\u001b[39m \u001b[32m200\u001b[39m \u001b[35m/\u001b[39m \u001b[93m1 ms\u001b[39m","size":"109","timestamp":"2025-07-23 16:08:48"}
{"level":"info","message":" Incoming Request \u001b[34mPOST\u001b[39m \u001b[32m200\u001b[39m \u001b[35m/api/v1/user/login\u001b[39m \u001b[93m448 ms\u001b[39m","size":"1962","timestamp":"2025-07-23 16:09:03"}
{"level":"info","message":" Incoming Request \u001b[32mGET\u001b[39m \u001b[31m400\u001b[39m \u001b[35m/api/v1/user/my-profile\u001b[39m \u001b[93m1 ms\u001b[39m","size":"1508","timestamp":"2025-07-23 16:09:04"}
{"level":"info","message":" Incoming Request \u001b[32mGET\u001b[39m \u001b[32m201\u001b[39m \u001b[35m/api/v1/job/overview\u001b[39m \u001b[93m246 ms\u001b[39m","size":"130","timestamp":"2025-07-23 16:09:14"}
{"level":"info","message":" Incoming Request \u001b[32mGET\u001b[39m \u001b[32m201\u001b[39m \u001b[35m/api/v1/job/my-jobs?limit=10\u001b[39m \u001b[93m885 ms\u001b[39m","size":"945","timestamp":"2025-07-23 16:09:15"}
{"level":"info","message":" Incoming Request \u001b[32mGET\u001b[39m \u001b[32m201\u001b[39m \u001b[35m/api/v1/plan/latest-invoice?page=1&limit=10\u001b[39m \u001b[93m157 ms\u001b[39m","size":"930","timestamp":"2025-07-23 16:09:37"}
{"level":"info","message":" Incoming Request \u001b[32mGET\u001b[39m \u001b[32m201\u001b[39m \u001b[35m/api/v1/plan/my-plan\u001b[39m \u001b[93m426 ms\u001b[39m","size":"1001","timestamp":"2025-07-23 16:09:37"}
{"level":"info","message":" Incoming Request \u001b[32mGET\u001b[39m \u001b[32m201\u001b[39m \u001b[35m/api/v1/subscription?\u001b[39m \u001b[93m83 ms\u001b[39m","size":"1750","timestamp":"2025-07-23 16:09:47"}
{"level":"info","message":"Root endpoint hit","timestamp":"2025-07-23 16:09:48"}
{"level":"info","message":" Incoming Request \u001b[32mGET\u001b[39m \u001b[32m200\u001b[39m \u001b[35m/\u001b[39m \u001b[93m1 ms\u001b[39m","size":"109","timestamp":"2025-07-23 16:09:48"}
{"level":"info","message":"Root endpoint hit","timestamp":"2025-07-23 16:10:48"}
{"level":"info","message":" Incoming Request \u001b[32mGET\u001b[39m \u001b[32m200\u001b[39m \u001b[35m/\u001b[39m \u001b[93m1 ms\u001b[39m","size":"109","timestamp":"2025-07-23 16:10:48"}
{"level":"info","message":"Root endpoint hit","timestamp":"2025-07-23 16:11:48"}
{"level":"info","message":" Incoming Request \u001b[32mGET\u001b[39m \u001b[32m200\u001b[39m \u001b[35m/\u001b[39m \u001b[93m1 ms\u001b[39m","size":"109","timestamp":"2025-07-23 16:11:48"}
{"level":"info","message":"Root endpoint hit","timestamp":"2025-07-23 16:12:48"}
{"level":"info","message":" Incoming Request \u001b[32mGET\u001b[39m \u001b[32m200\u001b[39m \u001b[35m/\u001b[39m \u001b[93m1 ms\u001b[39m","size":"109","timestamp":"2025-07-23 16:12:48"}
{"level":"info","message":"Root endpoint hit","timestamp":"2025-07-23 16:13:48"}
{"level":"info","message":" Incoming Request \u001b[32mGET\u001b[39m \u001b[32m200\u001b[39m \u001b[35m/\u001b[39m \u001b[93m1 ms\u001b[39m","size":"109","timestamp":"2025-07-23 16:13:48"}
{"level":"info","message":"Root endpoint hit","timestamp":"2025-07-23 16:14:48"}
{"level":"info","message":" Incoming Request \u001b[32mGET\u001b[39m \u001b[32m200\u001b[39m \u001b[35m/\u001b[39m \u001b[93m1 ms\u001b[39m","size":"109","timestamp":"2025-07-23 16:14:48"}
{"level":"info","message":" Incoming Request \u001b[32mGET\u001b[39m \u001b[32m201\u001b[39m \u001b[35m/api/v1/plan/latest-invoice?page=1&limit=10\u001b[39m \u001b[93m153 ms\u001b[39m","size":"930","timestamp":"2025-07-23 16:15:33"}
{"level":"info","message":" Incoming Request \u001b[32mGET\u001b[39m \u001b[32m201\u001b[39m \u001b[35m/api/v1/plan/my-plan\u001b[39m \u001b[93m382 ms\u001b[39m","size":"1001","timestamp":"2025-07-23 16:15:33"}
{"level":"info","message":" Incoming Request \u001b[32mGET\u001b[39m \u001b[34m304\u001b[39m \u001b[35m/api/v1/category/all?\u001b[39m \u001b[93m75 ms\u001b[39m","size":0,"timestamp":"2025-07-23 16:15:38"}
{"level":"info","message":" Incoming Request \u001b[32mGET\u001b[39m \u001b[32m201\u001b[39m \u001b[35m/api/v1/job/my-jobs?page=1&limit=10\u001b[39m \u001b[93m312 ms\u001b[39m","size":"945","timestamp":"2025-07-23 16:15:44"}
{"level":"info","message":"Root endpoint hit","timestamp":"2025-07-23 16:15:48"}
{"level":"info","message":" Incoming Request \u001b[32mGET\u001b[39m \u001b[32m200\u001b[39m \u001b[35m/\u001b[39m \u001b[93m1 ms\u001b[39m","size":"109","timestamp":"2025-07-23 16:15:48"}
{"level":"info","message":" Incoming Request \u001b[32mGET\u001b[39m \u001b[32m200\u001b[39m \u001b[35m/api/v1/job/view-applications/687a31dd8f3d444ddfe570ac?page=1&limit=10\u001b[39m \u001b[93m256 ms\u001b[39m","size":"191","timestamp":"2025-07-23 16:15:53"}
{"level":"info","message":" Incoming Request \u001b[32mGET\u001b[39m \u001b[32m200\u001b[39m \u001b[35m/api/v1/user/my-profile\u001b[39m \u001b[93m248 ms\u001b[39m","size":"1644","timestamp":"2025-07-23 16:16:43"}
{"level":"info","message":" Incoming Request \u001b[32mGET\u001b[39m \u001b[32m201\u001b[39m \u001b[35m/api/v1/job/my-jobs?page=1&limit=10\u001b[39m \u001b[93m332 ms\u001b[39m","size":"945","timestamp":"2025-07-23 16:16:44"}
{"level":"info","message":"Root endpoint hit","timestamp":"2025-07-23 16:16:48"}
{"level":"info","message":" Incoming Request \u001b[32mGET\u001b[39m \u001b[32m200\u001b[39m \u001b[35m/\u001b[39m \u001b[93m2 ms\u001b[39m","size":"109","timestamp":"2025-07-23 16:16:48"}
{"level":"info","message":"Root endpoint hit","timestamp":"2025-07-23 16:17:48"}
{"level":"info","message":" Incoming Request \u001b[32mGET\u001b[39m \u001b[32m200\u001b[39m \u001b[35m/\u001b[39m \u001b[93m1 ms\u001b[39m","size":"109","timestamp":"2025-07-23 16:17:48"}
{"level":"info","message":" Incoming Request \u001b[32mGET\u001b[39m \u001b[34m304\u001b[39m \u001b[35m/api/v1/job/view-applications/687a31dd8f3d444ddfe570ac?page=1&limit=10\u001b[39m \u001b[93m249 ms\u001b[39m","size":0,"timestamp":"2025-07-23 16:18:08"}
{"level":"info","message":" Incoming Request \u001b[32mGET\u001b[39m \u001b[32m200\u001b[39m \u001b[35m/api/v1/job/view-applications/687a28f227657fdf3e8abd26?page=1&limit=10\u001b[39m \u001b[93m421 ms\u001b[39m","size":"1191","timestamp":"2025-07-23 16:18:11"}
{"level":"info","message":"Root endpoint hit","timestamp":"2025-07-23 16:18:48"}
{"level":"info","message":" Incoming Request \u001b[32mGET\u001b[39m \u001b[32m200\u001b[39m \u001b[35m/\u001b[39m \u001b[93m1 ms\u001b[39m","size":"109","timestamp":"2025-07-23 16:18:48"}
{"level":"info","message":"Root endpoint hit","timestamp":"2025-07-23 16:19:48"}
{"level":"info","message":" Incoming Request \u001b[32mGET\u001b[39m \u001b[32m200\u001b[39m \u001b[35m/\u001b[39m \u001b[93m1 ms\u001b[39m","size":"109","timestamp":"2025-07-23 16:19:48"}
{"level":"info","message":"Root endpoint hit","timestamp":"2025-07-23 16:20:48"}
{"level":"info","message":" Incoming Request \u001b[32mGET\u001b[39m \u001b[32m200\u001b[39m \u001b[35m/\u001b[39m \u001b[93m0 ms\u001b[39m","size":"109","timestamp":"2025-07-23 16:20:48"}
{"level":"info","message":"Root endpoint hit","timestamp":"2025-07-23 16:21:48"}
{"level":"info","message":" Incoming Request \u001b[32mGET\u001b[39m \u001b[32m200\u001b[39m \u001b[35m/\u001b[39m \u001b[93m0 ms\u001b[39m","size":"109","timestamp":"2025-07-23 16:21:48"}
{"level":"info","message":"Root endpoint hit","timestamp":"2025-07-23 16:22:48"}
{"level":"info","message":" Incoming Request \u001b[32mGET\u001b[39m \u001b[32m200\u001b[39m \u001b[35m/\u001b[39m \u001b[93m1 ms\u001b[39m","size":"109","timestamp":"2025-07-23 16:22:48"}
{"level":"info","message":"Root endpoint hit","timestamp":"2025-07-23 16:23:48"}
{"level":"info","message":" Incoming Request \u001b[32mGET\u001b[39m \u001b[32m200\u001b[39m \u001b[35m/\u001b[39m \u001b[93m1 ms\u001b[39m","size":"109","timestamp":"2025-07-23 16:23:48"}
{"level":"info","message":"Root endpoint hit","timestamp":"2025-07-23 16:24:48"}
{"level":"info","message":" Incoming Request \u001b[32mGET\u001b[39m \u001b[32m200\u001b[39m \u001b[35m/\u001b[39m \u001b[93m0 ms\u001b[39m","size":"109","timestamp":"2025-07-23 16:24:48"}
{"level":"info","message":"Root endpoint hit","timestamp":"2025-07-23 16:25:48"}
{"level":"info","message":" Incoming Request \u001b[32mGET\u001b[39m \u001b[32m200\u001b[39m \u001b[35m/\u001b[39m \u001b[93m0 ms\u001b[39m","size":"109","timestamp":"2025-07-23 16:25:48"}
{"level":"info","message":"Root endpoint hit","timestamp":"2025-07-23 16:26:48"}
{"level":"info","message":" Incoming Request \u001b[32mGET\u001b[39m \u001b[32m200\u001b[39m \u001b[35m/\u001b[39m \u001b[93m1 ms\u001b[39m","size":"109","timestamp":"2025-07-23 16:26:48"}
{"level":"info","message":" Incoming Request \u001b[32mGET\u001b[39m \u001b[34m304\u001b[39m \u001b[35m/api/v1/user/my-profile\u001b[39m \u001b[93m255 ms\u001b[39m","size":0,"timestamp":"2025-07-23 16:26:57"}
{"level":"info","message":"Root endpoint hit","timestamp":"2025-07-23 16:27:48"}
{"level":"info","message":" Incoming Request \u001b[32mGET\u001b[39m \u001b[32m200\u001b[39m \u001b[35m/\u001b[39m \u001b[93m1 ms\u001b[39m","size":"109","timestamp":"2025-07-23 16:27:48"}
{"level":"info","message":"Root endpoint hit","timestamp":"2025-07-23 16:28:48"}
{"level":"info","message":" Incoming Request \u001b[32mGET\u001b[39m \u001b[32m200\u001b[39m \u001b[35m/\u001b[39m \u001b[93m1 ms\u001b[39m","size":"109","timestamp":"2025-07-23 16:28:48"}
{"level":"info","message":" Incoming Request \u001b[32mGET\u001b[39m \u001b[34m304\u001b[39m \u001b[35m/api/v1/user/my-profile\u001b[39m \u001b[93m248 ms\u001b[39m","size":0,"timestamp":"2025-07-23 16:29:10"}
{"level":"info","message":" Incoming Request \u001b[32mGET\u001b[39m \u001b[31m400\u001b[39m \u001b[35m/api/v1/job/single-apply/undefined\u001b[39m \u001b[93m46 ms\u001b[39m","size":"1615","timestamp":"2025-07-23 16:29:42"}
{"level":"info","message":"Root endpoint hit","timestamp":"2025-07-23 16:29:48"}
{"level":"info","message":" Incoming Request \u001b[32mGET\u001b[39m \u001b[32m200\u001b[39m \u001b[35m/\u001b[39m \u001b[93m1 ms\u001b[39m","size":"109","timestamp":"2025-07-23 16:29:48"}
{"level":"info","message":" Incoming Request \u001b[32mGET\u001b[39m \u001b[34m304\u001b[39m \u001b[35m/api/v1/user/my-profile\u001b[39m \u001b[93m251 ms\u001b[39m","size":0,"timestamp":"2025-07-23 16:29:59"}
{"level":"info","message":" Incoming Request \u001b[32mGET\u001b[39m \u001b[34m304\u001b[39m \u001b[35m/api/v1/user/my-profile\u001b[39m \u001b[93m247 ms\u001b[39m","size":0,"timestamp":"2025-07-23 16:30:02"}
{"level":"info","message":" Incoming Request \u001b[32mGET\u001b[39m \u001b[34m304\u001b[39m \u001b[35m/api/v1/user/my-profile\u001b[39m \u001b[93m245 ms\u001b[39m","size":0,"timestamp":"2025-07-23 16:30:13"}
{"level":"info","message":"Root endpoint hit","timestamp":"2025-07-23 16:30:48"}
{"level":"info","message":" Incoming Request \u001b[32mGET\u001b[39m \u001b[32m200\u001b[39m \u001b[35m/\u001b[39m \u001b[93m1 ms\u001b[39m","size":"109","timestamp":"2025-07-23 16:30:48"}
{"level":"info","message":" Incoming Request \u001b[32mGET\u001b[39m \u001b[34m304\u001b[39m \u001b[35m/api/v1/user/my-profile\u001b[39m \u001b[93m247 ms\u001b[39m","size":0,"timestamp":"2025-07-23 16:31:17"}
{"level":"info","message":" Incoming Request \u001b[32mGET\u001b[39m \u001b[34m304\u001b[39m \u001b[35m/api/v1/job/view-applications/687a28f227657fdf3e8abd26?page=1&limit=10\u001b[39m \u001b[93m409 ms\u001b[39m","size":0,"timestamp":"2025-07-23 16:31:19"}
{"level":"info","message":" Incoming Request \u001b[32mGET\u001b[39m \u001b[34m304\u001b[39m \u001b[35m/api/v1/user/my-profile\u001b[39m \u001b[93m247 ms\u001b[39m","size":0,"timestamp":"2025-07-23 16:31:46"}
{"level":"info","message":"Root endpoint hit","timestamp":"2025-07-23 16:31:48"}
{"level":"info","message":" Incoming Request \u001b[32mGET\u001b[39m \u001b[32m200\u001b[39m \u001b[35m/\u001b[39m \u001b[93m0 ms\u001b[39m","size":"109","timestamp":"2025-07-23 16:31:48"}
{"level":"info","message":"Root endpoint hit","timestamp":"2025-07-23 16:32:48"}
{"level":"info","message":" Incoming Request \u001b[32mGET\u001b[39m \u001b[32m200\u001b[39m \u001b[35m/\u001b[39m \u001b[93m1 ms\u001b[39m","size":"109","timestamp":"2025-07-23 16:32:48"}
{"level":"info","message":"Root endpoint hit","timestamp":"2025-07-23 16:33:48"}
{"level":"info","message":" Incoming Request \u001b[32mGET\u001b[39m \u001b[32m200\u001b[39m \u001b[35m/\u001b[39m \u001b[93m1 ms\u001b[39m","size":"109","timestamp":"2025-07-23 16:33:48"}
{"level":"info","message":"Root endpoint hit","timestamp":"2025-07-23 16:34:48"}
{"level":"info","message":" Incoming Request \u001b[32mGET\u001b[39m \u001b[32m200\u001b[39m \u001b[35m/\u001b[39m \u001b[93m0 ms\u001b[39m","size":"109","timestamp":"2025-07-23 16:34:48"}
{"level":"info","message":" Incoming Request \u001b[32mGET\u001b[39m \u001b[34m304\u001b[39m \u001b[35m/api/v1/job/view-applications/687a28f227657fdf3e8abd26?page=1&limit=10\u001b[39m \u001b[93m412 ms\u001b[39m","size":0,"timestamp":"2025-07-23 16:35:12"}
{"level":"info","message":"Root endpoint hit","timestamp":"2025-07-23 16:35:48"}
{"level":"info","message":" Incoming Request \u001b[32mGET\u001b[39m \u001b[32m200\u001b[39m \u001b[35m/\u001b[39m \u001b[93m1 ms\u001b[39m","size":"109","timestamp":"2025-07-23 16:35:48"}
{"level":"info","message":" Incoming Request \u001b[32mGET\u001b[39m \u001b[34m304\u001b[39m \u001b[35m/api/v1/user/my-profile\u001b[39m \u001b[93m250 ms\u001b[39m","size":0,"timestamp":"2025-07-23 16:36:29"}
{"level":"info","message":" Incoming Request \u001b[32mGET\u001b[39m \u001b[34m304\u001b[39m \u001b[35m/api/v1/user/my-profile\u001b[39m \u001b[93m245 ms\u001b[39m","size":0,"timestamp":"2025-07-23 16:36:44"}
{"level":"info","message":"Root endpoint hit","timestamp":"2025-07-23 16:36:48"}
{"level":"info","message":" Incoming Request \u001b[32mGET\u001b[39m \u001b[32m200\u001b[39m \u001b[35m/\u001b[39m \u001b[93m1 ms\u001b[39m","size":"109","timestamp":"2025-07-23 16:36:48"}
{"level":"info","message":" Incoming Request \u001b[32mGET\u001b[39m \u001b[34m304\u001b[39m \u001b[35m/api/v1/user/my-profile\u001b[39m \u001b[93m244 ms\u001b[39m","size":0,"timestamp":"2025-07-23 16:37:07"}
{"level":"info","message":" Incoming Request \u001b[32mGET\u001b[39m \u001b[34m304\u001b[39m \u001b[35m/api/v1/user/my-profile\u001b[39m \u001b[93m246 ms\u001b[39m","size":0,"timestamp":"2025-07-23 16:37:24"}
{"level":"info","message":"Root endpoint hit","timestamp":"2025-07-23 16:37:48"}
{"level":"info","message":" Incoming Request \u001b[32mGET\u001b[39m \u001b[32m200\u001b[39m \u001b[35m/\u001b[39m \u001b[93m0 ms\u001b[39m","size":"109","timestamp":"2025-07-23 16:37:48"}
{"level":"info","message":"Root endpoint hit","timestamp":"2025-07-23 16:38:48"}
{"level":"info","message":" Incoming Request \u001b[32mGET\u001b[39m \u001b[32m200\u001b[39m \u001b[35m/\u001b[39m \u001b[93m0 ms\u001b[39m","size":"109","timestamp":"2025-07-23 16:38:48"}
{"level":"info","message":" Incoming Request \u001b[32mGET\u001b[39m \u001b[34m304\u001b[39m \u001b[35m/api/v1/user/my-profile\u001b[39m \u001b[93m257 ms\u001b[39m","size":0,"timestamp":"2025-07-23 16:38:57"}
{"level":"info","message":" Incoming Request \u001b[32mGET\u001b[39m \u001b[32m200\u001b[39m \u001b[35m/api/v1/job/single-apply/687a2a3f19f26098ca18740f\u001b[39m \u001b[93m254 ms\u001b[39m","size":"2068","timestamp":"2025-07-23 16:38:58"}
{"level":"info","message":"Root endpoint hit","timestamp":"2025-07-23 16:39:48"}
{"level":"info","message":" Incoming Request \u001b[32mGET\u001b[39m \u001b[32m200\u001b[39m \u001b[35m/\u001b[39m \u001b[93m0 ms\u001b[39m","size":"109","timestamp":"2025-07-23 16:39:48"}
{"level":"info","message":"Root endpoint hit","timestamp":"2025-07-23 16:40:48"}
{"level":"info","message":" Incoming Request \u001b[32mGET\u001b[39m \u001b[32m200\u001b[39m \u001b[35m/\u001b[39m \u001b[93m0 ms\u001b[39m","size":"109","timestamp":"2025-07-23 16:40:48"}
{"level":"info","message":" Incoming Request \u001b[32mGET\u001b[39m \u001b[34m304\u001b[39m \u001b[35m/api/v1/user/my-profile\u001b[39m \u001b[93m245 ms\u001b[39m","size":0,"timestamp":"2025-07-23 16:41:15"}
{"level":"info","message":" Incoming Request \u001b[32mGET\u001b[39m \u001b[34m304\u001b[39m \u001b[35m/api/v1/job/single-apply/687a2a3f19f26098ca18740f\u001b[39m \u001b[93m263 ms\u001b[39m","size":0,"timestamp":"2025-07-23 16:41:16"}
{"level":"info","message":" Incoming Request \u001b[32mGET\u001b[39m \u001b[34m304\u001b[39m \u001b[35m/api/v1/user/my-profile\u001b[39m \u001b[93m240 ms\u001b[39m","size":0,"timestamp":"2025-07-23 16:41:20"}
{"level":"info","message":" Incoming Request \u001b[32mGET\u001b[39m \u001b[34m304\u001b[39m \u001b[35m/api/v1/job/single-apply/687a2a3f19f26098ca18740f\u001b[39m \u001b[93m245 ms\u001b[39m","size":0,"timestamp":"2025-07-23 16:41:20"}
{"level":"info","message":" Incoming Request \u001b[32mGET\u001b[39m \u001b[34m304\u001b[39m \u001b[35m/api/v1/user/my-profile\u001b[39m \u001b[93m245 ms\u001b[39m","size":0,"timestamp":"2025-07-23 16:41:42"}
{"level":"info","message":" Incoming Request \u001b[32mGET\u001b[39m \u001b[34m304\u001b[39m \u001b[35m/api/v1/job/single-apply/687a2a3f19f26098ca18740f\u001b[39m \u001b[93m247 ms\u001b[39m","size":0,"timestamp":"2025-07-23 16:41:42"}
{"level":"info","message":" Incoming Request \u001b[32mGET\u001b[39m \u001b[34m304\u001b[39m \u001b[35m/api/v1/user/my-profile\u001b[39m \u001b[93m242 ms\u001b[39m","size":0,"timestamp":"2025-07-23 16:41:48"}
{"level":"info","message":"Root endpoint hit","timestamp":"2025-07-23 16:41:48"}
{"level":"info","message":" Incoming Request \u001b[32mGET\u001b[39m \u001b[32m200\u001b[39m \u001b[35m/\u001b[39m \u001b[93m1 ms\u001b[39m","size":"109","timestamp":"2025-07-23 16:41:48"}
{"level":"info","message":" Incoming Request \u001b[32mGET\u001b[39m \u001b[34m304\u001b[39m \u001b[35m/api/v1/job/single-apply/687a2a3f19f26098ca18740f\u001b[39m \u001b[93m241 ms\u001b[39m","size":0,"timestamp":"2025-07-23 16:41:48"}
{"level":"info","message":" Incoming Request \u001b[32mGET\u001b[39m \u001b[34m304\u001b[39m \u001b[35m/api/v1/user/my-profile\u001b[39m \u001b[93m244 ms\u001b[39m","size":0,"timestamp":"2025-07-23 16:41:57"}
{"level":"info","message":" Incoming Request \u001b[32mGET\u001b[39m \u001b[34m304\u001b[39m \u001b[35m/api/v1/job/single-apply/687a2a3f19f26098ca18740f\u001b[39m \u001b[93m241 ms\u001b[39m","size":0,"timestamp":"2025-07-23 16:41:58"}
{"level":"info","message":"Root endpoint hit","timestamp":"2025-07-23 16:42:48"}
{"level":"info","message":" Incoming Request \u001b[32mGET\u001b[39m \u001b[32m200\u001b[39m \u001b[35m/\u001b[39m \u001b[93m0 ms\u001b[39m","size":"109","timestamp":"2025-07-23 16:42:48"}
{"level":"info","message":"Root endpoint hit","timestamp":"2025-07-23 16:43:48"}
{"level":"info","message":" Incoming Request \u001b[32mGET\u001b[39m \u001b[32m200\u001b[39m \u001b[35m/\u001b[39m \u001b[93m1 ms\u001b[39m","size":"109","timestamp":"2025-07-23 16:43:48"}
{"level":"info","message":" Incoming Request \u001b[32mGET\u001b[39m \u001b[32m201\u001b[39m \u001b[35m/api/v1/job/my-jobs?page=1&limit=10\u001b[39m \u001b[93m341 ms\u001b[39m","size":"945","timestamp":"2025-07-23 16:47:03"}
{"level":"info","message":" Incoming Request \u001b[32mGET\u001b[39m \u001b[32m200\u001b[39m \u001b[35m/api/v1/job/single/687a31dd8f3d444ddfe570ac\u001b[39m \u001b[93m173 ms\u001b[39m","size":"1221","timestamp":"2025-07-23 16:47:14"}
{"level":"info","message":" Incoming Request \u001b[32mGET\u001b[39m \u001b[31m404\u001b[39m \u001b[35m/images/06d2232a938640d-images(3).jpg\u001b[39m \u001b[93m5 ms\u001b[39m","size":"1533","timestamp":"2025-07-23 16:47:14"}
{"level":"info","message":" Incoming Request \u001b[32mGET\u001b[39m \u001b[32m200\u001b[39m \u001b[35m/api/v1/job/view-applications/687a2846f4bc4b239099a5e2?page=1&limit=10\u001b[39m \u001b[93m411 ms\u001b[39m","size":"933","timestamp":"2025-07-23 16:47:33"}
{"level":"info","message":" Incoming Request \u001b[32mGET\u001b[39m \u001b[32m200\u001b[39m \u001b[35m/api/v1/job/single/687a2846f4bc4b239099a5e2\u001b[39m \u001b[93m160 ms\u001b[39m","size":"1200","timestamp":"2025-07-23 16:47:37"}
{"level":"info","message":" Incoming Request \u001b[32mGET\u001b[39m \u001b[34m304\u001b[39m \u001b[35m/api/v1/user/my-profile\u001b[39m \u001b[93m254 ms\u001b[39m","size":0,"timestamp":"2025-07-23 16:47:45"}
{"level":"info","message":" Incoming Request \u001b[32mGET\u001b[39m \u001b[34m304\u001b[39m \u001b[35m/api/v1/job/single/687a2846f4bc4b239099a5e2\u001b[39m \u001b[93m164 ms\u001b[39m","size":0,"timestamp":"2025-07-23 16:47:46"}
{"level":"info","message":" Incoming Request \u001b[32mGET\u001b[39m \u001b[32m201\u001b[39m \u001b[35m/api/v1/job/my-jobs?page=1&limit=10\u001b[39m \u001b[93m328 ms\u001b[39m","size":"945","timestamp":"2025-07-23 16:48:58"}
{"level":"info","message":" Incoming Request \u001b[32mGET\u001b[39m \u001b[32m200\u001b[39m \u001b[35m/api/v1/job/single/687a28f227657fdf3e8abd26\u001b[39m \u001b[93m160 ms\u001b[39m","size":"1290","timestamp":"2025-07-23 16:49:03"}
{"level":"info","message":" Incoming Request \u001b[32mGET\u001b[39m \u001b[34m304\u001b[39m \u001b[35m/api/v1/job/single/687a31dd8f3d444ddfe570ac\u001b[39m \u001b[93m161 ms\u001b[39m","size":0,"timestamp":"2025-07-23 16:49:08"}
{"level":"info","message":" Incoming Request \u001b[32mGET\u001b[39m \u001b[32m200\u001b[39m \u001b[35m/api/v1/job/single/687a293f27657fdf3e8abd34\u001b[39m \u001b[93m165 ms\u001b[39m","size":"1198","timestamp":"2025-07-23 16:49:20"}
{"level":"info","message":" Incoming Request \u001b[32mGET\u001b[39m \u001b[34m304\u001b[39m \u001b[35m/api/v1/user/my-profile\u001b[39m \u001b[93m244 ms\u001b[39m","size":0,"timestamp":"2025-07-23 16:49:23"}
{"level":"info","message":" Incoming Request \u001b[32mGET\u001b[39m \u001b[34m304\u001b[39m \u001b[35m/api/v1/job/single/687a293f27657fdf3e8abd34\u001b[39m \u001b[93m160 ms\u001b[39m","size":0,"timestamp":"2025-07-23 16:49:23"}
{"level":"info","message":" Incoming Request \u001b[32mGET\u001b[39m \u001b[34m304\u001b[39m \u001b[35m/api/v1/user/my-profile\u001b[39m \u001b[93m251 ms\u001b[39m","size":0,"timestamp":"2025-07-23 16:49:34"}
{"level":"info","message":" Incoming Request \u001b[32mGET\u001b[39m \u001b[34m304\u001b[39m \u001b[35m/api/v1/job/single/687a293f27657fdf3e8abd34\u001b[39m \u001b[93m158 ms\u001b[39m","size":0,"timestamp":"2025-07-23 16:49:35"}
{"level":"info","message":" Incoming Request \u001b[32mGET\u001b[39m \u001b[32m201\u001b[39m \u001b[35m/api/v1/job/my-jobs?page=1&limit=10\u001b[39m \u001b[93m329 ms\u001b[39m","size":"945","timestamp":"2025-07-23 16:50:25"}
{"level":"info","message":" Incoming Request \u001b[32mGET\u001b[39m \u001b[34m304\u001b[39m \u001b[35m/api/v1/job/single/687a31dd8f3d444ddfe570ac\u001b[39m \u001b[93m163 ms\u001b[39m","size":0,"timestamp":"2025-07-23 16:50:28"}
{"level":"info","message":" Incoming Request \u001b[32mGET\u001b[39m \u001b[31m404\u001b[39m \u001b[35m/images/06d2232a938640d-images(3).jpg\u001b[39m \u001b[93m1 ms\u001b[39m","size":"1533","timestamp":"2025-07-23 16:50:28"}
{"level":"info","message":" Incoming Request \u001b[32mGET\u001b[39m \u001b[34m304\u001b[39m \u001b[35m/api/v1/category/all?\u001b[39m \u001b[93m88 ms\u001b[39m","size":0,"timestamp":"2025-07-23 16:50:38"}
{"level":"info","message":" Incoming Request \u001b[32mGET\u001b[39m \u001b[34m304\u001b[39m \u001b[35m/api/v1/user/my-profile\u001b[39m \u001b[93m254 ms\u001b[39m","size":0,"timestamp":"2025-07-23 16:56:28"}
{"level":"info","message":" Incoming Request \u001b[32mGET\u001b[39m \u001b[34m304\u001b[39m \u001b[35m/api/v1/user/my-profile\u001b[39m \u001b[93m248 ms\u001b[39m","size":0,"timestamp":"2025-07-23 16:57:22"}
{"level":"info","message":" Incoming Request \u001b[32mGET\u001b[39m \u001b[32m201\u001b[39m \u001b[35m/api/v1/job/my-jobs?page=1&limit=10\u001b[39m \u001b[93m328 ms\u001b[39m","size":"945","timestamp":"2025-07-23 16:57:23"}
{"level":"info","message":" Incoming Request \u001b[32mGET\u001b[39m \u001b[34m304\u001b[39m \u001b[35m/api/v1/job/view-applications/687a31dd8f3d444ddfe570ac?page=1&limit=10\u001b[39m \u001b[93m258 ms\u001b[39m","size":0,"timestamp":"2025-07-23 16:57:25"}
{"level":"info","message":" Incoming Request \u001b[32mGET\u001b[39m \u001b[34m304\u001b[39m \u001b[35m/api/v1/job/single/687a31dd8f3d444ddfe570ac\u001b[39m \u001b[93m166 ms\u001b[39m","size":0,"timestamp":"2025-07-23 16:57:30"}
{"level":"info","message":" Incoming Request \u001b[32mGET\u001b[39m \u001b[34m304\u001b[39m \u001b[35m/api/v1/user/my-profile\u001b[39m \u001b[93m250 ms\u001b[39m","size":0,"timestamp":"2025-07-23 16:57:44"}
{"level":"info","message":" Incoming Request \u001b[32mGET\u001b[39m \u001b[34m304\u001b[39m \u001b[35m/api/v1/job/single/687a31dd8f3d444ddfe570ac\u001b[39m \u001b[93m163 ms\u001b[39m","size":0,"timestamp":"2025-07-23 16:57:45"}
{"level":"info","message":" Incoming Request \u001b[32mGET\u001b[39m \u001b[31m404\u001b[39m \u001b[35m/images/06d2232a938640d-images(3).jpg\u001b[39m \u001b[93m2 ms\u001b[39m","size":"1533","timestamp":"2025-07-23 16:58:06"}
{"level":"info","message":" Incoming Request \u001b[32mGET\u001b[39m \u001b[34m304\u001b[39m \u001b[35m/api/v1/user/my-profile\u001b[39m \u001b[93m251 ms\u001b[39m","size":0,"timestamp":"2025-07-23 16:58:11"}
{"level":"info","message":" Incoming Request \u001b[32mGET\u001b[39m \u001b[34m304\u001b[39m \u001b[35m/api/v1/job/single/687a31dd8f3d444ddfe570ac\u001b[39m \u001b[93m167 ms\u001b[39m","size":0,"timestamp":"2025-07-23 16:58:12"}
{"level":"info","message":" Incoming Request \u001b[32mGET\u001b[39m \u001b[32m201\u001b[39m \u001b[35m/api/v1/plan/latest-invoice?page=1&limit=10\u001b[39m \u001b[93m167 ms\u001b[39m","size":"930","timestamp":"2025-07-23 16:58:44"}
{"level":"info","message":" Incoming Request \u001b[32mGET\u001b[39m \u001b[32m201\u001b[39m \u001b[35m/api/v1/plan/my-plan\u001b[39m \u001b[93m430 ms\u001b[39m","size":"1001","timestamp":"2025-07-23 16:58:44"}
{"level":"info","message":" Incoming Request \u001b[32mGET\u001b[39m \u001b[32m201\u001b[39m \u001b[35m/api/v1/job/my-jobs?page=1&limit=10\u001b[39m \u001b[93m326 ms\u001b[39m","size":"945","timestamp":"2025-07-23 16:59:33"}
{"level":"info","message":" Incoming Request \u001b[32mGET\u001b[39m \u001b[34m304\u001b[39m \u001b[35m/api/v1/user/my-profile\u001b[39m \u001b[93m256 ms\u001b[39m","size":0,"timestamp":"2025-07-23 16:59:43"}
{"level":"info","message":" Incoming Request \u001b[32mGET\u001b[39m \u001b[34m304\u001b[39m \u001b[35m/api/v1/job/single/687a31dd8f3d444ddfe570ac\u001b[39m \u001b[93m162 ms\u001b[39m","size":0,"timestamp":"2025-07-23 16:59:43"}
{"level":"info","message":" Incoming Request \u001b[32mGET\u001b[39m \u001b[32m201\u001b[39m \u001b[35m/api/v1/job/my-jobs?page=1&limit=10\u001b[39m \u001b[93m351 ms\u001b[39m","size":"945","timestamp":"2025-07-23 17:09:30"}
{"level":"info","message":" Incoming Request \u001b[32mGET\u001b[39m \u001b[34m304\u001b[39m \u001b[35m/api/v1/job/single/687a31dd8f3d444ddfe570ac\u001b[39m \u001b[93m169 ms\u001b[39m","size":0,"timestamp":"2025-07-23 17:09:35"}
{"level":"info","message":" Incoming Request \u001b[32mGET\u001b[39m \u001b[31m404\u001b[39m \u001b[35m/images/06d2232a938640d-images(3).jpg\u001b[39m \u001b[93m2 ms\u001b[39m","size":"1533","timestamp":"2025-07-23 17:09:35"}
{"level":"info","message":" Incoming Request \u001b[32mGET\u001b[39m \u001b[34m304\u001b[39m \u001b[35m/api/v1/user/my-profile\u001b[39m \u001b[93m249 ms\u001b[39m","size":0,"timestamp":"2025-07-23 17:11:41"}
{"level":"info","message":" Incoming Request \u001b[32mGET\u001b[39m \u001b[34m304\u001b[39m \u001b[35m/api/v1/job/single/687a31dd8f3d444ddfe570ac\u001b[39m \u001b[93m162 ms\u001b[39m","size":0,"timestamp":"2025-07-23 17:11:42"}
{"level":"info","message":" Incoming Request \u001b[32mGET\u001b[39m \u001b[34m304\u001b[39m \u001b[35m/api/v1/user/my-profile\u001b[39m \u001b[93m244 ms\u001b[39m","size":0,"timestamp":"2025-07-23 17:11:50"}
{"level":"info","message":" Incoming Request \u001b[32mGET\u001b[39m \u001b[34m304\u001b[39m \u001b[35m/api/v1/job/single/687a31dd8f3d444ddfe570ac\u001b[39m \u001b[93m162 ms\u001b[39m","size":0,"timestamp":"2025-07-23 17:11:56"}
{"level":"info","message":" Incoming Request \u001b[32mGET\u001b[39m \u001b[34m304\u001b[39m \u001b[35m/api/v1/user/my-profile\u001b[39m \u001b[93m244 ms\u001b[39m","size":0,"timestamp":"2025-07-23 17:12:02"}
{"level":"info","message":" Incoming Request \u001b[32mGET\u001b[39m \u001b[34m304\u001b[39m \u001b[35m/api/v1/job/single/687a31dd8f3d444ddfe570ac\u001b[39m \u001b[93m165 ms\u001b[39m","size":0,"timestamp":"2025-07-23 17:13:00"}
{"level":"info","message":" Incoming Request \u001b[32mGET\u001b[39m \u001b[31m404\u001b[39m \u001b[35m/images/06d2232a938640d-images(3).jpg\u001b[39m \u001b[93m1 ms\u001b[39m","size":"1533","timestamp":"2025-07-23 17:14:13"}
{"level":"info","message":" Incoming Request \u001b[32mGET\u001b[39m \u001b[34m304\u001b[39m \u001b[35m/api/v1/user/my-profile\u001b[39m \u001b[93m246 ms\u001b[39m","size":0,"timestamp":"2025-07-23 17:16:15"}
{"level":"info","message":" Incoming Request \u001b[32mGET\u001b[39m \u001b[34m304\u001b[39m \u001b[35m/api/v1/job/single/687a31dd8f3d444ddfe570ac\u001b[39m \u001b[93m174 ms\u001b[39m","size":0,"timestamp":"2025-07-23 17:16:19"}
{"level":"info","message":" Incoming Request \u001b[32mGET\u001b[39m \u001b[31m404\u001b[39m \u001b[35m/images/06d2232a938640d-images(3).jpg\u001b[39m \u001b[93m1 ms\u001b[39m","size":"1533","timestamp":"2025-07-23 17:17:56"}
{"level":"info","message":" Incoming Request \u001b[32mGET\u001b[39m \u001b[34m304\u001b[39m \u001b[35m/api/v1/user/my-profile\u001b[39m \u001b[93m238 ms\u001b[39m","size":0,"timestamp":"2025-07-23 17:18:52"}
{"level":"info","message":" Incoming Request \u001b[32mGET\u001b[39m \u001b[34m304\u001b[39m \u001b[35m/api/v1/job/single/687a31dd8f3d444ddfe570ac\u001b[39m \u001b[93m154 ms\u001b[39m","size":0,"timestamp":"2025-07-23 17:18:57"}
{"level":"info","message":" Incoming Request \u001b[32mGET\u001b[39m \u001b[34m304\u001b[39m \u001b[35m/api/v1/user/my-profile\u001b[39m \u001b[93m236 ms\u001b[39m","size":0,"timestamp":"2025-07-23 17:19:34"}
{"level":"info","message":" Incoming Request \u001b[32mGET\u001b[39m \u001b[34m304\u001b[39m \u001b[35m/api/v1/job/single/687a31dd8f3d444ddfe570ac\u001b[39m \u001b[93m156 ms\u001b[39m","size":0,"timestamp":"2025-07-23 17:19:35"}
{"level":"info","message":" Incoming Request \u001b[32mGET\u001b[39m \u001b[31m404\u001b[39m \u001b[35m/images/06d2232a938640d-images(3).jpg\u001b[39m \u001b[93m1 ms\u001b[39m","size":"1533","timestamp":"2025-07-23 17:21:01"}
{"level":"info","message":" Incoming Request \u001b[32mGET\u001b[39m \u001b[34m304\u001b[39m \u001b[35m/api/v1/user/my-profile\u001b[39m \u001b[93m232 ms\u001b[39m","size":0,"timestamp":"2025-07-23 17:21:02"}
{"level":"info","message":" Incoming Request \u001b[32mGET\u001b[39m \u001b[34m304\u001b[39m \u001b[35m/api/v1/job/single/687a31dd8f3d444ddfe570ac\u001b[39m \u001b[93m152 ms\u001b[39m","size":0,"timestamp":"2025-07-23 17:21:03"}
{"level":"info","message":" Incoming Request \u001b[32mGET\u001b[39m \u001b[34m304\u001b[39m \u001b[35m/api/v1/user/my-profile\u001b[39m \u001b[93m236 ms\u001b[39m","size":0,"timestamp":"2025-07-23 17:24:08"}
{"level":"info","message":" Incoming Request \u001b[32mGET\u001b[39m \u001b[34m304\u001b[39m \u001b[35m/api/v1/job/single/687a31dd8f3d444ddfe570ac\u001b[39m \u001b[93m153 ms\u001b[39m","size":0,"timestamp":"2025-07-23 17:24:10"}
{"level":"info","message":" Incoming Request \u001b[32mGET\u001b[39m \u001b[31m404\u001b[39m \u001b[35m/images/06d2232a938640d-images(3).jpg\u001b[39m \u001b[93m1 ms\u001b[39m","size":"1533","timestamp":"2025-07-23 17:24:10"}
{"level":"info","message":" Incoming Request \u001b[32mGET\u001b[39m \u001b[34m304\u001b[39m \u001b[35m/api/v1/user/my-profile\u001b[39m \u001b[93m246 ms\u001b[39m","size":0,"timestamp":"2025-07-23 17:29:37"}
{"level":"info","message":" Incoming Request \u001b[32mGET\u001b[39m \u001b[34m304\u001b[39m \u001b[35m/api/v1/job/single/687a31dd8f3d444ddfe570ac\u001b[39m \u001b[93m162 ms\u001b[39m","size":0,"timestamp":"2025-07-23 17:29:37"}
{"level":"info","message":" Incoming Request \u001b[32mGET\u001b[39m \u001b[31m404\u001b[39m \u001b[35m/images/06d2232a938640d-images(3).jpg\u001b[39m \u001b[93m0 ms\u001b[39m","size":"1533","timestamp":"2025-07-23 17:29:38"}
{"level":"info","message":" Incoming Request \u001b[32mGET\u001b[39m \u001b[34m304\u001b[39m \u001b[35m/api/v1/category/all?\u001b[39m \u001b[93m126 ms\u001b[39m","size":0,"timestamp":"2025-07-23 17:31:52"}
{"level":"info","message":" Incoming Request \u001b[32mGET\u001b[39m \u001b[32m201\u001b[39m \u001b[35m/api/v1/job/my-jobs?page=1&limit=10\u001b[39m \u001b[93m352 ms\u001b[39m","size":"945","timestamp":"2025-07-23 17:31:52"}
{"level":"info","message":" Incoming Request \u001b[32mGET\u001b[39m \u001b[34m304\u001b[39m \u001b[35m/api/v1/job/view-applications/687a28f227657fdf3e8abd26?page=1&limit=10\u001b[39m \u001b[93m589 ms\u001b[39m","size":0,"timestamp":"2025-07-23 17:31:58"}
{"level":"info","message":" Incoming Request \u001b[32mGET\u001b[39m \u001b[34m304\u001b[39m \u001b[35m/api/v1/job/single-apply/687a2a3f19f26098ca18740f\u001b[39m \u001b[93m248 ms\u001b[39m","size":0,"timestamp":"2025-07-23 17:32:00"}
{"level":"info","message":" Incoming Request \u001b[32mGET\u001b[39m \u001b[34m304\u001b[39m \u001b[35m/api/v1/user/my-profile\u001b[39m \u001b[93m245 ms\u001b[39m","size":0,"timestamp":"2025-07-23 17:32:08"}
{"level":"info","message":" Incoming Request \u001b[32mGET\u001b[39m \u001b[34m304\u001b[39m \u001b[35m/api/v1/job/single-apply/687a2a3f19f26098ca18740f\u001b[39m \u001b[93m246 ms\u001b[39m","size":0,"timestamp":"2025-07-23 17:32:09"}
{"level":"info","message":" Incoming Request \u001b[32mGET\u001b[39m \u001b[34m304\u001b[39m \u001b[35m/api/v1/user/my-profile\u001b[39m \u001b[93m247 ms\u001b[39m","size":0,"timestamp":"2025-07-23 17:33:32"}
{"level":"info","message":" Incoming Request \u001b[32mGET\u001b[39m \u001b[34m304\u001b[39m \u001b[35m/api/v1/job/single-apply/687a2a3f19f26098ca18740f\u001b[39m \u001b[93m246 ms\u001b[39m","size":0,"timestamp":"2025-07-23 17:33:33"}
{"level":"info","message":" Incoming Request \u001b[32mGET\u001b[39m \u001b[34m304\u001b[39m \u001b[35m/api/v1/user/my-profile\u001b[39m \u001b[93m247 ms\u001b[39m","size":0,"timestamp":"2025-07-23 17:34:58"}
{"level":"info","message":" Incoming Request \u001b[32mGET\u001b[39m \u001b[34m304\u001b[39m \u001b[35m/api/v1/job/single-apply/687a2a3f19f26098ca18740f\u001b[39m \u001b[93m248 ms\u001b[39m","size":0,"timestamp":"2025-07-23 17:35:12"}
{"level":"info","message":" Incoming Request \u001b[32mGET\u001b[39m \u001b[34m304\u001b[39m \u001b[35m/api/v1/user/my-profile\u001b[39m \u001b[93m246 ms\u001b[39m","size":0,"timestamp":"2025-07-23 17:36:37"}
{"level":"info","message":" Incoming Request \u001b[32mGET\u001b[39m \u001b[34m304\u001b[39m \u001b[35m/api/v1/job/single-apply/687a2a3f19f26098ca18740f\u001b[39m \u001b[93m245 ms\u001b[39m","size":0,"timestamp":"2025-07-23 17:36:38"}
{"level":"info","message":" Incoming Request \u001b[32mGET\u001b[39m \u001b[34m304\u001b[39m \u001b[35m/api/v1/user/my-profile\u001b[39m \u001b[93m241 ms\u001b[39m","size":0,"timestamp":"2025-07-23 18:02:19"}
{"level":"info","message":" Incoming Request \u001b[32mGET\u001b[39m \u001b[34m304\u001b[39m \u001b[35m/api/v1/job/single-apply/687a2a3f19f26098ca18740f\u001b[39m \u001b[93m249 ms\u001b[39m","size":0,"timestamp":"2025-07-23 18:02:20"}
{"level":"info","message":" Incoming Request \u001b[32mGET\u001b[39m \u001b[34m304\u001b[39m \u001b[35m/api/v1/user/my-profile\u001b[39m \u001b[93m247 ms\u001b[39m","size":0,"timestamp":"2025-07-23 18:08:49"}
{"level":"info","message":" Incoming Request \u001b[32mGET\u001b[39m \u001b[34m304\u001b[39m \u001b[35m/api/v1/user/my-profile\u001b[39m \u001b[93m244 ms\u001b[39m","size":0,"timestamp":"2025-07-23 18:12:02"}
{"level":"info","message":" Incoming Request \u001b[32mGET\u001b[39m \u001b[34m304\u001b[39m \u001b[35m/api/v1/job/single-apply/687a2a3f19f26098ca18740f\u001b[39m \u001b[93m243 ms\u001b[39m","size":0,"timestamp":"2025-07-23 18:12:04"}
{"level":"info","message":" Incoming Request \u001b[32mGET\u001b[39m \u001b[34m304\u001b[39m \u001b[35m/api/v1/user/my-profile\u001b[39m \u001b[93m241 ms\u001b[39m","size":0,"timestamp":"2025-07-23 18:13:12"}
{"level":"info","message":" Incoming Request \u001b[32mGET\u001b[39m \u001b[34m304\u001b[39m \u001b[35m/api/v1/user/my-profile\u001b[39m \u001b[93m246 ms\u001b[39m","size":0,"timestamp":"2025-07-23 18:17:02"}
{"level":"info","message":" Incoming Request \u001b[32mGET\u001b[39m \u001b[34m304\u001b[39m \u001b[35m/api/v1/user/my-profile\u001b[39m \u001b[93m247 ms\u001b[39m","size":0,"timestamp":"2025-07-23 18:19:08"}
{"level":"info","message":" Incoming Request \u001b[32mGET\u001b[39m \u001b[34m304\u001b[39m \u001b[35m/api/v1/user/my-profile\u001b[39m \u001b[93m241 ms\u001b[39m","size":0,"timestamp":"2025-07-23 18:19:55"}
{"level":"info","message":" Incoming Request \u001b[32mGET\u001b[39m \u001b[34m304\u001b[39m \u001b[35m/api/v1/job/single-apply/687a2a3f19f26098ca18740f\u001b[39m \u001b[93m248 ms\u001b[39m","size":0,"timestamp":"2025-07-23 18:19:55"}
{"level":"info","message":" Incoming Request \u001b[32mGET\u001b[39m \u001b[34m304\u001b[39m \u001b[35m/api/v1/user/my-profile\u001b[39m \u001b[93m246 ms\u001b[39m","size":0,"timestamp":"2025-07-23 18:20:39"}
{"level":"info","message":" Incoming Request \u001b[32mGET\u001b[39m \u001b[34m304\u001b[39m \u001b[35m/api/v1/job/single-apply/687a2a3f19f26098ca18740f\u001b[39m \u001b[93m244 ms\u001b[39m","size":0,"timestamp":"2025-07-23 18:20:59"}
{"level":"info","message":" Incoming Request \u001b[32mGET\u001b[39m \u001b[34m304\u001b[39m \u001b[35m/api/v1/user/my-profile\u001b[39m \u001b[93m243 ms\u001b[39m","size":0,"timestamp":"2025-07-23 18:24:20"}
{"level":"info","message":" Incoming Request \u001b[32mGET\u001b[39m \u001b[34m304\u001b[39m \u001b[35m/api/v1/job/single-apply/687a2a3f19f26098ca18740f\u001b[39m \u001b[93m246 ms\u001b[39m","size":0,"timestamp":"2025-07-23 18:24:51"}
{"level":"info","message":" Incoming Request \u001b[32mGET\u001b[39m \u001b[34m304\u001b[39m \u001b[35m/api/v1/user/my-profile\u001b[39m \u001b[93m250 ms\u001b[39m","size":0,"timestamp":"2025-07-23 18:25:18"}
{"level":"info","message":" Incoming Request \u001b[32mGET\u001b[39m \u001b[34m304\u001b[39m \u001b[35m/api/v1/job/single-apply/687a2a3f19f26098ca18740f\u001b[39m \u001b[93m251 ms\u001b[39m","size":0,"timestamp":"2025-07-23 18:25:37"}
{"level":"info","message":" Incoming Request \u001b[32mGET\u001b[39m \u001b[34m304\u001b[39m \u001b[35m/api/v1/user/my-profile\u001b[39m \u001b[93m240 ms\u001b[39m","size":0,"timestamp":"2025-07-23 18:26:03"}
{"level":"info","message":" Incoming Request \u001b[32mGET\u001b[39m \u001b[34m304\u001b[39m \u001b[35m/api/v1/job/single-apply/687a2a3f19f26098ca18740f\u001b[39m \u001b[93m258 ms\u001b[39m","size":0,"timestamp":"2025-07-23 18:26:04"}
{"level":"info","message":" Incoming Request \u001b[32mGET\u001b[39m \u001b[32m201\u001b[39m \u001b[35m/api/v1/job/my-jobs?page=1&limit=10\u001b[39m \u001b[93m364 ms\u001b[39m","size":"945","timestamp":"2025-07-23 18:29:15"}
{"level":"info","message":" Incoming Request \u001b[32mGET\u001b[39m \u001b[34m304\u001b[39m \u001b[35m/api/v1/job/view-applications/687a28f227657fdf3e8abd26?page=1&limit=10\u001b[39m \u001b[93m427 ms\u001b[39m","size":0,"timestamp":"2025-07-23 18:29:20"}
{"level":"info","message":" Incoming Request \u001b[32mGET\u001b[39m \u001b[34m304\u001b[39m \u001b[35m/api/v1/job/single-apply/687a2a3f19f26098ca18740f\u001b[39m \u001b[93m253 ms\u001b[39m","size":0,"timestamp":"2025-07-23 18:29:22"}
{"level":"info","message":" Incoming Request \u001b[32mGET\u001b[39m \u001b[34m304\u001b[39m \u001b[35m/api/v1/user/my-profile\u001b[39m \u001b[93m253 ms\u001b[39m","size":0,"timestamp":"2025-07-23 18:31:43"}
{"level":"info","message":" Incoming Request \u001b[32mGET\u001b[39m \u001b[34m304\u001b[39m \u001b[35m/api/v1/job/single-apply/687a2a3f19f26098ca18740f\u001b[39m \u001b[93m250 ms\u001b[39m","size":0,"timestamp":"2025-07-23 18:31:44"}
{"level":"info","message":" Incoming Request \u001b[32mGET\u001b[39m \u001b[34m304\u001b[39m \u001b[35m/api/v1/user/my-profile\u001b[39m \u001b[93m242 ms\u001b[39m","size":0,"timestamp":"2025-07-23 18:34:19"}
{"level":"info","message":" Incoming Request \u001b[32mGET\u001b[39m \u001b[34m304\u001b[39m \u001b[35m/api/v1/job/single-apply/687a2a3f19f26098ca18740f\u001b[39m \u001b[93m243 ms\u001b[39m","size":0,"timestamp":"2025-07-23 18:34:19"}
