{"level":"info","message":" Incoming Request \u001b[32mGET\u001b[39m \u001b[34m304\u001b[39m \u001b[35m/api/v1/user/my-profile\u001b[39m \u001b[93m155 ms\u001b[39m","size":0,"timestamp":"2025-07-26 09:04:38"}
{"level":"info","message":" Incoming Request \u001b[32mGET\u001b[39m \u001b[31m404\u001b[39m \u001b[35m/images/1976dc6b-de5e-4834-abee-efb1eb841b62.jpg\u001b[39m \u001b[93m2 ms\u001b[39m","size":"1566","timestamp":"2025-07-26 09:04:41"}
{"level":"info","message":" Incoming Request \u001b[32mGET\u001b[39m \u001b[31m400\u001b[39m \u001b[35m/api/v1/job/my-jobs?limit=10\u001b[39m \u001b[93m7 ms\u001b[39m","size":"1442","timestamp":"2025-07-26 09:04:42"}
{"level":"info","message":" Incoming Request \u001b[32mGET\u001b[39m \u001b[31m400\u001b[39m \u001b[35m/api/v1/job/overview\u001b[39m \u001b[93m2 ms\u001b[39m","size":"1442","timestamp":"2025-07-26 09:04:42"}
{"level":"info","message":" Incoming Request \u001b[32mGET\u001b[39m \u001b[34m304\u001b[39m \u001b[35m/api/v1/user/my-profile\u001b[39m \u001b[93m478 ms\u001b[39m","size":0,"timestamp":"2025-07-26 09:06:04"}
{"level":"info","message":" Incoming Request \u001b[32mGET\u001b[39m \u001b[31m400\u001b[39m \u001b[35m/api/v1/job/my-jobs?limit=10\u001b[39m \u001b[93m6 ms\u001b[39m","size":"1442","timestamp":"2025-07-26 09:06:04"}
{"level":"info","message":" Incoming Request \u001b[32mGET\u001b[39m \u001b[31m400\u001b[39m \u001b[35m/api/v1/job/overview\u001b[39m \u001b[93m2 ms\u001b[39m","size":"1442","timestamp":"2025-07-26 09:06:04"}
{"level":"info","message":" Incoming Request \u001b[34mPOST\u001b[39m \u001b[32m200\u001b[39m \u001b[35m/api/v1/user/login\u001b[39m \u001b[93m467 ms\u001b[39m","size":"1955","timestamp":"2025-07-26 09:06:45"}
{"level":"info","message":" Incoming Request \u001b[32mGET\u001b[39m \u001b[31m400\u001b[39m \u001b[35m/api/v1/user/my-profile\u001b[39m \u001b[93m2 ms\u001b[39m","size":"1508","timestamp":"2025-07-26 09:06:46"}
{"level":"info","message":" Incoming Request \u001b[32mGET\u001b[39m \u001b[31m404\u001b[39m \u001b[35m/images/1976dc6b-de5e-4834-abee-efb1eb841b62.jpg\u001b[39m \u001b[93m2 ms\u001b[39m","size":"1566","timestamp":"2025-07-26 09:06:48"}
{"level":"info","message":" Incoming Request \u001b[32mGET\u001b[39m \u001b[32m201\u001b[39m \u001b[35m/api/v1/job/overview\u001b[39m \u001b[93m554 ms\u001b[39m","size":"130","timestamp":"2025-07-26 09:06:49"}
{"level":"info","message":" Incoming Request \u001b[32mGET\u001b[39m \u001b[32m201\u001b[39m \u001b[35m/api/v1/job/my-jobs?limit=10\u001b[39m \u001b[93m1168 ms\u001b[39m","size":"943","timestamp":"2025-07-26 09:06:49"}
{"level":"info","message":" Incoming Request \u001b[32mGET\u001b[39m \u001b[32m200\u001b[39m \u001b[35m/api/v1/job/all\u001b[39m \u001b[93m642 ms\u001b[39m","size":"1895","timestamp":"2025-07-26 09:06:54"}
{"level":"info","message":" Incoming Request \u001b[32mGET\u001b[39m \u001b[31m400\u001b[39m \u001b[35m/api/v1/user/my-profile\u001b[39m \u001b[93m2 ms\u001b[39m","size":"1508","timestamp":"2025-07-26 09:08:28"}
{"level":"info","message":" Incoming Request \u001b[34mPOST\u001b[39m \u001b[32m200\u001b[39m \u001b[35m/api/v1/user/login\u001b[39m \u001b[93m731 ms\u001b[39m","size":"1955","timestamp":"2025-07-26 09:10:20"}
{"level":"info","message":" Incoming Request \u001b[32mGET\u001b[39m \u001b[31m400\u001b[39m \u001b[35m/api/v1/user/my-profile\u001b[39m \u001b[93m8 ms\u001b[39m","size":"1508","timestamp":"2025-07-26 09:10:21"}
{"level":"info","message":" Incoming Request \u001b[32mGET\u001b[39m \u001b[32m201\u001b[39m \u001b[35m/api/v1/job/overview\u001b[39m \u001b[93m238 ms\u001b[39m","size":"130","timestamp":"2025-07-26 09:10:30"}
{"level":"info","message":" Incoming Request \u001b[32mGET\u001b[39m \u001b[32m201\u001b[39m \u001b[35m/api/v1/job/my-jobs?limit=10\u001b[39m \u001b[93m1440 ms\u001b[39m","size":"943","timestamp":"2025-07-26 09:10:31"}
{"level":"info","message":" Incoming Request \u001b[32mGET\u001b[39m \u001b[32m200\u001b[39m \u001b[35m/api/v1/user/my-profile\u001b[39m \u001b[93m319 ms\u001b[39m","size":"1637","timestamp":"2025-07-26 09:10:47"}
{"level":"info","message":" Incoming Request \u001b[32mGET\u001b[39m \u001b[32m201\u001b[39m \u001b[35m/api/v1/job/overview\u001b[39m \u001b[93m538 ms\u001b[39m","size":"130","timestamp":"2025-07-26 09:10:48"}
{"level":"info","message":" Incoming Request \u001b[32mGET\u001b[39m \u001b[32m201\u001b[39m \u001b[35m/api/v1/job/my-jobs?limit=10\u001b[39m \u001b[93m1060 ms\u001b[39m","size":"943","timestamp":"2025-07-26 09:10:48"}
{"level":"info","message":" Incoming Request \u001b[32mGET\u001b[39m \u001b[32m201\u001b[39m \u001b[35m/api/v1/job/my-jobs?page=1&limit=10\u001b[39m \u001b[93m1022 ms\u001b[39m","size":"943","timestamp":"2025-07-26 09:10:52"}
{"level":"info","message":" Incoming Request \u001b[32mGET\u001b[39m \u001b[32m201\u001b[39m \u001b[35m/api/v1/plan/latest-invoice?page=1&limit=10\u001b[39m \u001b[93m163 ms\u001b[39m","size":"930","timestamp":"2025-07-26 09:10:59"}
{"level":"info","message":" Incoming Request \u001b[32mGET\u001b[39m \u001b[32m201\u001b[39m \u001b[35m/api/v1/plan/my-plan\u001b[39m \u001b[93m668 ms\u001b[39m","size":"1001","timestamp":"2025-07-26 09:10:59"}
{"level":"info","message":" Incoming Request \u001b[32mGET\u001b[39m \u001b[31m404\u001b[39m \u001b[35m/images/1976dc6b-de5e-4834-abee-efb1eb841b62.jpg\u001b[39m \u001b[93m2 ms\u001b[39m","size":"1566","timestamp":"2025-07-26 09:11:45"}
{"level":"info","message":" Incoming Request \u001b[32mGET\u001b[39m \u001b[34m304\u001b[39m \u001b[35m/api/v1/user/my-profile\u001b[39m \u001b[93m242 ms\u001b[39m","size":0,"timestamp":"2025-07-26 09:12:26"}
{"level":"info","message":" Incoming Request \u001b[32mGET\u001b[39m \u001b[32m200\u001b[39m \u001b[35m/api/v1/user/my-profile\u001b[39m \u001b[93m323 ms\u001b[39m","size":"1637","timestamp":"2025-07-26 09:12:30"}
{"level":"info","message":" Incoming Request \u001b[32mGET\u001b[39m \u001b[34m304\u001b[39m \u001b[35m/api/v1/user/my-profile\u001b[39m \u001b[93m619 ms\u001b[39m","size":0,"timestamp":"2025-07-26 09:12:30"}
{"level":"info","message":" Incoming Request \u001b[32mGET\u001b[39m \u001b[32m200\u001b[39m \u001b[35m/api/v1/user/my-profile\u001b[39m \u001b[93m736 ms\u001b[39m","size":"1637","timestamp":"2025-07-26 09:12:31"}
{"level":"info","message":" Incoming Request \u001b[32mGET\u001b[39m \u001b[34m304\u001b[39m \u001b[35m/api/v1/user/my-profile\u001b[39m \u001b[93m241 ms\u001b[39m","size":0,"timestamp":"2025-07-26 09:12:32"}
{"level":"info","message":" Incoming Request \u001b[32mGET\u001b[39m \u001b[31m404\u001b[39m \u001b[35m/images/1976dc6b-de5e-4834-abee-efb1eb841b62.jpg\u001b[39m \u001b[93m3 ms\u001b[39m","size":"1566","timestamp":"2025-07-26 09:12:33"}
{"level":"info","message":" Incoming Request \u001b[32mGET\u001b[39m \u001b[32m200\u001b[39m \u001b[35m/api/v1/job/all\u001b[39m \u001b[93m162 ms\u001b[39m","size":"1895","timestamp":"2025-07-26 09:12:41"}
{"level":"info","message":" Incoming Request \u001b[32mGET\u001b[39m \u001b[32m200\u001b[39m \u001b[35m/api/v1/category/all\u001b[39m \u001b[93m82 ms\u001b[39m","size":"1278","timestamp":"2025-07-26 09:12:48"}
{"level":"info","message":" Incoming Request \u001b[32mGET\u001b[39m \u001b[31m404\u001b[39m \u001b[35m/images/1976dc6b-de5e-4834-abee-efb1eb841b62.jpg\u001b[39m \u001b[93m2 ms\u001b[39m","size":"1566","timestamp":"2025-07-26 09:12:55"}
{"level":"info","message":" Incoming Request \u001b[32mGET\u001b[39m \u001b[32m200\u001b[39m \u001b[35m/api/v1/category/popular\u001b[39m \u001b[93m80 ms\u001b[39m","size":"1276","timestamp":"2025-07-26 09:13:31"}
{"level":"info","message":" Incoming Request \u001b[32mGET\u001b[39m \u001b[32m200\u001b[39m \u001b[35m/api/v1/user/top-companies\u001b[39m \u001b[93m81 ms\u001b[39m","size":"1129","timestamp":"2025-07-26 09:13:31"}
{"level":"info","message":" Incoming Request \u001b[32mGET\u001b[39m \u001b[31m404\u001b[39m \u001b[35m/images/1976dc6b-de5e-4834-abee-efb1eb841b62.jpg\u001b[39m \u001b[93m1 ms\u001b[39m","size":"1566","timestamp":"2025-07-26 09:13:32"}
{"level":"info","message":" Incoming Request \u001b[32mGET\u001b[39m \u001b[32m200\u001b[39m \u001b[35m/api/v1/category/popular\u001b[39m \u001b[93m80 ms\u001b[39m","size":"1276","timestamp":"2025-07-26 09:13:34"}
{"level":"info","message":" Incoming Request \u001b[32mGET\u001b[39m \u001b[32m200\u001b[39m \u001b[35m/api/v1/user/top-companies\u001b[39m \u001b[93m79 ms\u001b[39m","size":"1129","timestamp":"2025-07-26 09:13:35"}
{"level":"info","message":" Incoming Request \u001b[32mGET\u001b[39m \u001b[34m304\u001b[39m \u001b[35m/api/v1/user/my-profile\u001b[39m \u001b[93m237 ms\u001b[39m","size":0,"timestamp":"2025-07-26 09:13:35"}
{"level":"info","message":" Incoming Request \u001b[32mGET\u001b[39m \u001b[31m404\u001b[39m \u001b[35m/images/1976dc6b-de5e-4834-abee-efb1eb841b62.jpg\u001b[39m \u001b[93m2 ms\u001b[39m","size":"1566","timestamp":"2025-07-26 09:13:36"}
{"level":"info","message":" Incoming Request \u001b[32mGET\u001b[39m \u001b[32m200\u001b[39m \u001b[35m/api/v1/job/all\u001b[39m \u001b[93m824 ms\u001b[39m","size":"1895","timestamp":"2025-07-26 09:13:47"}
{"level":"info","message":" Incoming Request \u001b[32mGET\u001b[39m \u001b[32m200\u001b[39m \u001b[35m/api/v1/job/all?limit=10&page=1\u001b[39m \u001b[93m309 ms\u001b[39m","size":"1895","timestamp":"2025-07-26 09:13:49"}
{"level":"info","message":" Incoming Request \u001b[32mGET\u001b[39m \u001b[32m200\u001b[39m \u001b[35m/api/v1/job/all?limit=15\u001b[39m \u001b[93m232 ms\u001b[39m","size":"1895","timestamp":"2025-07-26 09:13:59"}
{"level":"info","message":" Incoming Request \u001b[32mGET\u001b[39m \u001b[32m200\u001b[39m \u001b[35m/api/v1/job/all?limit=10&page=1\u001b[39m \u001b[93m354 ms\u001b[39m","size":"1895","timestamp":"2025-07-26 09:14:02"}
{"level":"info","message":" Incoming Request \u001b[32mGET\u001b[39m \u001b[34m304\u001b[39m \u001b[35m/api/v1/user/my-profile\u001b[39m \u001b[93m524 ms\u001b[39m","size":0,"timestamp":"2025-07-26 09:14:42"}
{"level":"info","message":" Incoming Request \u001b[32mGET\u001b[39m \u001b[31m404\u001b[39m \u001b[35m/images/1976dc6b-de5e-4834-abee-efb1eb841b62.jpg\u001b[39m \u001b[93m2 ms\u001b[39m","size":"1566","timestamp":"2025-07-26 09:14:47"}
{"level":"info","message":" Incoming Request \u001b[32mGET\u001b[39m \u001b[31m404\u001b[39m \u001b[35m/images/1976dc6b-de5e-4834-abee-efb1eb841b62.jpg\u001b[39m \u001b[93m5 ms\u001b[39m","size":"1566","timestamp":"2025-07-26 09:18:23"}
{"level":"info","message":" Incoming Request \u001b[32mGET\u001b[39m \u001b[32m200\u001b[39m \u001b[35m/api/v1/user/my-profile\u001b[39m \u001b[93m265 ms\u001b[39m","size":"1637","timestamp":"2025-07-26 09:19:49"}
{"level":"info","message":" Incoming Request \u001b[32mGET\u001b[39m \u001b[34m304\u001b[39m \u001b[35m/api/v1/user/my-profile\u001b[39m \u001b[93m247 ms\u001b[39m","size":0,"timestamp":"2025-07-26 09:20:15"}
{"level":"info","message":" Incoming Request \u001b[32mGET\u001b[39m \u001b[32m200\u001b[39m \u001b[35m/api/v1/category/popular\u001b[39m \u001b[93m81 ms\u001b[39m","size":"1276","timestamp":"2025-07-26 09:20:19"}
{"level":"info","message":" Incoming Request \u001b[32mGET\u001b[39m \u001b[32m200\u001b[39m \u001b[35m/api/v1/user/top-companies\u001b[39m \u001b[93m84 ms\u001b[39m","size":"1129","timestamp":"2025-07-26 09:20:19"}
{"level":"info","message":" Incoming Request \u001b[32mGET\u001b[39m \u001b[34m304\u001b[39m \u001b[35m/api/v1/user/my-profile\u001b[39m \u001b[93m242 ms\u001b[39m","size":0,"timestamp":"2025-07-26 09:20:19"}
{"level":"info","message":" Incoming Request \u001b[32mGET\u001b[39m \u001b[31m404\u001b[39m \u001b[35m/images/1976dc6b-de5e-4834-abee-efb1eb841b62.jpg\u001b[39m \u001b[93m1 ms\u001b[39m","size":"1566","timestamp":"2025-07-26 09:20:20"}
{"level":"info","message":" Incoming Request \u001b[32mGET\u001b[39m \u001b[32m201\u001b[39m \u001b[35m/api/v1/job/overview\u001b[39m \u001b[93m247 ms\u001b[39m","size":"130","timestamp":"2025-07-26 09:21:12"}
{"level":"info","message":" Incoming Request \u001b[32mGET\u001b[39m \u001b[32m201\u001b[39m \u001b[35m/api/v1/job/my-jobs?limit=10\u001b[39m \u001b[93m1174 ms\u001b[39m","size":"943","timestamp":"2025-07-26 09:21:13"}
{"level":"info","message":" Incoming Request \u001b[32mGET\u001b[39m \u001b[32m200\u001b[39m \u001b[35m/api/v1/category/popular\u001b[39m \u001b[93m80 ms\u001b[39m","size":"1276","timestamp":"2025-07-26 09:24:04"}
{"level":"info","message":" Incoming Request \u001b[32mGET\u001b[39m \u001b[32m200\u001b[39m \u001b[35m/api/v1/user/top-companies\u001b[39m \u001b[93m78 ms\u001b[39m","size":"1129","timestamp":"2025-07-26 09:24:04"}
{"level":"info","message":" Incoming Request \u001b[32mGET\u001b[39m \u001b[31m404\u001b[39m \u001b[35m/images/1976dc6b-de5e-4834-abee-efb1eb841b62.jpg\u001b[39m \u001b[93m1 ms\u001b[39m","size":"1566","timestamp":"2025-07-26 09:24:05"}
{"level":"info","message":" Incoming Request \u001b[32mGET\u001b[39m \u001b[32m200\u001b[39m \u001b[35m/api/v1/job/all\u001b[39m \u001b[93m167 ms\u001b[39m","size":"1895","timestamp":"2025-07-26 09:32:05"}
{"level":"info","message":" Incoming Request \u001b[32mGET\u001b[39m \u001b[32m200\u001b[39m \u001b[35m/api/v1/job/all\u001b[39m \u001b[93m347 ms\u001b[39m","size":"1895","timestamp":"2025-07-26 09:32:05"}
{"level":"info","message":" Incoming Request \u001b[32mGET\u001b[39m \u001b[31m404\u001b[39m \u001b[35m/images/06d2232a938640d-images(3).jpg\u001b[39m \u001b[93m0 ms\u001b[39m","size":"1533","timestamp":"2025-07-26 09:32:05"}
{"level":"info","message":" Incoming Request \u001b[32mGET\u001b[39m \u001b[32m200\u001b[39m \u001b[35m/api/v1/job/all?limit=10&page=1\u001b[39m \u001b[93m161 ms\u001b[39m","size":"1895","timestamp":"2025-07-26 09:32:06"}
{"level":"info","message":" Incoming Request \u001b[32mGET\u001b[39m \u001b[32m200\u001b[39m \u001b[35m/api/v1/job/all\u001b[39m \u001b[93m163 ms\u001b[39m","size":"1895","timestamp":"2025-07-26 09:32:06"}
{"level":"info","message":" Incoming Request \u001b[32mGET\u001b[39m \u001b[32m200\u001b[39m \u001b[35m/api/v1/job/all?limit=10&page=1\u001b[39m \u001b[93m458 ms\u001b[39m","size":"1895","timestamp":"2025-07-26 09:32:06"}
{"level":"info","message":" Incoming Request \u001b[32mGET\u001b[39m \u001b[32m200\u001b[39m \u001b[35m/api/v1/category/popular\u001b[39m \u001b[93m376 ms\u001b[39m","size":"1276","timestamp":"2025-07-26 09:32:24"}
{"level":"info","message":" Incoming Request \u001b[32mGET\u001b[39m \u001b[32m200\u001b[39m \u001b[35m/api/v1/user/top-companies\u001b[39m \u001b[93m83 ms\u001b[39m","size":"1129","timestamp":"2025-07-26 09:32:24"}
{"level":"info","message":" Incoming Request \u001b[32mGET\u001b[39m \u001b[31m404\u001b[39m \u001b[35m/images/1976dc6b-de5e-4834-abee-efb1eb841b62.jpg\u001b[39m \u001b[93m1 ms\u001b[39m","size":"1566","timestamp":"2025-07-26 09:32:30"}
{"level":"info","message":" Incoming Request \u001b[32mGET\u001b[39m \u001b[32m200\u001b[39m \u001b[35m/api/v1/category/popular\u001b[39m \u001b[93m90 ms\u001b[39m","size":"1276","timestamp":"2025-07-26 09:39:21"}
{"level":"info","message":" Incoming Request \u001b[32mGET\u001b[39m \u001b[32m200\u001b[39m \u001b[35m/api/v1/user/top-companies\u001b[39m \u001b[93m84 ms\u001b[39m","size":"1129","timestamp":"2025-07-26 09:39:21"}
{"level":"info","message":" Incoming Request \u001b[32mGET\u001b[39m \u001b[34m304\u001b[39m \u001b[35m/api/v1/user/my-profile\u001b[39m \u001b[93m259 ms\u001b[39m","size":0,"timestamp":"2025-07-26 09:39:23"}
{"level":"info","message":" Incoming Request \u001b[32mGET\u001b[39m \u001b[32m200\u001b[39m \u001b[35m/api/v1/category/popular\u001b[39m \u001b[93m84 ms\u001b[39m","size":"1276","timestamp":"2025-07-26 09:39:29"}
{"level":"info","message":" Incoming Request \u001b[32mGET\u001b[39m \u001b[32m200\u001b[39m \u001b[35m/api/v1/user/top-companies\u001b[39m \u001b[93m84 ms\u001b[39m","size":"1129","timestamp":"2025-07-26 09:39:30"}
{"level":"info","message":" Incoming Request \u001b[32mGET\u001b[39m \u001b[34m304\u001b[39m \u001b[35m/api/v1/user/my-profile\u001b[39m \u001b[93m259 ms\u001b[39m","size":0,"timestamp":"2025-07-26 09:39:30"}
{"level":"info","message":" Incoming Request \u001b[32mGET\u001b[39m \u001b[31m404\u001b[39m \u001b[35m/images/1976dc6b-de5e-4834-abee-efb1eb841b62.jpg\u001b[39m \u001b[93m2 ms\u001b[39m","size":"1566","timestamp":"2025-07-26 09:39:31"}
{"level":"info","message":" Incoming Request \u001b[32mGET\u001b[39m \u001b[31m404\u001b[39m \u001b[35m/images/1976dc6b-de5e-4834-abee-efb1eb841b62.jpg\u001b[39m \u001b[93m0 ms\u001b[39m","size":"1566","timestamp":"2025-07-26 09:39:31"}
{"level":"info","message":" Incoming Request \u001b[32mGET\u001b[39m \u001b[31m404\u001b[39m \u001b[35m/images/1976dc6b-de5e-4834-abee-efb1eb841b62.jpg\u001b[39m \u001b[93m1 ms\u001b[39m","size":"1566","timestamp":"2025-07-26 09:39:31"}
{"level":"info","message":" Incoming Request \u001b[32mGET\u001b[39m \u001b[31m404\u001b[39m \u001b[35m/images/1976dc6b-de5e-4834-abee-efb1eb841b62.jpg\u001b[39m \u001b[93m1 ms\u001b[39m","size":"1566","timestamp":"2025-07-26 09:39:31"}
{"level":"info","message":" Incoming Request \u001b[32mGET\u001b[39m \u001b[32m200\u001b[39m \u001b[35m/api/v1/category/popular\u001b[39m \u001b[93m85 ms\u001b[39m","size":"1276","timestamp":"2025-07-26 09:41:26"}
{"level":"info","message":" Incoming Request \u001b[32mGET\u001b[39m \u001b[32m200\u001b[39m \u001b[35m/api/v1/user/top-companies\u001b[39m \u001b[93m84 ms\u001b[39m","size":"1129","timestamp":"2025-07-26 09:41:26"}
{"level":"info","message":" Incoming Request \u001b[32mGET\u001b[39m \u001b[34m304\u001b[39m \u001b[35m/api/v1/user/my-profile\u001b[39m \u001b[93m254 ms\u001b[39m","size":0,"timestamp":"2025-07-26 09:41:27"}
{"level":"info","message":" Incoming Request \u001b[32mGET\u001b[39m \u001b[32m200\u001b[39m \u001b[35m/api/v1/category/popular\u001b[39m \u001b[93m85 ms\u001b[39m","size":"1276","timestamp":"2025-07-26 09:41:33"}
{"level":"info","message":" Incoming Request \u001b[32mGET\u001b[39m \u001b[32m200\u001b[39m \u001b[35m/api/v1/user/top-companies\u001b[39m \u001b[93m84 ms\u001b[39m","size":"1129","timestamp":"2025-07-26 09:41:33"}
{"level":"info","message":" Incoming Request \u001b[32mGET\u001b[39m \u001b[34m304\u001b[39m \u001b[35m/api/v1/user/my-profile\u001b[39m \u001b[93m252 ms\u001b[39m","size":0,"timestamp":"2025-07-26 09:41:33"}
{"level":"info","message":" Incoming Request \u001b[32mGET\u001b[39m \u001b[31m404\u001b[39m \u001b[35m/images/1976dc6b-de5e-4834-abee-efb1eb841b62.jpg\u001b[39m \u001b[93m2 ms\u001b[39m","size":"1566","timestamp":"2025-07-26 09:41:51"}
{"level":"info","message":" Incoming Request \u001b[32mGET\u001b[39m \u001b[32m200\u001b[39m \u001b[35m/api/v1/job/all\u001b[39m \u001b[93m243 ms\u001b[39m","size":"1895","timestamp":"2025-07-26 09:44:17"}
{"level":"info","message":" Incoming Request \u001b[32mGET\u001b[39m \u001b[32m200\u001b[39m \u001b[35m/api/v1/job/all?limit=10&page=1\u001b[39m \u001b[93m161 ms\u001b[39m","size":"1895","timestamp":"2025-07-26 09:44:17"}
{"level":"info","message":" Incoming Request \u001b[32mGET\u001b[39m \u001b[32m200\u001b[39m \u001b[35m/api/v1/category/popular\u001b[39m \u001b[93m83 ms\u001b[39m","size":"1276","timestamp":"2025-07-26 10:00:17"}
{"level":"info","message":" Incoming Request \u001b[32mGET\u001b[39m \u001b[32m200\u001b[39m \u001b[35m/api/v1/user/top-companies\u001b[39m \u001b[93m83 ms\u001b[39m","size":"1129","timestamp":"2025-07-26 10:00:17"}
{"level":"info","message":" Incoming Request \u001b[32mGET\u001b[39m \u001b[31m404\u001b[39m \u001b[35m/images/1976dc6b-de5e-4834-abee-efb1eb841b62.jpg\u001b[39m \u001b[93m1 ms\u001b[39m","size":"1566","timestamp":"2025-07-26 10:02:17"}
{"level":"info","message":" Incoming Request \u001b[32mGET\u001b[39m \u001b[32m200\u001b[39m \u001b[35m/api/v1/user/top-companies\u001b[39m \u001b[93m81 ms\u001b[39m","size":"1129","timestamp":"2025-07-26 10:03:56"}
{"level":"info","message":"Root endpoint hit","timestamp":"2025-07-26 10:04:12"}
{"level":"info","message":" Incoming Request \u001b[32mGET\u001b[39m \u001b[32m200\u001b[39m \u001b[35m/\u001b[39m \u001b[93m2 ms\u001b[39m","size":"109","timestamp":"2025-07-26 10:04:12"}
{"level":"info","message":" Incoming Request \u001b[32mGET\u001b[39m \u001b[32m200\u001b[39m \u001b[35m/api/v1/job/all?jobLevel=Mid-Level\u001b[39m \u001b[93m164 ms\u001b[39m","size":"1895","timestamp":"2025-07-26 10:04:46"}
{"level":"info","message":" Incoming Request \u001b[32mGET\u001b[39m \u001b[32m200\u001b[39m \u001b[35m/api/v1/job/all\u001b[39m \u001b[93m163 ms\u001b[39m","size":"1895","timestamp":"2025-07-26 10:04:58"}
{"level":"info","message":" Incoming Request \u001b[32mGET\u001b[39m \u001b[32m200\u001b[39m \u001b[35m/api/v1/job/all\u001b[39m \u001b[93m160 ms\u001b[39m","size":"1895","timestamp":"2025-07-26 10:04:59"}
{"level":"info","message":" Incoming Request \u001b[32mGET\u001b[39m \u001b[31m404\u001b[39m \u001b[35m/images/06d2232a938640d-images(3).jpg\u001b[39m \u001b[93m1 ms\u001b[39m","size":"1533","timestamp":"2025-07-26 10:05:01"}
{"level":"info","message":" Incoming Request \u001b[32mGET\u001b[39m \u001b[34m304\u001b[39m \u001b[35m/api/v1/user/my-profile\u001b[39m \u001b[93m254 ms\u001b[39m","size":0,"timestamp":"2025-07-26 10:05:09"}
{"level":"info","message":" Incoming Request \u001b[32mGET\u001b[39m \u001b[32m200\u001b[39m \u001b[35m/api/v1/job/all?limit=10&page=1\u001b[39m \u001b[93m163 ms\u001b[39m","size":"1895","timestamp":"2025-07-26 10:05:10"}
{"level":"info","message":" Incoming Request \u001b[32mGET\u001b[39m \u001b[31m404\u001b[39m \u001b[35m/images/1976dc6b-de5e-4834-abee-efb1eb841b62.jpg\u001b[39m \u001b[93m1 ms\u001b[39m","size":"1566","timestamp":"2025-07-26 10:05:12"}
{"level":"info","message":" Incoming Request \u001b[32mGET\u001b[39m \u001b[34m304\u001b[39m \u001b[35m/api/v1/user/my-profile\u001b[39m \u001b[93m247 ms\u001b[39m","size":0,"timestamp":"2025-07-26 10:05:14"}
{"level":"info","message":" Incoming Request \u001b[32mGET\u001b[39m \u001b[31m404\u001b[39m \u001b[35m/images/1976dc6b-de5e-4834-abee-efb1eb841b62.jpg\u001b[39m \u001b[93m1 ms\u001b[39m","size":"1566","timestamp":"2025-07-26 10:05:16"}
{"level":"info","message":" Incoming Request \u001b[32mGET\u001b[39m \u001b[31m404\u001b[39m \u001b[35m/images/1976dc6b-de5e-4834-abee-efb1eb841b62.jpg\u001b[39m \u001b[93m1 ms\u001b[39m","size":"1566","timestamp":"2025-07-26 10:07:10"}
