{"level":"info","message":" Incoming Request \u001b[32mGET\u001b[39m \u001b[32m200\u001b[39m \u001b[35m/api/v1/user/all-user?role=employer\u001b[39m \u001b[93m165 ms\u001b[39m","size":"1620","timestamp":"2025-07-17 10:12:22"}
{"level":"info","message":" Incoming Request \u001b[32mGET\u001b[39m \u001b[34m304\u001b[39m \u001b[35m/api/v1/user/my-profile\u001b[39m \u001b[93m242 ms\u001b[39m","size":0,"timestamp":"2025-07-17 10:14:53"}
{"level":"info","message":" Incoming Request \u001b[32mGET\u001b[39m \u001b[32m200\u001b[39m \u001b[35m/api/v1/job/my-job-alerts?jobType=Part-Time&jobType=Full-Time&jobLevel=Mid-level\u001b[39m \u001b[93m384 ms\u001b[39m","size":"3194","timestamp":"2025-07-17 10:17:59"}
{"level":"info","message":" Incoming Request \u001b[32mGET\u001b[39m \u001b[32m200\u001b[39m \u001b[35m/api/v1/job/my-job-alerts\u001b[39m \u001b[93m373 ms\u001b[39m","size":"3194","timestamp":"2025-07-17 10:18:08"}
{"level":"info","message":" Incoming Request \u001b[32mGET\u001b[39m \u001b[32m200\u001b[39m \u001b[35m/api/v1/job/my-job-alerts?page=2\u001b[39m \u001b[93m366 ms\u001b[39m","size":"181","timestamp":"2025-07-17 10:18:28"}
{"level":"info","message":" Incoming Request \u001b[32mGET\u001b[39m \u001b[32m200\u001b[39m \u001b[35m/api/v1/job/my-job-alerts?limit=1\u001b[39m \u001b[93m390 ms\u001b[39m","size":"1165","timestamp":"2025-07-17 10:19:13"}
{"level":"info","message":" Incoming Request \u001b[32mGET\u001b[39m \u001b[32m200\u001b[39m \u001b[35m/api/v1/job/my-job-alerts?limit=1&page=2\u001b[39m \u001b[93m379 ms\u001b[39m","size":"1179","timestamp":"2025-07-17 10:19:24"}
{"level":"info","message":" Incoming Request \u001b[32mGET\u001b[39m \u001b[32m200\u001b[39m \u001b[35m/api/v1/job/my-job-alerts?limit=1&page=3\u001b[39m \u001b[93m376 ms\u001b[39m","size":"1210","timestamp":"2025-07-17 10:19:34"}
{"level":"info","message":" Incoming Request \u001b[32mGET\u001b[39m \u001b[32m200\u001b[39m \u001b[35m/api/v1/job/my-job-alerts\u001b[39m \u001b[93m395 ms\u001b[39m","size":"3194","timestamp":"2025-07-17 10:20:54"}
{"level":"info","message":" Incoming Request \u001b[32mGET\u001b[39m \u001b[32m200\u001b[39m \u001b[35m/api/v1/user/my-profile\u001b[39m \u001b[93m238 ms\u001b[39m","size":"1645","timestamp":"2025-07-17 10:24:02"}
{"level":"info","message":" Incoming Request \u001b[32mGET\u001b[39m \u001b[31m400\u001b[39m \u001b[35m/api/v1/job/single/undefined\u001b[39m \u001b[93m3 ms\u001b[39m","size":"1560","timestamp":"2025-07-17 10:24:08"}
{"level":"info","message":" Incoming Request \u001b[32mGET\u001b[39m \u001b[32m201\u001b[39m \u001b[35m/api/v1/job/my-jobs?page=1&limit=10\u001b[39m \u001b[93m1080 ms\u001b[39m","size":"1619","timestamp":"2025-07-17 10:24:33"}
{"level":"info","message":" Incoming Request \u001b[32mGET\u001b[39m \u001b[32m200\u001b[39m \u001b[35m/api/v1/job/single/68761c54339addef51af4c91\u001b[39m \u001b[93m77 ms\u001b[39m","size":"1142","timestamp":"2025-07-17 10:24:53"}
{"level":"info","message":"Root endpoint hit","timestamp":"2025-07-17 10:25:07"}
{"level":"info","message":" Incoming Request \u001b[32mGET\u001b[39m \u001b[32m200\u001b[39m \u001b[35m/\u001b[39m \u001b[93m1 ms\u001b[39m","size":"109","timestamp":"2025-07-17 10:25:07"}
{"level":"info","message":"Root endpoint hit","timestamp":"2025-07-17 10:25:07"}
{"level":"info","message":" Incoming Request \u001b[32mGET\u001b[39m \u001b[32m200\u001b[39m \u001b[35m/\u001b[39m \u001b[93m2 ms\u001b[39m","size":"109","timestamp":"2025-07-17 10:25:07"}
{"level":"info","message":" Incoming Request \u001b[32mGET\u001b[39m \u001b[32m201\u001b[39m \u001b[35m/api/v1/job/my-jobs?page=1&limit=10\u001b[39m \u001b[93m866 ms\u001b[39m","size":"1619","timestamp":"2025-07-17 10:27:01"}
{"level":"info","message":" Incoming Request \u001b[32mGET\u001b[39m \u001b[31m404\u001b[39m \u001b[35m/api/v1/user/my-profile\u001b[39m \u001b[93m157 ms\u001b[39m","size":"531","timestamp":"2025-07-17 10:29:34"}
{"level":"info","message":" Incoming Request \u001b[32mGET\u001b[39m \u001b[31m400\u001b[39m \u001b[35m/api/v1/user/my-profile\u001b[39m \u001b[93m3 ms\u001b[39m","size":"1447","timestamp":"2025-07-17 10:30:06"}
{"level":"info","message":" Incoming Request \u001b[34mPOST\u001b[39m \u001b[32m200\u001b[39m \u001b[35m/api/v1/user/login\u001b[39m \u001b[93m446 ms\u001b[39m","size":"1962","timestamp":"2025-07-17 10:30:30"}
{"level":"info","message":" Incoming Request \u001b[32mGET\u001b[39m \u001b[31m400\u001b[39m \u001b[35m/api/v1/user/my-profile\u001b[39m \u001b[93m1 ms\u001b[39m","size":"1447","timestamp":"2025-07-17 10:30:31"}
{"level":"info","message":" Incoming Request \u001b[32mGET\u001b[39m \u001b[32m201\u001b[39m \u001b[35m/api/v1/job/my-jobs?page=1&limit=10\u001b[39m \u001b[93m855 ms\u001b[39m","size":"1619","timestamp":"2025-07-17 10:30:36"}
{"level":"info","message":" Incoming Request \u001b[32mGET\u001b[39m \u001b[32m200\u001b[39m \u001b[35m/api/v1/job/single/68761efa339addef51af4cd6\u001b[39m \u001b[93m76 ms\u001b[39m","size":"1118","timestamp":"2025-07-17 10:30:52"}
{"level":"info","message":" Incoming Request \u001b[32mGET\u001b[39m \u001b[32m200\u001b[39m \u001b[35m/api/v1/category/all?\u001b[39m \u001b[93m80 ms\u001b[39m","size":"1300","timestamp":"2025-07-17 10:32:34"}
{"level":"info","message":" Incoming Request \u001b[32mGET\u001b[39m \u001b[32m200\u001b[39m \u001b[35m/api/v1/user/my-profile\u001b[39m \u001b[93m240 ms\u001b[39m","size":"1645","timestamp":"2025-07-17 10:35:10"}
{"level":"info","message":" Incoming Request \u001b[32mGET\u001b[39m \u001b[32m201\u001b[39m \u001b[35m/api/v1/job/my-jobs?page=1&limit=10\u001b[39m \u001b[93m314 ms\u001b[39m","size":"1619","timestamp":"2025-07-17 10:35:14"}
{"level":"info","message":" Incoming Request \u001b[32mGET\u001b[39m \u001b[34m304\u001b[39m \u001b[35m/api/v1/job/single/68761efa339addef51af4cd6\u001b[39m \u001b[93m79 ms\u001b[39m","size":0,"timestamp":"2025-07-17 10:35:28"}
{"level":"info","message":" Incoming Request \u001b[32mGET\u001b[39m \u001b[34m304\u001b[39m \u001b[35m/api/v1/job/single/68761efa339addef51af4cd6\u001b[39m \u001b[93m77 ms\u001b[39m","size":0,"timestamp":"2025-07-17 10:36:28"}
{"level":"info","message":" Incoming Request \u001b[32mGET\u001b[39m \u001b[32m200\u001b[39m \u001b[35m/api/v1/job/single/68761efa339addef51af4cd6\u001b[39m \u001b[93m158 ms\u001b[39m","size":"2119","timestamp":"2025-07-17 10:40:45"}
{"level":"info","message":" Incoming Request \u001b[32mGET\u001b[39m \u001b[32m200\u001b[39m \u001b[35m/api/v1/job/all\u001b[39m \u001b[93m155 ms\u001b[39m","size":"2798","timestamp":"2025-07-17 10:42:37"}
{"level":"info","message":" Incoming Request \u001b[32mGET\u001b[39m \u001b[34m304\u001b[39m \u001b[35m/api/v1/category/all?\u001b[39m \u001b[93m77 ms\u001b[39m","size":0,"timestamp":"2025-07-17 10:43:28"}
{"level":"info","message":" Incoming Request \u001b[34mPOST\u001b[39m \u001b[33m500\u001b[39m \u001b[35m/api/v1/job/create\u001b[39m \u001b[93m397 ms\u001b[39m","size":"733","timestamp":"2025-07-17 10:48:26"}
{"level":"info","message":" Incoming Request \u001b[32mGET\u001b[39m \u001b[34m304\u001b[39m \u001b[35m/api/v1/user/my-profile\u001b[39m \u001b[93m240 ms\u001b[39m","size":0,"timestamp":"2025-07-17 10:50:28"}
{"level":"info","message":" Incoming Request \u001b[32mGET\u001b[39m \u001b[32m201\u001b[39m \u001b[35m/api/v1/job/my-jobs?page=1&limit=10\u001b[39m \u001b[93m231 ms\u001b[39m","size":"181","timestamp":"2025-07-17 10:53:00"}
{"level":"info","message":" Incoming Request \u001b[34mPOST\u001b[39m \u001b[33m500\u001b[39m \u001b[35m/api/v1/job/create\u001b[39m \u001b[93m372 ms\u001b[39m","size":"841","timestamp":"2025-07-17 10:53:08"}
{"level":"info","message":" Incoming Request \u001b[34mPOST\u001b[39m \u001b[32m201\u001b[39m \u001b[35m/api/v1/job/create\u001b[39m \u001b[93m552 ms\u001b[39m","size":"1163","timestamp":"2025-07-17 10:55:08"}
{"level":"info","message":" Incoming Request \u001b[34mPOST\u001b[39m \u001b[32m201\u001b[39m \u001b[35m/api/v1/job/create\u001b[39m \u001b[93m681 ms\u001b[39m","size":"1153","timestamp":"2025-07-17 10:55:26"}
{"level":"info","message":" Incoming Request \u001b[32mGET\u001b[39m \u001b[32m201\u001b[39m \u001b[35m/api/v1/job/my-jobs?page=1&limit=10\u001b[39m \u001b[93m312 ms\u001b[39m","size":"480","timestamp":"2025-07-17 10:55:33"}
{"level":"info","message":" Incoming Request \u001b[34mPOST\u001b[39m \u001b[32m201\u001b[39m \u001b[35m/api/v1/job/create\u001b[39m \u001b[93m672 ms\u001b[39m","size":"1147","timestamp":"2025-07-17 10:55:54"}
{"level":"info","message":" Incoming Request \u001b[32mGET\u001b[39m \u001b[32m200\u001b[39m \u001b[35m/api/v1/user/my-profile\u001b[39m \u001b[93m236 ms\u001b[39m","size":"1644","timestamp":"2025-07-17 10:56:01"}
{"level":"info","message":" Incoming Request \u001b[32mGET\u001b[39m \u001b[32m201\u001b[39m \u001b[35m/api/v1/job/my-jobs?page=1&limit=10\u001b[39m \u001b[93m312 ms\u001b[39m","size":"623","timestamp":"2025-07-17 10:56:02"}
{"level":"info","message":" Incoming Request \u001b[32mGET\u001b[39m \u001b[32m200\u001b[39m \u001b[35m/api/v1/job/single/6878825ac07b71dde0831d45\u001b[39m \u001b[93m77 ms\u001b[39m","size":"1141","timestamp":"2025-07-17 10:56:09"}
{"level":"info","message":" Incoming Request \u001b[32mGET\u001b[39m \u001b[32m200\u001b[39m \u001b[35m/api/v1/category/all?\u001b[39m \u001b[93m79 ms\u001b[39m","size":"1301","timestamp":"2025-07-17 10:58:40"}
{"level":"info","message":" Incoming Request \u001b[32mGET\u001b[39m \u001b[32m201\u001b[39m \u001b[35m/api/v1/job/my-jobs?jobType=Contract\u001b[39m \u001b[93m229 ms\u001b[39m","size":"181","timestamp":"2025-07-17 10:58:57"}
{"level":"info","message":" Incoming Request \u001b[32mGET\u001b[39m \u001b[32m201\u001b[39m \u001b[35m/api/v1/job/my-jobs\u001b[39m \u001b[93m298 ms\u001b[39m","size":"623","timestamp":"2025-07-17 10:59:27"}
{"level":"info","message":" Incoming Request \u001b[32mGET\u001b[39m \u001b[32m200\u001b[39m \u001b[35m/api/v1/user/my-profile\u001b[39m \u001b[93m237 ms\u001b[39m","size":"1644","timestamp":"2025-07-17 10:59:30"}
{"level":"info","message":" Incoming Request \u001b[32mGET\u001b[39m \u001b[34m304\u001b[39m \u001b[35m/api/v1/category/all?\u001b[39m \u001b[93m78 ms\u001b[39m","size":0,"timestamp":"2025-07-17 10:59:32"}
{"level":"info","message":" Incoming Request \u001b[32mGET\u001b[39m \u001b[32m200\u001b[39m \u001b[35m/api/v1/job/single/6878823ec07b71dde0831d3b\u001b[39m \u001b[93m150 ms\u001b[39m","size":"2148","timestamp":"2025-07-17 10:59:44"}
{"level":"info","message":" Incoming Request \u001b[32mGET\u001b[39m \u001b[32m200\u001b[39m \u001b[35m/api/v1/job/single/6878823ec07b71dde0831d3b\u001b[39m \u001b[93m160 ms\u001b[39m","size":"1257","timestamp":"2025-07-17 11:01:50"}
{"level":"info","message":" Incoming Request \u001b[32mGET\u001b[39m \u001b[32m201\u001b[39m \u001b[35m/api/v1/job/my-jobs\u001b[39m \u001b[93m313 ms\u001b[39m","size":"623","timestamp":"2025-07-17 11:04:07"}
{"level":"info","message":" Incoming Request \u001b[32mGET\u001b[39m \u001b[34m304\u001b[39m \u001b[35m/api/v1/user/my-profile\u001b[39m \u001b[93m244 ms\u001b[39m","size":0,"timestamp":"2025-07-17 11:05:12"}
{"level":"info","message":" Incoming Request \u001b[32mGET\u001b[39m \u001b[34m304\u001b[39m \u001b[35m/api/v1/category/all?\u001b[39m \u001b[93m77 ms\u001b[39m","size":0,"timestamp":"2025-07-17 11:05:13"}
{"level":"info","message":" Incoming Request \u001b[34mPOST\u001b[39m \u001b[32m200\u001b[39m \u001b[35m/api/v1/user/login\u001b[39m \u001b[93m371 ms\u001b[39m","size":"692","timestamp":"2025-07-17 11:05:20"}
{"level":"info","message":" Incoming Request \u001b[32mGET\u001b[39m \u001b[32m201\u001b[39m \u001b[35m/api/v1/job/my-jobs?page=1&limit=10\u001b[39m \u001b[93m307 ms\u001b[39m","size":"623","timestamp":"2025-07-17 11:05:35"}
{"level":"info","message":" Incoming Request \u001b[34mPOST\u001b[39m \u001b[32m200\u001b[39m \u001b[35m/api/v1/user/login\u001b[39m \u001b[93m369 ms\u001b[39m","size":"696","timestamp":"2025-07-17 11:05:51"}
{"level":"info","message":" Incoming Request \u001b[34mPOST\u001b[39m \u001b[32m200\u001b[39m \u001b[35m/api/v1/user/login\u001b[39m \u001b[93m387 ms\u001b[39m","size":"696","timestamp":"2025-07-17 11:05:57"}
{"level":"info","message":" Incoming Request \u001b[32mGET\u001b[39m \u001b[32m200\u001b[39m \u001b[35m/api/v1/job/single/6878825ac07b71dde0831d45\u001b[39m \u001b[93m165 ms\u001b[39m","size":"1251","timestamp":"2025-07-17 11:06:11"}
{"level":"info","message":" Incoming Request \u001b[32mGET\u001b[39m \u001b[32m200\u001b[39m \u001b[35m/api/v1/job/single/6878825ac07b71dde0831d45\u001b[39m \u001b[93m151 ms\u001b[39m","size":"1251","timestamp":"2025-07-17 11:06:14"}
{"level":"info","message":" Incoming Request \u001b[32mGET\u001b[39m \u001b[31m404\u001b[39m \u001b[35m/favicon.ico\u001b[39m \u001b[93m2 ms\u001b[39m","size":"1460","timestamp":"2025-07-17 11:06:14"}
{"level":"info","message":" Incoming Request \u001b[34mPOST\u001b[39m \u001b[31m404\u001b[39m \u001b[35m/api/v1/user/login\u001b[39m \u001b[93m151 ms\u001b[39m","size":"560","timestamp":"2025-07-17 11:06:18"}
{"level":"info","message":" Incoming Request \u001b[34mPOST\u001b[39m \u001b[32m200\u001b[39m \u001b[35m/api/v1/user/register\u001b[39m \u001b[93m3642 ms\u001b[39m","size":"278","timestamp":"2025-07-17 11:07:46"}
{"level":"info","message":" Incoming Request \u001b[34mPOST\u001b[39m \u001b[32m201\u001b[39m \u001b[35m/api/v1/user/verify-otp\u001b[39m \u001b[93m395 ms\u001b[39m","size":"777","timestamp":"2025-07-17 11:08:19"}
{"level":"info","message":" Incoming Request \u001b[34mPOST\u001b[39m \u001b[32m200\u001b[39m \u001b[35m/api/v1/user/login\u001b[39m \u001b[93m371 ms\u001b[39m","size":"664","timestamp":"2025-07-17 11:08:49"}
{"level":"info","message":" Incoming Request \u001b[32mGET\u001b[39m \u001b[34m304\u001b[39m \u001b[35m/api/v1/user/my-profile\u001b[39m \u001b[93m231 ms\u001b[39m","size":0,"timestamp":"2025-07-17 11:09:04"}
{"level":"info","message":" Incoming Request \u001b[32mGET\u001b[39m \u001b[34m304\u001b[39m \u001b[35m/api/v1/job/single/6878825ac07b71dde0831d45\u001b[39m \u001b[93m153 ms\u001b[39m","size":0,"timestamp":"2025-07-17 11:09:15"}
{"level":"info","message":" Incoming Request \u001b[34mPOST\u001b[39m \u001b[31m400\u001b[39m \u001b[35m/api/v1/user/candidate-identity-verification?step=1\u001b[39m \u001b[93m5 ms\u001b[39m","size":"1446","timestamp":"2025-07-17 11:09:41"}
{"level":"info","message":" Incoming Request \u001b[34mPOST\u001b[39m \u001b[32m200\u001b[39m \u001b[35m/api/v1/user/login\u001b[39m \u001b[93m375 ms\u001b[39m","size":"664","timestamp":"2025-07-17 11:09:59"}
{"level":"info","message":" Incoming Request \u001b[34mPOST\u001b[39m \u001b[31m400\u001b[39m \u001b[35m/api/v1/user/candidate-identity-verification?step=1\u001b[39m \u001b[93m2 ms\u001b[39m","size":"1446","timestamp":"2025-07-17 11:10:13"}
{"level":"info","message":" Incoming Request \u001b[34mPOST\u001b[39m \u001b[31m400\u001b[39m \u001b[35m/api/v1/user/candidate-identity-verification?step=1\u001b[39m \u001b[93m1 ms\u001b[39m","size":"1446","timestamp":"2025-07-17 11:10:58"}
{"level":"info","message":" Incoming Request \u001b[34mPOST\u001b[39m \u001b[32m200\u001b[39m \u001b[35m/api/v1/user/login\u001b[39m \u001b[93m375 ms\u001b[39m","size":"666","timestamp":"2025-07-17 11:12:02"}
{"level":"info","message":" Incoming Request \u001b[34mPOST\u001b[39m \u001b[32m200\u001b[39m \u001b[35m/api/v1/user/candidate-identity-verification?step=1\u001b[39m \u001b[93m308 ms\u001b[39m","size":"406","timestamp":"2025-07-17 11:12:17"}
{"level":"info","message":" Incoming Request \u001b[34mPOST\u001b[39m \u001b[32m200\u001b[39m \u001b[35m/api/v1/user/candidate-identity-verification?step=2\u001b[39m \u001b[93m306 ms\u001b[39m","size":"406","timestamp":"2025-07-17 11:12:42"}
{"level":"info","message":" Incoming Request \u001b[34mPOST\u001b[39m \u001b[32m200\u001b[39m \u001b[35m/api/v1/user/candidate-identity-verification?step=3\u001b[39m \u001b[93m306 ms\u001b[39m","size":"406","timestamp":"2025-07-17 11:12:57"}
{"level":"info","message":" Incoming Request \u001b[34mPOST\u001b[39m \u001b[33m500\u001b[39m \u001b[35m/api/v1/user/candidate-identity-verification?step=4\u001b[39m \u001b[93m249 ms\u001b[39m","size":"643","timestamp":"2025-07-17 11:13:23"}
{"level":"info","message":" Incoming Request \u001b[34mPOST\u001b[39m \u001b[33m500\u001b[39m \u001b[35m/api/v1/user/candidate-identity-verification?step=4\u001b[39m \u001b[93m241 ms\u001b[39m","size":"643","timestamp":"2025-07-17 11:15:25"}
{"level":"info","message":" Incoming Request \u001b[34mPOST\u001b[39m \u001b[33m500\u001b[39m \u001b[35m/api/v1/user/candidate-identity-verification?step=4\u001b[39m \u001b[93m260 ms\u001b[39m","size":"643","timestamp":"2025-07-17 11:16:00"}
{"level":"info","message":" Incoming Request \u001b[34mPOST\u001b[39m \u001b[33m500\u001b[39m \u001b[35m/api/v1/user/candidate-identity-verification?step=4\u001b[39m \u001b[93m257 ms\u001b[39m","size":"643","timestamp":"2025-07-17 11:17:18"}
{"level":"info","message":" Incoming Request \u001b[34mPOST\u001b[39m \u001b[33m500\u001b[39m \u001b[35m/api/v1/user/candidate-identity-verification?step=4\u001b[39m \u001b[93m264 ms\u001b[39m","size":"643","timestamp":"2025-07-17 11:18:00"}
{"level":"info","message":" Incoming Request \u001b[34mPOST\u001b[39m \u001b[33m500\u001b[39m \u001b[35m/api/v1/user/candidate-identity-verification?step=4\u001b[39m \u001b[93m244 ms\u001b[39m","size":"643","timestamp":"2025-07-17 11:19:03"}
{"level":"info","message":" Incoming Request \u001b[34mPOST\u001b[39m \u001b[33m500\u001b[39m \u001b[35m/api/v1/user/candidate-identity-verification?step=4\u001b[39m \u001b[93m230 ms\u001b[39m","size":"643","timestamp":"2025-07-17 11:19:04"}
{"level":"info","message":" Incoming Request \u001b[34mPOST\u001b[39m \u001b[33m500\u001b[39m \u001b[35m/api/v1/user/candidate-identity-verification?step=4\u001b[39m \u001b[93m247 ms\u001b[39m","size":"643","timestamp":"2025-07-17 11:19:41"}
{"level":"info","message":" Incoming Request \u001b[34mPOST\u001b[39m \u001b[32m200\u001b[39m \u001b[35m/api/v1/user/candidate-identity-verification?step=3\u001b[39m \u001b[93m317 ms\u001b[39m","size":"406","timestamp":"2025-07-17 11:19:58"}
{"level":"info","message":" Incoming Request \u001b[34mPOST\u001b[39m \u001b[32m200\u001b[39m \u001b[35m/api/v1/user/register\u001b[39m \u001b[93m2642 ms\u001b[39m","size":"278","timestamp":"2025-07-17 11:22:03"}
{"level":"info","message":" Incoming Request \u001b[34mPOST\u001b[39m \u001b[32m200\u001b[39m \u001b[35m/api/v1/user/login\u001b[39m \u001b[93m368 ms\u001b[39m","size":"664","timestamp":"2025-07-17 11:22:31"}
{"level":"info","message":" Incoming Request \u001b[34mPOST\u001b[39m \u001b[31m400\u001b[39m \u001b[35m/api/v1/user/candidate-identity-verification?step=1\u001b[39m \u001b[93m5 ms\u001b[39m","size":"1446","timestamp":"2025-07-17 11:23:00"}
{"level":"info","message":" Incoming Request \u001b[34mPOST\u001b[39m \u001b[32m200\u001b[39m \u001b[35m/api/v1/user/register\u001b[39m \u001b[93m3566 ms\u001b[39m","size":"278","timestamp":"2025-07-17 11:23:40"}
{"level":"info","message":" Incoming Request \u001b[34mPOST\u001b[39m \u001b[31m409\u001b[39m \u001b[35m/api/v1/user/register\u001b[39m \u001b[93m160 ms\u001b[39m","size":"544","timestamp":"2025-07-17 11:23:55"}
{"level":"info","message":" Incoming Request \u001b[34mPOST\u001b[39m \u001b[32m200\u001b[39m \u001b[35m/api/v1/user/login\u001b[39m \u001b[93m665 ms\u001b[39m","size":"664","timestamp":"2025-07-17 11:24:03"}
{"level":"info","message":" Incoming Request \u001b[32mGET\u001b[39m \u001b[34m304\u001b[39m \u001b[35m/api/v1/category/all?\u001b[39m \u001b[93m79 ms\u001b[39m","size":0,"timestamp":"2025-07-17 11:24:46"}
{"level":"info","message":" Incoming Request \u001b[34mPOST\u001b[39m \u001b[32m200\u001b[39m \u001b[35m/api/v1/uploded\u001b[39m \u001b[93m85 ms\u001b[39m","size":"238","timestamp":"2025-07-17 11:24:54"}
{"level":"info","message":" Incoming Request \u001b[34mPOST\u001b[39m \u001b[32m200\u001b[39m \u001b[35m/api/v1/user/login\u001b[39m \u001b[93m376 ms\u001b[39m","size":"664","timestamp":"2025-07-17 11:24:54"}
{"level":"info","message":" Incoming Request \u001b[34mPOST\u001b[39m \u001b[32m200\u001b[39m \u001b[35m/api/v1/user/candidate-identity-verification?step=1\u001b[39m \u001b[93m321 ms\u001b[39m","size":"405","timestamp":"2025-07-17 11:25:18"}
{"level":"info","message":" Incoming Request \u001b[34mPOST\u001b[39m \u001b[33m500\u001b[39m \u001b[35m/api/v1/uploded\u001b[39m \u001b[93m860 ms\u001b[39m","size":"1179","timestamp":"2025-07-17 11:25:34"}
{"level":"info","message":" Incoming Request \u001b[34mPOST\u001b[39m \u001b[32m200\u001b[39m \u001b[35m/api/v1/user/candidate-identity-verification?step=2\u001b[39m \u001b[93m308 ms\u001b[39m","size":"405","timestamp":"2025-07-17 11:25:38"}
{"level":"info","message":" Incoming Request \u001b[34mPOST\u001b[39m \u001b[32m200\u001b[39m \u001b[35m/api/v1/user/candidate-identity-verification?step=3\u001b[39m \u001b[93m304 ms\u001b[39m","size":"405","timestamp":"2025-07-17 11:25:51"}
{"level":"info","message":" Incoming Request \u001b[34mPOST\u001b[39m \u001b[32m200\u001b[39m \u001b[35m/api/v1/user/candidate-identity-verification?step=4\u001b[39m \u001b[93m460 ms\u001b[39m","size":"1077","timestamp":"2025-07-17 11:26:02"}
{"level":"info","message":" Incoming Request \u001b[34mPOST\u001b[39m \u001b[32m200\u001b[39m \u001b[35m/api/v1/user/candidate-identity-verification?step=4\u001b[39m \u001b[93m304 ms\u001b[39m","size":"1072","timestamp":"2025-07-17 11:26:09"}
{"level":"info","message":" Incoming Request \u001b[34mPOST\u001b[39m \u001b[32m200\u001b[39m \u001b[35m/api/v1/user/login\u001b[39m \u001b[93m365 ms\u001b[39m","size":"704","timestamp":"2025-07-17 11:26:18"}
{"level":"info","message":" Incoming Request \u001b[34mPOST\u001b[39m \u001b[32m200\u001b[39m \u001b[35m/api/v1/user/login\u001b[39m \u001b[93m375 ms\u001b[39m","size":"654","timestamp":"2025-07-17 11:28:29"}
{"level":"info","message":" Incoming Request \u001b[34mPOST\u001b[39m \u001b[32m200\u001b[39m \u001b[35m/api/v1/user/identity-verification?step=1\u001b[39m \u001b[93m236 ms\u001b[39m","size":"636","timestamp":"2025-07-17 11:29:18"}
{"level":"info","message":" Incoming Request \u001b[34mPOST\u001b[39m \u001b[32m200\u001b[39m \u001b[35m/api/v1/user/identity-verification?step=2\u001b[39m \u001b[93m229 ms\u001b[39m","size":"895","timestamp":"2025-07-17 11:29:40"}
{"level":"info","message":" Incoming Request \u001b[34mPOST\u001b[39m \u001b[32m200\u001b[39m \u001b[35m/api/v1/user/identity-verification?step=2\u001b[39m \u001b[93m240 ms\u001b[39m","size":"913","timestamp":"2025-07-17 11:30:03"}
{"level":"info","message":" Incoming Request \u001b[34mPOST\u001b[39m \u001b[32m200\u001b[39m \u001b[35m/api/v1/user/identity-verification?step=2\u001b[39m \u001b[93m228 ms\u001b[39m","size":"913","timestamp":"2025-07-17 11:30:25"}
{"level":"info","message":" Incoming Request \u001b[34mPOST\u001b[39m \u001b[32m200\u001b[39m \u001b[35m/api/v1/user/identity-verification?step=3\u001b[39m \u001b[93m228 ms\u001b[39m","size":"952","timestamp":"2025-07-17 11:30:41"}
{"level":"info","message":" Incoming Request \u001b[34mPOST\u001b[39m \u001b[32m200\u001b[39m \u001b[35m/api/v1/user/identity-verification?step=4\u001b[39m \u001b[93m611 ms\u001b[39m","size":"1089","timestamp":"2025-07-17 11:31:06"}
{"level":"info","message":" Incoming Request \u001b[34mPOST\u001b[39m \u001b[32m200\u001b[39m \u001b[35m/api/v1/user/login\u001b[39m \u001b[93m362 ms\u001b[39m","size":"1310","timestamp":"2025-07-17 11:31:16"}
{"level":"info","message":" Incoming Request \u001b[34mPOST\u001b[39m \u001b[32m200\u001b[39m \u001b[35m/api/v1/user/login\u001b[39m \u001b[93m753 ms\u001b[39m","size":"1962","timestamp":"2025-07-17 11:31:25"}
{"level":"info","message":" Incoming Request \u001b[34mPOST\u001b[39m \u001b[32m200\u001b[39m \u001b[35m/api/v1/user/login\u001b[39m \u001b[93m364 ms\u001b[39m","size":"648","timestamp":"2025-07-17 11:32:09"}
{"level":"info","message":" Incoming Request \u001b[34mPOST\u001b[39m \u001b[32m200\u001b[39m \u001b[35m/api/v1/user/login\u001b[39m \u001b[93m364 ms\u001b[39m","size":"1310","timestamp":"2025-07-17 11:32:34"}
{"level":"info","message":" Incoming Request \u001b[34mPOST\u001b[39m \u001b[33m500\u001b[39m \u001b[35m/api/v1/uploded\u001b[39m \u001b[93m824 ms\u001b[39m","size":"1179","timestamp":"2025-07-17 11:32:38"}
{"level":"info","message":" Incoming Request \u001b[34mPOST\u001b[39m \u001b[32m200\u001b[39m \u001b[35m/api/v1/user/login\u001b[39m \u001b[93m433 ms\u001b[39m","size":"1962","timestamp":"2025-07-17 11:33:05"}
{"level":"info","message":" Incoming Request \u001b[34mPOST\u001b[39m \u001b[33m500\u001b[39m \u001b[35m/api/v1/uploded\u001b[39m \u001b[93m835 ms\u001b[39m","size":"1179","timestamp":"2025-07-17 11:33:52"}
{"level":"info","message":" Incoming Request \u001b[32mGET\u001b[39m \u001b[32m201\u001b[39m \u001b[35m/api/v1/job/my-jobs\u001b[39m \u001b[93m306 ms\u001b[39m","size":"623","timestamp":"2025-07-17 11:34:37"}
{"level":"info","message":" Incoming Request \u001b[32mGET\u001b[39m \u001b[32m201\u001b[39m \u001b[35m/api/v1/job/my-jobs\u001b[39m \u001b[93m312 ms\u001b[39m","size":"623","timestamp":"2025-07-17 11:34:50"}
{"level":"info","message":" Incoming Request \u001b[32mGET\u001b[39m \u001b[32m201\u001b[39m \u001b[35m/api/v1/job/my-jobs\u001b[39m \u001b[93m318 ms\u001b[39m","size":"623","timestamp":"2025-07-17 11:35:01"}
{"level":"info","message":" Incoming Request \u001b[34mPOST\u001b[39m \u001b[32m200\u001b[39m \u001b[35m/api/v1/uploded\u001b[39m \u001b[93m113 ms\u001b[39m","size":"256","timestamp":"2025-07-17 11:35:12"}
{"level":"info","message":" Incoming Request \u001b[32mGET\u001b[39m \u001b[32m201\u001b[39m \u001b[35m/api/v1/job/my-jobs\u001b[39m \u001b[93m308 ms\u001b[39m","size":"623","timestamp":"2025-07-17 11:35:35"}
{"level":"info","message":" Incoming Request \u001b[32mGET\u001b[39m \u001b[32m201\u001b[39m \u001b[35m/api/v1/job/my-jobs\u001b[39m \u001b[93m232 ms\u001b[39m","size":"181","timestamp":"2025-07-17 11:36:08"}
{"level":"info","message":" Incoming Request \u001b[34mPOST\u001b[39m \u001b[31m403\u001b[39m \u001b[35m/api/v1/job/create\u001b[39m \u001b[93m80 ms\u001b[39m","size":"607","timestamp":"2025-07-17 11:36:35"}
{"level":"info","message":" Incoming Request \u001b[34mPOST\u001b[39m \u001b[31m400\u001b[39m \u001b[35m/api/v1/job/create\u001b[39m \u001b[93m304 ms\u001b[39m","size":"1233","timestamp":"2025-07-17 11:37:33"}
{"level":"info","message":" Incoming Request \u001b[34mPOST\u001b[39m \u001b[31m400\u001b[39m \u001b[35m/api/v1/job/create\u001b[39m \u001b[93m304 ms\u001b[39m","size":"1233","timestamp":"2025-07-17 11:37:36"}
{"level":"info","message":" Incoming Request \u001b[34mPOST\u001b[39m \u001b[32m200\u001b[39m \u001b[35m/api/v1/user/login\u001b[39m \u001b[93m368 ms\u001b[39m","size":"1308","timestamp":"2025-07-17 11:37:38"}
{"level":"info","message":" Incoming Request \u001b[34mPOST\u001b[39m \u001b[32m200\u001b[39m \u001b[35m/api/v1/user/login\u001b[39m \u001b[93m369 ms\u001b[39m","size":"646","timestamp":"2025-07-17 11:37:53"}
{"level":"info","message":" Incoming Request \u001b[34mPOST\u001b[39m \u001b[31m400\u001b[39m \u001b[35m/api/v1/job/create\u001b[39m \u001b[93m305 ms\u001b[39m","size":"1233","timestamp":"2025-07-17 11:38:06"}
{"level":"info","message":" Incoming Request \u001b[34mPOST\u001b[39m \u001b[32m201\u001b[39m \u001b[35m/api/v1/job/create\u001b[39m \u001b[93m701 ms\u001b[39m","size":"1904","timestamp":"2025-07-17 11:38:44"}
{"level":"info","message":" Incoming Request \u001b[32mGET\u001b[39m \u001b[32m201\u001b[39m \u001b[35m/api/v1/job/my-jobs?page=1&limit=10\u001b[39m \u001b[93m1145 ms\u001b[39m","size":"761","timestamp":"2025-07-17 11:39:03"}
{"level":"info","message":" Incoming Request \u001b[32mGET\u001b[39m \u001b[32m200\u001b[39m \u001b[35m/api/v1/job/single/68788c649feeb0e491c402bb\u001b[39m \u001b[93m166 ms\u001b[39m","size":"2008","timestamp":"2025-07-17 11:39:08"}
{"level":"info","message":" Incoming Request \u001b[34mPOST\u001b[39m \u001b[32m200\u001b[39m \u001b[35m/api/v1/uploded\u001b[39m \u001b[93m289 ms\u001b[39m","size":"260","timestamp":"2025-07-17 11:39:40"}
{"level":"info","message":" Incoming Request \u001b[34mPOST\u001b[39m \u001b[32m200\u001b[39m \u001b[35m/api/v1/uploded\u001b[39m \u001b[93m247 ms\u001b[39m","size":"256","timestamp":"2025-07-17 11:39:48"}
{"level":"info","message":" Incoming Request \u001b[34mPOST\u001b[39m \u001b[31m400\u001b[39m \u001b[35m/api/v1/job/create\u001b[39m \u001b[93m409 ms\u001b[39m","size":"1233","timestamp":"2025-07-17 11:41:39"}
{"level":"info","message":" Incoming Request \u001b[34mPOST\u001b[39m \u001b[31m400\u001b[39m \u001b[35m/api/v1/job/create\u001b[39m \u001b[93m403 ms\u001b[39m","size":"1233","timestamp":"2025-07-17 11:43:14"}
{"level":"info","message":" Incoming Request \u001b[34mPOST\u001b[39m \u001b[32m201\u001b[39m \u001b[35m/api/v1/job/create\u001b[39m \u001b[93m920 ms\u001b[39m","size":"2326","timestamp":"2025-07-17 11:43:39"}
{"level":"info","message":" Incoming Request \u001b[32mGET\u001b[39m \u001b[32m201\u001b[39m \u001b[35m/api/v1/job/my-jobs?page=1&limit=10\u001b[39m \u001b[93m599 ms\u001b[39m","size":"899","timestamp":"2025-07-17 11:43:49"}
{"level":"info","message":" Incoming Request \u001b[34mPOST\u001b[39m \u001b[32m200\u001b[39m \u001b[35m/api/v1/uploded\u001b[39m \u001b[93m685 ms\u001b[39m","size":"260","timestamp":"2025-07-17 11:44:31"}
{"level":"info","message":" Incoming Request \u001b[34mPOST\u001b[39m \u001b[32m200\u001b[39m \u001b[35m/api/v1/uploded\u001b[39m \u001b[93m648 ms\u001b[39m","size":"256","timestamp":"2025-07-17 11:44:34"}
{"level":"info","message":" Incoming Request \u001b[34mPOST\u001b[39m \u001b[31m400\u001b[39m \u001b[35m/api/v1/job/create\u001b[39m \u001b[93m409 ms\u001b[39m","size":"1233","timestamp":"2025-07-17 11:47:22"}
{"level":"info","message":" Incoming Request \u001b[34mPOST\u001b[39m \u001b[31m400\u001b[39m \u001b[35m/api/v1/job/create\u001b[39m \u001b[93m620 ms\u001b[39m","size":"1224","timestamp":"2025-07-17 11:51:12"}
{"level":"info","message":" Incoming Request \u001b[34mPOST\u001b[39m \u001b[31m400\u001b[39m \u001b[35m/api/v1/job/create\u001b[39m \u001b[93m405 ms\u001b[39m","size":"1224","timestamp":"2025-07-17 11:53:51"}
{"level":"info","message":" Incoming Request \u001b[34mPOST\u001b[39m \u001b[32m201\u001b[39m \u001b[35m/api/v1/job/create\u001b[39m \u001b[93m1278 ms\u001b[39m","size":"2289","timestamp":"2025-07-17 11:59:07"}
{"level":"info","message":" Incoming Request \u001b[32mGET\u001b[39m \u001b[32m201\u001b[39m \u001b[35m/api/v1/job/my-jobs?page=1&limit=10\u001b[39m \u001b[93m870 ms\u001b[39m","size":"1039","timestamp":"2025-07-17 11:59:23"}
{"level":"info","message":" Incoming Request \u001b[32mGET\u001b[39m \u001b[32m200\u001b[39m \u001b[35m/api/v1/job/single/6878912a42a225e47cb49a48\u001b[39m \u001b[93m151 ms\u001b[39m","size":"2393","timestamp":"2025-07-17 11:59:38"}
{"level":"info","message":" Incoming Request \u001b[34mPOST\u001b[39m \u001b[32m200\u001b[39m \u001b[35m/api/v1/user/identity-verification?step=1\u001b[39m \u001b[93m253 ms\u001b[39m","size":"629","timestamp":"2025-07-17 12:01:10"}
{"level":"info","message":" Incoming Request \u001b[34mPOST\u001b[39m \u001b[32m200\u001b[39m \u001b[35m/api/v1/user/identity-verification?step=2\u001b[39m \u001b[93m232 ms\u001b[39m","size":"906","timestamp":"2025-07-17 12:01:22"}
{"level":"info","message":" Incoming Request \u001b[32mGET\u001b[39m \u001b[32m200\u001b[39m \u001b[35m/api/v1/category/all?\u001b[39m \u001b[93m81 ms\u001b[39m","size":"1301","timestamp":"2025-07-17 12:01:35"}
{"level":"info","message":" Incoming Request \u001b[34mPOST\u001b[39m \u001b[32m200\u001b[39m \u001b[35m/api/v1/user/identity-verification?step=3\u001b[39m \u001b[93m229 ms\u001b[39m","size":"945","timestamp":"2025-07-17 12:01:36"}
{"level":"info","message":" Incoming Request \u001b[34mPOST\u001b[39m \u001b[32m200\u001b[39m \u001b[35m/api/v1/user/identity-verification?step=4\u001b[39m \u001b[93m336 ms\u001b[39m","size":"1082","timestamp":"2025-07-17 12:01:50"}
{"level":"info","message":" Incoming Request \u001b[34mPOST\u001b[39m \u001b[31m403\u001b[39m \u001b[35m/api/v1/job/create\u001b[39m \u001b[93m81 ms\u001b[39m","size":"598","timestamp":"2025-07-17 12:02:04"}
{"level":"info","message":" Incoming Request \u001b[32mGET\u001b[39m \u001b[32m200\u001b[39m \u001b[35m/api/v1/category/all?\u001b[39m \u001b[93m74 ms\u001b[39m","size":"1301","timestamp":"2025-07-17 12:02:27"}
{"level":"info","message":" Incoming Request \u001b[32mGET\u001b[39m \u001b[32m200\u001b[39m \u001b[35m/api/v1/user/my-profile\u001b[39m \u001b[93m234 ms\u001b[39m","size":"1644","timestamp":"2025-07-17 12:02:34"}
{"level":"info","message":" Incoming Request \u001b[32mGET\u001b[39m \u001b[32m200\u001b[39m \u001b[35m/api/v1/user/my-profile\u001b[39m \u001b[93m225 ms\u001b[39m","size":"1644","timestamp":"2025-07-17 12:02:50"}
{"level":"info","message":" Incoming Request \u001b[32mGET\u001b[39m \u001b[32m201\u001b[39m \u001b[35m/api/v1/job/my-jobs?page=1&limit=10\u001b[39m \u001b[93m302 ms\u001b[39m","size":"1039","timestamp":"2025-07-17 12:03:00"}
{"level":"info","message":" Incoming Request \u001b[32mGET\u001b[39m \u001b[34m304\u001b[39m \u001b[35m/api/v1/category/all?\u001b[39m \u001b[93m78 ms\u001b[39m","size":0,"timestamp":"2025-07-17 12:03:01"}
{"level":"info","message":" Incoming Request \u001b[32mGET\u001b[39m \u001b[34m304\u001b[39m \u001b[35m/api/v1/user/my-profile\u001b[39m \u001b[93m234 ms\u001b[39m","size":0,"timestamp":"2025-07-17 12:03:11"}
{"level":"info","message":" Incoming Request \u001b[32mGET\u001b[39m \u001b[34m304\u001b[39m \u001b[35m/api/v1/user/my-profile\u001b[39m \u001b[93m235 ms\u001b[39m","size":0,"timestamp":"2025-07-17 12:03:18"}
{"level":"info","message":" Incoming Request \u001b[32mGET\u001b[39m \u001b[32m201\u001b[39m \u001b[35m/api/v1/job/my-jobs?page=1&limit=10\u001b[39m \u001b[93m310 ms\u001b[39m","size":"1039","timestamp":"2025-07-17 12:03:29"}
{"level":"info","message":" Incoming Request \u001b[32mGET\u001b[39m \u001b[32m201\u001b[39m \u001b[35m/api/v1/job/my-jobs?page=1&limit=10&jobType=Full-Time\u001b[39m \u001b[93m234 ms\u001b[39m","size":"181","timestamp":"2025-07-17 12:03:32"}
{"level":"info","message":" Incoming Request \u001b[32mGET\u001b[39m \u001b[32m201\u001b[39m \u001b[35m/api/v1/job/my-jobs?page=1&limit=10&jobType=Contract\u001b[39m \u001b[93m233 ms\u001b[39m","size":"181","timestamp":"2025-07-17 12:03:35"}
{"level":"info","message":" Incoming Request \u001b[32mGET\u001b[39m \u001b[32m201\u001b[39m \u001b[35m/api/v1/job/my-jobs?page=1&limit=10\u001b[39m \u001b[93m330 ms\u001b[39m","size":"1039","timestamp":"2025-07-17 12:07:07"}
{"level":"info","message":" Incoming Request \u001b[32mGET\u001b[39m \u001b[32m200\u001b[39m \u001b[35m/api/v1/job/single/6878912a42a225e47cb49a48\u001b[39m \u001b[93m163 ms\u001b[39m","size":"2393","timestamp":"2025-07-17 12:07:12"}
{"level":"info","message":" Incoming Request \u001b[32mGET\u001b[39m \u001b[32m200\u001b[39m \u001b[35m/api/v1/job/single/6878823ec07b71dde0831d3b\u001b[39m \u001b[93m164 ms\u001b[39m","size":"1257","timestamp":"2025-07-17 12:07:27"}
{"level":"info","message":" Incoming Request \u001b[34mPOST\u001b[39m \u001b[31m404\u001b[39m \u001b[35m/api/v1/job/related-jobs\u001b[39m \u001b[93m2 ms\u001b[39m","size":"1484","timestamp":"2025-07-17 12:10:24"}
{"level":"info","message":" Incoming Request \u001b[32mGET\u001b[39m \u001b[32m201\u001b[39m \u001b[35m/api/v1/job/my-jobs?page=1&limit=10\u001b[39m \u001b[93m337 ms\u001b[39m","size":"1039","timestamp":"2025-07-17 12:30:27"}
{"level":"info","message":" Incoming Request \u001b[32mGET\u001b[39m \u001b[34m304\u001b[39m \u001b[35m/api/v1/job/single/6878912a42a225e47cb49a48\u001b[39m \u001b[93m615 ms\u001b[39m","size":0,"timestamp":"2025-07-17 12:30:32"}
{"level":"info","message":" Incoming Request \u001b[32mGET\u001b[39m \u001b[34m304\u001b[39m \u001b[35m/api/v1/category/all?\u001b[39m \u001b[93m83 ms\u001b[39m","size":0,"timestamp":"2025-07-17 12:57:30"}
{"level":"info","message":" Incoming Request \u001b[32mGET\u001b[39m \u001b[32m201\u001b[39m \u001b[35m/api/v1/job/my-jobs?page=1&limit=10\u001b[39m \u001b[93m406 ms\u001b[39m","size":"1039","timestamp":"2025-07-17 12:58:10"}
{"level":"info","message":" Incoming Request \u001b[32mGET\u001b[39m \u001b[34m304\u001b[39m \u001b[35m/api/v1/user/my-profile\u001b[39m \u001b[93m850 ms\u001b[39m","size":0,"timestamp":"2025-07-17 15:19:26"}
{"level":"info","message":" Incoming Request \u001b[32mGET\u001b[39m \u001b[34m304\u001b[39m \u001b[35m/api/v1/job/single/6878912a42a225e47cb49a48\u001b[39m \u001b[93m162 ms\u001b[39m","size":0,"timestamp":"2025-07-17 15:19:28"}
{"level":"info","message":" Incoming Request \u001b[32mGET\u001b[39m \u001b[34m304\u001b[39m \u001b[35m/api/v1/user/my-profile\u001b[39m \u001b[93m238 ms\u001b[39m","size":0,"timestamp":"2025-07-17 15:22:39"}
{"level":"info","message":" Incoming Request \u001b[32mGET\u001b[39m \u001b[34m304\u001b[39m \u001b[35m/api/v1/job/single/6878912a42a225e47cb49a48\u001b[39m \u001b[93m157 ms\u001b[39m","size":0,"timestamp":"2025-07-17 15:23:15"}
{"level":"info","message":" Incoming Request \u001b[32mGET\u001b[39m \u001b[34m304\u001b[39m \u001b[35m/api/v1/user/my-profile\u001b[39m \u001b[93m244 ms\u001b[39m","size":0,"timestamp":"2025-07-17 15:25:02"}
{"level":"info","message":" Incoming Request \u001b[32mGET\u001b[39m \u001b[34m304\u001b[39m \u001b[35m/api/v1/job/single/6878912a42a225e47cb49a48\u001b[39m \u001b[93m163 ms\u001b[39m","size":0,"timestamp":"2025-07-17 15:25:03"}
{"level":"info","message":" Incoming Request \u001b[32mGET\u001b[39m \u001b[34m304\u001b[39m \u001b[35m/api/v1/user/my-profile\u001b[39m \u001b[93m253 ms\u001b[39m","size":0,"timestamp":"2025-07-17 15:26:28"}
{"level":"info","message":" Incoming Request \u001b[32mGET\u001b[39m \u001b[34m304\u001b[39m \u001b[35m/api/v1/job/single/6878912a42a225e47cb49a48\u001b[39m \u001b[93m163 ms\u001b[39m","size":0,"timestamp":"2025-07-17 15:26:30"}
{"level":"info","message":" Incoming Request \u001b[32mGET\u001b[39m \u001b[34m304\u001b[39m \u001b[35m/api/v1/user/my-profile\u001b[39m \u001b[93m251 ms\u001b[39m","size":0,"timestamp":"2025-07-17 15:41:35"}
{"level":"info","message":" Incoming Request \u001b[32mGET\u001b[39m \u001b[34m304\u001b[39m \u001b[35m/api/v1/job/single/6878912a42a225e47cb49a48\u001b[39m \u001b[93m161 ms\u001b[39m","size":0,"timestamp":"2025-07-17 15:41:36"}
{"level":"info","message":" Incoming Request \u001b[32mGET\u001b[39m \u001b[34m304\u001b[39m \u001b[35m/api/v1/user/my-profile\u001b[39m \u001b[93m237 ms\u001b[39m","size":0,"timestamp":"2025-07-17 15:44:07"}
{"level":"info","message":" Incoming Request \u001b[32mGET\u001b[39m \u001b[34m304\u001b[39m \u001b[35m/api/v1/job/single/6878912a42a225e47cb49a48\u001b[39m \u001b[93m156 ms\u001b[39m","size":0,"timestamp":"2025-07-17 15:44:07"}
{"level":"info","message":" Incoming Request \u001b[32mGET\u001b[39m \u001b[32m200\u001b[39m \u001b[35m/api/v1/job/all\u001b[39m \u001b[93m170 ms\u001b[39m","size":"1941","timestamp":"2025-07-17 15:45:32"}
{"level":"info","message":" Incoming Request \u001b[32mGET\u001b[39m \u001b[31m404\u001b[39m \u001b[35m/api/v1/job/related-jobs\u001b[39m \u001b[93m3 ms\u001b[39m","size":"1494","timestamp":"2025-07-17 15:46:46"}
{"level":"info","message":" Incoming Request \u001b[32mGET\u001b[39m \u001b[32m200\u001b[39m \u001b[35m/api/v1/job/related-jobs/68788d8a9feeb0e491c402d9\u001b[39m \u001b[93m81 ms\u001b[39m","size":"79","timestamp":"2025-07-17 15:46:53"}
{"level":"info","message":" Incoming Request \u001b[32mGET\u001b[39m \u001b[32m200\u001b[39m \u001b[35m/api/v1/job/related-jobs/68788d8a9feeb0e491c402d5\u001b[39m \u001b[93m78 ms\u001b[39m","size":"79","timestamp":"2025-07-17 15:47:19"}
{"level":"info","message":" Incoming Request \u001b[32mGET\u001b[39m \u001b[32m200\u001b[39m \u001b[35m/api/v1/job/related-jobs/68788d8a9feeb0e491c402d5\u001b[39m \u001b[93m83 ms\u001b[39m","size":"79","timestamp":"2025-07-17 15:48:56"}
{"level":"info","message":" Incoming Request \u001b[32mGET\u001b[39m \u001b[32m200\u001b[39m \u001b[35m/api/v1/job/related-jobs/68788d8a9feeb0e491c402d9\u001b[39m \u001b[93m84 ms\u001b[39m","size":"79","timestamp":"2025-07-17 15:49:07"}
{"level":"info","message":" Incoming Request \u001b[32mGET\u001b[39m \u001b[34m304\u001b[39m \u001b[35m/api/v1/user/my-profile\u001b[39m \u001b[93m242 ms\u001b[39m","size":0,"timestamp":"2025-07-17 15:50:38"}
{"level":"info","message":" Incoming Request \u001b[32mGET\u001b[39m \u001b[34m304\u001b[39m \u001b[35m/api/v1/job/single/6878912a42a225e47cb49a48\u001b[39m \u001b[93m168 ms\u001b[39m","size":0,"timestamp":"2025-07-17 15:50:39"}
{"level":"info","message":" Incoming Request \u001b[32mGET\u001b[39m \u001b[32m200\u001b[39m \u001b[35m/api/v1/job/related-jobs/68788d8a9feeb0e491c402d9\u001b[39m \u001b[93m166 ms\u001b[39m","size":"7366","timestamp":"2025-07-17 15:52:18"}
{"level":"info","message":" Incoming Request \u001b[32mGET\u001b[39m \u001b[32m201\u001b[39m \u001b[35m/api/v1/job/my-jobs?page=1&limit=10\u001b[39m \u001b[93m826 ms\u001b[39m","size":"1036","timestamp":"2025-07-17 15:52:33"}
{"level":"info","message":" Incoming Request \u001b[32mGET\u001b[39m \u001b[32m200\u001b[39m \u001b[35m/api/v1/user/single-user/68734c76ba6d90ec35edd10c\u001b[39m \u001b[93m995 ms\u001b[39m","size":"1640","timestamp":"2025-07-17 15:59:02"}
{"level":"info","message":" Incoming Request \u001b[32mGET\u001b[39m \u001b[31m404\u001b[39m \u001b[35m/api/v1/job/single-apply/687738648a5305ae696fb090\u001b[39m \u001b[93m82 ms\u001b[39m","size":"551","timestamp":"2025-07-17 16:00:10"}
{"level":"info","message":" Incoming Request \u001b[32mGET\u001b[39m \u001b[32m201\u001b[39m \u001b[35m/api/v1/job/my-jobs\u001b[39m \u001b[93m848 ms\u001b[39m","size":"181","timestamp":"2025-07-17 16:00:23"}
{"level":"info","message":" Incoming Request \u001b[32mGET\u001b[39m \u001b[32m201\u001b[39m \u001b[35m/api/v1/job/my-jobs\u001b[39m \u001b[93m1413 ms\u001b[39m","size":"1036","timestamp":"2025-07-17 16:00:33"}
{"level":"info","message":" Incoming Request \u001b[34mPOST\u001b[39m \u001b[32m201\u001b[39m \u001b[35m/api/v1/job/apply/68788d8a9feeb0e491c402d9\u001b[39m \u001b[93m247 ms\u001b[39m","size":"856","timestamp":"2025-07-17 16:00:59"}
{"level":"info","message":" Incoming Request \u001b[34mPOST\u001b[39m \u001b[31m400\u001b[39m \u001b[35m/api/v1/job/apply/68788d8a9feeb0e491c402d9\u001b[39m \u001b[93m149 ms\u001b[39m","size":"619","timestamp":"2025-07-17 16:01:03"}
{"level":"info","message":" Incoming Request \u001b[34mPOST\u001b[39m \u001b[32m201\u001b[39m \u001b[35m/api/v1/job/apply/68788d8a9feeb0e491c402d9\u001b[39m \u001b[93m225 ms\u001b[39m","size":"856","timestamp":"2025-07-17 16:01:13"}
{"level":"info","message":" Incoming Request \u001b[34mPOST\u001b[39m \u001b[31m400\u001b[39m \u001b[35m/api/v1/job/apply/68788d8a9feeb0e491c402d9\u001b[39m \u001b[93m149 ms\u001b[39m","size":"619","timestamp":"2025-07-17 16:01:20"}
{"level":"info","message":" Incoming Request \u001b[34mPOST\u001b[39m \u001b[32m201\u001b[39m \u001b[35m/api/v1/job/apply/68788d8a9feeb0e491c402d9\u001b[39m \u001b[93m224 ms\u001b[39m","size":"856","timestamp":"2025-07-17 16:01:25"}
{"level":"info","message":" Incoming Request \u001b[32mGET\u001b[39m \u001b[33m500\u001b[39m \u001b[35m/api/v1/job/my-jobs?page=1&limit=10\u001b[39m \u001b[93m41314 ms\u001b[39m","size":"1585","timestamp":"2025-07-17 16:04:41"}
{"level":"info","message":" Incoming Request \u001b[32mGET\u001b[39m \u001b[34m304\u001b[39m \u001b[35m/api/v1/user/my-profile\u001b[39m \u001b[93m775 ms\u001b[39m","size":0,"timestamp":"2025-07-17 16:11:51"}
{"level":"info","message":" Incoming Request \u001b[32mGET\u001b[39m \u001b[34m304\u001b[39m \u001b[35m/api/v1/user/my-profile\u001b[39m \u001b[93m239 ms\u001b[39m","size":0,"timestamp":"2025-07-17 16:12:13"}
{"level":"info","message":" Incoming Request \u001b[32mGET\u001b[39m \u001b[34m304\u001b[39m \u001b[35m/api/v1/user/my-profile\u001b[39m \u001b[93m498 ms\u001b[39m","size":0,"timestamp":"2025-07-17 16:12:43"}
{"level":"info","message":" Incoming Request \u001b[32mGET\u001b[39m \u001b[34m304\u001b[39m \u001b[35m/api/v1/user/my-profile\u001b[39m \u001b[93m241 ms\u001b[39m","size":0,"timestamp":"2025-07-17 16:13:26"}
{"level":"info","message":" Incoming Request \u001b[32mGET\u001b[39m \u001b[34m304\u001b[39m \u001b[35m/api/v1/user/my-profile\u001b[39m \u001b[93m237 ms\u001b[39m","size":0,"timestamp":"2025-07-17 16:13:44"}
{"level":"info","message":" Incoming Request \u001b[32mGET\u001b[39m \u001b[34m304\u001b[39m \u001b[35m/api/v1/user/my-profile\u001b[39m \u001b[93m239 ms\u001b[39m","size":0,"timestamp":"2025-07-17 16:13:58"}
{"level":"info","message":" Incoming Request \u001b[32mGET\u001b[39m \u001b[32m201\u001b[39m \u001b[35m/api/v1/job/my-jobs\u001b[39m \u001b[93m300 ms\u001b[39m","size":"1036","timestamp":"2025-07-17 16:21:10"}
{"level":"info","message":" Incoming Request \u001b[32mGET\u001b[39m \u001b[32m200\u001b[39m \u001b[35m/api/v1/job/view-applications/68788d8a9feeb0e491c402d9\u001b[39m \u001b[93m713 ms\u001b[39m","size":"2469","timestamp":"2025-07-17 16:21:32"}
{"level":"info","message":" Incoming Request \u001b[32mGET\u001b[39m \u001b[34m304\u001b[39m \u001b[35m/api/v1/user/my-profile\u001b[39m \u001b[93m231 ms\u001b[39m","size":0,"timestamp":"2025-07-17 16:21:52"}
{"level":"info","message":" Incoming Request \u001b[32mGET\u001b[39m \u001b[34m304\u001b[39m \u001b[35m/api/v1/user/my-profile\u001b[39m \u001b[93m237 ms\u001b[39m","size":0,"timestamp":"2025-07-17 16:23:02"}
{"level":"info","message":" Incoming Request \u001b[32mGET\u001b[39m \u001b[34m304\u001b[39m \u001b[35m/api/v1/user/my-profile\u001b[39m \u001b[93m239 ms\u001b[39m","size":0,"timestamp":"2025-07-17 16:23:13"}
{"level":"info","message":" Incoming Request \u001b[32mGET\u001b[39m \u001b[34m304\u001b[39m \u001b[35m/api/v1/user/my-profile\u001b[39m \u001b[93m236 ms\u001b[39m","size":0,"timestamp":"2025-07-17 16:24:10"}
{"level":"info","message":" Incoming Request \u001b[32mGET\u001b[39m \u001b[34m304\u001b[39m \u001b[35m/api/v1/user/my-profile\u001b[39m \u001b[93m236 ms\u001b[39m","size":0,"timestamp":"2025-07-17 16:24:25"}
{"level":"info","message":" Incoming Request \u001b[32mGET\u001b[39m \u001b[32m201\u001b[39m \u001b[35m/api/v1/job/my-jobs?limit=10\u001b[39m \u001b[93m846 ms\u001b[39m","size":"1036","timestamp":"2025-07-17 16:24:29"}
{"level":"info","message":" Incoming Request \u001b[32mGET\u001b[39m \u001b[34m304\u001b[39m \u001b[35m/api/v1/user/my-profile\u001b[39m \u001b[93m235 ms\u001b[39m","size":0,"timestamp":"2025-07-17 16:24:35"}
{"level":"info","message":" Incoming Request \u001b[32mGET\u001b[39m \u001b[32m201\u001b[39m \u001b[35m/api/v1/job/my-jobs?limit=10\u001b[39m \u001b[93m803 ms\u001b[39m","size":"1036","timestamp":"2025-07-17 16:24:36"}
{"level":"info","message":" Incoming Request \u001b[32mGET\u001b[39m \u001b[34m304\u001b[39m \u001b[35m/api/v1/user/my-profile\u001b[39m \u001b[93m236 ms\u001b[39m","size":0,"timestamp":"2025-07-17 16:29:45"}
{"level":"info","message":" Incoming Request \u001b[32mGET\u001b[39m \u001b[32m201\u001b[39m \u001b[35m/api/v1/job/my-jobs?page=1&limit=10\u001b[39m \u001b[93m844 ms\u001b[39m","size":"1036","timestamp":"2025-07-17 16:29:47"}
{"level":"info","message":" Incoming Request \u001b[32mGET\u001b[39m \u001b[32m201\u001b[39m \u001b[35m/api/v1/job/my-jobs?page=1&limit=10\u001b[39m \u001b[93m315 ms\u001b[39m","size":"1036","timestamp":"2025-07-17 16:29:49"}
{"level":"info","message":" Incoming Request \u001b[32mGET\u001b[39m \u001b[31m400\u001b[39m \u001b[35m/api/v1/job/overview\u001b[39m \u001b[93m2 ms\u001b[39m","size":"1447","timestamp":"2025-07-17 16:30:51"}
{"level":"info","message":" Incoming Request \u001b[32mGET\u001b[39m \u001b[34m304\u001b[39m \u001b[35m/api/v1/user/my-profile\u001b[39m \u001b[93m252 ms\u001b[39m","size":0,"timestamp":"2025-07-17 17:09:02"}
{"level":"info","message":" Incoming Request \u001b[32mGET\u001b[39m \u001b[34m304\u001b[39m \u001b[35m/api/v1/user/my-profile\u001b[39m \u001b[93m232 ms\u001b[39m","size":0,"timestamp":"2025-07-17 17:14:42"}
{"level":"info","message":" Incoming Request \u001b[32mGET\u001b[39m \u001b[32m201\u001b[39m \u001b[35m/api/v1/job/overview\u001b[39m \u001b[93m230 ms\u001b[39m","size":"130","timestamp":"2025-07-17 17:15:46"}
{"level":"info","message":" Incoming Request \u001b[32mGET\u001b[39m \u001b[32m201\u001b[39m \u001b[35m/api/v1/job/my-jobs?limit=10\u001b[39m \u001b[93m850 ms\u001b[39m","size":"1036","timestamp":"2025-07-17 17:15:47"}
{"level":"info","message":" Incoming Request \u001b[32mGET\u001b[39m \u001b[31m400\u001b[39m \u001b[35m/api/v1/user/my-profile\u001b[39m \u001b[93m2 ms\u001b[39m","size":"1513","timestamp":"2025-07-17 17:33:01"}
{"level":"info","message":" Incoming Request \u001b[34mPOST\u001b[39m \u001b[32m200\u001b[39m \u001b[35m/api/v1/user/login\u001b[39m \u001b[93m355 ms\u001b[39m","size":"787","timestamp":"2025-07-17 17:34:38"}
{"level":"info","message":" Incoming Request \u001b[32mGET\u001b[39m \u001b[31m400\u001b[39m \u001b[35m/api/v1/user/my-profile\u001b[39m \u001b[93m1 ms\u001b[39m","size":"1513","timestamp":"2025-07-17 17:34:38"}
{"level":"info","message":" Incoming Request \u001b[32mGET\u001b[39m \u001b[32m200\u001b[39m \u001b[35m/api/v1/admin/earning/2025\u001b[39m \u001b[93m77 ms\u001b[39m","size":"226","timestamp":"2025-07-17 17:34:46"}
{"level":"info","message":" Incoming Request \u001b[32mGET\u001b[39m \u001b[32m200\u001b[39m \u001b[35m/api/v1/admin/dashboard\u001b[39m \u001b[93m321 ms\u001b[39m","size":"159","timestamp":"2025-07-17 17:34:46"}
{"level":"info","message":" Incoming Request \u001b[32mGET\u001b[39m \u001b[32m200\u001b[39m \u001b[35m/api/v1/user/my-profile\u001b[39m \u001b[93m159 ms\u001b[39m","size":"479","timestamp":"2025-07-17 17:35:26"}
