{"level":"info","message":" Incoming Request \u001b[32mGET\u001b[39m \u001b[34m304\u001b[39m \u001b[35m/api/v1/user/my-profile\u001b[39m \u001b[93m93 ms\u001b[39m","size":0,"timestamp":"2025-07-04 04:18:00"}
{"level":"info","message":" Incoming Request \u001b[32mGET\u001b[39m \u001b[32m201\u001b[39m \u001b[35m/api/v1/subscription?\u001b[39m \u001b[93m90 ms\u001b[39m","size":"1290","timestamp":"2025-07-04 04:18:03"}
{"level":"info","message":" Incoming Request \u001b[32mGET\u001b[39m \u001b[32m201\u001b[39m \u001b[35m/api/v1/subscription\u001b[39m \u001b[93m89 ms\u001b[39m","size":"1290","timestamp":"2025-07-04 04:20:04"}
{"level":"info","message":" Incoming Request \u001b[32mGET\u001b[39m \u001b[34m304\u001b[39m \u001b[35m/api/v1/user/my-profile\u001b[39m \u001b[93m87 ms\u001b[39m","size":0,"timestamp":"2025-07-04 04:25:20"}
{"level":"info","message":" Incoming Request \u001b[32mGET\u001b[39m \u001b[32m201\u001b[39m \u001b[35m/api/v1/subscription?\u001b[39m \u001b[93m85 ms\u001b[39m","size":"1290","timestamp":"2025-07-04 04:25:22"}
{"level":"info","message":" Incoming Request \u001b[34mPOST\u001b[39m \u001b[32m201\u001b[39m \u001b[35m/api/v1/job/create\u001b[39m \u001b[93m726 ms\u001b[39m","size":"953","timestamp":"2025-07-04 04:28:05"}
{"level":"info","message":" Incoming Request \u001b[32mGET\u001b[39m \u001b[32m200\u001b[39m \u001b[35m/api/v1/user/my-profile\u001b[39m \u001b[93m151 ms\u001b[39m","size":"1581","timestamp":"2025-07-04 04:28:16"}
{"level":"info","message":" Incoming Request \u001b[32mGET\u001b[39m \u001b[32m200\u001b[39m \u001b[35m/api/v1/category/popular\u001b[39m \u001b[93m76 ms\u001b[39m","size":"1218","timestamp":"2025-07-04 04:29:32"}
{"level":"info","message":" Incoming Request \u001b[34mPOST\u001b[39m \u001b[32m201\u001b[39m \u001b[35m/api/v1/job/create\u001b[39m \u001b[93m848 ms\u001b[39m","size":"965","timestamp":"2025-07-04 04:30:13"}
{"level":"info","message":" Incoming Request \u001b[32mGET\u001b[39m \u001b[32m200\u001b[39m \u001b[35m/api/v1/category/popular\u001b[39m \u001b[93m75 ms\u001b[39m","size":"1218","timestamp":"2025-07-04 04:30:20"}
{"level":"info","message":" Incoming Request \u001b[34mPOST\u001b[39m \u001b[31m404\u001b[39m \u001b[35m/api/v1/job/create\u001b[39m \u001b[93m373 ms\u001b[39m","size":"634","timestamp":"2025-07-04 04:30:43"}
{"level":"info","message":" Incoming Request \u001b[32mGET\u001b[39m \u001b[32m200\u001b[39m \u001b[35m/api/v1/category/all\u001b[39m \u001b[93m74 ms\u001b[39m","size":"1648","timestamp":"2025-07-04 04:30:51"}
{"level":"info","message":" Incoming Request \u001b[34mPOST\u001b[39m \u001b[32m201\u001b[39m \u001b[35m/api/v1/job/create\u001b[39m \u001b[93m827 ms\u001b[39m","size":"971","timestamp":"2025-07-04 04:31:37"}
{"level":"info","message":" Incoming Request \u001b[32mGET\u001b[39m \u001b[32m200\u001b[39m \u001b[35m/api/v1/category/popular\u001b[39m \u001b[93m75 ms\u001b[39m","size":"1221","timestamp":"2025-07-04 04:31:46"}
{"level":"info","message":" Incoming Request \u001b[32mGET\u001b[39m \u001b[34m304\u001b[39m \u001b[35m/api/v1/user/my-profile\u001b[39m \u001b[93m89 ms\u001b[39m","size":0,"timestamp":"2025-07-04 04:34:45"}
{"level":"info","message":" Incoming Request \u001b[32mGET\u001b[39m \u001b[32m201\u001b[39m \u001b[35m/api/v1/subscription?\u001b[39m \u001b[93m85 ms\u001b[39m","size":"1290","timestamp":"2025-07-04 04:36:04"}
{"level":"info","message":" Incoming Request \u001b[32mGET\u001b[39m \u001b[34m304\u001b[39m \u001b[35m/api/v1/user/my-profile\u001b[39m \u001b[93m87 ms\u001b[39m","size":0,"timestamp":"2025-07-04 04:36:27"}
{"level":"info","message":" Incoming Request \u001b[32mGET\u001b[39m \u001b[32m201\u001b[39m \u001b[35m/api/v1/subscription?\u001b[39m \u001b[93m85 ms\u001b[39m","size":"1290","timestamp":"2025-07-04 04:36:50"}
{"level":"info","message":" Incoming Request \u001b[32mGET\u001b[39m \u001b[34m304\u001b[39m \u001b[35m/api/v1/user/my-profile\u001b[39m \u001b[93m85 ms\u001b[39m","size":0,"timestamp":"2025-07-04 04:37:53"}
{"level":"info","message":" Incoming Request \u001b[32mGET\u001b[39m \u001b[32m201\u001b[39m \u001b[35m/api/v1/subscription?\u001b[39m \u001b[93m83 ms\u001b[39m","size":"1290","timestamp":"2025-07-04 04:37:53"}
{"level":"info","message":" Incoming Request \u001b[32mGET\u001b[39m \u001b[32m201\u001b[39m \u001b[35m/api/v1/subscription\u001b[39m \u001b[93m79 ms\u001b[39m","size":"1290","timestamp":"2025-07-04 04:40:30"}
{"level":"info","message":" Incoming Request \u001b[32mGET\u001b[39m \u001b[34m304\u001b[39m \u001b[35m/api/v1/user/my-profile\u001b[39m \u001b[93m84 ms\u001b[39m","size":0,"timestamp":"2025-07-04 04:42:03"}
{"level":"info","message":" Incoming Request \u001b[32mGET\u001b[39m \u001b[32m201\u001b[39m \u001b[35m/api/v1/subscription?\u001b[39m \u001b[93m93 ms\u001b[39m","size":"1290","timestamp":"2025-07-04 04:42:09"}
{"level":"info","message":" Incoming Request \u001b[32mGET\u001b[39m \u001b[34m304\u001b[39m \u001b[35m/api/v1/user/my-profile\u001b[39m \u001b[93m86 ms\u001b[39m","size":0,"timestamp":"2025-07-04 04:42:21"}
{"level":"info","message":" Incoming Request \u001b[32mGET\u001b[39m \u001b[32m201\u001b[39m \u001b[35m/api/v1/subscription?\u001b[39m \u001b[93m82 ms\u001b[39m","size":"1290","timestamp":"2025-07-04 04:42:27"}
{"level":"info","message":" Incoming Request \u001b[32mGET\u001b[39m \u001b[34m304\u001b[39m \u001b[35m/api/v1/user/my-profile\u001b[39m \u001b[93m89 ms\u001b[39m","size":0,"timestamp":"2025-07-04 04:44:11"}
{"level":"info","message":" Incoming Request \u001b[32mGET\u001b[39m \u001b[32m201\u001b[39m \u001b[35m/api/v1/subscription?\u001b[39m \u001b[93m81 ms\u001b[39m","size":"1290","timestamp":"2025-07-04 04:44:26"}
{"level":"info","message":" Incoming Request \u001b[32mGET\u001b[39m \u001b[31m400\u001b[39m \u001b[35m/api/v1/user/my-profile\u001b[39m \u001b[93m2 ms\u001b[39m","size":"1513","timestamp":"2025-07-04 04:46:24"}
{"level":"info","message":" Incoming Request \u001b[34mPOST\u001b[39m \u001b[32m200\u001b[39m \u001b[35m/api/v1/user/login\u001b[39m \u001b[93m462 ms\u001b[39m","size":"1279","timestamp":"2025-07-04 04:47:46"}
{"level":"info","message":" Incoming Request \u001b[32mGET\u001b[39m \u001b[31m400\u001b[39m \u001b[35m/api/v1/user/my-profile\u001b[39m \u001b[93m1 ms\u001b[39m","size":"1513","timestamp":"2025-07-04 04:47:47"}
{"level":"info","message":" Incoming Request \u001b[32mGET\u001b[39m \u001b[32m200\u001b[39m \u001b[35m/api/v1/user/my-profile\u001b[39m \u001b[93m2762 ms\u001b[39m","size":"953","timestamp":"2025-07-04 04:48:14"}
{"level":"info","message":" Incoming Request \u001b[32mGET\u001b[39m \u001b[34m304\u001b[39m \u001b[35m/api/v1/user/my-profile\u001b[39m \u001b[93m162 ms\u001b[39m","size":0,"timestamp":"2025-07-04 04:48:19"}
{"level":"info","message":" Incoming Request \u001b[32mGET\u001b[39m \u001b[34m304\u001b[39m \u001b[35m/api/v1/user/my-profile\u001b[39m \u001b[93m688 ms\u001b[39m","size":0,"timestamp":"2025-07-04 04:57:25"}
{"level":"info","message":" Incoming Request \u001b[32mGET\u001b[39m \u001b[31m400\u001b[39m \u001b[35m/api/v1/user/my-profile\u001b[39m \u001b[93m1 ms\u001b[39m","size":"1513","timestamp":"2025-07-04 04:58:38"}
{"level":"info","message":" Incoming Request \u001b[32mGET\u001b[39m \u001b[31m400\u001b[39m \u001b[35m/api/v1/user/my-profile\u001b[39m \u001b[93m1 ms\u001b[39m","size":"1513","timestamp":"2025-07-04 04:58:47"}
{"level":"info","message":" Incoming Request \u001b[34mPOST\u001b[39m \u001b[32m200\u001b[39m \u001b[35m/api/v1/user/login\u001b[39m \u001b[93m438 ms\u001b[39m","size":"1279","timestamp":"2025-07-04 04:59:03"}
{"level":"info","message":" Incoming Request \u001b[32mGET\u001b[39m \u001b[31m400\u001b[39m \u001b[35m/api/v1/user/my-profile\u001b[39m \u001b[93m0 ms\u001b[39m","size":"1513","timestamp":"2025-07-04 04:59:03"}
{"level":"info","message":" Incoming Request \u001b[32mGET\u001b[39m \u001b[32m200\u001b[39m \u001b[35m/api/v1/user/my-profile\u001b[39m \u001b[93m152 ms\u001b[39m","size":"953","timestamp":"2025-07-04 04:59:10"}
{"level":"info","message":" Incoming Request \u001b[32mGET\u001b[39m \u001b[34m304\u001b[39m \u001b[35m/api/v1/user/my-profile\u001b[39m \u001b[93m80 ms\u001b[39m","size":0,"timestamp":"2025-07-04 04:59:52"}
{"level":"info","message":" Incoming Request \u001b[32mGET\u001b[39m \u001b[32m201\u001b[39m \u001b[35m/api/v1/subscription?\u001b[39m \u001b[93m79 ms\u001b[39m","size":"1290","timestamp":"2025-07-04 05:00:08"}
{"level":"info","message":" Incoming Request \u001b[32mGET\u001b[39m \u001b[34m304\u001b[39m \u001b[35m/api/v1/user/my-profile\u001b[39m \u001b[93m80 ms\u001b[39m","size":0,"timestamp":"2025-07-04 05:01:44"}
{"level":"info","message":" Incoming Request \u001b[32mGET\u001b[39m \u001b[32m201\u001b[39m \u001b[35m/api/v1/subscription?\u001b[39m \u001b[93m79 ms\u001b[39m","size":"1290","timestamp":"2025-07-04 05:01:47"}
{"level":"info","message":" Incoming Request \u001b[32mGET\u001b[39m \u001b[34m304\u001b[39m \u001b[35m/api/v1/user/my-profile\u001b[39m \u001b[93m81 ms\u001b[39m","size":0,"timestamp":"2025-07-04 05:02:15"}
{"level":"info","message":" Incoming Request \u001b[32mGET\u001b[39m \u001b[32m201\u001b[39m \u001b[35m/api/v1/subscription?\u001b[39m \u001b[93m79 ms\u001b[39m","size":"1290","timestamp":"2025-07-04 05:02:22"}
{"level":"info","message":" Incoming Request \u001b[32mGET\u001b[39m \u001b[34m304\u001b[39m \u001b[35m/api/v1/user/my-profile\u001b[39m \u001b[93m82 ms\u001b[39m","size":0,"timestamp":"2025-07-04 05:09:50"}
{"level":"info","message":" Incoming Request \u001b[32mGET\u001b[39m \u001b[32m201\u001b[39m \u001b[35m/api/v1/subscription?\u001b[39m \u001b[93m81 ms\u001b[39m","size":"1290","timestamp":"2025-07-04 05:10:13"}
{"level":"info","message":" Incoming Request \u001b[32mGET\u001b[39m \u001b[34m304\u001b[39m \u001b[35m/api/v1/user/my-profile\u001b[39m \u001b[93m83 ms\u001b[39m","size":0,"timestamp":"2025-07-04 05:17:12"}
{"level":"info","message":" Incoming Request \u001b[32mGET\u001b[39m \u001b[34m304\u001b[39m \u001b[35m/api/v1/user/my-profile\u001b[39m \u001b[93m82 ms\u001b[39m","size":0,"timestamp":"2025-07-04 05:17:22"}
{"level":"info","message":" Incoming Request \u001b[32mGET\u001b[39m \u001b[34m304\u001b[39m \u001b[35m/api/v1/user/my-profile\u001b[39m \u001b[93m81 ms\u001b[39m","size":0,"timestamp":"2025-07-04 05:17:26"}
{"level":"info","message":" Incoming Request \u001b[32mGET\u001b[39m \u001b[34m304\u001b[39m \u001b[35m/api/v1/user/my-profile\u001b[39m \u001b[93m87 ms\u001b[39m","size":0,"timestamp":"2025-07-04 05:18:09"}
{"level":"info","message":" Incoming Request \u001b[32mGET\u001b[39m \u001b[32m201\u001b[39m \u001b[35m/api/v1/subscription?\u001b[39m \u001b[93m79 ms\u001b[39m","size":"1290","timestamp":"2025-07-04 05:18:09"}
{"level":"info","message":" Incoming Request \u001b[32mGET\u001b[39m \u001b[34m304\u001b[39m \u001b[35m/api/v1/user/my-profile\u001b[39m \u001b[93m82 ms\u001b[39m","size":0,"timestamp":"2025-07-04 05:23:59"}
{"level":"info","message":" Incoming Request \u001b[32mGET\u001b[39m \u001b[32m201\u001b[39m \u001b[35m/api/v1/subscription?\u001b[39m \u001b[93m78 ms\u001b[39m","size":"1290","timestamp":"2025-07-04 05:24:28"}
{"level":"info","message":" Incoming Request \u001b[32mGET\u001b[39m \u001b[34m304\u001b[39m \u001b[35m/api/v1/user/my-profile\u001b[39m \u001b[93m86 ms\u001b[39m","size":0,"timestamp":"2025-07-04 05:54:05"}
{"level":"info","message":" Incoming Request \u001b[32mGET\u001b[39m \u001b[34m304\u001b[39m \u001b[35m/api/v1/user/my-profile\u001b[39m \u001b[93m77 ms\u001b[39m","size":0,"timestamp":"2025-07-04 05:54:42"}
{"level":"info","message":" Incoming Request \u001b[32mGET\u001b[39m \u001b[34m304\u001b[39m \u001b[35m/api/v1/user/my-profile\u001b[39m \u001b[93m80 ms\u001b[39m","size":0,"timestamp":"2025-07-04 05:55:17"}
{"level":"info","message":" Incoming Request \u001b[32mGET\u001b[39m \u001b[32m201\u001b[39m \u001b[35m/api/v1/subscription?\u001b[39m \u001b[93m82 ms\u001b[39m","size":"1290","timestamp":"2025-07-04 05:55:36"}
{"level":"info","message":" Incoming Request \u001b[32mGET\u001b[39m \u001b[34m304\u001b[39m \u001b[35m/api/v1/user/my-profile\u001b[39m \u001b[93m81 ms\u001b[39m","size":0,"timestamp":"2025-07-04 05:56:01"}
{"level":"info","message":" Incoming Request \u001b[32mGET\u001b[39m \u001b[32m201\u001b[39m \u001b[35m/api/v1/subscription?\u001b[39m \u001b[93m81 ms\u001b[39m","size":"1290","timestamp":"2025-07-04 05:58:20"}
{"level":"info","message":" Incoming Request \u001b[32mGET\u001b[39m \u001b[34m304\u001b[39m \u001b[35m/api/v1/user/my-profile\u001b[39m \u001b[93m96 ms\u001b[39m","size":0,"timestamp":"2025-07-04 05:59:16"}
{"level":"info","message":" Incoming Request \u001b[32mGET\u001b[39m \u001b[32m201\u001b[39m \u001b[35m/api/v1/subscription?\u001b[39m \u001b[93m84 ms\u001b[39m","size":"1290","timestamp":"2025-07-04 05:59:22"}
{"level":"info","message":" Incoming Request \u001b[32mGET\u001b[39m \u001b[34m304\u001b[39m \u001b[35m/api/v1/user/my-profile\u001b[39m \u001b[93m96 ms\u001b[39m","size":0,"timestamp":"2025-07-04 06:01:34"}
{"level":"info","message":" Incoming Request \u001b[32mGET\u001b[39m \u001b[34m304\u001b[39m \u001b[35m/api/v1/user/my-profile\u001b[39m \u001b[93m97 ms\u001b[39m","size":0,"timestamp":"2025-07-04 06:01:47"}
{"level":"info","message":" Incoming Request \u001b[32mGET\u001b[39m \u001b[34m304\u001b[39m \u001b[35m/api/v1/user/my-profile\u001b[39m \u001b[93m96 ms\u001b[39m","size":0,"timestamp":"2025-07-04 06:02:17"}
{"level":"info","message":" Incoming Request \u001b[32mGET\u001b[39m \u001b[32m201\u001b[39m \u001b[35m/api/v1/subscription?\u001b[39m \u001b[93m94 ms\u001b[39m","size":"1290","timestamp":"2025-07-04 06:02:22"}
{"level":"info","message":" Incoming Request \u001b[32mGET\u001b[39m \u001b[34m304\u001b[39m \u001b[35m/api/v1/user/my-profile\u001b[39m \u001b[93m95 ms\u001b[39m","size":0,"timestamp":"2025-07-04 06:02:54"}
{"level":"info","message":" Incoming Request \u001b[32mGET\u001b[39m \u001b[32m201\u001b[39m \u001b[35m/api/v1/subscription?\u001b[39m \u001b[93m96 ms\u001b[39m","size":"1290","timestamp":"2025-07-04 06:03:20"}
{"level":"info","message":" Incoming Request \u001b[32mGET\u001b[39m \u001b[34m304\u001b[39m \u001b[35m/api/v1/user/my-profile\u001b[39m \u001b[93m96 ms\u001b[39m","size":0,"timestamp":"2025-07-04 06:05:17"}
{"level":"info","message":" Incoming Request \u001b[32mGET\u001b[39m \u001b[32m201\u001b[39m \u001b[35m/api/v1/subscription?\u001b[39m \u001b[93m96 ms\u001b[39m","size":"1290","timestamp":"2025-07-04 06:05:18"}
{"level":"info","message":"Root endpoint hit","timestamp":"2025-07-04 06:15:19"}
{"level":"info","message":" Incoming Request \u001b[32mGET\u001b[39m \u001b[32m200\u001b[39m \u001b[35m/\u001b[39m \u001b[93m2 ms\u001b[39m","size":"109","timestamp":"2025-07-04 06:15:19"}
{"level":"info","message":"Root endpoint hit","timestamp":"2025-07-04 06:15:20"}
{"level":"info","message":" Incoming Request \u001b[32mGET\u001b[39m \u001b[32m200\u001b[39m \u001b[35m/\u001b[39m \u001b[93m2 ms\u001b[39m","size":"109","timestamp":"2025-07-04 06:15:20"}
{"level":"info","message":" Incoming Request \u001b[32mGET\u001b[39m \u001b[31m400\u001b[39m \u001b[35m/api/v1/user/my-profile\u001b[39m \u001b[93m2 ms\u001b[39m","size":"1513","timestamp":"2025-07-04 11:06:46"}
{"level":"info","message":" Incoming Request \u001b[32mGET\u001b[39m \u001b[32m200\u001b[39m \u001b[35m/api/v1/user/my-profile\u001b[39m \u001b[93m710 ms\u001b[39m","size":"1581","timestamp":"2025-07-04 20:31:20"}
{"level":"info","message":" Incoming Request \u001b[32mGET\u001b[39m \u001b[32m200\u001b[39m \u001b[35m/api/v1/category/all\u001b[39m \u001b[93m81 ms\u001b[39m","size":"1648","timestamp":"2025-07-04 20:35:05"}
{"level":"info","message":" Incoming Request \u001b[32mGET\u001b[39m \u001b[32m200\u001b[39m \u001b[35m/api/v1/category/single/68636d2477944ed563abb34e\u001b[39m \u001b[93m79 ms\u001b[39m","size":"87","timestamp":"2025-07-04 20:35:13"}
{"level":"info","message":" Incoming Request \u001b[32mGET\u001b[39m \u001b[34m304\u001b[39m \u001b[35m/api/v1/user/my-profile\u001b[39m \u001b[93m612 ms\u001b[39m","size":0,"timestamp":"2025-07-04 20:37:01"}
{"level":"info","message":" Incoming Request \u001b[32mGET\u001b[39m \u001b[34m304\u001b[39m \u001b[35m/api/v1/user/my-profile\u001b[39m \u001b[93m78 ms\u001b[39m","size":0,"timestamp":"2025-07-04 20:37:40"}
{"level":"info","message":" Incoming Request \u001b[32mGET\u001b[39m \u001b[32m201\u001b[39m \u001b[35m/api/v1/subscription?\u001b[39m \u001b[93m76 ms\u001b[39m","size":"1290","timestamp":"2025-07-04 20:37:49"}
{"level":"info","message":" Incoming Request \u001b[32mGET\u001b[39m \u001b[32m201\u001b[39m \u001b[35m/api/v1/subscription\u001b[39m \u001b[93m76 ms\u001b[39m","size":"1290","timestamp":"2025-07-04 20:38:46"}
{"level":"info","message":" Incoming Request \u001b[32mGET\u001b[39m \u001b[34m304\u001b[39m \u001b[35m/api/v1/user/my-profile\u001b[39m \u001b[93m77 ms\u001b[39m","size":0,"timestamp":"2025-07-04 20:39:46"}
{"level":"info","message":" Incoming Request \u001b[32mGET\u001b[39m \u001b[32m201\u001b[39m \u001b[35m/api/v1/subscription?\u001b[39m \u001b[93m74 ms\u001b[39m","size":"1290","timestamp":"2025-07-04 20:39:58"}
{"level":"info","message":" Incoming Request \u001b[32mGET\u001b[39m \u001b[34m304\u001b[39m \u001b[35m/api/v1/user/my-profile\u001b[39m \u001b[93m155 ms\u001b[39m","size":0,"timestamp":"2025-07-04 20:48:17"}
{"level":"info","message":" Incoming Request \u001b[32mGET\u001b[39m \u001b[34m304\u001b[39m \u001b[35m/api/v1/user/my-profile\u001b[39m \u001b[93m150 ms\u001b[39m","size":0,"timestamp":"2025-07-04 20:48:22"}
{"level":"info","message":" Incoming Request \u001b[32mGET\u001b[39m \u001b[34m304\u001b[39m \u001b[35m/api/v1/user/my-profile\u001b[39m \u001b[93m74 ms\u001b[39m","size":0,"timestamp":"2025-07-04 20:48:43"}
{"level":"info","message":" Incoming Request \u001b[32mGET\u001b[39m \u001b[32m201\u001b[39m \u001b[35m/api/v1/subscription?\u001b[39m \u001b[93m76 ms\u001b[39m","size":"1290","timestamp":"2025-07-04 20:49:04"}
{"level":"info","message":" Incoming Request \u001b[32mGET\u001b[39m \u001b[34m304\u001b[39m \u001b[35m/api/v1/user/my-profile\u001b[39m \u001b[93m149 ms\u001b[39m","size":0,"timestamp":"2025-07-04 20:50:05"}
{"level":"info","message":" Incoming Request \u001b[34mPOST\u001b[39m \u001b[31m401\u001b[39m \u001b[35m/api/v1/user/login\u001b[39m \u001b[93m366 ms\u001b[39m","size":"447","timestamp":"2025-07-04 20:50:23"}
{"level":"info","message":" Incoming Request \u001b[32mGET\u001b[39m \u001b[31m400\u001b[39m \u001b[35m/api/v1/user/my-profile\u001b[39m \u001b[93m0 ms\u001b[39m","size":"1513","timestamp":"2025-07-04 20:50:24"}
{"level":"info","message":" Incoming Request \u001b[32mGET\u001b[39m \u001b[31m400\u001b[39m \u001b[35m/api/v1/user/my-profile\u001b[39m \u001b[93m0 ms\u001b[39m","size":"1513","timestamp":"2025-07-04 20:51:42"}
{"level":"info","message":" Incoming Request \u001b[32mGET\u001b[39m \u001b[31m400\u001b[39m \u001b[35m/api/v1/user/my-profile\u001b[39m \u001b[93m1 ms\u001b[39m","size":"1513","timestamp":"2025-07-04 20:51:44"}
{"level":"info","message":" Incoming Request \u001b[34mPOST\u001b[39m \u001b[31m401\u001b[39m \u001b[35m/api/v1/user/login\u001b[39m \u001b[93m352 ms\u001b[39m","size":"447","timestamp":"2025-07-04 20:51:52"}
{"level":"info","message":" Incoming Request \u001b[32mGET\u001b[39m \u001b[31m400\u001b[39m \u001b[35m/api/v1/user/my-profile\u001b[39m \u001b[93m0 ms\u001b[39m","size":"1513","timestamp":"2025-07-04 20:51:52"}
{"level":"info","message":" Incoming Request \u001b[34mPOST\u001b[39m \u001b[31m401\u001b[39m \u001b[35m/api/v1/user/login\u001b[39m \u001b[93m353 ms\u001b[39m","size":"447","timestamp":"2025-07-04 20:52:11"}
{"level":"info","message":" Incoming Request \u001b[32mGET\u001b[39m \u001b[31m400\u001b[39m \u001b[35m/api/v1/user/my-profile\u001b[39m \u001b[93m1 ms\u001b[39m","size":"1513","timestamp":"2025-07-04 20:52:11"}
{"level":"info","message":" Incoming Request \u001b[34mPOST\u001b[39m \u001b[31m404\u001b[39m \u001b[35m/api/v1/user/forget-password\u001b[39m \u001b[93m76 ms\u001b[39m","size":"570","timestamp":"2025-07-04 20:52:21"}
{"level":"info","message":" Incoming Request \u001b[32mGET\u001b[39m \u001b[31m400\u001b[39m \u001b[35m/api/v1/user/my-profile\u001b[39m \u001b[93m0 ms\u001b[39m","size":"1513","timestamp":"2025-07-04 20:52:28"}
{"level":"info","message":" Incoming Request \u001b[34mPOST\u001b[39m \u001b[31m401\u001b[39m \u001b[35m/api/v1/user/login\u001b[39m \u001b[93m363 ms\u001b[39m","size":"445","timestamp":"2025-07-04 20:53:23"}
{"level":"info","message":" Incoming Request \u001b[34mPOST\u001b[39m \u001b[31m404\u001b[39m \u001b[35m/api/v1/user/forget-password\u001b[39m \u001b[93m74 ms\u001b[39m","size":"570","timestamp":"2025-07-04 20:54:25"}
{"level":"info","message":" Incoming Request \u001b[34mPOST\u001b[39m \u001b[32m200\u001b[39m \u001b[35m/api/v1/user/login\u001b[39m \u001b[93m368 ms\u001b[39m","size":"641","timestamp":"2025-07-04 20:55:11"}
{"level":"info","message":" Incoming Request \u001b[34mPOST\u001b[39m \u001b[32m200\u001b[39m \u001b[35m/api/v1/user/login\u001b[39m \u001b[93m364 ms\u001b[39m","size":"641","timestamp":"2025-07-04 20:55:30"}
{"level":"info","message":" Incoming Request \u001b[32mGET\u001b[39m \u001b[31m400\u001b[39m \u001b[35m/api/v1/user/my-profile\u001b[39m \u001b[93m1 ms\u001b[39m","size":"1513","timestamp":"2025-07-04 20:55:31"}
{"level":"info","message":" Incoming Request \u001b[34mPOST\u001b[39m \u001b[31m400\u001b[39m \u001b[35m/api/v1/subscription/update/68552cb4e29e8e1219e562f3\u001b[39m \u001b[93m7 ms\u001b[39m","size":"1436","timestamp":"2025-07-04 21:00:29"}
{"level":"info","message":" Incoming Request \u001b[34mPOST\u001b[39m \u001b[32m200\u001b[39m \u001b[35m/api/v1/user/login\u001b[39m \u001b[93m364 ms\u001b[39m","size":"641","timestamp":"2025-07-04 21:00:45"}
{"level":"info","message":" Incoming Request \u001b[34mPOST\u001b[39m \u001b[31m400\u001b[39m \u001b[35m/api/v1/subscription/update/68552cb4e29e8e1219e562f3\u001b[39m \u001b[93m1 ms\u001b[39m","size":"1436","timestamp":"2025-07-04 21:01:05"}
{"level":"info","message":" Incoming Request \u001b[34mPOST\u001b[39m \u001b[31m400\u001b[39m \u001b[35m/api/v1/subscription/update/68552cb4e29e8e1219e562f3\u001b[39m \u001b[93m2 ms\u001b[39m","size":"1436","timestamp":"2025-07-04 21:01:29"}
{"level":"info","message":" Incoming Request \u001b[34mPOST\u001b[39m \u001b[31m400\u001b[39m \u001b[35m/api/v1/subscription/update/68552cb4e29e8e1219e562f3\u001b[39m \u001b[93m3 ms\u001b[39m","size":"1436","timestamp":"2025-07-04 21:01:30"}
{"level":"info","message":" Incoming Request \u001b[34mPOST\u001b[39m \u001b[31m400\u001b[39m \u001b[35m/api/v1/subscription/update/68552cb4e29e8e1219e562f3\u001b[39m \u001b[93m2 ms\u001b[39m","size":"1436","timestamp":"2025-07-04 21:01:31"}
{"level":"info","message":" Incoming Request \u001b[34mPOST\u001b[39m \u001b[32m201\u001b[39m \u001b[35m/api/v1/subscription/update/68552cb4e29e8e1219e562f3\u001b[39m \u001b[93m102 ms\u001b[39m","size":"851","timestamp":"2025-07-04 21:03:55"}
{"level":"info","message":" Incoming Request \u001b[34mPOST\u001b[39m \u001b[31m400\u001b[39m \u001b[35m/api/v1/subscription/create\u001b[39m \u001b[93m5 ms\u001b[39m","size":"1251","timestamp":"2025-07-04 21:08:48"}
{"level":"info","message":" Incoming Request \u001b[34mPOST\u001b[39m \u001b[33m500\u001b[39m \u001b[35m/api/v1/subscription/create\u001b[39m \u001b[93m6 ms\u001b[39m","size":"709","timestamp":"2025-07-04 21:09:44"}
{"level":"info","message":" Incoming Request \u001b[34mPOST\u001b[39m \u001b[33m500\u001b[39m \u001b[35m/api/v1/subscription/create\u001b[39m \u001b[93m2 ms\u001b[39m","size":"709","timestamp":"2025-07-04 21:09:52"}
{"level":"info","message":" Incoming Request \u001b[34mPOST\u001b[39m \u001b[33m500\u001b[39m \u001b[35m/api/v1/subscription/create\u001b[39m \u001b[93m2 ms\u001b[39m","size":"709","timestamp":"2025-07-04 21:09:58"}
{"level":"info","message":" Incoming Request \u001b[34mPOST\u001b[39m \u001b[33m500\u001b[39m \u001b[35m/api/v1/subscription/create\u001b[39m \u001b[93m2 ms\u001b[39m","size":"709","timestamp":"2025-07-04 21:10:06"}
{"level":"info","message":" Incoming Request \u001b[34mPOST\u001b[39m \u001b[33m500\u001b[39m \u001b[35m/api/v1/subscription/create\u001b[39m \u001b[93m1 ms\u001b[39m","size":"709","timestamp":"2025-07-04 21:10:22"}
{"level":"info","message":" Incoming Request \u001b[34mPOST\u001b[39m \u001b[33m500\u001b[39m \u001b[35m/api/v1/subscription/create\u001b[39m \u001b[93m3 ms\u001b[39m","size":"709","timestamp":"2025-07-04 21:10:23"}
{"level":"info","message":" Incoming Request \u001b[34mPOST\u001b[39m \u001b[33m500\u001b[39m \u001b[35m/api/v1/subscription/create\u001b[39m \u001b[93m2 ms\u001b[39m","size":"709","timestamp":"2025-07-04 21:12:42"}
{"level":"info","message":" Incoming Request \u001b[34mPOST\u001b[39m \u001b[33m500\u001b[39m \u001b[35m/api/v1/subscription/create\u001b[39m \u001b[93m2 ms\u001b[39m","size":"709","timestamp":"2025-07-04 21:12:43"}
{"level":"info","message":" Incoming Request \u001b[34mPOST\u001b[39m \u001b[33m500\u001b[39m \u001b[35m/api/v1/subscription/create\u001b[39m \u001b[93m2 ms\u001b[39m","size":"709","timestamp":"2025-07-04 21:12:44"}
{"level":"info","message":" Incoming Request \u001b[34mPOST\u001b[39m \u001b[33m500\u001b[39m \u001b[35m/api/v1/subscription/create\u001b[39m \u001b[93m2 ms\u001b[39m","size":"709","timestamp":"2025-07-04 21:12:45"}
{"level":"info","message":" Incoming Request \u001b[34mPOST\u001b[39m \u001b[32m201\u001b[39m \u001b[35m/api/v1/subscription/create\u001b[39m \u001b[93m88 ms\u001b[39m","size":"410","timestamp":"2025-07-04 21:14:13"}
{"level":"info","message":" Incoming Request \u001b[34mPOST\u001b[39m \u001b[32m201\u001b[39m \u001b[35m/api/v1/subscription/create\u001b[39m \u001b[93m378 ms\u001b[39m","size":"408","timestamp":"2025-07-04 21:17:22"}
{"level":"info","message":" Incoming Request \u001b[34mPOST\u001b[39m \u001b[31m400\u001b[39m \u001b[35m/api/v1/subscription/create\u001b[39m \u001b[93m5 ms\u001b[39m","size":"1212","timestamp":"2025-07-04 21:17:27"}
{"level":"info","message":" Incoming Request \u001b[34mPOST\u001b[39m \u001b[31m400\u001b[39m \u001b[35m/api/v1/subscription/create\u001b[39m \u001b[93m2 ms\u001b[39m","size":"1212","timestamp":"2025-07-04 21:17:45"}
{"level":"info","message":" Incoming Request \u001b[34mPOST\u001b[39m \u001b[32m201\u001b[39m \u001b[35m/api/v1/subscription/create\u001b[39m \u001b[93m77 ms\u001b[39m","size":"407","timestamp":"2025-07-04 21:17:58"}
{"level":"info","message":" Incoming Request \u001b[34mPOST\u001b[39m \u001b[33m500\u001b[39m \u001b[35m/api/v1/subscription/create\u001b[39m \u001b[93m5 ms\u001b[39m","size":"713","timestamp":"2025-07-04 21:18:11"}
{"level":"info","message":" Incoming Request \u001b[34mPOST\u001b[39m \u001b[32m201\u001b[39m \u001b[35m/api/v1/subscription/create\u001b[39m \u001b[93m77 ms\u001b[39m","size":"409","timestamp":"2025-07-04 21:19:04"}
{"level":"info","message":" Incoming Request \u001b[34mPOST\u001b[39m \u001b[31m400\u001b[39m \u001b[35m/api/v1/subscription/create\u001b[39m \u001b[93m9 ms\u001b[39m","size":"1221","timestamp":"2025-07-04 21:20:53"}
{"level":"info","message":" Incoming Request \u001b[34mPOST\u001b[39m \u001b[31m400\u001b[39m \u001b[35m/api/v1/subscription/create\u001b[39m \u001b[93m2 ms\u001b[39m","size":"1206","timestamp":"2025-07-04 21:21:35"}
{"level":"info","message":" Incoming Request \u001b[34mPOST\u001b[39m \u001b[31m400\u001b[39m \u001b[35m/api/v1/subscription/create\u001b[39m \u001b[93m1 ms\u001b[39m","size":"1215","timestamp":"2025-07-04 21:21:46"}
{"level":"info","message":" Incoming Request \u001b[34mPOST\u001b[39m \u001b[32m201\u001b[39m \u001b[35m/api/v1/subscription/create\u001b[39m \u001b[93m95 ms\u001b[39m","size":"395","timestamp":"2025-07-04 21:22:22"}
{"level":"info","message":" Incoming Request \u001b[34mPOST\u001b[39m \u001b[32m201\u001b[39m \u001b[35m/api/v1/subscription/create\u001b[39m \u001b[93m95 ms\u001b[39m","size":"381","timestamp":"2025-07-04 21:22:41"}
{"level":"info","message":" Incoming Request \u001b[34mPOST\u001b[39m \u001b[31m400\u001b[39m \u001b[35m/api/v1/subscription/create\u001b[39m \u001b[93m1 ms\u001b[39m","size":"1261","timestamp":"2025-07-04 21:23:13"}
{"level":"info","message":" Incoming Request \u001b[34mPOST\u001b[39m \u001b[31m400\u001b[39m \u001b[35m/api/v1/subscription/create\u001b[39m \u001b[93m1 ms\u001b[39m","size":"1276","timestamp":"2025-07-04 21:25:00"}
{"level":"info","message":" Incoming Request \u001b[34mPOST\u001b[39m \u001b[32m201\u001b[39m \u001b[35m/api/v1/subscription/create\u001b[39m \u001b[93m98 ms\u001b[39m","size":"396","timestamp":"2025-07-04 21:25:40"}
{"level":"info","message":" Incoming Request \u001b[34mPOST\u001b[39m \u001b[32m201\u001b[39m \u001b[35m/api/v1/subscription/create\u001b[39m \u001b[93m102 ms\u001b[39m","size":"395","timestamp":"2025-07-04 21:33:45"}
{"level":"info","message":" Incoming Request \u001b[34mPOST\u001b[39m \u001b[32m201\u001b[39m \u001b[35m/api/v1/subscription/create\u001b[39m \u001b[93m372 ms\u001b[39m","size":"394","timestamp":"2025-07-04 21:35:31"}
{"level":"info","message":" Incoming Request \u001b[34mPOST\u001b[39m \u001b[32m201\u001b[39m \u001b[35m/api/v1/subscription/create\u001b[39m \u001b[93m84 ms\u001b[39m","size":"835","timestamp":"2025-07-04 21:35:41"}
{"level":"info","message":" Incoming Request \u001b[32mGET\u001b[39m \u001b[31m404\u001b[39m \u001b[35m/api/v1/user/my-profile\u001b[39m \u001b[93m84 ms\u001b[39m","size":"531","timestamp":"2025-07-04 21:49:42"}
{"level":"info","message":" Incoming Request \u001b[32mGET\u001b[39m \u001b[32m201\u001b[39m \u001b[35m/api/v1/subscription?\u001b[39m \u001b[93m80 ms\u001b[39m","size":"1304","timestamp":"2025-07-04 21:49:43"}
{"level":"info","message":" Incoming Request \u001b[32mGET\u001b[39m \u001b[31m404\u001b[39m \u001b[35m/api/v1/user/my-profile\u001b[39m \u001b[93m80 ms\u001b[39m","size":"531","timestamp":"2025-07-04 21:49:51"}
{"level":"info","message":" Incoming Request \u001b[32mGET\u001b[39m \u001b[32m201\u001b[39m \u001b[35m/api/v1/subscription?\u001b[39m \u001b[93m79 ms\u001b[39m","size":"1304","timestamp":"2025-07-04 21:49:54"}
{"level":"info","message":" Incoming Request \u001b[34mPOST\u001b[39m \u001b[32m200\u001b[39m \u001b[35m/api/v1/user/register\u001b[39m \u001b[93m2720 ms\u001b[39m","size":"280","timestamp":"2025-07-04 21:51:16"}
{"level":"info","message":" Incoming Request \u001b[34mPOST\u001b[39m \u001b[32m201\u001b[39m \u001b[35m/api/v1/user/verify-otp\u001b[39m \u001b[93m401 ms\u001b[39m","size":"633","timestamp":"2025-07-04 21:51:49"}
{"level":"info","message":" Incoming Request \u001b[32mGET\u001b[39m \u001b[31m400\u001b[39m \u001b[35m/api/v1/user/my-profile\u001b[39m \u001b[93m4 ms\u001b[39m","size":"1447","timestamp":"2025-07-04 21:51:50"}
{"level":"info","message":" Incoming Request \u001b[34mPOST\u001b[39m \u001b[33m500\u001b[39m \u001b[35m/api/v1/uploded\u001b[39m \u001b[93m7 ms\u001b[39m","size":"527","timestamp":"2025-07-04 21:52:22"}
{"level":"info","message":" Incoming Request \u001b[32mGET\u001b[39m \u001b[32m200\u001b[39m \u001b[35m/api/v1/user/my-profile\u001b[39m \u001b[93m80 ms\u001b[39m","size":"285","timestamp":"2025-07-04 21:54:46"}
{"level":"info","message":" Incoming Request \u001b[34mPOST\u001b[39m \u001b[33m500\u001b[39m \u001b[35m/api/v1/uploded\u001b[39m \u001b[93m3 ms\u001b[39m","size":"527","timestamp":"2025-07-04 21:55:22"}
{"level":"info","message":" Incoming Request \u001b[34mPOST\u001b[39m \u001b[33m500\u001b[39m \u001b[35m/api/v1/uploded\u001b[39m \u001b[93m4 ms\u001b[39m","size":"527","timestamp":"2025-07-04 21:55:35"}
{"level":"info","message":" Incoming Request \u001b[34mPOST\u001b[39m \u001b[33m500\u001b[39m \u001b[35m/api/v1/uploded\u001b[39m \u001b[93m2 ms\u001b[39m","size":"527","timestamp":"2025-07-04 21:58:31"}
{"level":"info","message":" Incoming Request \u001b[34mPOST\u001b[39m \u001b[33m500\u001b[39m \u001b[35m/api/v1/uploded\u001b[39m \u001b[93m1 ms\u001b[39m","size":"593","timestamp":"2025-07-04 21:59:43"}
{"level":"info","message":" Incoming Request \u001b[32mGET\u001b[39m \u001b[34m304\u001b[39m \u001b[35m/api/v1/user/my-profile\u001b[39m \u001b[93m77 ms\u001b[39m","size":0,"timestamp":"2025-07-04 21:59:56"}
{"level":"info","message":" Incoming Request \u001b[34mPOST\u001b[39m \u001b[32m200\u001b[39m \u001b[35m/api/v1/uploded\u001b[39m \u001b[93m23 ms\u001b[39m","size":"194","timestamp":"2025-07-04 22:00:47"}
{"level":"info","message":" Incoming Request \u001b[34mPOST\u001b[39m \u001b[32m200\u001b[39m \u001b[35m/api/v1/uploded\u001b[39m \u001b[93m121 ms\u001b[39m","size":"238","timestamp":"2025-07-04 22:00:55"}
{"level":"info","message":" Incoming Request \u001b[34mPOST\u001b[39m \u001b[32m200\u001b[39m \u001b[35m/api/v1/user/identity-verification?step=1\u001b[39m \u001b[93m248 ms\u001b[39m","size":"1333","timestamp":"2025-07-04 22:02:52"}
{"level":"info","message":" Incoming Request \u001b[32mGET\u001b[39m \u001b[32m200\u001b[39m \u001b[35m/api/v1/user/my-profile\u001b[39m \u001b[93m79 ms\u001b[39m","size":"1256","timestamp":"2025-07-04 22:02:53"}
{"level":"info","message":" Incoming Request \u001b[34mPOST\u001b[39m \u001b[32m200\u001b[39m \u001b[35m/api/v1/user/identity-verification?step=2\u001b[39m \u001b[93m229 ms\u001b[39m","size":"2377","timestamp":"2025-07-04 22:03:32"}
{"level":"info","message":" Incoming Request \u001b[32mGET\u001b[39m \u001b[32m200\u001b[39m \u001b[35m/api/v1/user/my-profile\u001b[39m \u001b[93m76 ms\u001b[39m","size":"2300","timestamp":"2025-07-04 22:03:32"}
{"level":"info","message":" Incoming Request \u001b[34mPOST\u001b[39m \u001b[31m400\u001b[39m \u001b[35m/api/v1/user/identity-verification?step=3\u001b[39m \u001b[93m5 ms\u001b[39m","size":"948","timestamp":"2025-07-04 22:04:59"}
{"level":"info","message":" Incoming Request \u001b[32mGET\u001b[39m \u001b[34m304\u001b[39m \u001b[35m/api/v1/user/my-profile\u001b[39m \u001b[93m77 ms\u001b[39m","size":0,"timestamp":"2025-07-04 22:05:00"}
{"level":"info","message":" Incoming Request \u001b[34mPOST\u001b[39m \u001b[31m400\u001b[39m \u001b[35m/api/v1/user/identity-verification?step=3\u001b[39m \u001b[93m3 ms\u001b[39m","size":"948","timestamp":"2025-07-04 22:05:21"}
{"level":"info","message":" Incoming Request \u001b[32mGET\u001b[39m \u001b[34m304\u001b[39m \u001b[35m/api/v1/user/my-profile\u001b[39m \u001b[93m77 ms\u001b[39m","size":0,"timestamp":"2025-07-04 22:05:22"}
{"level":"info","message":" Incoming Request \u001b[34mPOST\u001b[39m \u001b[31m400\u001b[39m \u001b[35m/api/v1/user/identity-verification?step=3\u001b[39m \u001b[93m2 ms\u001b[39m","size":"946","timestamp":"2025-07-04 22:06:43"}
{"level":"info","message":" Incoming Request \u001b[32mGET\u001b[39m \u001b[34m304\u001b[39m \u001b[35m/api/v1/user/my-profile\u001b[39m \u001b[93m75 ms\u001b[39m","size":0,"timestamp":"2025-07-04 22:06:43"}
{"level":"info","message":" Incoming Request \u001b[32mGET\u001b[39m \u001b[34m304\u001b[39m \u001b[35m/api/v1/user/my-profile\u001b[39m \u001b[93m74 ms\u001b[39m","size":0,"timestamp":"2025-07-04 22:06:52"}
{"level":"info","message":" Incoming Request \u001b[34mPOST\u001b[39m \u001b[32m200\u001b[39m \u001b[35m/api/v1/user/identity-verification?step=3\u001b[39m \u001b[93m235 ms\u001b[39m","size":"2377","timestamp":"2025-07-04 22:06:59"}
{"level":"info","message":" Incoming Request \u001b[32mGET\u001b[39m \u001b[32m200\u001b[39m \u001b[35m/api/v1/user/my-profile\u001b[39m \u001b[93m75 ms\u001b[39m","size":"2300","timestamp":"2025-07-04 22:07:00"}
{"level":"info","message":" Incoming Request \u001b[34mPOST\u001b[39m \u001b[32m200\u001b[39m \u001b[35m/api/v1/user/identity-verification?step=4\u001b[39m \u001b[93m303 ms\u001b[39m","size":"2523","timestamp":"2025-07-04 22:08:15"}
{"level":"info","message":" Incoming Request \u001b[32mGET\u001b[39m \u001b[32m200\u001b[39m \u001b[35m/api/v1/user/my-profile\u001b[39m \u001b[93m74 ms\u001b[39m","size":"2411","timestamp":"2025-07-04 22:08:15"}
{"level":"info","message":" Incoming Request \u001b[34mPOST\u001b[39m \u001b[31m400\u001b[39m \u001b[35m/api/v1/user/identity-verification?step=3\u001b[39m \u001b[93m5 ms\u001b[39m","size":"940","timestamp":"2025-07-04 22:14:10"}
{"level":"info","message":" Incoming Request \u001b[32mGET\u001b[39m \u001b[34m304\u001b[39m \u001b[35m/api/v1/user/my-profile\u001b[39m \u001b[93m83 ms\u001b[39m","size":0,"timestamp":"2025-07-04 22:14:10"}
{"level":"info","message":" Incoming Request \u001b[34mPOST\u001b[39m \u001b[31m404\u001b[39m \u001b[35m/api/v1/user/identity-verification?step=3\u001b[39m \u001b[93m86 ms\u001b[39m","size":"531","timestamp":"2025-07-04 22:16:26"}
{"level":"info","message":" Incoming Request \u001b[34mPOST\u001b[39m \u001b[31m401\u001b[39m \u001b[35m/api/v1/user/login\u001b[39m \u001b[93m372 ms\u001b[39m","size":"445","timestamp":"2025-07-04 22:17:19"}
{"level":"info","message":" Incoming Request \u001b[32mGET\u001b[39m \u001b[31m400\u001b[39m \u001b[35m/api/v1/user/my-profile\u001b[39m \u001b[93m1 ms\u001b[39m","size":"1513","timestamp":"2025-07-04 22:18:22"}
{"level":"info","message":" Incoming Request \u001b[32mGET\u001b[39m \u001b[31m400\u001b[39m \u001b[35m/api/v1/user/my-profile\u001b[39m \u001b[93m1 ms\u001b[39m","size":"1513","timestamp":"2025-07-04 22:18:31"}
{"level":"info","message":" Incoming Request \u001b[34mPOST\u001b[39m \u001b[31m400\u001b[39m \u001b[35m/api/v1/user/identity-verification?step=3\u001b[39m \u001b[93m3 ms\u001b[39m","size":"940","timestamp":"2025-07-04 22:19:03"}
{"level":"info","message":" Incoming Request \u001b[32mGET\u001b[39m \u001b[34m304\u001b[39m \u001b[35m/api/v1/user/my-profile\u001b[39m \u001b[93m80 ms\u001b[39m","size":0,"timestamp":"2025-07-04 22:19:04"}
{"level":"info","message":" Incoming Request \u001b[34mPOST\u001b[39m \u001b[32m200\u001b[39m \u001b[35m/api/v1/user/login\u001b[39m \u001b[93m362 ms\u001b[39m","size":"2747","timestamp":"2025-07-04 22:19:10"}
{"level":"info","message":" Incoming Request \u001b[34mPOST\u001b[39m \u001b[31m404\u001b[39m \u001b[35m/api/v1/user/identity-verification?step=3\u001b[39m \u001b[93m76 ms\u001b[39m","size":"531","timestamp":"2025-07-04 22:19:40"}
{"level":"info","message":" Incoming Request \u001b[34mPOST\u001b[39m \u001b[31m404\u001b[39m \u001b[35m/api/v1/user/identity-verification?step=3\u001b[39m \u001b[93m76 ms\u001b[39m","size":"531","timestamp":"2025-07-04 22:19:41"}
{"level":"info","message":" Incoming Request \u001b[34mPOST\u001b[39m \u001b[31m404\u001b[39m \u001b[35m/api/v1/user/identity-verification?step=3\u001b[39m \u001b[93m77 ms\u001b[39m","size":"531","timestamp":"2025-07-04 22:19:56"}
{"level":"info","message":" Incoming Request \u001b[34mPOST\u001b[39m \u001b[31m400\u001b[39m \u001b[35m/api/v1/user/identity-verification?step=3\u001b[39m \u001b[93m2 ms\u001b[39m","size":"940","timestamp":"2025-07-04 22:19:56"}
{"level":"info","message":" Incoming Request \u001b[32mGET\u001b[39m \u001b[34m304\u001b[39m \u001b[35m/api/v1/user/my-profile\u001b[39m \u001b[93m78 ms\u001b[39m","size":0,"timestamp":"2025-07-04 22:19:57"}
{"level":"info","message":" Incoming Request \u001b[34mPOST\u001b[39m \u001b[32m200\u001b[39m \u001b[35m/api/v1/user/identity-verification?step=3\u001b[39m \u001b[93m160 ms\u001b[39m","size":"2539","timestamp":"2025-07-04 22:21:06"}
{"level":"info","message":" Incoming Request \u001b[34mPOST\u001b[39m \u001b[31m400\u001b[39m \u001b[35m/api/v1/user/identity-verification?step=3\u001b[39m \u001b[93m5 ms\u001b[39m","size":"656","timestamp":"2025-07-04 22:22:04"}
{"level":"info","message":" Incoming Request \u001b[32mGET\u001b[39m \u001b[32m200\u001b[39m \u001b[35m/api/v1/user/my-profile\u001b[39m \u001b[93m82 ms\u001b[39m","size":"2449","timestamp":"2025-07-04 22:22:05"}
{"level":"info","message":" Incoming Request \u001b[34mPOST\u001b[39m \u001b[31m400\u001b[39m \u001b[35m/api/v1/user/identity-verification?step=3\u001b[39m \u001b[93m3 ms\u001b[39m","size":"656","timestamp":"2025-07-04 22:22:18"}
{"level":"info","message":" Incoming Request \u001b[32mGET\u001b[39m \u001b[34m304\u001b[39m \u001b[35m/api/v1/user/my-profile\u001b[39m \u001b[93m76 ms\u001b[39m","size":0,"timestamp":"2025-07-04 22:22:18"}
{"level":"info","message":" Incoming Request \u001b[34mPOST\u001b[39m \u001b[31m400\u001b[39m \u001b[35m/api/v1/user/identity-verification?step=3\u001b[39m \u001b[93m1 ms\u001b[39m","size":"656","timestamp":"2025-07-04 22:22:29"}
{"level":"info","message":" Incoming Request \u001b[32mGET\u001b[39m \u001b[34m304\u001b[39m \u001b[35m/api/v1/user/my-profile\u001b[39m \u001b[93m77 ms\u001b[39m","size":0,"timestamp":"2025-07-04 22:22:31"}
{"level":"info","message":" Incoming Request \u001b[34mPOST\u001b[39m \u001b[31m400\u001b[39m \u001b[35m/api/v1/user/identity-verification?step=3\u001b[39m \u001b[93m5 ms\u001b[39m","size":"750","timestamp":"2025-07-04 22:26:28"}
{"level":"info","message":" Incoming Request \u001b[32mGET\u001b[39m \u001b[34m304\u001b[39m \u001b[35m/api/v1/user/my-profile\u001b[39m \u001b[93m81 ms\u001b[39m","size":0,"timestamp":"2025-07-04 22:26:29"}
{"level":"info","message":" Incoming Request \u001b[34mPOST\u001b[39m \u001b[31m400\u001b[39m \u001b[35m/api/v1/user/identity-verification?step=3\u001b[39m \u001b[93m2 ms\u001b[39m","size":"750","timestamp":"2025-07-04 22:26:42"}
{"level":"info","message":" Incoming Request \u001b[32mGET\u001b[39m \u001b[34m304\u001b[39m \u001b[35m/api/v1/user/my-profile\u001b[39m \u001b[93m79 ms\u001b[39m","size":0,"timestamp":"2025-07-04 22:26:42"}
{"level":"info","message":" Incoming Request \u001b[34mPOST\u001b[39m \u001b[31m400\u001b[39m \u001b[35m/api/v1/user/identity-verification?step=3\u001b[39m \u001b[93m2 ms\u001b[39m","size":"750","timestamp":"2025-07-04 22:27:10"}
{"level":"info","message":" Incoming Request \u001b[32mGET\u001b[39m \u001b[34m304\u001b[39m \u001b[35m/api/v1/user/my-profile\u001b[39m \u001b[93m78 ms\u001b[39m","size":0,"timestamp":"2025-07-04 22:27:11"}
{"level":"info","message":" Incoming Request \u001b[32mGET\u001b[39m \u001b[34m304\u001b[39m \u001b[35m/api/v1/user/my-profile\u001b[39m \u001b[93m86 ms\u001b[39m","size":0,"timestamp":"2025-07-04 22:29:15"}
{"level":"info","message":" Incoming Request \u001b[34mPOST\u001b[39m \u001b[32m200\u001b[39m \u001b[35m/api/v1/user/identity-verification?step=3\u001b[39m \u001b[93m159 ms\u001b[39m","size":"2539","timestamp":"2025-07-04 22:29:23"}
{"level":"info","message":" Incoming Request \u001b[32mGET\u001b[39m \u001b[34m304\u001b[39m \u001b[35m/api/v1/user/my-profile\u001b[39m \u001b[93m75 ms\u001b[39m","size":0,"timestamp":"2025-07-04 22:29:24"}
{"level":"info","message":" Incoming Request \u001b[34mPOST\u001b[39m \u001b[32m200\u001b[39m \u001b[35m/api/v1/user/identity-verification?step=3\u001b[39m \u001b[93m153 ms\u001b[39m","size":"2539","timestamp":"2025-07-04 22:29:29"}
{"level":"info","message":" Incoming Request \u001b[32mGET\u001b[39m \u001b[34m304\u001b[39m \u001b[35m/api/v1/user/my-profile\u001b[39m \u001b[93m78 ms\u001b[39m","size":0,"timestamp":"2025-07-04 22:29:29"}
{"level":"info","message":" Incoming Request \u001b[34mPOST\u001b[39m \u001b[32m200\u001b[39m \u001b[35m/api/v1/user/identity-verification?step=3\u001b[39m \u001b[93m155 ms\u001b[39m","size":"2578","timestamp":"2025-07-04 22:29:37"}
{"level":"info","message":" Incoming Request \u001b[32mGET\u001b[39m \u001b[32m200\u001b[39m \u001b[35m/api/v1/user/my-profile\u001b[39m \u001b[93m76 ms\u001b[39m","size":"2488","timestamp":"2025-07-04 22:29:38"}
{"level":"info","message":" Incoming Request \u001b[32mGET\u001b[39m \u001b[32m201\u001b[39m \u001b[35m/api/v1/subscription?\u001b[39m \u001b[93m83 ms\u001b[39m","size":"1304","timestamp":"2025-07-04 22:30:49"}
{"level":"info","message":" Incoming Request \u001b[32mGET\u001b[39m \u001b[34m304\u001b[39m \u001b[35m/api/v1/user/my-profile\u001b[39m \u001b[93m78 ms\u001b[39m","size":0,"timestamp":"2025-07-04 22:49:22"}
{"level":"info","message":" Incoming Request \u001b[32mGET\u001b[39m \u001b[32m201\u001b[39m \u001b[35m/api/v1/subscription?\u001b[39m \u001b[93m78 ms\u001b[39m","size":"1304","timestamp":"2025-07-04 22:49:26"}
{"level":"info","message":" Incoming Request \u001b[32mGET\u001b[39m \u001b[34m304\u001b[39m \u001b[35m/api/v1/user/my-profile\u001b[39m \u001b[93m78 ms\u001b[39m","size":0,"timestamp":"2025-07-04 22:53:52"}
{"level":"info","message":" Incoming Request \u001b[32mGET\u001b[39m \u001b[32m201\u001b[39m \u001b[35m/api/v1/subscription?\u001b[39m \u001b[93m75 ms\u001b[39m","size":"1304","timestamp":"2025-07-04 22:53:53"}
{"level":"info","message":" Incoming Request \u001b[32mGET\u001b[39m \u001b[31m404\u001b[39m \u001b[35m/api/v1/user/my-profile\u001b[39m \u001b[93m80 ms\u001b[39m","size":"531","timestamp":"2025-07-04 23:00:31"}
{"level":"info","message":" Incoming Request \u001b[34mPOST\u001b[39m \u001b[32m200\u001b[39m \u001b[35m/api/v1/user/login\u001b[39m \u001b[93m357 ms\u001b[39m","size":"641","timestamp":"2025-07-04 23:00:51"}
{"level":"info","message":" Incoming Request \u001b[32mGET\u001b[39m \u001b[31m404\u001b[39m \u001b[35m/api/v1/user/my-profile\u001b[39m \u001b[93m78 ms\u001b[39m","size":"531","timestamp":"2025-07-04 23:00:51"}
{"level":"info","message":" Incoming Request \u001b[32mGET\u001b[39m \u001b[34m304\u001b[39m \u001b[35m/api/v1/user/my-profile\u001b[39m \u001b[93m77 ms\u001b[39m","size":0,"timestamp":"2025-07-04 23:01:22"}
{"level":"info","message":" Incoming Request \u001b[32mGET\u001b[39m \u001b[34m304\u001b[39m \u001b[35m/api/v1/user/my-profile\u001b[39m \u001b[93m79 ms\u001b[39m","size":0,"timestamp":"2025-07-04 23:01:40"}
{"level":"info","message":" Incoming Request \u001b[32mGET\u001b[39m \u001b[34m304\u001b[39m \u001b[35m/api/v1/user/my-profile\u001b[39m \u001b[93m81 ms\u001b[39m","size":0,"timestamp":"2025-07-04 23:03:38"}
{"level":"info","message":" Incoming Request \u001b[32mGET\u001b[39m \u001b[34m304\u001b[39m \u001b[35m/api/v1/user/my-profile\u001b[39m \u001b[93m82 ms\u001b[39m","size":0,"timestamp":"2025-07-04 23:05:07"}
{"level":"info","message":" Incoming Request \u001b[32mGET\u001b[39m \u001b[32m201\u001b[39m \u001b[35m/api/v1/subscription?\u001b[39m \u001b[93m80 ms\u001b[39m","size":"1304","timestamp":"2025-07-04 23:05:29"}
{"level":"info","message":" Incoming Request \u001b[32mGET\u001b[39m \u001b[31m400\u001b[39m \u001b[35m/api/v1/user/my-profile\u001b[39m \u001b[93m1 ms\u001b[39m","size":"1513","timestamp":"2025-07-04 23:05:39"}
{"level":"info","message":" Incoming Request \u001b[32mGET\u001b[39m \u001b[31m400\u001b[39m \u001b[35m/api/v1/user/my-profile\u001b[39m \u001b[93m2 ms\u001b[39m","size":"1513","timestamp":"2025-07-04 23:05:46"}
{"level":"info","message":" Incoming Request \u001b[32mGET\u001b[39m \u001b[31m400\u001b[39m \u001b[35m/api/v1/user/my-profile\u001b[39m \u001b[93m1 ms\u001b[39m","size":"1513","timestamp":"2025-07-04 23:05:50"}
{"level":"info","message":" Incoming Request \u001b[34mPOST\u001b[39m \u001b[31m400\u001b[39m \u001b[35m/api/v1/category/create\u001b[39m \u001b[93m8 ms\u001b[39m","size":"1446","timestamp":"2025-07-04 23:11:38"}
{"level":"info","message":" Incoming Request \u001b[34mPOST\u001b[39m \u001b[31m400\u001b[39m \u001b[35m/api/v1/category/create\u001b[39m \u001b[93m4 ms\u001b[39m","size":"1446","timestamp":"2025-07-04 23:12:42"}
{"level":"info","message":" Incoming Request \u001b[32mGET\u001b[39m \u001b[32m200\u001b[39m \u001b[35m/api/v1/category/all\u001b[39m \u001b[93m90 ms\u001b[39m","size":"87","timestamp":"2025-07-04 23:12:56"}
{"level":"info","message":" Incoming Request \u001b[32mGET\u001b[39m \u001b[32m200\u001b[39m \u001b[35m/api/v1/category/all\u001b[39m \u001b[93m82 ms\u001b[39m","size":"87","timestamp":"2025-07-04 23:13:00"}
{"level":"info","message":" Incoming Request \u001b[34mPOST\u001b[39m \u001b[31m400\u001b[39m \u001b[35m/api/v1/category/update/68637976b73aa023472444f1\u001b[39m \u001b[93m3 ms\u001b[39m","size":"1436","timestamp":"2025-07-04 23:13:13"}
{"level":"info","message":" Incoming Request \u001b[34mPOST\u001b[39m \u001b[31m400\u001b[39m \u001b[35m/api/v1/category/create\u001b[39m \u001b[93m4 ms\u001b[39m","size":"1446","timestamp":"2025-07-04 23:13:19"}
{"level":"info","message":" Incoming Request \u001b[32mGET\u001b[39m \u001b[32m200\u001b[39m \u001b[35m/api/v1/category/all\u001b[39m \u001b[93m81 ms\u001b[39m","size":"87","timestamp":"2025-07-04 23:13:24"}
{"level":"info","message":" Incoming Request \u001b[34mPOST\u001b[39m \u001b[32m201\u001b[39m \u001b[35m/api/v1/category/create\u001b[39m \u001b[93m189 ms\u001b[39m","size":"224","timestamp":"2025-07-04 23:14:30"}
{"level":"info","message":" Incoming Request \u001b[32mGET\u001b[39m \u001b[32m200\u001b[39m \u001b[35m/api/v1/category/all\u001b[39m \u001b[93m86 ms\u001b[39m","size":"228","timestamp":"2025-07-04 23:14:35"}
{"level":"info","message":" Incoming Request \u001b[34mPOST\u001b[39m \u001b[31m400\u001b[39m \u001b[35m/api/v1/category/create\u001b[39m \u001b[93m83 ms\u001b[39m","size":"570","timestamp":"2025-07-04 23:14:50"}
{"level":"info","message":" Incoming Request \u001b[34mPOST\u001b[39m \u001b[32m201\u001b[39m \u001b[35m/api/v1/category/create\u001b[39m \u001b[93m168 ms\u001b[39m","size":"228","timestamp":"2025-07-04 23:15:01"}
{"level":"info","message":" Incoming Request \u001b[32mGET\u001b[39m \u001b[32m200\u001b[39m \u001b[35m/api/v1/category/all\u001b[39m \u001b[93m81 ms\u001b[39m","size":"374","timestamp":"2025-07-04 23:15:07"}
{"level":"info","message":" Incoming Request \u001b[32mGET\u001b[39m \u001b[34m304\u001b[39m \u001b[35m/api/v1/user/my-profile\u001b[39m \u001b[93m84 ms\u001b[39m","size":0,"timestamp":"2025-07-04 23:19:55"}
{"level":"info","message":" Incoming Request \u001b[32mGET\u001b[39m \u001b[34m304\u001b[39m \u001b[35m/api/v1/user/my-profile\u001b[39m \u001b[93m80 ms\u001b[39m","size":0,"timestamp":"2025-07-04 23:20:10"}
{"level":"info","message":" Incoming Request \u001b[32mGET\u001b[39m \u001b[34m304\u001b[39m \u001b[35m/api/v1/user/my-profile\u001b[39m \u001b[93m86 ms\u001b[39m","size":0,"timestamp":"2025-07-04 23:25:44"}
{"level":"info","message":" Incoming Request \u001b[32mGET\u001b[39m \u001b[34m304\u001b[39m \u001b[35m/api/v1/user/my-profile\u001b[39m \u001b[93m82 ms\u001b[39m","size":0,"timestamp":"2025-07-04 23:26:07"}
{"level":"info","message":" Incoming Request \u001b[32mGET\u001b[39m \u001b[34m304\u001b[39m \u001b[35m/api/v1/user/my-profile\u001b[39m \u001b[93m84 ms\u001b[39m","size":0,"timestamp":"2025-07-04 23:26:16"}
{"level":"info","message":" Incoming Request \u001b[32mGET\u001b[39m \u001b[34m304\u001b[39m \u001b[35m/api/v1/user/my-profile\u001b[39m \u001b[93m84 ms\u001b[39m","size":0,"timestamp":"2025-07-04 23:27:13"}
{"level":"info","message":" Incoming Request \u001b[32mGET\u001b[39m \u001b[34m304\u001b[39m \u001b[35m/api/v1/user/my-profile\u001b[39m \u001b[93m84 ms\u001b[39m","size":0,"timestamp":"2025-07-04 23:33:24"}
{"level":"info","message":" Incoming Request \u001b[32mGET\u001b[39m \u001b[34m304\u001b[39m \u001b[35m/api/v1/user/my-profile\u001b[39m \u001b[93m81 ms\u001b[39m","size":0,"timestamp":"2025-07-04 23:34:04"}
{"level":"info","message":" Incoming Request \u001b[32mGET\u001b[39m \u001b[34m304\u001b[39m \u001b[35m/api/v1/user/my-profile\u001b[39m \u001b[93m82 ms\u001b[39m","size":0,"timestamp":"2025-07-04 23:34:46"}
{"level":"info","message":" Incoming Request \u001b[32mGET\u001b[39m \u001b[32m200\u001b[39m \u001b[35m/api/v1/user/my-profile\u001b[39m \u001b[93m83 ms\u001b[39m","size":"319","timestamp":"2025-07-04 23:44:33"}
{"level":"info","message":" Incoming Request \u001b[32mGET\u001b[39m \u001b[32m200\u001b[39m \u001b[35m/api/v1/category/all?\u001b[39m \u001b[93m80 ms\u001b[39m","size":"374","timestamp":"2025-07-04 23:44:33"}
{"level":"info","message":" Incoming Request \u001b[34mPOST\u001b[39m \u001b[31m400\u001b[39m \u001b[35m/api/v1/plan/purchase/68552c86e29e8e1219e562f1?numberOfEmployees=2\u001b[39m \u001b[93m11 ms\u001b[39m","size":"1293","timestamp":"2025-07-04 23:46:52"}
{"level":"info","message":" Incoming Request \u001b[34mPOST\u001b[39m \u001b[31m400\u001b[39m \u001b[35m/api/v1/plan/purchase/68552c86e29e8e1219e562f1?numberOfEmployees=2\u001b[39m \u001b[93m2 ms\u001b[39m","size":"1293","timestamp":"2025-07-04 23:47:09"}
{"level":"info","message":" Incoming Request \u001b[34mPOST\u001b[39m \u001b[31m401\u001b[39m \u001b[35m/api/v1/plan/purchase/68552c86e29e8e1219e562f1?numberOfEmployees=2\u001b[39m \u001b[93m2 ms\u001b[39m","size":"601","timestamp":"2025-07-04 23:47:23"}
{"level":"info","message":" Incoming Request \u001b[34mPOST\u001b[39m \u001b[31m401\u001b[39m \u001b[35m/api/v1/plan/purchase/68552c86e29e8e1219e562f1?numberOfEmployees=2\u001b[39m \u001b[93m8 ms\u001b[39m","size":"601","timestamp":"2025-07-04 23:48:54"}
{"level":"info","message":" Incoming Request \u001b[34mPOST\u001b[39m \u001b[31m400\u001b[39m \u001b[35m/api/v1/plan/purchase/68552c86e29e8e1219e562f1?numberOfEmployees=2\u001b[39m \u001b[93m8 ms\u001b[39m","size":"1293","timestamp":"2025-07-04 23:49:25"}
{"level":"info","message":" Incoming Request \u001b[32mGET\u001b[39m \u001b[31m404\u001b[39m \u001b[35m/images/14faf3b33f584e8-download(2).jpg\u001b[39m \u001b[93m2 ms\u001b[39m","size":"1541","timestamp":"2025-07-04 23:57:09"}
{"level":"info","message":" Incoming Request \u001b[32mGET\u001b[39m \u001b[31m404\u001b[39m \u001b[35m/favicon.ico\u001b[39m \u001b[93m1 ms\u001b[39m","size":"1460","timestamp":"2025-07-04 23:57:10"}
{"level":"info","message":" Incoming Request \u001b[32mGET\u001b[39m \u001b[31m404\u001b[39m \u001b[35m/api/v1/images/14faf3b33f584e8-download(2).jpg\u001b[39m \u001b[93m1 ms\u001b[39m","size":"1562","timestamp":"2025-07-04 23:57:37"}
{"level":"info","message":" Incoming Request \u001b[32mGET\u001b[39m \u001b[34m304\u001b[39m \u001b[35m/api/v1/user/my-profile\u001b[39m \u001b[93m83 ms\u001b[39m","size":0,"timestamp":"2025-07-04 23:59:52"}
{"level":"info","message":" Incoming Request \u001b[32mGET\u001b[39m \u001b[32m201\u001b[39m \u001b[35m/api/v1/subscription?\u001b[39m \u001b[93m82 ms\u001b[39m","size":"1304","timestamp":"2025-07-04 23:59:54"}
