{"level":"info","message":" Incoming Request \u001b[32mGET\u001b[39m \u001b[34m304\u001b[39m \u001b[35m/api/v1/user/my-profile\u001b[39m \u001b[93m257 ms\u001b[39m","size":0,"timestamp":"2025-07-16 10:05:14"}
{"level":"info","message":" Incoming Request \u001b[32mGET\u001b[39m \u001b[32m201\u001b[39m \u001b[35m/api/v1/job/my-jobs\u001b[39m \u001b[93m260 ms\u001b[39m","size":"1336","timestamp":"2025-07-16 10:10:31"}
{"level":"info","message":" Incoming Request \u001b[32mGET\u001b[39m \u001b[32m201\u001b[39m \u001b[35m/api/v1/job/my-jobs\u001b[39m \u001b[93m321 ms\u001b[39m","size":"473","timestamp":"2025-07-16 10:10:41"}
{"level":"info","message":" Incoming Request \u001b[32mGET\u001b[39m \u001b[32m200\u001b[39m \u001b[35m/api/v1/job/all\u001b[39m \u001b[93m168 ms\u001b[39m","size":"2798","timestamp":"2025-07-16 10:10:49"}
{"level":"info","message":" Incoming Request \u001b[32mGET\u001b[39m \u001b[32m200\u001b[39m \u001b[35m/api/v1/job/single/68761efa339addef51af4cd6\u001b[39m \u001b[93m77 ms\u001b[39m","size":"1118","timestamp":"2025-07-16 10:12:35"}
{"level":"info","message":" Incoming Request \u001b[32mGET\u001b[39m \u001b[32m200\u001b[39m \u001b[35m/api/v1/user/all-user?role=employer\u001b[39m \u001b[93m161 ms\u001b[39m","size":"1620","timestamp":"2025-07-16 10:13:45"}
{"level":"info","message":" Incoming Request \u001b[32mGET\u001b[39m \u001b[32m200\u001b[39m \u001b[35m/api/v1/user/single-user/68734d1fba6d90ec35edd128\u001b[39m \u001b[93m159 ms\u001b[39m","size":"331","timestamp":"2025-07-16 10:14:26"}
{"level":"info","message":" Incoming Request \u001b[32mGET\u001b[39m \u001b[31m404\u001b[39m \u001b[35m/api/v1/user/my-profile\u001b[39m \u001b[93m153 ms\u001b[39m","size":"531","timestamp":"2025-07-16 10:18:39"}
{"level":"info","message":" Incoming Request \u001b[32mGET\u001b[39m \u001b[31m404\u001b[39m \u001b[35m/api/v1/user/my-profile\u001b[39m \u001b[93m152 ms\u001b[39m","size":"531","timestamp":"2025-07-16 10:19:05"}
{"level":"info","message":" Incoming Request \u001b[32mGET\u001b[39m \u001b[31m404\u001b[39m \u001b[35m/api/v1/user/my-profile\u001b[39m \u001b[93m155 ms\u001b[39m","size":"531","timestamp":"2025-07-16 10:19:09"}
{"level":"info","message":" Incoming Request \u001b[32mGET\u001b[39m \u001b[31m404\u001b[39m \u001b[35m/api/v1/user/my-profile\u001b[39m \u001b[93m155 ms\u001b[39m","size":"531","timestamp":"2025-07-16 10:19:27"}
{"level":"info","message":" Incoming Request \u001b[32mGET\u001b[39m \u001b[31m404\u001b[39m \u001b[35m/api/v1/user/my-profile\u001b[39m \u001b[93m151 ms\u001b[39m","size":"531","timestamp":"2025-07-16 10:19:50"}
{"level":"info","message":" Incoming Request \u001b[32mGET\u001b[39m \u001b[34m304\u001b[39m \u001b[35m/api/v1/user/my-profile\u001b[39m \u001b[93m234 ms\u001b[39m","size":0,"timestamp":"2025-07-16 10:37:46"}
{"level":"info","message":" Incoming Request \u001b[32mGET\u001b[39m \u001b[32m201\u001b[39m \u001b[35m/api/v1/job/my-jobs?page=1&limit=10\u001b[39m \u001b[93m231 ms\u001b[39m","size":"1336","timestamp":"2025-07-16 10:41:48"}
{"level":"info","message":" Incoming Request \u001b[32mGET\u001b[39m \u001b[34m304\u001b[39m \u001b[35m/api/v1/user/my-profile\u001b[39m \u001b[93m233 ms\u001b[39m","size":0,"timestamp":"2025-07-16 10:47:46"}
{"level":"info","message":" Incoming Request \u001b[32mGET\u001b[39m \u001b[34m304\u001b[39m \u001b[35m/api/v1/user/my-profile\u001b[39m \u001b[93m824 ms\u001b[39m","size":0,"timestamp":"2025-07-16 10:47:56"}
{"level":"info","message":" Incoming Request \u001b[32mGET\u001b[39m \u001b[32m201\u001b[39m \u001b[35m/api/v1/job/my-jobs?page=1&limit=10\u001b[39m \u001b[93m306 ms\u001b[39m","size":"1336","timestamp":"2025-07-16 10:48:03"}
{"level":"info","message":" Incoming Request \u001b[32mGET\u001b[39m \u001b[32m201\u001b[39m \u001b[35m/api/v1/job/my-jobs?page=2&limit=10\u001b[39m \u001b[93m226 ms\u001b[39m","size":"182","timestamp":"2025-07-16 10:54:41"}
{"level":"info","message":" Incoming Request \u001b[32mGET\u001b[39m \u001b[32m201\u001b[39m \u001b[35m/api/v1/job/my-jobs?page=3&limit=10\u001b[39m \u001b[93m230 ms\u001b[39m","size":"182","timestamp":"2025-07-16 10:54:58"}
{"level":"info","message":" Incoming Request \u001b[32mGET\u001b[39m \u001b[32m201\u001b[39m \u001b[35m/api/v1/job/my-jobs?page=4&limit=10\u001b[39m \u001b[93m229 ms\u001b[39m","size":"182","timestamp":"2025-07-16 10:56:08"}
{"level":"info","message":" Incoming Request \u001b[32mGET\u001b[39m \u001b[32m201\u001b[39m \u001b[35m/api/v1/job/my-jobs?page=5&limit=10\u001b[39m \u001b[93m230 ms\u001b[39m","size":"182","timestamp":"2025-07-16 10:57:46"}
{"level":"info","message":" Incoming Request \u001b[32mGET\u001b[39m \u001b[32m201\u001b[39m \u001b[35m/api/v1/job/my-jobs?page=1&limit=10\u001b[39m \u001b[93m532 ms\u001b[39m","size":"1336","timestamp":"2025-07-16 10:59:23"}
{"level":"info","message":" Incoming Request \u001b[32mGET\u001b[39m \u001b[32m201\u001b[39m \u001b[35m/api/v1/job/my-jobs?page=1&limit=1\u001b[39m \u001b[93m233 ms\u001b[39m","size":"304","timestamp":"2025-07-16 11:01:36"}
{"level":"info","message":" Incoming Request \u001b[32mGET\u001b[39m \u001b[34m304\u001b[39m \u001b[35m/api/v1/user/my-profile\u001b[39m \u001b[93m307 ms\u001b[39m","size":0,"timestamp":"2025-07-16 11:01:45"}
{"level":"info","message":" Incoming Request \u001b[32mGET\u001b[39m \u001b[32m201\u001b[39m \u001b[35m/api/v1/job/my-jobs?page=1&limit=10\u001b[39m \u001b[93m304 ms\u001b[39m","size":"1336","timestamp":"2025-07-16 11:01:46"}
{"level":"info","message":" Incoming Request \u001b[32mGET\u001b[39m \u001b[32m201\u001b[39m \u001b[35m/api/v1/job/my-jobs?page=1&limit=1\u001b[39m \u001b[93m522 ms\u001b[39m","size":"304","timestamp":"2025-07-16 11:01:52"}
{"level":"info","message":" Incoming Request \u001b[32mGET\u001b[39m \u001b[34m304\u001b[39m \u001b[35m/api/v1/user/my-profile\u001b[39m \u001b[93m378 ms\u001b[39m","size":0,"timestamp":"2025-07-16 11:02:12"}
{"level":"info","message":" Incoming Request \u001b[32mGET\u001b[39m \u001b[32m201\u001b[39m \u001b[35m/api/v1/job/my-jobs?page=1&limit=10\u001b[39m \u001b[93m305 ms\u001b[39m","size":"1336","timestamp":"2025-07-16 11:02:15"}
{"level":"info","message":" Incoming Request \u001b[32mGET\u001b[39m \u001b[32m201\u001b[39m \u001b[35m/api/v1/job/my-jobs?page=1&limit=1\u001b[39m \u001b[93m227 ms\u001b[39m","size":"304","timestamp":"2025-07-16 11:02:22"}
{"level":"info","message":" Incoming Request \u001b[32mGET\u001b[39m \u001b[34m304\u001b[39m \u001b[35m/api/v1/user/my-profile\u001b[39m \u001b[93m302 ms\u001b[39m","size":0,"timestamp":"2025-07-16 11:03:12"}
{"level":"info","message":" Incoming Request \u001b[32mGET\u001b[39m \u001b[32m201\u001b[39m \u001b[35m/api/v1/job/my-jobs?page=1&limit=10\u001b[39m \u001b[93m303 ms\u001b[39m","size":"1336","timestamp":"2025-07-16 11:03:15"}
{"level":"info","message":" Incoming Request \u001b[32mGET\u001b[39m \u001b[32m201\u001b[39m \u001b[35m/api/v1/job/my-jobs?page=1&limit=20\u001b[39m \u001b[93m306 ms\u001b[39m","size":"1336","timestamp":"2025-07-16 11:03:20"}
{"level":"info","message":" Incoming Request \u001b[32mGET\u001b[39m \u001b[32m201\u001b[39m \u001b[35m/api/v1/job/my-jobs?page=1&limit=10\u001b[39m \u001b[93m303 ms\u001b[39m","size":"1336","timestamp":"2025-07-16 11:07:55"}
{"level":"info","message":" Incoming Request \u001b[32mGET\u001b[39m \u001b[34m304\u001b[39m \u001b[35m/api/v1/user/my-profile\u001b[39m \u001b[93m306 ms\u001b[39m","size":0,"timestamp":"2025-07-16 11:08:09"}
{"level":"info","message":" Incoming Request \u001b[32mGET\u001b[39m \u001b[32m201\u001b[39m \u001b[35m/api/v1/job/my-jobs?page=1&limit=10\u001b[39m \u001b[93m236 ms\u001b[39m","size":"1336","timestamp":"2025-07-16 11:08:12"}
{"level":"info","message":" Incoming Request \u001b[32mGET\u001b[39m \u001b[32m201\u001b[39m \u001b[35m/api/v1/job/my-jobs\u001b[39m \u001b[93m317 ms\u001b[39m","size":"473","timestamp":"2025-07-16 11:10:10"}
{"level":"info","message":" Incoming Request \u001b[32mGET\u001b[39m \u001b[32m201\u001b[39m \u001b[35m/api/v1/job/my-jobs\u001b[39m \u001b[93m231 ms\u001b[39m","size":"1336","timestamp":"2025-07-16 11:10:54"}
{"level":"info","message":" Incoming Request \u001b[32mGET\u001b[39m \u001b[32m200\u001b[39m \u001b[35m/api/v1/job/single/68736a7b5c4bbdb5437dc284\u001b[39m \u001b[93m80 ms\u001b[39m","size":"1108","timestamp":"2025-07-16 11:16:41"}
{"level":"info","message":" Incoming Request \u001b[32mGET\u001b[39m \u001b[31m404\u001b[39m \u001b[35m/api/v1/job/view-applications/\u001b[39m \u001b[93m5 ms\u001b[39m","size":"1512","timestamp":"2025-07-16 11:21:36"}
{"level":"info","message":" Incoming Request \u001b[32mGET\u001b[39m \u001b[32m201\u001b[39m \u001b[35m/api/v1/job/my-jobs\u001b[39m \u001b[93m1043 ms\u001b[39m","size":"1336","timestamp":"2025-07-16 11:21:53"}
{"level":"info","message":" Incoming Request \u001b[32mGET\u001b[39m \u001b[32m200\u001b[39m \u001b[35m/api/v1/job/single/68761efa339addef51af4cd6\u001b[39m \u001b[93m74 ms\u001b[39m","size":"1118","timestamp":"2025-07-16 11:22:30"}
{"level":"info","message":" Incoming Request \u001b[32mGET\u001b[39m \u001b[32m200\u001b[39m \u001b[35m/api/v1/job/single/68761efa339addef51af4cd6\u001b[39m \u001b[93m73 ms\u001b[39m","size":"1118","timestamp":"2025-07-16 11:23:07"}
{"level":"info","message":" Incoming Request \u001b[32mGET\u001b[39m \u001b[32m201\u001b[39m \u001b[35m/api/v1/job/my-jobs\u001b[39m \u001b[93m236 ms\u001b[39m","size":"1336","timestamp":"2025-07-16 11:24:31"}
{"level":"info","message":" Incoming Request \u001b[32mGET\u001b[39m \u001b[34m304\u001b[39m \u001b[35m/api/v1/user/my-profile\u001b[39m \u001b[93m245 ms\u001b[39m","size":0,"timestamp":"2025-07-16 11:25:38"}
{"level":"info","message":" Incoming Request \u001b[32mGET\u001b[39m \u001b[32m201\u001b[39m \u001b[35m/api/v1/job/my-jobs\u001b[39m \u001b[93m311 ms\u001b[39m","size":"473","timestamp":"2025-07-16 11:27:39"}
{"level":"info","message":" Incoming Request \u001b[32mGET\u001b[39m \u001b[34m304\u001b[39m \u001b[35m/api/v1/user/my-profile\u001b[39m \u001b[93m542 ms\u001b[39m","size":0,"timestamp":"2025-07-16 11:27:52"}
{"level":"info","message":" Incoming Request \u001b[34mPOST\u001b[39m \u001b[32m201\u001b[39m \u001b[35m/api/v1/job/apply/68761c54339addef51af4c91\u001b[39m \u001b[93m252 ms\u001b[39m","size":"856","timestamp":"2025-07-16 11:28:04"}
{"level":"info","message":" Incoming Request \u001b[32mGET\u001b[39m \u001b[32m201\u001b[39m \u001b[35m/api/v1/job/my-jobs\u001b[39m \u001b[93m291 ms\u001b[39m","size":"755","timestamp":"2025-07-16 11:28:12"}
{"level":"info","message":" Incoming Request \u001b[32mGET\u001b[39m \u001b[32m200\u001b[39m \u001b[35m/api/v1/job/view-applications/68761c54339addef51af4c91\u001b[39m \u001b[93m220 ms\u001b[39m","size":"965","timestamp":"2025-07-16 11:28:56"}
{"level":"info","message":" Incoming Request \u001b[32mGET\u001b[39m \u001b[34m304\u001b[39m \u001b[35m/api/v1/user/my-profile\u001b[39m \u001b[93m319 ms\u001b[39m","size":0,"timestamp":"2025-07-16 11:33:21"}
{"level":"info","message":" Incoming Request \u001b[32mGET\u001b[39m \u001b[34m304\u001b[39m \u001b[35m/api/v1/user/my-profile\u001b[39m \u001b[93m607 ms\u001b[39m","size":0,"timestamp":"2025-07-16 11:33:31"}
{"level":"info","message":" Incoming Request \u001b[32mGET\u001b[39m \u001b[34m304\u001b[39m \u001b[35m/api/v1/user/my-profile\u001b[39m \u001b[93m627 ms\u001b[39m","size":0,"timestamp":"2025-07-16 11:34:39"}
{"level":"info","message":" Incoming Request \u001b[32mGET\u001b[39m \u001b[34m304\u001b[39m \u001b[35m/api/v1/user/my-profile\u001b[39m \u001b[93m315 ms\u001b[39m","size":0,"timestamp":"2025-07-16 11:35:31"}
{"level":"info","message":" Incoming Request \u001b[32mGET\u001b[39m \u001b[34m304\u001b[39m \u001b[35m/api/v1/user/my-profile\u001b[39m \u001b[93m327 ms\u001b[39m","size":0,"timestamp":"2025-07-16 11:35:54"}
{"level":"info","message":" Incoming Request \u001b[32mGET\u001b[39m \u001b[32m201\u001b[39m \u001b[35m/api/v1/job/my-jobs?page=1&limit=10\u001b[39m \u001b[93m321 ms\u001b[39m","size":"1336","timestamp":"2025-07-16 11:36:32"}
{"level":"info","message":" Incoming Request \u001b[32mGET\u001b[39m \u001b[34m304\u001b[39m \u001b[35m/api/v1/user/my-profile\u001b[39m \u001b[93m322 ms\u001b[39m","size":0,"timestamp":"2025-07-16 11:36:56"}
{"level":"info","message":" Incoming Request \u001b[32mGET\u001b[39m \u001b[32m201\u001b[39m \u001b[35m/api/v1/job/my-jobs?page=1&limit=10\u001b[39m \u001b[93m242 ms\u001b[39m","size":"1336","timestamp":"2025-07-16 11:36:57"}
{"level":"info","message":" Incoming Request \u001b[32mGET\u001b[39m \u001b[34m304\u001b[39m \u001b[35m/api/v1/user/my-profile\u001b[39m \u001b[93m248 ms\u001b[39m","size":0,"timestamp":"2025-07-16 11:37:29"}
{"level":"info","message":" Incoming Request \u001b[32mGET\u001b[39m \u001b[32m201\u001b[39m \u001b[35m/api/v1/job/my-jobs?page=1&limit=10\u001b[39m \u001b[93m242 ms\u001b[39m","size":"1336","timestamp":"2025-07-16 11:37:30"}
{"level":"info","message":" Incoming Request \u001b[32mGET\u001b[39m \u001b[34m304\u001b[39m \u001b[35m/api/v1/user/my-profile\u001b[39m \u001b[93m244 ms\u001b[39m","size":0,"timestamp":"2025-07-16 11:38:06"}
{"level":"info","message":" Incoming Request \u001b[32mGET\u001b[39m \u001b[32m201\u001b[39m \u001b[35m/api/v1/job/my-jobs?page=1&limit=10\u001b[39m \u001b[93m248 ms\u001b[39m","size":"1336","timestamp":"2025-07-16 11:38:07"}
{"level":"info","message":" Incoming Request \u001b[32mGET\u001b[39m \u001b[34m304\u001b[39m \u001b[35m/api/v1/user/my-profile\u001b[39m \u001b[93m243 ms\u001b[39m","size":0,"timestamp":"2025-07-16 11:38:20"}
{"level":"info","message":" Incoming Request \u001b[32mGET\u001b[39m \u001b[32m201\u001b[39m \u001b[35m/api/v1/job/my-jobs?page=1&limit=10\u001b[39m \u001b[93m242 ms\u001b[39m","size":"1336","timestamp":"2025-07-16 11:38:23"}
{"level":"info","message":" Incoming Request \u001b[32mGET\u001b[39m \u001b[34m304\u001b[39m \u001b[35m/api/v1/user/my-profile\u001b[39m \u001b[93m250 ms\u001b[39m","size":0,"timestamp":"2025-07-16 11:40:04"}
{"level":"info","message":" Incoming Request \u001b[32mGET\u001b[39m \u001b[32m201\u001b[39m \u001b[35m/api/v1/job/my-jobs?page=1&limit=10\u001b[39m \u001b[93m241 ms\u001b[39m","size":"1336","timestamp":"2025-07-16 11:40:05"}
{"level":"info","message":" Incoming Request \u001b[32mGET\u001b[39m \u001b[32m201\u001b[39m \u001b[35m/api/v1/job/my-jobs\u001b[39m \u001b[93m299 ms\u001b[39m","size":"1666","timestamp":"2025-07-16 11:41:25"}
{"level":"info","message":" Incoming Request \u001b[32mGET\u001b[39m \u001b[32m201\u001b[39m \u001b[35m/api/v1/job/my-jobs?page=2\u001b[39m \u001b[93m218 ms\u001b[39m","size":"182","timestamp":"2025-07-16 11:41:32"}
{"level":"info","message":" Incoming Request \u001b[32mGET\u001b[39m \u001b[32m201\u001b[39m \u001b[35m/api/v1/job/my-jobs?page=1\u001b[39m \u001b[93m295 ms\u001b[39m","size":"1666","timestamp":"2025-07-16 11:41:36"}
{"level":"info","message":" Incoming Request \u001b[32mGET\u001b[39m \u001b[34m304\u001b[39m \u001b[35m/api/v1/user/my-profile\u001b[39m \u001b[93m238 ms\u001b[39m","size":0,"timestamp":"2025-07-16 11:42:00"}
{"level":"info","message":" Incoming Request \u001b[32mGET\u001b[39m \u001b[32m201\u001b[39m \u001b[35m/api/v1/job/my-jobs?page=1&limit=10\u001b[39m \u001b[93m239 ms\u001b[39m","size":"1336","timestamp":"2025-07-16 11:42:03"}
{"level":"info","message":" Incoming Request \u001b[32mGET\u001b[39m \u001b[33m500\u001b[39m \u001b[35m/api/v1/job/my-jobs?page=1\u001b[39m \u001b[93m270 ms\u001b[39m","size":"1770","timestamp":"2025-07-16 11:43:45"}
{"level":"info","message":" Incoming Request \u001b[32mGET\u001b[39m \u001b[34m304\u001b[39m \u001b[35m/api/v1/user/my-profile\u001b[39m \u001b[93m242 ms\u001b[39m","size":0,"timestamp":"2025-07-16 11:43:47"}
{"level":"info","message":" Incoming Request \u001b[32mGET\u001b[39m \u001b[32m201\u001b[39m \u001b[35m/api/v1/job/my-jobs?page=1&limit=10\u001b[39m \u001b[93m240 ms\u001b[39m","size":"1336","timestamp":"2025-07-16 11:44:00"}
{"level":"info","message":" Incoming Request \u001b[32mGET\u001b[39m \u001b[32m201\u001b[39m \u001b[35m/api/v1/job/my-jobs?page=1\u001b[39m \u001b[93m769 ms\u001b[39m","size":"1666","timestamp":"2025-07-16 11:44:28"}
{"level":"info","message":" Incoming Request \u001b[32mGET\u001b[39m \u001b[32m200\u001b[39m \u001b[35m/api/v1/job/view-applications/68761c54339addef51af4c91\u001b[39m \u001b[93m219 ms\u001b[39m","size":"965","timestamp":"2025-07-16 11:44:45"}
{"level":"info","message":" Incoming Request \u001b[32mGET\u001b[39m \u001b[32m200\u001b[39m \u001b[35m/api/v1/job/view-applications/68761c54339addef51af4c91\u001b[39m \u001b[93m228 ms\u001b[39m","size":"965","timestamp":"2025-07-16 11:47:40"}
{"level":"info","message":" Incoming Request \u001b[32mGET\u001b[39m \u001b[32m201\u001b[39m \u001b[35m/api/v1/job/my-jobs\u001b[39m \u001b[93m301 ms\u001b[39m","size":"755","timestamp":"2025-07-16 11:48:35"}
{"level":"info","message":" Incoming Request \u001b[32mGET\u001b[39m \u001b[32m201\u001b[39m \u001b[35m/api/v1/job/my-jobs?page=1\u001b[39m \u001b[93m876 ms\u001b[39m","size":"1666","timestamp":"2025-07-16 11:48:47"}
{"level":"info","message":" Incoming Request \u001b[32mGET\u001b[39m \u001b[32m201\u001b[39m \u001b[35m/api/v1/job/my-jobs\u001b[39m \u001b[93m596 ms\u001b[39m","size":"755","timestamp":"2025-07-16 11:49:42"}
{"level":"info","message":" Incoming Request \u001b[32mGET\u001b[39m \u001b[32m201\u001b[39m \u001b[35m/api/v1/job/my-jobs?page=1\u001b[39m \u001b[93m2856 ms\u001b[39m","size":"1666","timestamp":"2025-07-16 11:53:45"}
{"level":"info","message":" Incoming Request \u001b[32mGET\u001b[39m \u001b[32m201\u001b[39m \u001b[35m/api/v1/job/my-jobs\u001b[39m \u001b[93m1201 ms\u001b[39m","size":"1666","timestamp":"2025-07-16 11:54:25"}
{"level":"info","message":" Incoming Request \u001b[32mGET\u001b[39m \u001b[32m201\u001b[39m \u001b[35m/api/v1/job/my-jobs\u001b[39m \u001b[93m1086 ms\u001b[39m","size":"1637","timestamp":"2025-07-16 11:54:54"}
{"level":"info","message":" Incoming Request \u001b[32mGET\u001b[39m \u001b[32m201\u001b[39m \u001b[35m/api/v1/job/my-jobs\u001b[39m \u001b[93m959 ms\u001b[39m","size":"1637","timestamp":"2025-07-16 11:56:09"}
{"level":"info","message":" Incoming Request \u001b[32mGET\u001b[39m \u001b[32m201\u001b[39m \u001b[35m/api/v1/job/my-jobs\u001b[39m \u001b[93m303 ms\u001b[39m","size":"755","timestamp":"2025-07-16 12:01:26"}
{"level":"info","message":" Incoming Request \u001b[32mGET\u001b[39m \u001b[34m304\u001b[39m \u001b[35m/api/v1/user/my-profile\u001b[39m \u001b[93m243 ms\u001b[39m","size":0,"timestamp":"2025-07-16 12:01:50"}
{"level":"info","message":" Incoming Request \u001b[32mGET\u001b[39m \u001b[32m201\u001b[39m \u001b[35m/api/v1/job/my-jobs?page=1&limit=10\u001b[39m \u001b[93m791 ms\u001b[39m","size":"1646","timestamp":"2025-07-16 12:01:52"}
{"level":"info","message":" Incoming Request \u001b[32mGET\u001b[39m \u001b[32m200\u001b[39m \u001b[35m/api/v1/job/view-applications/68761c54339addef51af4c91\u001b[39m \u001b[93m220 ms\u001b[39m","size":"965","timestamp":"2025-07-16 12:02:02"}
{"level":"info","message":" Incoming Request \u001b[32mGET\u001b[39m \u001b[34m304\u001b[39m \u001b[35m/api/v1/user/my-profile\u001b[39m \u001b[93m228 ms\u001b[39m","size":0,"timestamp":"2025-07-16 12:02:11"}
{"level":"info","message":" Incoming Request \u001b[32mGET\u001b[39m \u001b[32m201\u001b[39m \u001b[35m/api/v1/job/my-jobs?page=1&limit=10\u001b[39m \u001b[93m836 ms\u001b[39m","size":"1646","timestamp":"2025-07-16 12:02:13"}
{"level":"info","message":" Incoming Request \u001b[32mGET\u001b[39m \u001b[34m304\u001b[39m \u001b[35m/api/v1/user/my-profile\u001b[39m \u001b[93m225 ms\u001b[39m","size":0,"timestamp":"2025-07-16 12:02:31"}
{"level":"info","message":" Incoming Request \u001b[32mGET\u001b[39m \u001b[32m201\u001b[39m \u001b[35m/api/v1/job/my-jobs?page=1&limit=10\u001b[39m \u001b[93m767 ms\u001b[39m","size":"1646","timestamp":"2025-07-16 12:02:36"}
{"level":"info","message":" Incoming Request \u001b[32mGET\u001b[39m \u001b[34m304\u001b[39m \u001b[35m/api/v1/user/my-profile\u001b[39m \u001b[93m223 ms\u001b[39m","size":0,"timestamp":"2025-07-16 12:04:07"}
{"level":"info","message":" Incoming Request \u001b[32mGET\u001b[39m \u001b[34m304\u001b[39m \u001b[35m/api/v1/user/my-profile\u001b[39m \u001b[93m260 ms\u001b[39m","size":0,"timestamp":"2025-07-16 12:04:32"}
{"level":"info","message":" Incoming Request \u001b[32mGET\u001b[39m \u001b[32m201\u001b[39m \u001b[35m/api/v1/job/my-jobs?page=1&limit=10\u001b[39m \u001b[93m809 ms\u001b[39m","size":"1619","timestamp":"2025-07-16 12:04:38"}
{"level":"info","message":" Incoming Request \u001b[32mGET\u001b[39m \u001b[33m500\u001b[39m \u001b[35m/api/v1/job/view-applications/68761c54339addef51af4c91\u001b[39m \u001b[93m329 ms\u001b[39m","size":"1615","timestamp":"2025-07-16 12:09:01"}
{"level":"info","message":" Incoming Request \u001b[32mGET\u001b[39m \u001b[34m304\u001b[39m \u001b[35m/api/v1/user/my-profile\u001b[39m \u001b[93m236 ms\u001b[39m","size":0,"timestamp":"2025-07-16 12:09:06"}
{"level":"info","message":" Incoming Request \u001b[32mGET\u001b[39m \u001b[32m201\u001b[39m \u001b[35m/api/v1/job/my-jobs?page=1&limit=10\u001b[39m \u001b[93m804 ms\u001b[39m","size":"1619","timestamp":"2025-07-16 12:09:33"}
{"level":"info","message":" Incoming Request \u001b[32mGET\u001b[39m \u001b[34m304\u001b[39m \u001b[35m/api/v1/user/my-profile\u001b[39m \u001b[93m243 ms\u001b[39m","size":0,"timestamp":"2025-07-16 12:10:02"}
{"level":"info","message":" Incoming Request \u001b[32mGET\u001b[39m \u001b[32m200\u001b[39m \u001b[35m/api/v1/job/view-applications/68761c54339addef51af4c91\u001b[39m \u001b[93m391 ms\u001b[39m","size":"1114","timestamp":"2025-07-16 12:10:03"}
{"level":"info","message":" Incoming Request \u001b[32mGET\u001b[39m \u001b[32m201\u001b[39m \u001b[35m/api/v1/job/my-jobs?page=1&limit=10\u001b[39m \u001b[93m779 ms\u001b[39m","size":"1619","timestamp":"2025-07-16 12:10:10"}
{"level":"info","message":" Incoming Request \u001b[32mGET\u001b[39m \u001b[34m304\u001b[39m \u001b[35m/api/v1/user/my-profile\u001b[39m \u001b[93m218 ms\u001b[39m","size":0,"timestamp":"2025-07-16 12:11:57"}
{"level":"info","message":" Incoming Request \u001b[32mGET\u001b[39m \u001b[32m201\u001b[39m \u001b[35m/api/v1/job/my-jobs?page=1&limit=10\u001b[39m \u001b[93m306 ms\u001b[39m","size":"1619","timestamp":"2025-07-16 12:12:02"}
{"level":"info","message":" Incoming Request \u001b[32mGET\u001b[39m \u001b[34m304\u001b[39m \u001b[35m/api/v1/user/my-profile\u001b[39m \u001b[93m318 ms\u001b[39m","size":0,"timestamp":"2025-07-16 12:12:48"}
{"level":"info","message":" Incoming Request \u001b[32mGET\u001b[39m \u001b[32m200\u001b[39m \u001b[35m/api/v1/job/view-applications/68761c54339addef51af4c91\u001b[39m \u001b[93m374 ms\u001b[39m","size":"376","timestamp":"2025-07-16 12:19:06"}
{"level":"info","message":" Incoming Request \u001b[32mGET\u001b[39m \u001b[32m200\u001b[39m \u001b[35m/api/v1/job/view-applications/68761c54339addef51af4c91\u001b[39m \u001b[93m402 ms\u001b[39m","size":"967","timestamp":"2025-07-16 12:20:00"}
{"level":"info","message":" Incoming Request \u001b[32mGET\u001b[39m \u001b[32m200\u001b[39m \u001b[35m/api/v1/job/view-applications/68761c54339addef51af4c91\u001b[39m \u001b[93m379 ms\u001b[39m","size":"995","timestamp":"2025-07-16 12:21:10"}
{"level":"info","message":" Incoming Request \u001b[32mGET\u001b[39m \u001b[32m200\u001b[39m \u001b[35m/api/v1/job/view-applications/68761c54339addef51af4c91\u001b[39m \u001b[93m424 ms\u001b[39m","size":"967","timestamp":"2025-07-16 12:21:45"}
{"level":"info","message":" Incoming Request \u001b[32mGET\u001b[39m \u001b[34m304\u001b[39m \u001b[35m/api/v1/user/my-profile\u001b[39m \u001b[93m245 ms\u001b[39m","size":0,"timestamp":"2025-07-16 12:30:17"}
{"level":"info","message":" Incoming Request \u001b[32mGET\u001b[39m \u001b[32m201\u001b[39m \u001b[35m/api/v1/job/my-jobs?page=1&limit=10\u001b[39m \u001b[93m323 ms\u001b[39m","size":"1619","timestamp":"2025-07-16 12:30:23"}
{"level":"info","message":" Incoming Request \u001b[32mGET\u001b[39m \u001b[34m304\u001b[39m \u001b[35m/api/v1/user/my-profile\u001b[39m \u001b[93m237 ms\u001b[39m","size":0,"timestamp":"2025-07-16 12:31:17"}
{"level":"info","message":" Incoming Request \u001b[32mGET\u001b[39m \u001b[32m201\u001b[39m \u001b[35m/api/v1/job/my-jobs?page=1&limit=10\u001b[39m \u001b[93m320 ms\u001b[39m","size":"1619","timestamp":"2025-07-16 12:31:23"}
{"level":"info","message":" Incoming Request \u001b[32mGET\u001b[39m \u001b[34m304\u001b[39m \u001b[35m/api/v1/user/my-profile\u001b[39m \u001b[93m242 ms\u001b[39m","size":0,"timestamp":"2025-07-16 12:32:58"}
{"level":"info","message":" Incoming Request \u001b[32mGET\u001b[39m \u001b[32m201\u001b[39m \u001b[35m/api/v1/job/my-jobs?page=1&limit=10\u001b[39m \u001b[93m321 ms\u001b[39m","size":"1619","timestamp":"2025-07-16 12:33:08"}
{"level":"info","message":" Incoming Request \u001b[32mGET\u001b[39m \u001b[34m304\u001b[39m \u001b[35m/api/v1/user/my-profile\u001b[39m \u001b[93m245 ms\u001b[39m","size":0,"timestamp":"2025-07-16 12:33:20"}
{"level":"info","message":" Incoming Request \u001b[32mGET\u001b[39m \u001b[32m201\u001b[39m \u001b[35m/api/v1/job/my-jobs?page=1&limit=10\u001b[39m \u001b[93m317 ms\u001b[39m","size":"1619","timestamp":"2025-07-16 12:33:26"}
{"level":"info","message":" Incoming Request \u001b[32mGET\u001b[39m \u001b[31m400\u001b[39m \u001b[35m/api/v1/job/view-applications/68761c54339addef51af4c91\u001b[39m \u001b[93m3 ms\u001b[39m","size":"1502","timestamp":"2025-07-16 12:34:03"}
{"level":"info","message":" Incoming Request \u001b[32mGET\u001b[39m \u001b[32m200\u001b[39m \u001b[35m/api/v1/job/view-applications/68761c54339addef51af4c91\u001b[39m \u001b[93m408 ms\u001b[39m","size":"967","timestamp":"2025-07-16 12:34:20"}
{"level":"info","message":" Incoming Request \u001b[32mGET\u001b[39m \u001b[34m304\u001b[39m \u001b[35m/api/v1/user/my-profile\u001b[39m \u001b[93m650 ms\u001b[39m","size":0,"timestamp":"2025-07-16 12:34:25"}
{"level":"info","message":" Incoming Request \u001b[32mGET\u001b[39m \u001b[32m201\u001b[39m \u001b[35m/api/v1/job/my-jobs?page=1&limit=10\u001b[39m \u001b[93m320 ms\u001b[39m","size":"1619","timestamp":"2025-07-16 12:34:29"}
{"level":"info","message":" Incoming Request \u001b[32mGET\u001b[39m \u001b[34m304\u001b[39m \u001b[35m/api/v1/user/my-profile\u001b[39m \u001b[93m242 ms\u001b[39m","size":0,"timestamp":"2025-07-16 12:38:10"}
{"level":"info","message":" Incoming Request \u001b[32mGET\u001b[39m \u001b[32m201\u001b[39m \u001b[35m/api/v1/job/my-jobs?page=1&limit=10\u001b[39m \u001b[93m327 ms\u001b[39m","size":"1619","timestamp":"2025-07-16 12:38:15"}
{"level":"info","message":" Incoming Request \u001b[32mGET\u001b[39m \u001b[32m200\u001b[39m \u001b[35m/api/v1/job/view-applications/68761c54339addef51af4c91\u001b[39m \u001b[93m415 ms\u001b[39m","size":"967","timestamp":"2025-07-16 12:40:27"}
{"level":"info","message":" Incoming Request \u001b[32mGET\u001b[39m \u001b[31m400\u001b[39m \u001b[35m/api/v1/job/single-apply/687738648a5305ae696fb090\u001b[39m \u001b[93m2 ms\u001b[39m","size":"1502","timestamp":"2025-07-16 12:40:38"}
{"level":"info","message":" Incoming Request \u001b[32mGET\u001b[39m \u001b[32m200\u001b[39m \u001b[35m/api/v1/job/single-apply/687738648a5305ae696fb090\u001b[39m \u001b[93m246 ms\u001b[39m","size":"1285","timestamp":"2025-07-16 12:40:49"}
{"level":"info","message":" Incoming Request \u001b[32mGET\u001b[39m \u001b[32m200\u001b[39m \u001b[35m/api/v1/job/single-apply/687738648a5305ae696fb090\u001b[39m \u001b[93m250 ms\u001b[39m","size":"1954","timestamp":"2025-07-16 12:42:13"}
{"level":"info","message":" Incoming Request \u001b[32mGET\u001b[39m \u001b[32m200\u001b[39m \u001b[35m/api/v1/job/single-apply/687738648a5305ae696fb090\u001b[39m \u001b[93m263 ms\u001b[39m","size":"1954","timestamp":"2025-07-16 12:52:05"}
{"level":"info","message":" Incoming Request \u001b[32mGET\u001b[39m \u001b[34m304\u001b[39m \u001b[35m/api/v1/user/my-profile\u001b[39m \u001b[93m258 ms\u001b[39m","size":0,"timestamp":"2025-07-16 12:57:46"}
{"level":"info","message":" Incoming Request \u001b[32mGET\u001b[39m \u001b[32m201\u001b[39m \u001b[35m/api/v1/job/my-jobs?page=1&limit=10\u001b[39m \u001b[93m332 ms\u001b[39m","size":"1619","timestamp":"2025-07-16 12:58:09"}
{"level":"info","message":" Incoming Request \u001b[32mGET\u001b[39m \u001b[34m304\u001b[39m \u001b[35m/api/v1/user/my-profile\u001b[39m \u001b[93m247 ms\u001b[39m","size":0,"timestamp":"2025-07-16 12:59:12"}
{"level":"info","message":" Incoming Request \u001b[32mGET\u001b[39m \u001b[32m201\u001b[39m \u001b[35m/api/v1/job/my-jobs?page=1&limit=10\u001b[39m \u001b[93m329 ms\u001b[39m","size":"1619","timestamp":"2025-07-16 12:59:17"}
{"level":"info","message":" Incoming Request \u001b[32mGET\u001b[39m \u001b[34m304\u001b[39m \u001b[35m/api/v1/user/my-profile\u001b[39m \u001b[93m271 ms\u001b[39m","size":0,"timestamp":"2025-07-16 13:18:44"}
{"level":"info","message":" Incoming Request \u001b[32mGET\u001b[39m \u001b[32m201\u001b[39m \u001b[35m/api/v1/job/my-jobs?page=1&limit=10\u001b[39m \u001b[93m358 ms\u001b[39m","size":"1619","timestamp":"2025-07-16 13:18:49"}
{"level":"info","message":" Incoming Request \u001b[32mGET\u001b[39m \u001b[34m304\u001b[39m \u001b[35m/api/v1/user/my-profile\u001b[39m \u001b[93m268 ms\u001b[39m","size":0,"timestamp":"2025-07-16 13:19:00"}
{"level":"info","message":" Incoming Request \u001b[32mGET\u001b[39m \u001b[32m201\u001b[39m \u001b[35m/api/v1/job/my-jobs?page=1&limit=10\u001b[39m \u001b[93m353 ms\u001b[39m","size":"1619","timestamp":"2025-07-16 13:19:03"}
{"level":"info","message":" Incoming Request \u001b[32mGET\u001b[39m \u001b[34m304\u001b[39m \u001b[35m/api/v1/user/my-profile\u001b[39m \u001b[93m277 ms\u001b[39m","size":0,"timestamp":"2025-07-16 13:19:32"}
{"level":"info","message":" Incoming Request \u001b[32mGET\u001b[39m \u001b[32m201\u001b[39m \u001b[35m/api/v1/job/my-jobs?page=1&limit=10\u001b[39m \u001b[93m349 ms\u001b[39m","size":"1619","timestamp":"2025-07-16 13:19:33"}
{"level":"info","message":" Incoming Request \u001b[32mGET\u001b[39m \u001b[34m304\u001b[39m \u001b[35m/api/v1/user/my-profile\u001b[39m \u001b[93m267 ms\u001b[39m","size":0,"timestamp":"2025-07-16 13:21:31"}
{"level":"info","message":" Incoming Request \u001b[32mGET\u001b[39m \u001b[32m201\u001b[39m \u001b[35m/api/v1/job/my-jobs?page=1&limit=10\u001b[39m \u001b[93m357 ms\u001b[39m","size":"1619","timestamp":"2025-07-16 13:21:41"}
{"level":"info","message":" Incoming Request \u001b[32mGET\u001b[39m \u001b[32m201\u001b[39m \u001b[35m/api/v1/job/my-jobs?page=1&limit=10\u001b[39m \u001b[93m355 ms\u001b[39m","size":"1619","timestamp":"2025-07-16 13:32:43"}
{"level":"info","message":" Incoming Request \u001b[32mGET\u001b[39m \u001b[34m304\u001b[39m \u001b[35m/api/v1/user/my-profile\u001b[39m \u001b[93m265 ms\u001b[39m","size":0,"timestamp":"2025-07-16 13:33:22"}
{"level":"info","message":" Incoming Request \u001b[32mGET\u001b[39m \u001b[32m201\u001b[39m \u001b[35m/api/v1/job/my-jobs?page=1&limit=10\u001b[39m \u001b[93m343 ms\u001b[39m","size":"1619","timestamp":"2025-07-16 13:33:26"}
{"level":"info","message":" Incoming Request \u001b[32mGET\u001b[39m \u001b[34m304\u001b[39m \u001b[35m/api/v1/user/my-profile\u001b[39m \u001b[93m270 ms\u001b[39m","size":0,"timestamp":"2025-07-16 13:33:40"}
{"level":"info","message":" Incoming Request \u001b[32mGET\u001b[39m \u001b[32m201\u001b[39m \u001b[35m/api/v1/job/my-jobs?page=1&limit=10\u001b[39m \u001b[93m356 ms\u001b[39m","size":"1619","timestamp":"2025-07-16 13:33:43"}
{"level":"info","message":" Incoming Request \u001b[32mGET\u001b[39m \u001b[34m304\u001b[39m \u001b[35m/api/v1/user/my-profile\u001b[39m \u001b[93m180 ms\u001b[39m","size":0,"timestamp":"2025-07-16 13:40:12"}
{"level":"info","message":" Incoming Request \u001b[32mGET\u001b[39m \u001b[32m201\u001b[39m \u001b[35m/api/v1/job/my-jobs?page=1&limit=10\u001b[39m \u001b[93m358 ms\u001b[39m","size":"1618","timestamp":"2025-07-16 14:11:24"}
{"level":"info","message":" Incoming Request \u001b[32mGET\u001b[39m \u001b[34m304\u001b[39m \u001b[35m/api/v1/user/my-profile\u001b[39m \u001b[93m263 ms\u001b[39m","size":0,"timestamp":"2025-07-16 14:12:33"}
{"level":"info","message":" Incoming Request \u001b[32mGET\u001b[39m \u001b[32m201\u001b[39m \u001b[35m/api/v1/job/my-jobs?page=1&limit=10\u001b[39m \u001b[93m353 ms\u001b[39m","size":"1618","timestamp":"2025-07-16 14:12:34"}
{"level":"info","message":" Incoming Request \u001b[32mGET\u001b[39m \u001b[34m304\u001b[39m \u001b[35m/api/v1/user/my-profile\u001b[39m \u001b[93m266 ms\u001b[39m","size":0,"timestamp":"2025-07-16 14:12:42"}
{"level":"info","message":" Incoming Request \u001b[32mGET\u001b[39m \u001b[32m201\u001b[39m \u001b[35m/api/v1/job/my-jobs?page=1&limit=10\u001b[39m \u001b[93m357 ms\u001b[39m","size":"1618","timestamp":"2025-07-16 14:12:44"}
{"level":"info","message":" Incoming Request \u001b[32mGET\u001b[39m \u001b[32m201\u001b[39m \u001b[35m/api/v1/subscription?\u001b[39m \u001b[93m99 ms\u001b[39m","size":"1375","timestamp":"2025-07-16 14:12:48"}
{"level":"info","message":" Incoming Request \u001b[32mGET\u001b[39m \u001b[34m304\u001b[39m \u001b[35m/api/v1/user/my-profile\u001b[39m \u001b[93m260 ms\u001b[39m","size":0,"timestamp":"2025-07-16 14:21:39"}
{"level":"info","message":" Incoming Request \u001b[32mGET\u001b[39m \u001b[32m201\u001b[39m \u001b[35m/api/v1/job/my-jobs?page=1&limit=10\u001b[39m \u001b[93m347 ms\u001b[39m","size":"1618","timestamp":"2025-07-16 14:21:59"}
{"level":"info","message":" Incoming Request \u001b[32mGET\u001b[39m \u001b[32m200\u001b[39m \u001b[35m/api/v1/job/my-job-alerts\u001b[39m \u001b[93m91 ms\u001b[39m","size":"77","timestamp":"2025-07-16 14:39:28"}
{"level":"info","message":" Incoming Request \u001b[32mGET\u001b[39m \u001b[32m200\u001b[39m \u001b[35m/api/v1/job/my-job-alerts\u001b[39m \u001b[93m168 ms\u001b[39m","size":"77","timestamp":"2025-07-16 14:40:21"}
{"level":"info","message":" Incoming Request \u001b[32mGET\u001b[39m \u001b[32m200\u001b[39m \u001b[35m/api/v1/job/all\u001b[39m \u001b[93m157 ms\u001b[39m","size":"2797","timestamp":"2025-07-16 14:40:57"}
{"level":"info","message":" Incoming Request \u001b[32mGET\u001b[39m \u001b[32m200\u001b[39m \u001b[35m/api/v1/job/all\u001b[39m \u001b[93m169 ms\u001b[39m","size":"2797","timestamp":"2025-07-16 14:45:46"}
{"level":"info","message":" Incoming Request \u001b[32mGET\u001b[39m \u001b[32m200\u001b[39m \u001b[35m/api/v1/job/my-job-alerts\u001b[39m \u001b[93m170 ms\u001b[39m","size":"77","timestamp":"2025-07-16 14:46:42"}
{"level":"info","message":" Incoming Request \u001b[32mGET\u001b[39m \u001b[32m200\u001b[39m \u001b[35m/api/v1/job/all\u001b[39m \u001b[93m180 ms\u001b[39m","size":"2788","timestamp":"2025-07-16 14:52:23"}
{"level":"info","message":" Incoming Request \u001b[32mGET\u001b[39m \u001b[32m200\u001b[39m \u001b[35m/api/v1/job/my-job-alerts\u001b[39m \u001b[93m257 ms\u001b[39m","size":"87","timestamp":"2025-07-16 14:57:19"}
{"level":"info","message":" Incoming Request \u001b[32mGET\u001b[39m \u001b[32m200\u001b[39m \u001b[35m/api/v1/job/my-job-alerts\u001b[39m \u001b[93m237 ms\u001b[39m","size":"87","timestamp":"2025-07-16 15:02:11"}
{"level":"info","message":" Incoming Request \u001b[32mGET\u001b[39m \u001b[32m200\u001b[39m \u001b[35m/api/v1/job/my-job-alerts\u001b[39m \u001b[93m234 ms\u001b[39m","size":"87","timestamp":"2025-07-16 15:03:43"}
{"level":"info","message":" Incoming Request \u001b[32mGET\u001b[39m \u001b[32m200\u001b[39m \u001b[35m/api/v1/job/all\u001b[39m \u001b[93m818 ms\u001b[39m","size":"2797","timestamp":"2025-07-16 15:04:36"}
{"level":"info","message":" Incoming Request \u001b[32mGET\u001b[39m \u001b[32m200\u001b[39m \u001b[35m/api/v1/job/all\u001b[39m \u001b[93m324 ms\u001b[39m","size":"2797","timestamp":"2025-07-16 15:09:17"}
{"level":"info","message":" Incoming Request \u001b[32mGET\u001b[39m \u001b[32m200\u001b[39m \u001b[35m/api/v1/job/my-job-alerts\u001b[39m \u001b[93m173 ms\u001b[39m","size":"77","timestamp":"2025-07-16 15:09:27"}
{"level":"info","message":" Incoming Request \u001b[32mGET\u001b[39m \u001b[32m200\u001b[39m \u001b[35m/api/v1/job/my-job-alerts\u001b[39m \u001b[93m165 ms\u001b[39m","size":"77","timestamp":"2025-07-16 15:09:45"}
{"level":"info","message":" Incoming Request \u001b[32mGET\u001b[39m \u001b[32m201\u001b[39m \u001b[35m/api/v1/job/my-jobs?page=1&limit=10\u001b[39m \u001b[93m1286 ms\u001b[39m","size":"1618","timestamp":"2025-07-16 16:03:42"}
{"level":"info","message":" Incoming Request \u001b[32mGET\u001b[39m \u001b[32m200\u001b[39m \u001b[35m/api/v1/job/my-job-alerts\u001b[39m \u001b[93m183 ms\u001b[39m","size":"77","timestamp":"2025-07-16 16:04:26"}
{"level":"info","message":" Incoming Request \u001b[32mGET\u001b[39m \u001b[32m200\u001b[39m \u001b[35m/api/v1/job/my-job-alerts\u001b[39m \u001b[93m162 ms\u001b[39m","size":"77","timestamp":"2025-07-16 16:04:55"}
{"level":"info","message":" Incoming Request \u001b[32mGET\u001b[39m \u001b[32m200\u001b[39m \u001b[35m/api/v1/job/my-job-alerts\u001b[39m \u001b[93m167 ms\u001b[39m","size":"77","timestamp":"2025-07-16 16:13:50"}
{"level":"info","message":" Incoming Request \u001b[32mGET\u001b[39m \u001b[34m304\u001b[39m \u001b[35m/api/v1/user/my-profile\u001b[39m \u001b[93m316 ms\u001b[39m","size":0,"timestamp":"2025-07-16 16:18:21"}
{"level":"info","message":" Incoming Request \u001b[32mGET\u001b[39m \u001b[32m200\u001b[39m \u001b[35m/api/v1/job/my-job-alerts\u001b[39m \u001b[93m172 ms\u001b[39m","size":"77","timestamp":"2025-07-16 16:19:21"}
{"level":"info","message":" Incoming Request \u001b[32mGET\u001b[39m \u001b[34m304\u001b[39m \u001b[35m/api/v1/user/my-profile\u001b[39m \u001b[93m236 ms\u001b[39m","size":0,"timestamp":"2025-07-16 16:20:15"}
{"level":"info","message":" Incoming Request \u001b[32mGET\u001b[39m \u001b[32m201\u001b[39m \u001b[35m/api/v1/job/my-jobs?page=1&limit=10\u001b[39m \u001b[93m877 ms\u001b[39m","size":"1618","timestamp":"2025-07-16 16:22:21"}
{"level":"info","message":" Incoming Request \u001b[32mGET\u001b[39m \u001b[34m304\u001b[39m \u001b[35m/api/v1/user/my-profile\u001b[39m \u001b[93m245 ms\u001b[39m","size":0,"timestamp":"2025-07-16 16:22:41"}
{"level":"info","message":" Incoming Request \u001b[32mGET\u001b[39m \u001b[32m201\u001b[39m \u001b[35m/api/v1/job/my-jobs?page=1&limit=10\u001b[39m \u001b[93m1105 ms\u001b[39m","size":"1618","timestamp":"2025-07-16 16:22:50"}
{"level":"info","message":" Incoming Request \u001b[32mGET\u001b[39m \u001b[34m304\u001b[39m \u001b[35m/api/v1/user/my-profile\u001b[39m \u001b[93m954 ms\u001b[39m","size":0,"timestamp":"2025-07-16 16:23:08"}
{"level":"info","message":" Incoming Request \u001b[32mGET\u001b[39m \u001b[32m201\u001b[39m \u001b[35m/api/v1/job/my-jobs?page=1&limit=10\u001b[39m \u001b[93m377 ms\u001b[39m","size":"1618","timestamp":"2025-07-16 16:23:29"}
{"level":"info","message":" Incoming Request \u001b[32mGET\u001b[39m \u001b[34m304\u001b[39m \u001b[35m/api/v1/user/my-profile\u001b[39m \u001b[93m239 ms\u001b[39m","size":0,"timestamp":"2025-07-16 16:23:40"}
{"level":"info","message":" Incoming Request \u001b[32mGET\u001b[39m \u001b[32m200\u001b[39m \u001b[35m/api/v1/job/my-job-alerts\u001b[39m \u001b[93m171 ms\u001b[39m","size":"77","timestamp":"2025-07-16 16:23:58"}
{"level":"info","message":" Incoming Request \u001b[32mGET\u001b[39m \u001b[32m200\u001b[39m \u001b[35m/api/v1/job/my-job-alerts\u001b[39m \u001b[93m738 ms\u001b[39m","size":"77","timestamp":"2025-07-16 16:24:48"}
{"level":"info","message":" Incoming Request \u001b[32mGET\u001b[39m \u001b[32m200\u001b[39m \u001b[35m/api/v1/job/my-job-alerts\u001b[39m \u001b[93m162 ms\u001b[39m","size":"77","timestamp":"2025-07-16 16:25:19"}
{"level":"info","message":" Incoming Request \u001b[32mGET\u001b[39m \u001b[34m304\u001b[39m \u001b[35m/api/v1/user/my-profile\u001b[39m \u001b[93m616 ms\u001b[39m","size":0,"timestamp":"2025-07-16 16:26:43"}
{"level":"info","message":" Incoming Request \u001b[32mGET\u001b[39m \u001b[32m200\u001b[39m \u001b[35m/api/v1/job/my-job-alerts\u001b[39m \u001b[93m527 ms\u001b[39m","size":"77","timestamp":"2025-07-16 16:28:03"}
{"level":"info","message":" Incoming Request \u001b[32mGET\u001b[39m \u001b[32m200\u001b[39m \u001b[35m/api/v1/job/my-job-alerts\u001b[39m \u001b[93m246 ms\u001b[39m","size":"77","timestamp":"2025-07-16 16:28:45"}
{"level":"info","message":" Incoming Request \u001b[32mGET\u001b[39m \u001b[34m304\u001b[39m \u001b[35m/api/v1/user/my-profile\u001b[39m \u001b[93m235 ms\u001b[39m","size":0,"timestamp":"2025-07-16 16:29:04"}
{"level":"info","message":" Incoming Request \u001b[32mGET\u001b[39m \u001b[34m304\u001b[39m \u001b[35m/api/v1/user/my-profile\u001b[39m \u001b[93m233 ms\u001b[39m","size":0,"timestamp":"2025-07-16 16:29:35"}
{"level":"info","message":" Incoming Request \u001b[32mGET\u001b[39m \u001b[32m201\u001b[39m \u001b[35m/api/v1/job/my-jobs?page=1&limit=10\u001b[39m \u001b[93m322 ms\u001b[39m","size":"1618","timestamp":"2025-07-16 16:29:42"}
{"level":"info","message":" Incoming Request \u001b[32mGET\u001b[39m \u001b[34m304\u001b[39m \u001b[35m/api/v1/user/my-profile\u001b[39m \u001b[93m232 ms\u001b[39m","size":0,"timestamp":"2025-07-16 16:30:02"}
{"level":"info","message":" Incoming Request \u001b[32mGET\u001b[39m \u001b[32m201\u001b[39m \u001b[35m/api/v1/job/my-jobs?page=1&limit=10\u001b[39m \u001b[93m316 ms\u001b[39m","size":"1618","timestamp":"2025-07-16 16:30:24"}
{"level":"info","message":" Incoming Request \u001b[32mGET\u001b[39m \u001b[32m200\u001b[39m \u001b[35m/api/v1/job/single/68761efa339addef51af4cd6\u001b[39m \u001b[93m82 ms\u001b[39m","size":"1118","timestamp":"2025-07-16 16:30:33"}
{"level":"info","message":" Incoming Request \u001b[32mGET\u001b[39m \u001b[31m400\u001b[39m \u001b[35m/api/v1/job/my-jobs\u001b[39m \u001b[93m2 ms\u001b[39m","size":"1447","timestamp":"2025-07-16 16:31:28"}
{"level":"info","message":" Incoming Request \u001b[32mGET\u001b[39m \u001b[31m400\u001b[39m \u001b[35m/api/v1/job/my-jobs\u001b[39m \u001b[93m1 ms\u001b[39m","size":"1447","timestamp":"2025-07-16 16:31:46"}
{"level":"info","message":" Incoming Request \u001b[32mGET\u001b[39m \u001b[32m201\u001b[39m \u001b[35m/api/v1/job/my-jobs\u001b[39m \u001b[93m917 ms\u001b[39m","size":"1618","timestamp":"2025-07-16 16:34:00"}
{"level":"info","message":" Incoming Request \u001b[32mGET\u001b[39m \u001b[32m201\u001b[39m \u001b[35m/api/v1/job/my-jobs?jobType=Contract\u001b[39m \u001b[93m344 ms\u001b[39m","size":"445","timestamp":"2025-07-16 16:34:39"}
{"level":"info","message":" Incoming Request \u001b[32mGET\u001b[39m \u001b[34m304\u001b[39m \u001b[35m/api/v1/user/my-profile\u001b[39m \u001b[93m238 ms\u001b[39m","size":0,"timestamp":"2025-07-16 16:37:27"}
{"level":"info","message":" Incoming Request \u001b[32mGET\u001b[39m \u001b[32m200\u001b[39m \u001b[35m/api/v1/category/all?\u001b[39m \u001b[93m81 ms\u001b[39m","size":"1300","timestamp":"2025-07-16 16:40:45"}
{"level":"info","message":" Incoming Request \u001b[32mGET\u001b[39m \u001b[32m201\u001b[39m \u001b[35m/api/v1/job/my-jobs?searchTerm=d\u001b[39m \u001b[93m1285 ms\u001b[39m","size":"1618","timestamp":"2025-07-16 16:44:15"}
{"level":"info","message":" Incoming Request \u001b[32mGET\u001b[39m \u001b[32m201\u001b[39m \u001b[35m/api/v1/job/my-jobs?page=1&limit=10\u001b[39m \u001b[93m317 ms\u001b[39m","size":"1618","timestamp":"2025-07-16 16:46:41"}
{"level":"info","message":" Incoming Request \u001b[32mGET\u001b[39m \u001b[32m200\u001b[39m \u001b[35m/api/v1/job/my-job-alerts\u001b[39m \u001b[93m236 ms\u001b[39m","size":"77","timestamp":"2025-07-16 16:49:25"}
{"level":"info","message":" Incoming Request \u001b[32mGET\u001b[39m \u001b[32m200\u001b[39m \u001b[35m/api/v1/job/my-job-alerts\u001b[39m \u001b[93m240 ms\u001b[39m","size":"77","timestamp":"2025-07-16 16:52:56"}
{"level":"info","message":" Incoming Request \u001b[32mGET\u001b[39m \u001b[32m200\u001b[39m \u001b[35m/api/v1/job/my-job-alerts\u001b[39m \u001b[93m240 ms\u001b[39m","size":"3100","timestamp":"2025-07-16 16:58:34"}
{"level":"info","message":" Incoming Request \u001b[32mGET\u001b[39m \u001b[32m201\u001b[39m \u001b[35m/api/v1/job/my-jobs?page=1&limit=10&jobType=Freelance\u001b[39m \u001b[93m313 ms\u001b[39m","size":"1618","timestamp":"2025-07-16 16:59:47"}
{"level":"info","message":" Incoming Request \u001b[32mGET\u001b[39m \u001b[32m201\u001b[39m \u001b[35m/api/v1/job/my-jobs?page=1&limit=10&jobType=Soft-Skill\u001b[39m \u001b[93m234 ms\u001b[39m","size":"181","timestamp":"2025-07-16 17:02:37"}
{"level":"info","message":" Incoming Request \u001b[32mGET\u001b[39m \u001b[32m201\u001b[39m \u001b[35m/api/v1/job/my-jobs?page=1&limit=10&jobType=Full-Time\u001b[39m \u001b[93m302 ms\u001b[39m","size":"614","timestamp":"2025-07-16 17:02:41"}
{"level":"info","message":" Incoming Request \u001b[32mGET\u001b[39m \u001b[32m201\u001b[39m \u001b[35m/api/v1/job/my-jobs?page=1&limit=10&jobType=Vocational\u001b[39m \u001b[93m303 ms\u001b[39m","size":"918","timestamp":"2025-07-16 17:02:46"}
{"level":"info","message":" Incoming Request \u001b[32mGET\u001b[39m \u001b[32m201\u001b[39m \u001b[35m/api/v1/job/my-jobs?page=1&limit=10&jobType=All\u001b[39m \u001b[93m226 ms\u001b[39m","size":"181","timestamp":"2025-07-16 17:02:50"}
{"level":"info","message":" Incoming Request \u001b[32mGET\u001b[39m \u001b[32m201\u001b[39m \u001b[35m/api/v1/job/my-jobs?page=1&limit=10&jobType=Part-Time\u001b[39m \u001b[93m233 ms\u001b[39m","size":"181","timestamp":"2025-07-16 17:02:58"}
{"level":"info","message":" Incoming Request \u001b[32mGET\u001b[39m \u001b[33m500\u001b[39m \u001b[35m/api/v1/job/my-job-alerts\u001b[39m \u001b[93m524 ms\u001b[39m","size":"655","timestamp":"2025-07-16 17:05:18"}
{"level":"info","message":" Incoming Request \u001b[32mGET\u001b[39m \u001b[33m500\u001b[39m \u001b[35m/api/v1/job/my-job-alerts\u001b[39m \u001b[93m238 ms\u001b[39m","size":"655","timestamp":"2025-07-16 17:11:10"}
{"level":"info","message":" Incoming Request \u001b[32mGET\u001b[39m \u001b[33m500\u001b[39m \u001b[35m/api/v1/job/my-job-alerts\u001b[39m \u001b[93m249 ms\u001b[39m","size":"1254","timestamp":"2025-07-16 17:12:24"}
{"level":"info","message":" Incoming Request \u001b[32mGET\u001b[39m \u001b[32m200\u001b[39m \u001b[35m/api/v1/job/my-job-alerts\u001b[39m \u001b[93m603 ms\u001b[39m","size":"3173","timestamp":"2025-07-16 17:12:58"}
{"level":"info","message":" Incoming Request \u001b[32mGET\u001b[39m \u001b[32m200\u001b[39m \u001b[35m/api/v1/job/my-job-alerts\u001b[39m \u001b[93m390 ms\u001b[39m","size":"3173","timestamp":"2025-07-16 17:13:59"}
{"level":"info","message":" Incoming Request \u001b[32mGET\u001b[39m \u001b[32m200\u001b[39m \u001b[35m/api/v1/job/my-job-alerts?page=2\u001b[39m \u001b[93m306 ms\u001b[39m","size":"3173","timestamp":"2025-07-16 17:14:21"}
{"level":"info","message":" Incoming Request \u001b[32mGET\u001b[39m \u001b[32m200\u001b[39m \u001b[35m/api/v1/job/my-job-alerts?page=5\u001b[39m \u001b[93m300 ms\u001b[39m","size":"3173","timestamp":"2025-07-16 17:14:35"}
{"level":"info","message":" Incoming Request \u001b[32mGET\u001b[39m \u001b[34m304\u001b[39m \u001b[35m/api/v1/user/my-profile\u001b[39m \u001b[93m247 ms\u001b[39m","size":0,"timestamp":"2025-07-16 17:17:21"}
{"level":"info","message":" Incoming Request \u001b[32mGET\u001b[39m \u001b[34m304\u001b[39m \u001b[35m/api/v1/user/my-profile\u001b[39m \u001b[93m231 ms\u001b[39m","size":0,"timestamp":"2025-07-16 17:18:26"}
{"level":"info","message":" Incoming Request \u001b[32mGET\u001b[39m \u001b[34m304\u001b[39m \u001b[35m/api/v1/user/my-profile\u001b[39m \u001b[93m236 ms\u001b[39m","size":0,"timestamp":"2025-07-16 17:19:06"}
{"level":"info","message":" Incoming Request \u001b[32mGET\u001b[39m \u001b[32m201\u001b[39m \u001b[35m/api/v1/job/my-jobs?page=1&limit=10\u001b[39m \u001b[93m866 ms\u001b[39m","size":"1618","timestamp":"2025-07-16 17:19:13"}
{"level":"info","message":" Incoming Request \u001b[32mGET\u001b[39m \u001b[34m304\u001b[39m \u001b[35m/api/v1/user/my-profile\u001b[39m \u001b[93m243 ms\u001b[39m","size":0,"timestamp":"2025-07-16 17:19:16"}
{"level":"info","message":" Incoming Request \u001b[32mGET\u001b[39m \u001b[32m201\u001b[39m \u001b[35m/api/v1/job/my-jobs?page=1&limit=10\u001b[39m \u001b[93m814 ms\u001b[39m","size":"1618","timestamp":"2025-07-16 17:19:19"}
{"level":"info","message":" Incoming Request \u001b[32mGET\u001b[39m \u001b[33m500\u001b[39m \u001b[35m/api/v1/job/my-job-alerts?page=5\u001b[39m \u001b[93m250 ms\u001b[39m","size":"655","timestamp":"2025-07-16 17:20:45"}
{"level":"info","message":" Incoming Request \u001b[32mGET\u001b[39m \u001b[32m200\u001b[39m \u001b[35m/api/v1/job/my-job-alerts?page=5\u001b[39m \u001b[93m317 ms\u001b[39m","size":"170","timestamp":"2025-07-16 17:21:51"}
{"level":"info","message":" Incoming Request \u001b[32mGET\u001b[39m \u001b[32m200\u001b[39m \u001b[35m/api/v1/job/my-job-alerts?page=5\u001b[39m \u001b[93m326 ms\u001b[39m","size":"3173","timestamp":"2025-07-16 17:22:20"}
{"level":"info","message":" Incoming Request \u001b[32mGET\u001b[39m \u001b[32m200\u001b[39m \u001b[35m/api/v1/job/my-job-alerts\u001b[39m \u001b[93m308 ms\u001b[39m","size":"3173","timestamp":"2025-07-16 17:22:40"}
{"level":"info","message":" Incoming Request \u001b[32mGET\u001b[39m \u001b[32m201\u001b[39m \u001b[35m/api/v1/job/my-jobs?page=1&limit=10&searchTerm=gra\u001b[39m \u001b[93m312 ms\u001b[39m","size":"1061","timestamp":"2025-07-16 17:24:27"}
{"level":"info","message":" Incoming Request \u001b[32mGET\u001b[39m \u001b[32m201\u001b[39m \u001b[35m/api/v1/job/my-jobs?page=1&limit=10&searchTerm=grapi\u001b[39m \u001b[93m236 ms\u001b[39m","size":"181","timestamp":"2025-07-16 17:24:27"}
{"level":"info","message":" Incoming Request \u001b[32mGET\u001b[39m \u001b[32m201\u001b[39m \u001b[35m/api/v1/job/my-jobs?page=1&limit=10&searchTerm=grap\u001b[39m \u001b[93m310 ms\u001b[39m","size":"1061","timestamp":"2025-07-16 17:24:30"}
{"level":"info","message":" Incoming Request \u001b[32mGET\u001b[39m \u001b[32m201\u001b[39m \u001b[35m/api/v1/job/my-jobs?page=1&limit=10&searchTerm=g\u001b[39m \u001b[93m313 ms\u001b[39m","size":"1469","timestamp":"2025-07-16 17:24:38"}
{"level":"info","message":" Incoming Request \u001b[32mGET\u001b[39m \u001b[34m304\u001b[39m \u001b[35m/api/v1/user/my-profile\u001b[39m \u001b[93m239 ms\u001b[39m","size":0,"timestamp":"2025-07-16 17:25:21"}
{"level":"info","message":" Incoming Request \u001b[32mGET\u001b[39m \u001b[32m201\u001b[39m \u001b[35m/api/v1/job/my-jobs?page=1&limit=10\u001b[39m \u001b[93m845 ms\u001b[39m","size":"1618","timestamp":"2025-07-16 17:25:36"}
{"level":"info","message":" Incoming Request \u001b[32mGET\u001b[39m \u001b[32m201\u001b[39m \u001b[35m/api/v1/job/my-jobs?page=1&limit=10&searchTerm=herl\u001b[39m \u001b[93m223 ms\u001b[39m","size":"181","timestamp":"2025-07-16 17:27:33"}
{"level":"info","message":" Incoming Request \u001b[32mGET\u001b[39m \u001b[32m201\u001b[39m \u001b[35m/api/v1/job/my-jobs?page=1&limit=10&jobType=Part-Time\u001b[39m \u001b[93m223 ms\u001b[39m","size":"181","timestamp":"2025-07-16 17:27:54"}
{"level":"info","message":" Incoming Request \u001b[32mGET\u001b[39m \u001b[32m201\u001b[39m \u001b[35m/api/v1/job/my-jobs?page=1&limit=10&jobType=All\u001b[39m \u001b[93m221 ms\u001b[39m","size":"181","timestamp":"2025-07-16 17:29:05"}
{"level":"info","message":" Incoming Request \u001b[32mGET\u001b[39m \u001b[32m201\u001b[39m \u001b[35m/api/v1/job/my-jobs?page=1&limit=10\u001b[39m \u001b[93m302 ms\u001b[39m","size":"1618","timestamp":"2025-07-16 17:30:12"}
{"level":"info","message":" Incoming Request \u001b[32mGET\u001b[39m \u001b[32m200\u001b[39m \u001b[35m/api/v1/job/my-job-alerts\u001b[39m \u001b[93m322 ms\u001b[39m","size":"12026","timestamp":"2025-07-16 17:30:30"}
{"level":"info","message":" Incoming Request \u001b[32mGET\u001b[39m \u001b[34m304\u001b[39m \u001b[35m/api/v1/user/my-profile\u001b[39m \u001b[93m231 ms\u001b[39m","size":0,"timestamp":"2025-07-16 17:30:44"}
{"level":"info","message":" Incoming Request \u001b[32mGET\u001b[39m \u001b[32m200\u001b[39m \u001b[35m/api/v1/user/my-profile\u001b[39m \u001b[93m233 ms\u001b[39m","size":"931","timestamp":"2025-07-16 17:31:01"}
{"level":"info","message":" Incoming Request \u001b[32mGET\u001b[39m \u001b[34m304\u001b[39m \u001b[35m/api/v1/user/my-profile\u001b[39m \u001b[93m230 ms\u001b[39m","size":0,"timestamp":"2025-07-16 17:31:26"}
{"level":"info","message":" Incoming Request \u001b[32mGET\u001b[39m \u001b[32m201\u001b[39m \u001b[35m/api/v1/job/my-jobs?page=1&limit=10\u001b[39m \u001b[93m304 ms\u001b[39m","size":"1618","timestamp":"2025-07-16 17:32:07"}
{"level":"info","message":" Incoming Request \u001b[32mGET\u001b[39m \u001b[34m304\u001b[39m \u001b[35m/api/v1/user/my-profile\u001b[39m \u001b[93m238 ms\u001b[39m","size":0,"timestamp":"2025-07-16 17:32:51"}
{"level":"info","message":" Incoming Request \u001b[32mGET\u001b[39m \u001b[32m200\u001b[39m \u001b[35m/api/v1/job/my-job-alerts?jobType=Part-Time&jobType=Full-Time&jobLevel=Mid-level\u001b[39m \u001b[93m303 ms\u001b[39m","size":"181","timestamp":"2025-07-16 17:33:01"}
{"level":"info","message":" Incoming Request \u001b[32mGET\u001b[39m \u001b[34m304\u001b[39m \u001b[35m/api/v1/user/my-profile\u001b[39m \u001b[93m237 ms\u001b[39m","size":0,"timestamp":"2025-07-16 17:33:08"}
{"level":"info","message":" Incoming Request \u001b[32mGET\u001b[39m \u001b[34m304\u001b[39m \u001b[35m/api/v1/user/my-profile\u001b[39m \u001b[93m234 ms\u001b[39m","size":0,"timestamp":"2025-07-16 17:35:09"}
{"level":"info","message":" Incoming Request \u001b[32mGET\u001b[39m \u001b[32m201\u001b[39m \u001b[35m/api/v1/job/my-jobs?page=1&limit=10\u001b[39m \u001b[93m318 ms\u001b[39m","size":"1618","timestamp":"2025-07-16 17:36:05"}
{"level":"info","message":" Incoming Request \u001b[32mGET\u001b[39m \u001b[34m304\u001b[39m \u001b[35m/api/v1/user/my-profile\u001b[39m \u001b[93m225 ms\u001b[39m","size":0,"timestamp":"2025-07-16 17:36:47"}
{"level":"info","message":" Incoming Request \u001b[32mGET\u001b[39m \u001b[31m400\u001b[39m \u001b[35m/api/v1/job/single/undefined\u001b[39m \u001b[93m3 ms\u001b[39m","size":"1560","timestamp":"2025-07-16 17:37:10"}
{"level":"info","message":" Incoming Request \u001b[32mGET\u001b[39m \u001b[34m304\u001b[39m \u001b[35m/api/v1/user/my-profile\u001b[39m \u001b[93m232 ms\u001b[39m","size":0,"timestamp":"2025-07-16 17:37:29"}
{"level":"info","message":" Incoming Request \u001b[32mGET\u001b[39m \u001b[32m200\u001b[39m \u001b[35m/api/v1/job/single/68761efa339addef51af4cd6\u001b[39m \u001b[93m76 ms\u001b[39m","size":"1118","timestamp":"2025-07-16 17:38:41"}
{"level":"info","message":" Incoming Request \u001b[32mGET\u001b[39m \u001b[34m304\u001b[39m \u001b[35m/api/v1/user/my-profile\u001b[39m \u001b[93m231 ms\u001b[39m","size":0,"timestamp":"2025-07-16 17:39:09"}
{"level":"info","message":" Incoming Request \u001b[32mGET\u001b[39m \u001b[34m304\u001b[39m \u001b[35m/api/v1/user/my-profile\u001b[39m \u001b[93m230 ms\u001b[39m","size":0,"timestamp":"2025-07-16 17:39:25"}
{"level":"info","message":" Incoming Request \u001b[32mGET\u001b[39m \u001b[34m304\u001b[39m \u001b[35m/api/v1/job/single/68761efa339addef51af4cd6\u001b[39m \u001b[93m75 ms\u001b[39m","size":0,"timestamp":"2025-07-16 17:39:31"}
{"level":"info","message":" Incoming Request \u001b[32mGET\u001b[39m \u001b[34m304\u001b[39m \u001b[35m/api/v1/user/my-profile\u001b[39m \u001b[93m602 ms\u001b[39m","size":0,"timestamp":"2025-07-16 17:41:18"}
{"level":"info","message":" Incoming Request \u001b[32mGET\u001b[39m \u001b[34m304\u001b[39m \u001b[35m/api/v1/job/single/68761efa339addef51af4cd6\u001b[39m \u001b[93m75 ms\u001b[39m","size":0,"timestamp":"2025-07-16 17:41:43"}
{"level":"info","message":" Incoming Request \u001b[32mGET\u001b[39m \u001b[32m200\u001b[39m \u001b[35m/api/v1/user/my-profile\u001b[39m \u001b[93m151 ms\u001b[39m","size":"479","timestamp":"2025-07-16 17:46:29"}
{"level":"info","message":" Incoming Request \u001b[32mGET\u001b[39m \u001b[32m201\u001b[39m \u001b[35m/api/v1/job/my-jobs?page=1&limit=10\u001b[39m \u001b[93m316 ms\u001b[39m","size":"1618","timestamp":"2025-07-16 17:47:04"}
{"level":"info","message":" Incoming Request \u001b[32mGET\u001b[39m \u001b[34m304\u001b[39m \u001b[35m/api/v1/user/my-profile\u001b[39m \u001b[93m232 ms\u001b[39m","size":0,"timestamp":"2025-07-16 17:47:54"}
{"level":"info","message":" Incoming Request \u001b[32mGET\u001b[39m \u001b[34m304\u001b[39m \u001b[35m/api/v1/job/single/68761efa339addef51af4cd6\u001b[39m \u001b[93m77 ms\u001b[39m","size":0,"timestamp":"2025-07-16 17:47:55"}
{"level":"info","message":" Incoming Request \u001b[32mGET\u001b[39m \u001b[34m304\u001b[39m \u001b[35m/api/v1/user/my-profile\u001b[39m \u001b[93m422 ms\u001b[39m","size":0,"timestamp":"2025-07-16 17:51:49"}
{"level":"info","message":" Incoming Request \u001b[32mGET\u001b[39m \u001b[31m400\u001b[39m \u001b[35m/api/v1/job/single/68761efa339addef51af4cd62\u001b[39m \u001b[93m2 ms\u001b[39m","size":"1608","timestamp":"2025-07-16 17:52:56"}
{"level":"info","message":" Incoming Request \u001b[32mGET\u001b[39m \u001b[34m304\u001b[39m \u001b[35m/api/v1/user/my-profile\u001b[39m \u001b[93m237 ms\u001b[39m","size":0,"timestamp":"2025-07-16 17:53:06"}
{"level":"info","message":" Incoming Request \u001b[32mGET\u001b[39m \u001b[31m400\u001b[39m \u001b[35m/api/v1/job/single/68761efa339addef51af4cd62\u001b[39m \u001b[93m2 ms\u001b[39m","size":"1608","timestamp":"2025-07-16 17:53:13"}
{"level":"info","message":" Incoming Request \u001b[32mGET\u001b[39m \u001b[31m400\u001b[39m \u001b[35m/api/v1/job/single/68761efa339addef51af4cd62\u001b[39m \u001b[93m1 ms\u001b[39m","size":"1608","timestamp":"2025-07-16 17:55:26"}
{"level":"info","message":" Incoming Request \u001b[32mGET\u001b[39m \u001b[34m304\u001b[39m \u001b[35m/api/v1/user/my-profile\u001b[39m \u001b[93m232 ms\u001b[39m","size":0,"timestamp":"2025-07-16 17:55:35"}
{"level":"info","message":" Incoming Request \u001b[32mGET\u001b[39m \u001b[31m400\u001b[39m \u001b[35m/api/v1/job/single/68761efa339addef51af4cd62\u001b[39m \u001b[93m1 ms\u001b[39m","size":"1608","timestamp":"2025-07-16 17:57:06"}
{"level":"info","message":" Incoming Request \u001b[32mGET\u001b[39m \u001b[34m304\u001b[39m \u001b[35m/api/v1/user/my-profile\u001b[39m \u001b[93m234 ms\u001b[39m","size":0,"timestamp":"2025-07-16 17:57:22"}
{"level":"info","message":" Incoming Request \u001b[32mGET\u001b[39m \u001b[31m400\u001b[39m \u001b[35m/api/v1/job/single/68761efa339addef51af4cd62\u001b[39m \u001b[93m1 ms\u001b[39m","size":"1608","timestamp":"2025-07-16 17:57:26"}
{"level":"info","message":" Incoming Request \u001b[32mGET\u001b[39m \u001b[34m304\u001b[39m \u001b[35m/api/v1/job/single/68761efa339addef51af4cd6\u001b[39m \u001b[93m89 ms\u001b[39m","size":0,"timestamp":"2025-07-16 17:59:57"}
{"level":"info","message":" Incoming Request \u001b[32mGET\u001b[39m \u001b[34m304\u001b[39m \u001b[35m/api/v1/user/my-profile\u001b[39m \u001b[93m238 ms\u001b[39m","size":0,"timestamp":"2025-07-16 18:01:32"}
{"level":"info","message":" Incoming Request \u001b[32mGET\u001b[39m \u001b[34m304\u001b[39m \u001b[35m/api/v1/job/single/68761efa339addef51af4cd6\u001b[39m \u001b[93m78 ms\u001b[39m","size":0,"timestamp":"2025-07-16 18:01:42"}
{"level":"info","message":" Incoming Request \u001b[32mGET\u001b[39m \u001b[34m304\u001b[39m \u001b[35m/api/v1/user/my-profile\u001b[39m \u001b[93m240 ms\u001b[39m","size":0,"timestamp":"2025-07-16 18:01:57"}
{"level":"info","message":" Incoming Request \u001b[32mGET\u001b[39m \u001b[34m304\u001b[39m \u001b[35m/api/v1/job/single/68761efa339addef51af4cd6\u001b[39m \u001b[93m77 ms\u001b[39m","size":0,"timestamp":"2025-07-16 18:01:59"}
