{"level":"info","message":" Incoming Request \u001b[32mGET\u001b[39m \u001b[32m200\u001b[39m \u001b[35m/api/v1/user/my-profile\u001b[39m \u001b[93m249 ms\u001b[39m","size":"1644","timestamp":"2025-07-25 10:23:05"}
{"level":"info","message":" Incoming Request \u001b[32mGET\u001b[39m \u001b[32m200\u001b[39m \u001b[35m/api/v1/job/view-applications/687a31dd8f3d444ddfe570ac?page=1&limit=10\u001b[39m \u001b[93m302 ms\u001b[39m","size":"246","timestamp":"2025-07-25 10:23:05"}
{"level":"info","message":" Incoming Request \u001b[32mGET\u001b[39m \u001b[31m404\u001b[39m \u001b[35m/images/1976dc6b-de5e-4834-abee-efb1eb841b62.jpg\u001b[39m \u001b[93m2 ms\u001b[39m","size":"1566","timestamp":"2025-07-25 10:23:05"}
{"level":"info","message":" Incoming Request \u001b[32mGET\u001b[39m \u001b[32m201\u001b[39m \u001b[35m/api/v1/job/my-jobs?page=1&limit=10\u001b[39m \u001b[93m323 ms\u001b[39m","size":"943","timestamp":"2025-07-25 11:03:12"}
{"level":"info","message":" Incoming Request \u001b[32mGET\u001b[39m \u001b[34m304\u001b[39m \u001b[35m/api/v1/user/my-profile\u001b[39m \u001b[93m260 ms\u001b[39m","size":0,"timestamp":"2025-07-25 11:03:12"}
{"level":"info","message":" Incoming Request \u001b[32mGET\u001b[39m \u001b[31m404\u001b[39m \u001b[35m/images/1976dc6b-de5e-4834-abee-efb1eb841b62.jpg\u001b[39m \u001b[93m3 ms\u001b[39m","size":"1566","timestamp":"2025-07-25 11:03:13"}
{"level":"info","message":" Incoming Request \u001b[32mGET\u001b[39m \u001b[32m201\u001b[39m \u001b[35m/api/v1/job/my-jobs?page=1&limit=10\u001b[39m \u001b[93m646 ms\u001b[39m","size":"943","timestamp":"2025-07-25 11:03:13"}
{"level":"info","message":" Incoming Request \u001b[32mGET\u001b[39m \u001b[32m200\u001b[39m \u001b[35m/api/v1/saved/my-favorites\u001b[39m \u001b[93m175 ms\u001b[39m","size":"189","timestamp":"2025-07-25 11:03:25"}
{"level":"info","message":" Incoming Request \u001b[32mGET\u001b[39m \u001b[31m400\u001b[39m \u001b[35m/api/v1/user/my-profile\u001b[39m \u001b[93m4 ms\u001b[39m","size":"1508","timestamp":"2025-07-25 11:03:37"}
{"level":"info","message":" Incoming Request \u001b[32mGET\u001b[39m \u001b[32m200\u001b[39m \u001b[35m/api/v1/user/my-profile\u001b[39m \u001b[93m262 ms\u001b[39m","size":"1011","timestamp":"2025-07-25 11:05:01"}
{"level":"info","message":" Incoming Request \u001b[32mGET\u001b[39m \u001b[32m201\u001b[39m \u001b[35m/api/v1/job/my-jobs?page=1&limit=10\u001b[39m \u001b[93m346 ms\u001b[39m","size":"1739","timestamp":"2025-07-25 11:05:02"}
{"level":"info","message":" Incoming Request \u001b[32mGET\u001b[39m \u001b[31m404\u001b[39m \u001b[35m/images/06d2232a938640d-images(3).jpg\u001b[39m \u001b[93m1 ms\u001b[39m","size":"1533","timestamp":"2025-07-25 11:05:02"}
{"level":"info","message":" Incoming Request \u001b[32mGET\u001b[39m \u001b[32m200\u001b[39m \u001b[35m/api/v1/saved/my-favorites\u001b[39m \u001b[93m255 ms\u001b[39m","size":"358","timestamp":"2025-07-25 11:05:18"}
{"level":"info","message":" Incoming Request \u001b[32mGET\u001b[39m \u001b[32m201\u001b[39m \u001b[35m/api/v1/job/overview\u001b[39m \u001b[93m154 ms\u001b[39m","size":"130","timestamp":"2025-07-25 11:05:43"}
{"level":"info","message":" Incoming Request \u001b[32mGET\u001b[39m \u001b[32m201\u001b[39m \u001b[35m/api/v1/job/my-jobs?limit=10\u001b[39m \u001b[93m350 ms\u001b[39m","size":"1739","timestamp":"2025-07-25 11:05:44"}
{"level":"info","message":" Incoming Request \u001b[32mGET\u001b[39m \u001b[32m201\u001b[39m \u001b[35m/api/v1/job/my-jobs?page=1&limit=10\u001b[39m \u001b[93m347 ms\u001b[39m","size":"1739","timestamp":"2025-07-25 11:05:47"}
{"level":"info","message":" Incoming Request \u001b[32mGET\u001b[39m \u001b[34m304\u001b[39m \u001b[35m/api/v1/user/my-profile\u001b[39m \u001b[93m238 ms\u001b[39m","size":0,"timestamp":"2025-07-25 11:22:23"}
{"level":"info","message":" Incoming Request \u001b[32mGET\u001b[39m \u001b[34m304\u001b[39m \u001b[35m/api/v1/user/my-profile\u001b[39m \u001b[93m232 ms\u001b[39m","size":0,"timestamp":"2025-07-25 11:22:25"}
{"level":"info","message":" Incoming Request \u001b[32mGET\u001b[39m \u001b[34m304\u001b[39m \u001b[35m/api/v1/user/my-profile\u001b[39m \u001b[93m234 ms\u001b[39m","size":0,"timestamp":"2025-07-25 11:22:26"}
{"level":"info","message":" Incoming Request \u001b[32mGET\u001b[39m \u001b[34m304\u001b[39m \u001b[35m/api/v1/user/my-profile\u001b[39m \u001b[93m233 ms\u001b[39m","size":0,"timestamp":"2025-07-25 11:22:28"}
{"level":"info","message":" Incoming Request \u001b[32mGET\u001b[39m \u001b[32m200\u001b[39m \u001b[35m/api/v1/category/popular\u001b[39m \u001b[93m81 ms\u001b[39m","size":"1300","timestamp":"2025-07-25 11:22:34"}
{"level":"info","message":" Incoming Request \u001b[32mGET\u001b[39m \u001b[32m200\u001b[39m \u001b[35m/api/v1/category/popular\u001b[39m \u001b[93m78 ms\u001b[39m","size":"1300","timestamp":"2025-07-25 11:22:34"}
{"level":"info","message":" Incoming Request \u001b[32mGET\u001b[39m \u001b[32m200\u001b[39m \u001b[35m/api/v1/category/popular\u001b[39m \u001b[93m78 ms\u001b[39m","size":"1300","timestamp":"2025-07-25 11:22:35"}
{"level":"info","message":" Incoming Request \u001b[32mGET\u001b[39m \u001b[32m200\u001b[39m \u001b[35m/api/v1/category/popular\u001b[39m \u001b[93m78 ms\u001b[39m","size":"1300","timestamp":"2025-07-25 11:22:35"}
{"level":"info","message":" Incoming Request \u001b[32mGET\u001b[39m \u001b[32m200\u001b[39m \u001b[35m/api/v1/category/popular\u001b[39m \u001b[93m77 ms\u001b[39m","size":"1300","timestamp":"2025-07-25 11:22:35"}
{"level":"info","message":" Incoming Request \u001b[32mGET\u001b[39m \u001b[32m200\u001b[39m \u001b[35m/api/v1/category/popular\u001b[39m \u001b[93m76 ms\u001b[39m","size":"1300","timestamp":"2025-07-25 11:22:35"}
{"level":"info","message":" Incoming Request \u001b[32mGET\u001b[39m \u001b[32m200\u001b[39m \u001b[35m/api/v1/category/popular\u001b[39m \u001b[93m78 ms\u001b[39m","size":"1300","timestamp":"2025-07-25 11:22:36"}
{"level":"info","message":" Incoming Request \u001b[32mGET\u001b[39m \u001b[32m200\u001b[39m \u001b[35m/api/v1/category/popular\u001b[39m \u001b[93m77 ms\u001b[39m","size":"1300","timestamp":"2025-07-25 11:22:36"}
{"level":"info","message":" Incoming Request \u001b[32mGET\u001b[39m \u001b[32m200\u001b[39m \u001b[35m/api/v1/category/popular\u001b[39m \u001b[93m77 ms\u001b[39m","size":"1300","timestamp":"2025-07-25 11:22:36"}
{"level":"info","message":" Incoming Request \u001b[32mGET\u001b[39m \u001b[32m200\u001b[39m \u001b[35m/api/v1/category/popular\u001b[39m \u001b[93m79 ms\u001b[39m","size":"1300","timestamp":"2025-07-25 11:22:36"}
{"level":"info","message":" Incoming Request \u001b[32mGET\u001b[39m \u001b[32m200\u001b[39m \u001b[35m/api/v1/category/popular\u001b[39m \u001b[93m77 ms\u001b[39m","size":"1300","timestamp":"2025-07-25 11:22:37"}
{"level":"info","message":" Incoming Request \u001b[32mGET\u001b[39m \u001b[32m200\u001b[39m \u001b[35m/api/v1/category/popular\u001b[39m \u001b[93m78 ms\u001b[39m","size":"1300","timestamp":"2025-07-25 11:22:37"}
{"level":"info","message":" Incoming Request \u001b[32mGET\u001b[39m \u001b[32m200\u001b[39m \u001b[35m/api/v1/category/popular\u001b[39m \u001b[93m77 ms\u001b[39m","size":"1300","timestamp":"2025-07-25 11:22:37"}
{"level":"info","message":" Incoming Request \u001b[32mGET\u001b[39m \u001b[32m200\u001b[39m \u001b[35m/api/v1/category/popular\u001b[39m \u001b[93m79 ms\u001b[39m","size":"1300","timestamp":"2025-07-25 11:22:37"}
{"level":"info","message":" Incoming Request \u001b[32mGET\u001b[39m \u001b[32m200\u001b[39m \u001b[35m/api/v1/category/popular\u001b[39m \u001b[93m78 ms\u001b[39m","size":"1300","timestamp":"2025-07-25 11:22:38"}
{"level":"info","message":" Incoming Request \u001b[32mGET\u001b[39m \u001b[32m200\u001b[39m \u001b[35m/api/v1/category/popular\u001b[39m \u001b[93m78 ms\u001b[39m","size":"1300","timestamp":"2025-07-25 11:22:38"}
{"level":"info","message":" Incoming Request \u001b[32mGET\u001b[39m \u001b[32m200\u001b[39m \u001b[35m/api/v1/category/popular\u001b[39m \u001b[93m78 ms\u001b[39m","size":"1300","timestamp":"2025-07-25 11:22:38"}
{"level":"info","message":" Incoming Request \u001b[32mGET\u001b[39m \u001b[32m200\u001b[39m \u001b[35m/api/v1/category/popular\u001b[39m \u001b[93m77 ms\u001b[39m","size":"1300","timestamp":"2025-07-25 11:22:39"}
{"level":"info","message":" Incoming Request \u001b[32mGET\u001b[39m \u001b[32m200\u001b[39m \u001b[35m/api/v1/category/popular\u001b[39m \u001b[93m77 ms\u001b[39m","size":"1300","timestamp":"2025-07-25 11:22:39"}
{"level":"info","message":" Incoming Request \u001b[32mGET\u001b[39m \u001b[32m200\u001b[39m \u001b[35m/api/v1/category/popular\u001b[39m \u001b[93m75 ms\u001b[39m","size":"1300","timestamp":"2025-07-25 11:22:39"}
{"level":"info","message":" Incoming Request \u001b[32mGET\u001b[39m \u001b[32m200\u001b[39m \u001b[35m/api/v1/category/popular\u001b[39m \u001b[93m76 ms\u001b[39m","size":"1300","timestamp":"2025-07-25 11:22:39"}
{"level":"info","message":" Incoming Request \u001b[32mGET\u001b[39m \u001b[32m200\u001b[39m \u001b[35m/api/v1/category/popular\u001b[39m \u001b[93m78 ms\u001b[39m","size":"1300","timestamp":"2025-07-25 11:22:39"}
{"level":"info","message":" Incoming Request \u001b[32mGET\u001b[39m \u001b[32m200\u001b[39m \u001b[35m/api/v1/category/popular\u001b[39m \u001b[93m78 ms\u001b[39m","size":"1300","timestamp":"2025-07-25 11:22:40"}
{"level":"info","message":" Incoming Request \u001b[32mGET\u001b[39m \u001b[32m200\u001b[39m \u001b[35m/api/v1/category/popular\u001b[39m \u001b[93m77 ms\u001b[39m","size":"1300","timestamp":"2025-07-25 11:22:40"}
{"level":"info","message":" Incoming Request \u001b[32mGET\u001b[39m \u001b[32m200\u001b[39m \u001b[35m/api/v1/category/popular\u001b[39m \u001b[93m77 ms\u001b[39m","size":"1300","timestamp":"2025-07-25 11:22:40"}
{"level":"info","message":" Incoming Request \u001b[32mGET\u001b[39m \u001b[32m200\u001b[39m \u001b[35m/api/v1/category/popular\u001b[39m \u001b[93m77 ms\u001b[39m","size":"1300","timestamp":"2025-07-25 11:22:40"}
{"level":"info","message":" Incoming Request \u001b[32mGET\u001b[39m \u001b[32m200\u001b[39m \u001b[35m/api/v1/category/popular\u001b[39m \u001b[93m79 ms\u001b[39m","size":"1300","timestamp":"2025-07-25 11:22:41"}
{"level":"info","message":" Incoming Request \u001b[32mGET\u001b[39m \u001b[32m200\u001b[39m \u001b[35m/api/v1/category/popular\u001b[39m \u001b[93m77 ms\u001b[39m","size":"1300","timestamp":"2025-07-25 11:22:41"}
{"level":"info","message":" Incoming Request \u001b[32mGET\u001b[39m \u001b[32m200\u001b[39m \u001b[35m/api/v1/category/popular\u001b[39m \u001b[93m78 ms\u001b[39m","size":"1300","timestamp":"2025-07-25 11:22:41"}
{"level":"info","message":" Incoming Request \u001b[32mGET\u001b[39m \u001b[32m200\u001b[39m \u001b[35m/api/v1/category/popular\u001b[39m \u001b[93m78 ms\u001b[39m","size":"1300","timestamp":"2025-07-25 11:22:41"}
{"level":"info","message":" Incoming Request \u001b[32mGET\u001b[39m \u001b[32m200\u001b[39m \u001b[35m/api/v1/category/popular\u001b[39m \u001b[93m77 ms\u001b[39m","size":"1300","timestamp":"2025-07-25 11:22:42"}
{"level":"info","message":" Incoming Request \u001b[32mGET\u001b[39m \u001b[32m200\u001b[39m \u001b[35m/api/v1/category/popular\u001b[39m \u001b[93m76 ms\u001b[39m","size":"1300","timestamp":"2025-07-25 11:22:42"}
{"level":"info","message":" Incoming Request \u001b[32mGET\u001b[39m \u001b[32m200\u001b[39m \u001b[35m/api/v1/category/popular\u001b[39m \u001b[93m77 ms\u001b[39m","size":"1300","timestamp":"2025-07-25 11:22:42"}
{"level":"info","message":" Incoming Request \u001b[32mGET\u001b[39m \u001b[32m200\u001b[39m \u001b[35m/api/v1/category/popular\u001b[39m \u001b[93m78 ms\u001b[39m","size":"1300","timestamp":"2025-07-25 11:22:43"}
{"level":"info","message":" Incoming Request \u001b[32mGET\u001b[39m \u001b[32m200\u001b[39m \u001b[35m/api/v1/category/popular\u001b[39m \u001b[93m77 ms\u001b[39m","size":"1300","timestamp":"2025-07-25 11:22:43"}
{"level":"info","message":" Incoming Request \u001b[32mGET\u001b[39m \u001b[32m200\u001b[39m \u001b[35m/api/v1/category/popular\u001b[39m \u001b[93m76 ms\u001b[39m","size":"1300","timestamp":"2025-07-25 11:22:43"}
{"level":"info","message":" Incoming Request \u001b[32mGET\u001b[39m \u001b[32m200\u001b[39m \u001b[35m/api/v1/category/popular\u001b[39m \u001b[93m77 ms\u001b[39m","size":"1300","timestamp":"2025-07-25 11:22:43"}
{"level":"info","message":" Incoming Request \u001b[32mGET\u001b[39m \u001b[32m200\u001b[39m \u001b[35m/api/v1/category/popular\u001b[39m \u001b[93m77 ms\u001b[39m","size":"1300","timestamp":"2025-07-25 11:22:44"}
{"level":"info","message":" Incoming Request \u001b[32mGET\u001b[39m \u001b[32m200\u001b[39m \u001b[35m/api/v1/category/popular\u001b[39m \u001b[93m77 ms\u001b[39m","size":"1300","timestamp":"2025-07-25 11:22:44"}
{"level":"info","message":" Incoming Request \u001b[32mGET\u001b[39m \u001b[32m200\u001b[39m \u001b[35m/api/v1/category/popular\u001b[39m \u001b[93m77 ms\u001b[39m","size":"1300","timestamp":"2025-07-25 11:22:44"}
{"level":"info","message":" Incoming Request \u001b[32mGET\u001b[39m \u001b[32m200\u001b[39m \u001b[35m/api/v1/category/popular\u001b[39m \u001b[93m76 ms\u001b[39m","size":"1300","timestamp":"2025-07-25 11:22:44"}
{"level":"info","message":" Incoming Request \u001b[32mGET\u001b[39m \u001b[32m200\u001b[39m \u001b[35m/api/v1/category/popular\u001b[39m \u001b[93m77 ms\u001b[39m","size":"1300","timestamp":"2025-07-25 11:22:45"}
{"level":"info","message":" Incoming Request \u001b[32mGET\u001b[39m \u001b[32m200\u001b[39m \u001b[35m/api/v1/category/popular\u001b[39m \u001b[93m77 ms\u001b[39m","size":"1300","timestamp":"2025-07-25 11:22:45"}
{"level":"info","message":" Incoming Request \u001b[32mGET\u001b[39m \u001b[32m200\u001b[39m \u001b[35m/api/v1/category/popular\u001b[39m \u001b[93m77 ms\u001b[39m","size":"1300","timestamp":"2025-07-25 11:22:45"}
{"level":"info","message":" Incoming Request \u001b[32mGET\u001b[39m \u001b[32m200\u001b[39m \u001b[35m/api/v1/category/popular\u001b[39m \u001b[93m77 ms\u001b[39m","size":"1300","timestamp":"2025-07-25 11:22:45"}
{"level":"info","message":" Incoming Request \u001b[32mGET\u001b[39m \u001b[32m200\u001b[39m \u001b[35m/api/v1/category/popular\u001b[39m \u001b[93m78 ms\u001b[39m","size":"1300","timestamp":"2025-07-25 11:22:45"}
{"level":"info","message":" Incoming Request \u001b[32mGET\u001b[39m \u001b[32m200\u001b[39m \u001b[35m/api/v1/category/popular\u001b[39m \u001b[93m78 ms\u001b[39m","size":"1300","timestamp":"2025-07-25 11:22:46"}
{"level":"info","message":" Incoming Request \u001b[32mGET\u001b[39m \u001b[32m200\u001b[39m \u001b[35m/api/v1/category/popular\u001b[39m \u001b[93m77 ms\u001b[39m","size":"1300","timestamp":"2025-07-25 11:22:46"}
{"level":"info","message":" Incoming Request \u001b[32mGET\u001b[39m \u001b[32m200\u001b[39m \u001b[35m/api/v1/category/popular\u001b[39m \u001b[93m78 ms\u001b[39m","size":"1300","timestamp":"2025-07-25 11:22:46"}
{"level":"info","message":" Incoming Request \u001b[32mGET\u001b[39m \u001b[32m200\u001b[39m \u001b[35m/api/v1/category/popular\u001b[39m \u001b[93m77 ms\u001b[39m","size":"1300","timestamp":"2025-07-25 11:22:46"}
{"level":"info","message":" Incoming Request \u001b[32mGET\u001b[39m \u001b[32m200\u001b[39m \u001b[35m/api/v1/category/popular\u001b[39m \u001b[93m77 ms\u001b[39m","size":"1300","timestamp":"2025-07-25 11:22:47"}
{"level":"info","message":" Incoming Request \u001b[32mGET\u001b[39m \u001b[32m200\u001b[39m \u001b[35m/api/v1/category/popular\u001b[39m \u001b[93m78 ms\u001b[39m","size":"1300","timestamp":"2025-07-25 11:22:47"}
{"level":"info","message":" Incoming Request \u001b[32mGET\u001b[39m \u001b[32m200\u001b[39m \u001b[35m/api/v1/category/popular\u001b[39m \u001b[93m77 ms\u001b[39m","size":"1300","timestamp":"2025-07-25 11:22:47"}
{"level":"info","message":" Incoming Request \u001b[32mGET\u001b[39m \u001b[32m200\u001b[39m \u001b[35m/api/v1/category/popular\u001b[39m \u001b[93m77 ms\u001b[39m","size":"1300","timestamp":"2025-07-25 11:22:48"}
{"level":"info","message":" Incoming Request \u001b[32mGET\u001b[39m \u001b[32m200\u001b[39m \u001b[35m/api/v1/category/popular\u001b[39m \u001b[93m78 ms\u001b[39m","size":"1300","timestamp":"2025-07-25 11:22:48"}
{"level":"info","message":" Incoming Request \u001b[32mGET\u001b[39m \u001b[32m200\u001b[39m \u001b[35m/api/v1/category/popular\u001b[39m \u001b[93m77 ms\u001b[39m","size":"1300","timestamp":"2025-07-25 11:22:48"}
{"level":"info","message":" Incoming Request \u001b[32mGET\u001b[39m \u001b[32m200\u001b[39m \u001b[35m/api/v1/category/popular\u001b[39m \u001b[93m77 ms\u001b[39m","size":"1300","timestamp":"2025-07-25 11:22:49"}
{"level":"info","message":" Incoming Request \u001b[32mGET\u001b[39m \u001b[32m200\u001b[39m \u001b[35m/api/v1/category/popular\u001b[39m \u001b[93m77 ms\u001b[39m","size":"1300","timestamp":"2025-07-25 11:22:49"}
{"level":"info","message":" Incoming Request \u001b[32mGET\u001b[39m \u001b[32m200\u001b[39m \u001b[35m/api/v1/category/popular\u001b[39m \u001b[93m78 ms\u001b[39m","size":"1300","timestamp":"2025-07-25 11:22:49"}
{"level":"info","message":" Incoming Request \u001b[32mGET\u001b[39m \u001b[32m200\u001b[39m \u001b[35m/api/v1/category/popular\u001b[39m \u001b[93m77 ms\u001b[39m","size":"1300","timestamp":"2025-07-25 11:22:50"}
{"level":"info","message":" Incoming Request \u001b[32mGET\u001b[39m \u001b[32m200\u001b[39m \u001b[35m/api/v1/category/popular\u001b[39m \u001b[93m77 ms\u001b[39m","size":"1300","timestamp":"2025-07-25 11:22:50"}
{"level":"info","message":" Incoming Request \u001b[32mGET\u001b[39m \u001b[32m200\u001b[39m \u001b[35m/api/v1/category/popular\u001b[39m \u001b[93m77 ms\u001b[39m","size":"1300","timestamp":"2025-07-25 11:22:51"}
{"level":"info","message":" Incoming Request \u001b[32mGET\u001b[39m \u001b[32m200\u001b[39m \u001b[35m/api/v1/category/popular\u001b[39m \u001b[93m78 ms\u001b[39m","size":"1300","timestamp":"2025-07-25 11:22:51"}
{"level":"info","message":" Incoming Request \u001b[32mGET\u001b[39m \u001b[32m200\u001b[39m \u001b[35m/api/v1/category/popular\u001b[39m \u001b[93m76 ms\u001b[39m","size":"1300","timestamp":"2025-07-25 11:22:51"}
{"level":"info","message":" Incoming Request \u001b[32mGET\u001b[39m \u001b[32m200\u001b[39m \u001b[35m/api/v1/category/popular\u001b[39m \u001b[93m77 ms\u001b[39m","size":"1300","timestamp":"2025-07-25 11:22:52"}
{"level":"info","message":" Incoming Request \u001b[32mGET\u001b[39m \u001b[32m200\u001b[39m \u001b[35m/api/v1/category/popular\u001b[39m \u001b[93m77 ms\u001b[39m","size":"1300","timestamp":"2025-07-25 11:22:52"}
{"level":"info","message":" Incoming Request \u001b[32mGET\u001b[39m \u001b[32m200\u001b[39m \u001b[35m/api/v1/category/popular\u001b[39m \u001b[93m77 ms\u001b[39m","size":"1300","timestamp":"2025-07-25 11:22:52"}
{"level":"info","message":" Incoming Request \u001b[32mGET\u001b[39m \u001b[32m200\u001b[39m \u001b[35m/api/v1/category/popular\u001b[39m \u001b[93m77 ms\u001b[39m","size":"1300","timestamp":"2025-07-25 11:22:52"}
{"level":"info","message":" Incoming Request \u001b[32mGET\u001b[39m \u001b[32m200\u001b[39m \u001b[35m/api/v1/category/popular\u001b[39m \u001b[93m77 ms\u001b[39m","size":"1300","timestamp":"2025-07-25 11:22:53"}
{"level":"info","message":" Incoming Request \u001b[32mGET\u001b[39m \u001b[32m200\u001b[39m \u001b[35m/api/v1/category/popular\u001b[39m \u001b[93m79 ms\u001b[39m","size":"1300","timestamp":"2025-07-25 11:22:53"}
{"level":"info","message":" Incoming Request \u001b[32mGET\u001b[39m \u001b[32m200\u001b[39m \u001b[35m/api/v1/category/popular\u001b[39m \u001b[93m75 ms\u001b[39m","size":"1300","timestamp":"2025-07-25 11:22:53"}
{"level":"info","message":" Incoming Request \u001b[32mGET\u001b[39m \u001b[32m200\u001b[39m \u001b[35m/api/v1/category/popular\u001b[39m \u001b[93m77 ms\u001b[39m","size":"1300","timestamp":"2025-07-25 11:22:53"}
{"level":"info","message":" Incoming Request \u001b[32mGET\u001b[39m \u001b[34m304\u001b[39m \u001b[35m/api/v1/user/my-profile\u001b[39m \u001b[93m233 ms\u001b[39m","size":0,"timestamp":"2025-07-25 11:22:55"}
{"level":"info","message":" Incoming Request \u001b[32mGET\u001b[39m \u001b[32m200\u001b[39m \u001b[35m/api/v1/category/popular\u001b[39m \u001b[93m80 ms\u001b[39m","size":"1300","timestamp":"2025-07-25 11:22:55"}
{"level":"info","message":" Incoming Request \u001b[32mGET\u001b[39m \u001b[32m200\u001b[39m \u001b[35m/api/v1/category/popular\u001b[39m \u001b[93m77 ms\u001b[39m","size":"1300","timestamp":"2025-07-25 11:22:56"}
{"level":"info","message":" Incoming Request \u001b[32mGET\u001b[39m \u001b[32m200\u001b[39m \u001b[35m/api/v1/category/popular\u001b[39m \u001b[93m77 ms\u001b[39m","size":"1300","timestamp":"2025-07-25 11:22:56"}
{"level":"info","message":" Incoming Request \u001b[32mGET\u001b[39m \u001b[32m200\u001b[39m \u001b[35m/api/v1/category/popular\u001b[39m \u001b[93m77 ms\u001b[39m","size":"1300","timestamp":"2025-07-25 11:22:56"}
{"level":"info","message":" Incoming Request \u001b[32mGET\u001b[39m \u001b[32m200\u001b[39m \u001b[35m/api/v1/category/popular\u001b[39m \u001b[93m76 ms\u001b[39m","size":"1300","timestamp":"2025-07-25 11:22:57"}
{"level":"info","message":" Incoming Request \u001b[32mGET\u001b[39m \u001b[32m200\u001b[39m \u001b[35m/api/v1/category/popular\u001b[39m \u001b[93m77 ms\u001b[39m","size":"1300","timestamp":"2025-07-25 11:22:57"}
{"level":"info","message":" Incoming Request \u001b[32mGET\u001b[39m \u001b[32m200\u001b[39m \u001b[35m/api/v1/category/popular\u001b[39m \u001b[93m77 ms\u001b[39m","size":"1300","timestamp":"2025-07-25 11:22:57"}
{"level":"info","message":" Incoming Request \u001b[32mGET\u001b[39m \u001b[32m200\u001b[39m \u001b[35m/api/v1/category/popular\u001b[39m \u001b[93m77 ms\u001b[39m","size":"1300","timestamp":"2025-07-25 11:22:58"}
{"level":"info","message":" Incoming Request \u001b[32mGET\u001b[39m \u001b[32m200\u001b[39m \u001b[35m/api/v1/category/popular\u001b[39m \u001b[93m78 ms\u001b[39m","size":"1300","timestamp":"2025-07-25 11:22:58"}
{"level":"info","message":" Incoming Request \u001b[32mGET\u001b[39m \u001b[32m200\u001b[39m \u001b[35m/api/v1/category/popular\u001b[39m \u001b[93m77 ms\u001b[39m","size":"1300","timestamp":"2025-07-25 11:22:58"}
{"level":"info","message":" Incoming Request \u001b[32mGET\u001b[39m \u001b[32m200\u001b[39m \u001b[35m/api/v1/category/popular\u001b[39m \u001b[93m77 ms\u001b[39m","size":"1300","timestamp":"2025-07-25 11:22:58"}
{"level":"info","message":" Incoming Request \u001b[32mGET\u001b[39m \u001b[32m200\u001b[39m \u001b[35m/api/v1/category/popular\u001b[39m \u001b[93m77 ms\u001b[39m","size":"1300","timestamp":"2025-07-25 11:22:59"}
{"level":"info","message":" Incoming Request \u001b[32mGET\u001b[39m \u001b[32m200\u001b[39m \u001b[35m/api/v1/category/popular\u001b[39m \u001b[93m77 ms\u001b[39m","size":"1300","timestamp":"2025-07-25 11:22:59"}
{"level":"info","message":" Incoming Request \u001b[32mGET\u001b[39m \u001b[32m200\u001b[39m \u001b[35m/api/v1/category/popular\u001b[39m \u001b[93m76 ms\u001b[39m","size":"1300","timestamp":"2025-07-25 11:22:59"}
{"level":"info","message":" Incoming Request \u001b[32mGET\u001b[39m \u001b[32m200\u001b[39m \u001b[35m/api/v1/category/popular\u001b[39m \u001b[93m77 ms\u001b[39m","size":"1300","timestamp":"2025-07-25 11:22:59"}
{"level":"info","message":" Incoming Request \u001b[32mGET\u001b[39m \u001b[32m200\u001b[39m \u001b[35m/api/v1/category/popular\u001b[39m \u001b[93m78 ms\u001b[39m","size":"1300","timestamp":"2025-07-25 11:23:00"}
{"level":"info","message":" Incoming Request \u001b[32mGET\u001b[39m \u001b[32m200\u001b[39m \u001b[35m/api/v1/category/popular\u001b[39m \u001b[93m76 ms\u001b[39m","size":"1300","timestamp":"2025-07-25 11:23:00"}
{"level":"info","message":" Incoming Request \u001b[32mGET\u001b[39m \u001b[32m200\u001b[39m \u001b[35m/api/v1/category/popular\u001b[39m \u001b[93m420 ms\u001b[39m","size":"1300","timestamp":"2025-07-25 11:23:01"}
{"level":"info","message":" Incoming Request \u001b[32mGET\u001b[39m \u001b[32m200\u001b[39m \u001b[35m/api/v1/category/popular\u001b[39m \u001b[93m78 ms\u001b[39m","size":"1300","timestamp":"2025-07-25 11:23:01"}
{"level":"info","message":" Incoming Request \u001b[32mGET\u001b[39m \u001b[32m200\u001b[39m \u001b[35m/api/v1/category/popular\u001b[39m \u001b[93m77 ms\u001b[39m","size":"1300","timestamp":"2025-07-25 11:23:01"}
{"level":"info","message":" Incoming Request \u001b[32mGET\u001b[39m \u001b[32m200\u001b[39m \u001b[35m/api/v1/category/popular\u001b[39m \u001b[93m77 ms\u001b[39m","size":"1300","timestamp":"2025-07-25 11:23:01"}
{"level":"info","message":" Incoming Request \u001b[32mGET\u001b[39m \u001b[32m200\u001b[39m \u001b[35m/api/v1/category/popular\u001b[39m \u001b[93m76 ms\u001b[39m","size":"1300","timestamp":"2025-07-25 11:24:42"}
{"level":"info","message":" Incoming Request \u001b[32mGET\u001b[39m \u001b[34m304\u001b[39m \u001b[35m/api/v1/user/my-profile\u001b[39m \u001b[93m541 ms\u001b[39m","size":0,"timestamp":"2025-07-25 11:24:43"}
{"level":"info","message":" Incoming Request \u001b[32mGET\u001b[39m \u001b[31m404\u001b[39m \u001b[35m/api/v1/category/popula\u001b[39m \u001b[93m0 ms\u001b[39m","size":"1491","timestamp":"2025-07-25 11:26:18"}
{"level":"info","message":" Incoming Request \u001b[32mGET\u001b[39m \u001b[31m404\u001b[39m \u001b[35m/api/v1/category/popula\u001b[39m \u001b[93m2 ms\u001b[39m","size":"1491","timestamp":"2025-07-25 11:26:20"}
{"level":"info","message":" Incoming Request \u001b[32mGET\u001b[39m \u001b[34m304\u001b[39m \u001b[35m/api/v1/user/my-profile\u001b[39m \u001b[93m233 ms\u001b[39m","size":0,"timestamp":"2025-07-25 11:26:21"}
{"level":"info","message":" Incoming Request \u001b[32mGET\u001b[39m \u001b[32m200\u001b[39m \u001b[35m/api/v1/category/popular\u001b[39m \u001b[93m75 ms\u001b[39m","size":"1300","timestamp":"2025-07-25 11:28:40"}
{"level":"info","message":" Incoming Request \u001b[32mGET\u001b[39m \u001b[34m304\u001b[39m \u001b[35m/api/v1/user/my-profile\u001b[39m \u001b[93m233 ms\u001b[39m","size":0,"timestamp":"2025-07-25 11:28:41"}
{"level":"info","message":" Incoming Request \u001b[32mGET\u001b[39m \u001b[31m404\u001b[39m \u001b[35m/api/v1/category/popula\u001b[39m \u001b[93m1 ms\u001b[39m","size":"1491","timestamp":"2025-07-25 11:28:54"}
{"level":"info","message":" Incoming Request \u001b[32mGET\u001b[39m \u001b[31m404\u001b[39m \u001b[35m/api/v1/category/popula\u001b[39m \u001b[93m0 ms\u001b[39m","size":"1491","timestamp":"2025-07-25 11:29:37"}
{"level":"info","message":" Incoming Request \u001b[32mGET\u001b[39m \u001b[31m404\u001b[39m \u001b[35m/api/v1/category/popula\u001b[39m \u001b[93m3 ms\u001b[39m","size":"1491","timestamp":"2025-07-25 11:29:42"}
{"level":"info","message":" Incoming Request \u001b[32mGET\u001b[39m \u001b[31m404\u001b[39m \u001b[35m/api/v1/category/popula\u001b[39m \u001b[93m1 ms\u001b[39m","size":"1491","timestamp":"2025-07-25 11:29:44"}
{"level":"info","message":" Incoming Request \u001b[32mGET\u001b[39m \u001b[31m404\u001b[39m \u001b[35m/api/v1/category/popula\u001b[39m \u001b[93m0 ms\u001b[39m","size":"1491","timestamp":"2025-07-25 11:30:03"}
{"level":"info","message":" Incoming Request \u001b[32mGET\u001b[39m \u001b[31m404\u001b[39m \u001b[35m/api/v1/category/popula\u001b[39m \u001b[93m2 ms\u001b[39m","size":"1491","timestamp":"2025-07-25 11:30:03"}
{"level":"info","message":" Incoming Request \u001b[32mGET\u001b[39m \u001b[31m404\u001b[39m \u001b[35m/api/v1/category/popula\u001b[39m \u001b[93m2 ms\u001b[39m","size":"1491","timestamp":"2025-07-25 11:30:03"}
{"level":"info","message":" Incoming Request \u001b[32mGET\u001b[39m \u001b[31m404\u001b[39m \u001b[35m/api/v1/category/popula\u001b[39m \u001b[93m2 ms\u001b[39m","size":"1491","timestamp":"2025-07-25 11:30:04"}
{"level":"info","message":" Incoming Request \u001b[32mGET\u001b[39m \u001b[31m404\u001b[39m \u001b[35m/api/v1/category/popula\u001b[39m \u001b[93m2 ms\u001b[39m","size":"1491","timestamp":"2025-07-25 11:30:05"}
{"level":"info","message":" Incoming Request \u001b[32mGET\u001b[39m \u001b[31m404\u001b[39m \u001b[35m/api/v1/category/popula\u001b[39m \u001b[93m0 ms\u001b[39m","size":"1491","timestamp":"2025-07-25 11:30:54"}
{"level":"info","message":" Incoming Request \u001b[32mGET\u001b[39m \u001b[31m404\u001b[39m \u001b[35m/api/v1/category/popula\u001b[39m \u001b[93m2 ms\u001b[39m","size":"1491","timestamp":"2025-07-25 11:30:55"}
{"level":"info","message":" Incoming Request \u001b[32mGET\u001b[39m \u001b[31m404\u001b[39m \u001b[35m/api/v1/category/popula\u001b[39m \u001b[93m0 ms\u001b[39m","size":"1491","timestamp":"2025-07-25 11:30:55"}
{"level":"info","message":" Incoming Request \u001b[32mGET\u001b[39m \u001b[31m404\u001b[39m \u001b[35m/api/v1/category/popula\u001b[39m \u001b[93m1 ms\u001b[39m","size":"1491","timestamp":"2025-07-25 11:30:55"}
{"level":"info","message":" Incoming Request \u001b[32mGET\u001b[39m \u001b[31m404\u001b[39m \u001b[35m/api/v1/category/popula\u001b[39m \u001b[93m1 ms\u001b[39m","size":"1491","timestamp":"2025-07-25 11:30:58"}
{"level":"info","message":" Incoming Request \u001b[32mGET\u001b[39m \u001b[34m304\u001b[39m \u001b[35m/api/v1/user/my-profile\u001b[39m \u001b[93m232 ms\u001b[39m","size":0,"timestamp":"2025-07-25 11:30:59"}
{"level":"info","message":" Incoming Request \u001b[32mGET\u001b[39m \u001b[31m404\u001b[39m \u001b[35m/api/v1/category/popula\u001b[39m \u001b[93m0 ms\u001b[39m","size":"1491","timestamp":"2025-07-25 11:31:26"}
{"level":"info","message":" Incoming Request \u001b[32mGET\u001b[39m \u001b[31m404\u001b[39m \u001b[35m/api/v1/category/popula\u001b[39m \u001b[93m1 ms\u001b[39m","size":"1491","timestamp":"2025-07-25 11:31:30"}
{"level":"info","message":" Incoming Request \u001b[32mGET\u001b[39m \u001b[34m304\u001b[39m \u001b[35m/api/v1/user/my-profile\u001b[39m \u001b[93m233 ms\u001b[39m","size":0,"timestamp":"2025-07-25 11:31:31"}
{"level":"info","message":" Incoming Request \u001b[32mGET\u001b[39m \u001b[31m404\u001b[39m \u001b[35m/api/v1/category/popula\u001b[39m \u001b[93m2 ms\u001b[39m","size":"1491","timestamp":"2025-07-25 11:31:33"}
{"level":"info","message":" Incoming Request \u001b[32mGET\u001b[39m \u001b[31m404\u001b[39m \u001b[35m/api/v1/category/popula\u001b[39m \u001b[93m0 ms\u001b[39m","size":"1491","timestamp":"2025-07-25 11:31:40"}
{"level":"info","message":" Incoming Request \u001b[32mGET\u001b[39m \u001b[31m404\u001b[39m \u001b[35m/api/v1/category/popula\u001b[39m \u001b[93m1 ms\u001b[39m","size":"1491","timestamp":"2025-07-25 11:33:03"}
{"level":"info","message":" Incoming Request \u001b[32mGET\u001b[39m \u001b[34m304\u001b[39m \u001b[35m/api/v1/user/my-profile\u001b[39m \u001b[93m233 ms\u001b[39m","size":0,"timestamp":"2025-07-25 11:33:04"}
{"level":"info","message":" Incoming Request \u001b[32mGET\u001b[39m \u001b[31m404\u001b[39m \u001b[35m/api/v1/category/popula\u001b[39m \u001b[93m2 ms\u001b[39m","size":"1491","timestamp":"2025-07-25 11:33:06"}
{"level":"info","message":" Incoming Request \u001b[32mGET\u001b[39m \u001b[31m404\u001b[39m \u001b[35m/api/v1/category/popula\u001b[39m \u001b[93m0 ms\u001b[39m","size":"1491","timestamp":"2025-07-25 11:33:41"}
{"level":"info","message":" Incoming Request \u001b[32mGET\u001b[39m \u001b[31m404\u001b[39m \u001b[35m/api/v1/category/popula\u001b[39m \u001b[93m1 ms\u001b[39m","size":"1491","timestamp":"2025-07-25 11:33:42"}
{"level":"info","message":" Incoming Request \u001b[32mGET\u001b[39m \u001b[31m404\u001b[39m \u001b[35m/api/v1/category/popula\u001b[39m \u001b[93m2 ms\u001b[39m","size":"1491","timestamp":"2025-07-25 11:33:48"}
{"level":"info","message":" Incoming Request \u001b[32mGET\u001b[39m \u001b[31m404\u001b[39m \u001b[35m/api/v1/category/popula\u001b[39m \u001b[93m2 ms\u001b[39m","size":"1491","timestamp":"2025-07-25 11:33:50"}
{"level":"info","message":" Incoming Request \u001b[32mGET\u001b[39m \u001b[31m404\u001b[39m \u001b[35m/api/v1/category/popula\u001b[39m \u001b[93m1 ms\u001b[39m","size":"1491","timestamp":"2025-07-25 11:33:57"}
{"level":"info","message":" Incoming Request \u001b[32mGET\u001b[39m \u001b[31m404\u001b[39m \u001b[35m/api/v1/category/popula\u001b[39m \u001b[93m2 ms\u001b[39m","size":"1491","timestamp":"2025-07-25 11:34:00"}
{"level":"info","message":" Incoming Request \u001b[32mGET\u001b[39m \u001b[31m404\u001b[39m \u001b[35m/api/v1/category/popula\u001b[39m \u001b[93m0 ms\u001b[39m","size":"1491","timestamp":"2025-07-25 11:34:41"}
{"level":"info","message":" Incoming Request \u001b[32mGET\u001b[39m \u001b[34m304\u001b[39m \u001b[35m/api/v1/user/my-profile\u001b[39m \u001b[93m241 ms\u001b[39m","size":0,"timestamp":"2025-07-25 11:34:42"}
{"level":"info","message":" Incoming Request \u001b[32mGET\u001b[39m \u001b[31m404\u001b[39m \u001b[35m/api/v1/category/popula\u001b[39m \u001b[93m0 ms\u001b[39m","size":"1491","timestamp":"2025-07-25 11:35:24"}
{"level":"info","message":" Incoming Request \u001b[32mGET\u001b[39m \u001b[31m404\u001b[39m \u001b[35m/api/v1/category/popula\u001b[39m \u001b[93m0 ms\u001b[39m","size":"1491","timestamp":"2025-07-25 11:35:37"}
{"level":"info","message":" Incoming Request \u001b[32mGET\u001b[39m \u001b[34m304\u001b[39m \u001b[35m/api/v1/user/my-profile\u001b[39m \u001b[93m236 ms\u001b[39m","size":0,"timestamp":"2025-07-25 11:35:38"}
{"level":"info","message":" Incoming Request \u001b[32mGET\u001b[39m \u001b[32m200\u001b[39m \u001b[35m/api/v1/category/popular\u001b[39m \u001b[93m77 ms\u001b[39m","size":"1300","timestamp":"2025-07-25 11:36:24"}
{"level":"info","message":" Incoming Request \u001b[32mGET\u001b[39m \u001b[34m304\u001b[39m \u001b[35m/api/v1/user/my-profile\u001b[39m \u001b[93m240 ms\u001b[39m","size":0,"timestamp":"2025-07-25 11:36:25"}
{"level":"info","message":" Incoming Request \u001b[32mGET\u001b[39m \u001b[32m200\u001b[39m \u001b[35m/api/v1/category/popular\u001b[39m \u001b[93m78 ms\u001b[39m","size":"1300","timestamp":"2025-07-25 11:36:33"}
{"level":"info","message":" Incoming Request \u001b[32mGET\u001b[39m \u001b[34m304\u001b[39m \u001b[35m/api/v1/user/my-profile\u001b[39m \u001b[93m235 ms\u001b[39m","size":0,"timestamp":"2025-07-25 11:36:33"}
{"level":"info","message":" Incoming Request \u001b[32mGET\u001b[39m \u001b[32m200\u001b[39m \u001b[35m/api/v1/category/popular\u001b[39m \u001b[93m79 ms\u001b[39m","size":"1300","timestamp":"2025-07-25 11:36:38"}
{"level":"info","message":" Incoming Request \u001b[32mGET\u001b[39m \u001b[34m304\u001b[39m \u001b[35m/api/v1/user/my-profile\u001b[39m \u001b[93m236 ms\u001b[39m","size":0,"timestamp":"2025-07-25 11:36:39"}
{"level":"info","message":" Incoming Request \u001b[32mGET\u001b[39m \u001b[32m200\u001b[39m \u001b[35m/api/v1/category/popular\u001b[39m \u001b[93m79 ms\u001b[39m","size":"1300","timestamp":"2025-07-25 11:37:09"}
{"level":"info","message":" Incoming Request \u001b[32mGET\u001b[39m \u001b[34m304\u001b[39m \u001b[35m/api/v1/user/my-profile\u001b[39m \u001b[93m242 ms\u001b[39m","size":0,"timestamp":"2025-07-25 11:37:10"}
{"level":"info","message":" Incoming Request \u001b[32mGET\u001b[39m \u001b[32m200\u001b[39m \u001b[35m/api/v1/category/popular\u001b[39m \u001b[93m78 ms\u001b[39m","size":"1300","timestamp":"2025-07-25 11:37:52"}
{"level":"info","message":" Incoming Request \u001b[32mGET\u001b[39m \u001b[34m304\u001b[39m \u001b[35m/api/v1/user/my-profile\u001b[39m \u001b[93m236 ms\u001b[39m","size":0,"timestamp":"2025-07-25 11:37:53"}
{"level":"info","message":" Incoming Request \u001b[32mGET\u001b[39m \u001b[32m200\u001b[39m \u001b[35m/api/v1/category/popular\u001b[39m \u001b[93m80 ms\u001b[39m","size":"1300","timestamp":"2025-07-25 11:37:56"}
{"level":"info","message":" Incoming Request \u001b[32mGET\u001b[39m \u001b[34m304\u001b[39m \u001b[35m/api/v1/user/my-profile\u001b[39m \u001b[93m238 ms\u001b[39m","size":0,"timestamp":"2025-07-25 11:37:57"}
{"level":"info","message":" Incoming Request \u001b[32mGET\u001b[39m \u001b[32m200\u001b[39m \u001b[35m/api/v1/category/popular\u001b[39m \u001b[93m77 ms\u001b[39m","size":"1300","timestamp":"2025-07-25 11:39:04"}
{"level":"info","message":" Incoming Request \u001b[32mGET\u001b[39m \u001b[34m304\u001b[39m \u001b[35m/api/v1/user/my-profile\u001b[39m \u001b[93m237 ms\u001b[39m","size":0,"timestamp":"2025-07-25 11:39:05"}
{"level":"info","message":" Incoming Request \u001b[32mGET\u001b[39m \u001b[32m200\u001b[39m \u001b[35m/api/v1/category/popular\u001b[39m \u001b[93m78 ms\u001b[39m","size":"1300","timestamp":"2025-07-25 11:39:23"}
{"level":"info","message":" Incoming Request \u001b[32mGET\u001b[39m \u001b[34m304\u001b[39m \u001b[35m/api/v1/user/my-profile\u001b[39m \u001b[93m543 ms\u001b[39m","size":0,"timestamp":"2025-07-25 11:39:24"}
{"level":"info","message":" Incoming Request \u001b[32mGET\u001b[39m \u001b[32m200\u001b[39m \u001b[35m/api/v1/category/popular\u001b[39m \u001b[93m78 ms\u001b[39m","size":"1300","timestamp":"2025-07-25 11:39:47"}
{"level":"info","message":" Incoming Request \u001b[32mGET\u001b[39m \u001b[34m304\u001b[39m \u001b[35m/api/v1/user/my-profile\u001b[39m \u001b[93m237 ms\u001b[39m","size":0,"timestamp":"2025-07-25 11:39:47"}
{"level":"info","message":" Incoming Request \u001b[32mGET\u001b[39m \u001b[32m200\u001b[39m \u001b[35m/api/v1/category/popular\u001b[39m \u001b[93m78 ms\u001b[39m","size":"1300","timestamp":"2025-07-25 11:40:16"}
{"level":"info","message":" Incoming Request \u001b[32mGET\u001b[39m \u001b[34m304\u001b[39m \u001b[35m/api/v1/user/my-profile\u001b[39m \u001b[93m232 ms\u001b[39m","size":0,"timestamp":"2025-07-25 11:40:17"}
{"level":"info","message":" Incoming Request \u001b[32mGET\u001b[39m \u001b[32m200\u001b[39m \u001b[35m/api/v1/category/popular\u001b[39m \u001b[93m76 ms\u001b[39m","size":"1300","timestamp":"2025-07-25 11:40:41"}
{"level":"info","message":" Incoming Request \u001b[32mGET\u001b[39m \u001b[34m304\u001b[39m \u001b[35m/api/v1/user/my-profile\u001b[39m \u001b[93m232 ms\u001b[39m","size":0,"timestamp":"2025-07-25 11:40:41"}
{"level":"info","message":" Incoming Request \u001b[32mGET\u001b[39m \u001b[32m200\u001b[39m \u001b[35m/api/v1/category/popular\u001b[39m \u001b[93m76 ms\u001b[39m","size":"1300","timestamp":"2025-07-25 11:42:14"}
{"level":"info","message":" Incoming Request \u001b[32mGET\u001b[39m \u001b[34m304\u001b[39m \u001b[35m/api/v1/user/my-profile\u001b[39m \u001b[93m231 ms\u001b[39m","size":0,"timestamp":"2025-07-25 11:42:15"}
{"level":"info","message":" Incoming Request \u001b[32mGET\u001b[39m \u001b[32m200\u001b[39m \u001b[35m/api/v1/category/popular\u001b[39m \u001b[93m76 ms\u001b[39m","size":"1300","timestamp":"2025-07-25 11:43:53"}
{"level":"info","message":" Incoming Request \u001b[32mGET\u001b[39m \u001b[34m304\u001b[39m \u001b[35m/api/v1/user/my-profile\u001b[39m \u001b[93m234 ms\u001b[39m","size":0,"timestamp":"2025-07-25 11:43:54"}
{"level":"info","message":" Incoming Request \u001b[32mGET\u001b[39m \u001b[32m200\u001b[39m \u001b[35m/api/v1/category/popular\u001b[39m \u001b[93m78 ms\u001b[39m","size":"1300","timestamp":"2025-07-25 11:44:05"}
{"level":"info","message":" Incoming Request \u001b[32mGET\u001b[39m \u001b[34m304\u001b[39m \u001b[35m/api/v1/user/my-profile\u001b[39m \u001b[93m239 ms\u001b[39m","size":0,"timestamp":"2025-07-25 11:44:06"}
{"level":"info","message":" Incoming Request \u001b[32mGET\u001b[39m \u001b[32m200\u001b[39m \u001b[35m/api/v1/category/popular\u001b[39m \u001b[93m78 ms\u001b[39m","size":"1300","timestamp":"2025-07-25 11:47:17"}
{"level":"info","message":" Incoming Request \u001b[32mGET\u001b[39m \u001b[34m304\u001b[39m \u001b[35m/api/v1/user/my-profile\u001b[39m \u001b[93m236 ms\u001b[39m","size":0,"timestamp":"2025-07-25 11:47:18"}
{"level":"info","message":" Incoming Request \u001b[32mGET\u001b[39m \u001b[34m304\u001b[39m \u001b[35m/api/v1/user/my-profile\u001b[39m \u001b[93m236 ms\u001b[39m","size":0,"timestamp":"2025-07-25 11:58:18"}
{"level":"info","message":" Incoming Request \u001b[32mGET\u001b[39m \u001b[31m404\u001b[39m \u001b[35m/images/1976dc6b-de5e-4834-abee-efb1eb841b62.jpg\u001b[39m \u001b[93m2 ms\u001b[39m","size":"1566","timestamp":"2025-07-25 11:58:20"}
{"level":"info","message":" Incoming Request \u001b[32mGET\u001b[39m \u001b[32m201\u001b[39m \u001b[35m/api/v1/job/overview\u001b[39m \u001b[93m233 ms\u001b[39m","size":"130","timestamp":"2025-07-25 11:58:28"}
{"level":"info","message":" Incoming Request \u001b[32mGET\u001b[39m \u001b[32m201\u001b[39m \u001b[35m/api/v1/job/my-jobs?limit=10\u001b[39m \u001b[93m851 ms\u001b[39m","size":"943","timestamp":"2025-07-25 11:58:29"}
{"level":"info","message":" Incoming Request \u001b[34mPOST\u001b[39m \u001b[32m200\u001b[39m \u001b[35m/api/v1/user/login\u001b[39m \u001b[93m359 ms\u001b[39m","size":"787","timestamp":"2025-07-25 11:58:50"}
{"level":"info","message":" Incoming Request \u001b[32mGET\u001b[39m \u001b[31m400\u001b[39m \u001b[35m/api/v1/user/my-profile\u001b[39m \u001b[93m3 ms\u001b[39m","size":"1508","timestamp":"2025-07-25 11:58:50"}
{"level":"info","message":" Incoming Request \u001b[32mGET\u001b[39m \u001b[32m200\u001b[39m \u001b[35m/api/v1/admin/earning/2025\u001b[39m \u001b[93m87 ms\u001b[39m","size":"226","timestamp":"2025-07-25 11:58:51"}
{"level":"info","message":" Incoming Request \u001b[32mGET\u001b[39m \u001b[32m200\u001b[39m \u001b[35m/api/v1/admin/dashboard\u001b[39m \u001b[93m385 ms\u001b[39m","size":"159","timestamp":"2025-07-25 11:58:52"}
{"level":"info","message":" Incoming Request \u001b[32mGET\u001b[39m \u001b[32m200\u001b[39m \u001b[35m/api/v1/category/all?\u001b[39m \u001b[93m78 ms\u001b[39m","size":"1302","timestamp":"2025-07-25 11:58:54"}
{"level":"info","message":" Incoming Request \u001b[34mPOST\u001b[39m \u001b[32m200\u001b[39m \u001b[35m/api/v1/uploded\u001b[39m \u001b[93m6 ms\u001b[39m","size":"215","timestamp":"2025-07-25 12:03:36"}
