{"level":"info","message":"Root endpoint hit","timestamp":"2025-07-07 00:00:46"}
{"level":"info","message":" Incoming Request \u001b[32mGET\u001b[39m \u001b[32m200\u001b[39m \u001b[35m/\u001b[39m \u001b[93m3 ms\u001b[39m","size":"109","timestamp":"2025-07-07 00:00:46"}
{"level":"info","message":"Root endpoint hit","timestamp":"2025-07-07 00:01:46"}
{"level":"info","message":" Incoming Request \u001b[32mGET\u001b[39m \u001b[32m200\u001b[39m \u001b[35m/\u001b[39m \u001b[93m2 ms\u001b[39m","size":"109","timestamp":"2025-07-07 00:01:46"}
{"level":"info","message":"Root endpoint hit","timestamp":"2025-07-07 00:02:46"}
{"level":"info","message":" Incoming Request \u001b[32mGET\u001b[39m \u001b[32m200\u001b[39m \u001b[35m/\u001b[39m \u001b[93m1 ms\u001b[39m","size":"109","timestamp":"2025-07-07 00:02:46"}
{"level":"info","message":"Root endpoint hit","timestamp":"2025-07-07 00:03:46"}
{"level":"info","message":" Incoming Request \u001b[32mGET\u001b[39m \u001b[32m200\u001b[39m \u001b[35m/\u001b[39m \u001b[93m1 ms\u001b[39m","size":"109","timestamp":"2025-07-07 00:03:46"}
{"level":"info","message":"Root endpoint hit","timestamp":"2025-07-07 00:04:46"}
{"level":"info","message":" Incoming Request \u001b[32mGET\u001b[39m \u001b[32m200\u001b[39m \u001b[35m/\u001b[39m \u001b[93m1 ms\u001b[39m","size":"109","timestamp":"2025-07-07 00:04:46"}
{"level":"info","message":"Root endpoint hit","timestamp":"2025-07-07 00:05:46"}
{"level":"info","message":" Incoming Request \u001b[32mGET\u001b[39m \u001b[32m200\u001b[39m \u001b[35m/\u001b[39m \u001b[93m1 ms\u001b[39m","size":"109","timestamp":"2025-07-07 00:05:46"}
{"level":"info","message":"Root endpoint hit","timestamp":"2025-07-07 00:06:46"}
{"level":"info","message":" Incoming Request \u001b[32mGET\u001b[39m \u001b[32m200\u001b[39m \u001b[35m/\u001b[39m \u001b[93m0 ms\u001b[39m","size":"109","timestamp":"2025-07-07 00:06:46"}
{"level":"info","message":"Root endpoint hit","timestamp":"2025-07-07 00:07:46"}
{"level":"info","message":" Incoming Request \u001b[32mGET\u001b[39m \u001b[32m200\u001b[39m \u001b[35m/\u001b[39m \u001b[93m1 ms\u001b[39m","size":"109","timestamp":"2025-07-07 00:07:46"}
{"level":"info","message":"Root endpoint hit","timestamp":"2025-07-07 00:08:46"}
{"level":"info","message":" Incoming Request \u001b[32mGET\u001b[39m \u001b[32m200\u001b[39m \u001b[35m/\u001b[39m \u001b[93m2 ms\u001b[39m","size":"109","timestamp":"2025-07-07 00:08:46"}
{"level":"info","message":"Root endpoint hit","timestamp":"2025-07-07 00:09:46"}
{"level":"info","message":" Incoming Request \u001b[32mGET\u001b[39m \u001b[32m200\u001b[39m \u001b[35m/\u001b[39m \u001b[93m1 ms\u001b[39m","size":"109","timestamp":"2025-07-07 00:09:46"}
{"level":"info","message":"Root endpoint hit","timestamp":"2025-07-07 00:10:46"}
{"level":"info","message":" Incoming Request \u001b[32mGET\u001b[39m \u001b[32m200\u001b[39m \u001b[35m/\u001b[39m \u001b[93m1 ms\u001b[39m","size":"109","timestamp":"2025-07-07 00:10:46"}
{"level":"info","message":"Root endpoint hit","timestamp":"2025-07-07 00:11:46"}
{"level":"info","message":" Incoming Request \u001b[32mGET\u001b[39m \u001b[32m200\u001b[39m \u001b[35m/\u001b[39m \u001b[93m2 ms\u001b[39m","size":"109","timestamp":"2025-07-07 00:11:46"}
{"level":"info","message":"Root endpoint hit","timestamp":"2025-07-07 00:12:46"}
{"level":"info","message":" Incoming Request \u001b[32mGET\u001b[39m \u001b[32m200\u001b[39m \u001b[35m/\u001b[39m \u001b[93m1 ms\u001b[39m","size":"109","timestamp":"2025-07-07 00:12:46"}
{"level":"info","message":"Root endpoint hit","timestamp":"2025-07-07 00:13:46"}
{"level":"info","message":" Incoming Request \u001b[32mGET\u001b[39m \u001b[32m200\u001b[39m \u001b[35m/\u001b[39m \u001b[93m1 ms\u001b[39m","size":"109","timestamp":"2025-07-07 00:13:46"}
{"level":"info","message":"Root endpoint hit","timestamp":"2025-07-07 00:14:46"}
{"level":"info","message":" Incoming Request \u001b[32mGET\u001b[39m \u001b[32m200\u001b[39m \u001b[35m/\u001b[39m \u001b[93m1 ms\u001b[39m","size":"109","timestamp":"2025-07-07 00:14:46"}
{"level":"info","message":"Root endpoint hit","timestamp":"2025-07-07 00:15:46"}
{"level":"info","message":" Incoming Request \u001b[32mGET\u001b[39m \u001b[32m200\u001b[39m \u001b[35m/\u001b[39m \u001b[93m1 ms\u001b[39m","size":"109","timestamp":"2025-07-07 00:15:46"}
{"level":"info","message":"Root endpoint hit","timestamp":"2025-07-07 00:16:46"}
{"level":"info","message":" Incoming Request \u001b[32mGET\u001b[39m \u001b[32m200\u001b[39m \u001b[35m/\u001b[39m \u001b[93m1 ms\u001b[39m","size":"109","timestamp":"2025-07-07 00:16:46"}
{"level":"info","message":"Root endpoint hit","timestamp":"2025-07-07 00:17:46"}
{"level":"info","message":" Incoming Request \u001b[32mGET\u001b[39m \u001b[32m200\u001b[39m \u001b[35m/\u001b[39m \u001b[93m1 ms\u001b[39m","size":"109","timestamp":"2025-07-07 00:17:46"}
{"level":"info","message":"Root endpoint hit","timestamp":"2025-07-07 00:18:46"}
{"level":"info","message":" Incoming Request \u001b[32mGET\u001b[39m \u001b[32m200\u001b[39m \u001b[35m/\u001b[39m \u001b[93m1 ms\u001b[39m","size":"109","timestamp":"2025-07-07 00:18:46"}
{"level":"info","message":"Root endpoint hit","timestamp":"2025-07-07 00:19:45"}
{"level":"info","message":" Incoming Request \u001b[32mGET\u001b[39m \u001b[32m200\u001b[39m \u001b[35m/\u001b[39m \u001b[93m1 ms\u001b[39m","size":"109","timestamp":"2025-07-07 00:19:45"}
{"level":"info","message":"Root endpoint hit","timestamp":"2025-07-07 00:20:46"}
{"level":"info","message":" Incoming Request \u001b[32mGET\u001b[39m \u001b[32m200\u001b[39m \u001b[35m/\u001b[39m \u001b[93m1 ms\u001b[39m","size":"109","timestamp":"2025-07-07 00:20:46"}
{"level":"info","message":"Root endpoint hit","timestamp":"2025-07-07 00:21:46"}
{"level":"info","message":" Incoming Request \u001b[32mGET\u001b[39m \u001b[32m200\u001b[39m \u001b[35m/\u001b[39m \u001b[93m1 ms\u001b[39m","size":"109","timestamp":"2025-07-07 00:21:46"}
{"level":"info","message":"Root endpoint hit","timestamp":"2025-07-07 00:22:46"}
{"level":"info","message":" Incoming Request \u001b[32mGET\u001b[39m \u001b[32m200\u001b[39m \u001b[35m/\u001b[39m \u001b[93m1 ms\u001b[39m","size":"109","timestamp":"2025-07-07 00:22:46"}
{"level":"info","message":"Root endpoint hit","timestamp":"2025-07-07 00:23:46"}
{"level":"info","message":" Incoming Request \u001b[32mGET\u001b[39m \u001b[32m200\u001b[39m \u001b[35m/\u001b[39m \u001b[93m1 ms\u001b[39m","size":"109","timestamp":"2025-07-07 00:23:46"}
{"level":"info","message":"Root endpoint hit","timestamp":"2025-07-07 00:24:46"}
{"level":"info","message":" Incoming Request \u001b[32mGET\u001b[39m \u001b[32m200\u001b[39m \u001b[35m/\u001b[39m \u001b[93m2 ms\u001b[39m","size":"109","timestamp":"2025-07-07 00:24:46"}
{"level":"info","message":"Root endpoint hit","timestamp":"2025-07-07 00:25:46"}
{"level":"info","message":" Incoming Request \u001b[32mGET\u001b[39m \u001b[32m200\u001b[39m \u001b[35m/\u001b[39m \u001b[93m1 ms\u001b[39m","size":"109","timestamp":"2025-07-07 00:25:46"}
{"level":"info","message":"Root endpoint hit","timestamp":"2025-07-07 00:26:46"}
{"level":"info","message":" Incoming Request \u001b[32mGET\u001b[39m \u001b[32m200\u001b[39m \u001b[35m/\u001b[39m \u001b[93m1 ms\u001b[39m","size":"109","timestamp":"2025-07-07 00:26:46"}
{"level":"info","message":"Root endpoint hit","timestamp":"2025-07-07 00:27:46"}
{"level":"info","message":" Incoming Request \u001b[32mGET\u001b[39m \u001b[32m200\u001b[39m \u001b[35m/\u001b[39m \u001b[93m0 ms\u001b[39m","size":"109","timestamp":"2025-07-07 00:27:46"}
{"level":"info","message":"Root endpoint hit","timestamp":"2025-07-07 00:28:46"}
{"level":"info","message":" Incoming Request \u001b[32mGET\u001b[39m \u001b[32m200\u001b[39m \u001b[35m/\u001b[39m \u001b[93m2 ms\u001b[39m","size":"109","timestamp":"2025-07-07 00:28:46"}
{"level":"info","message":"Root endpoint hit","timestamp":"2025-07-07 00:29:46"}
{"level":"info","message":" Incoming Request \u001b[32mGET\u001b[39m \u001b[32m200\u001b[39m \u001b[35m/\u001b[39m \u001b[93m1 ms\u001b[39m","size":"109","timestamp":"2025-07-07 00:29:46"}
{"level":"info","message":"Root endpoint hit","timestamp":"2025-07-07 00:30:46"}
{"level":"info","message":" Incoming Request \u001b[32mGET\u001b[39m \u001b[32m200\u001b[39m \u001b[35m/\u001b[39m \u001b[93m1 ms\u001b[39m","size":"109","timestamp":"2025-07-07 00:30:46"}
{"level":"info","message":"Root endpoint hit","timestamp":"2025-07-07 00:31:46"}
{"level":"info","message":" Incoming Request \u001b[32mGET\u001b[39m \u001b[32m200\u001b[39m \u001b[35m/\u001b[39m \u001b[93m2 ms\u001b[39m","size":"109","timestamp":"2025-07-07 00:31:46"}
{"level":"info","message":"Root endpoint hit","timestamp":"2025-07-07 00:32:46"}
{"level":"info","message":" Incoming Request \u001b[32mGET\u001b[39m \u001b[32m200\u001b[39m \u001b[35m/\u001b[39m \u001b[93m1 ms\u001b[39m","size":"109","timestamp":"2025-07-07 00:32:46"}
{"level":"info","message":"Root endpoint hit","timestamp":"2025-07-07 00:33:46"}
{"level":"info","message":" Incoming Request \u001b[32mGET\u001b[39m \u001b[32m200\u001b[39m \u001b[35m/\u001b[39m \u001b[93m1 ms\u001b[39m","size":"109","timestamp":"2025-07-07 00:33:46"}
{"level":"info","message":"Root endpoint hit","timestamp":"2025-07-07 00:34:47"}
{"level":"info","message":" Incoming Request \u001b[32mGET\u001b[39m \u001b[32m200\u001b[39m \u001b[35m/\u001b[39m \u001b[93m1 ms\u001b[39m","size":"109","timestamp":"2025-07-07 00:34:47"}
{"level":"info","message":"Root endpoint hit","timestamp":"2025-07-07 00:35:46"}
{"level":"info","message":" Incoming Request \u001b[32mGET\u001b[39m \u001b[32m200\u001b[39m \u001b[35m/\u001b[39m \u001b[93m1 ms\u001b[39m","size":"109","timestamp":"2025-07-07 00:35:46"}
{"level":"info","message":"Root endpoint hit","timestamp":"2025-07-07 00:36:46"}
{"level":"info","message":" Incoming Request \u001b[32mGET\u001b[39m \u001b[32m200\u001b[39m \u001b[35m/\u001b[39m \u001b[93m1 ms\u001b[39m","size":"109","timestamp":"2025-07-07 00:36:46"}
{"level":"info","message":"Root endpoint hit","timestamp":"2025-07-07 00:37:46"}
{"level":"info","message":" Incoming Request \u001b[32mGET\u001b[39m \u001b[32m200\u001b[39m \u001b[35m/\u001b[39m \u001b[93m1 ms\u001b[39m","size":"109","timestamp":"2025-07-07 00:37:46"}
{"level":"info","message":"Root endpoint hit","timestamp":"2025-07-07 00:38:46"}
{"level":"info","message":" Incoming Request \u001b[32mGET\u001b[39m \u001b[32m200\u001b[39m \u001b[35m/\u001b[39m \u001b[93m1 ms\u001b[39m","size":"109","timestamp":"2025-07-07 00:38:46"}
{"level":"info","message":"Root endpoint hit","timestamp":"2025-07-07 00:39:46"}
{"level":"info","message":" Incoming Request \u001b[32mGET\u001b[39m \u001b[32m200\u001b[39m \u001b[35m/\u001b[39m \u001b[93m1 ms\u001b[39m","size":"109","timestamp":"2025-07-07 00:39:46"}
{"level":"info","message":"Root endpoint hit","timestamp":"2025-07-07 00:40:46"}
{"level":"info","message":" Incoming Request \u001b[32mGET\u001b[39m \u001b[32m200\u001b[39m \u001b[35m/\u001b[39m \u001b[93m3 ms\u001b[39m","size":"109","timestamp":"2025-07-07 00:40:46"}
{"level":"info","message":"Root endpoint hit","timestamp":"2025-07-07 00:41:46"}
{"level":"info","message":" Incoming Request \u001b[32mGET\u001b[39m \u001b[32m200\u001b[39m \u001b[35m/\u001b[39m \u001b[93m1 ms\u001b[39m","size":"109","timestamp":"2025-07-07 00:41:46"}
{"level":"info","message":"Root endpoint hit","timestamp":"2025-07-07 00:42:46"}
{"level":"info","message":" Incoming Request \u001b[32mGET\u001b[39m \u001b[32m200\u001b[39m \u001b[35m/\u001b[39m \u001b[93m1 ms\u001b[39m","size":"109","timestamp":"2025-07-07 00:42:46"}
{"level":"info","message":"Root endpoint hit","timestamp":"2025-07-07 00:43:46"}
{"level":"info","message":" Incoming Request \u001b[32mGET\u001b[39m \u001b[32m200\u001b[39m \u001b[35m/\u001b[39m \u001b[93m2 ms\u001b[39m","size":"109","timestamp":"2025-07-07 00:43:46"}
{"level":"info","message":"Root endpoint hit","timestamp":"2025-07-07 00:44:46"}
{"level":"info","message":" Incoming Request \u001b[32mGET\u001b[39m \u001b[32m200\u001b[39m \u001b[35m/\u001b[39m \u001b[93m1 ms\u001b[39m","size":"109","timestamp":"2025-07-07 00:44:46"}
{"level":"info","message":"Root endpoint hit","timestamp":"2025-07-07 00:45:46"}
{"level":"info","message":" Incoming Request \u001b[32mGET\u001b[39m \u001b[32m200\u001b[39m \u001b[35m/\u001b[39m \u001b[93m1 ms\u001b[39m","size":"109","timestamp":"2025-07-07 00:45:46"}
{"level":"info","message":"Root endpoint hit","timestamp":"2025-07-07 00:46:46"}
{"level":"info","message":" Incoming Request \u001b[32mGET\u001b[39m \u001b[32m200\u001b[39m \u001b[35m/\u001b[39m \u001b[93m1 ms\u001b[39m","size":"109","timestamp":"2025-07-07 00:46:46"}
{"level":"info","message":"Root endpoint hit","timestamp":"2025-07-07 00:47:46"}
{"level":"info","message":" Incoming Request \u001b[32mGET\u001b[39m \u001b[32m200\u001b[39m \u001b[35m/\u001b[39m \u001b[93m1 ms\u001b[39m","size":"109","timestamp":"2025-07-07 00:47:46"}
{"level":"info","message":"Root endpoint hit","timestamp":"2025-07-07 00:48:46"}
{"level":"info","message":" Incoming Request \u001b[32mGET\u001b[39m \u001b[32m200\u001b[39m \u001b[35m/\u001b[39m \u001b[93m0 ms\u001b[39m","size":"109","timestamp":"2025-07-07 00:48:46"}
{"level":"info","message":"Root endpoint hit","timestamp":"2025-07-07 00:49:46"}
{"level":"info","message":" Incoming Request \u001b[32mGET\u001b[39m \u001b[32m200\u001b[39m \u001b[35m/\u001b[39m \u001b[93m1 ms\u001b[39m","size":"109","timestamp":"2025-07-07 00:49:46"}
{"level":"info","message":"Root endpoint hit","timestamp":"2025-07-07 00:50:46"}
{"level":"info","message":" Incoming Request \u001b[32mGET\u001b[39m \u001b[32m200\u001b[39m \u001b[35m/\u001b[39m \u001b[93m1 ms\u001b[39m","size":"109","timestamp":"2025-07-07 00:50:46"}
{"level":"info","message":"Root endpoint hit","timestamp":"2025-07-07 00:51:46"}
{"level":"info","message":" Incoming Request \u001b[32mGET\u001b[39m \u001b[32m200\u001b[39m \u001b[35m/\u001b[39m \u001b[93m1 ms\u001b[39m","size":"109","timestamp":"2025-07-07 00:51:46"}
{"level":"info","message":"Root endpoint hit","timestamp":"2025-07-07 00:52:46"}
{"level":"info","message":" Incoming Request \u001b[32mGET\u001b[39m \u001b[32m200\u001b[39m \u001b[35m/\u001b[39m \u001b[93m1 ms\u001b[39m","size":"109","timestamp":"2025-07-07 00:52:46"}
{"level":"info","message":"Root endpoint hit","timestamp":"2025-07-07 00:53:46"}
{"level":"info","message":" Incoming Request \u001b[32mGET\u001b[39m \u001b[32m200\u001b[39m \u001b[35m/\u001b[39m \u001b[93m0 ms\u001b[39m","size":"109","timestamp":"2025-07-07 00:53:46"}
{"level":"info","message":"Root endpoint hit","timestamp":"2025-07-07 00:54:46"}
{"level":"info","message":" Incoming Request \u001b[32mGET\u001b[39m \u001b[32m200\u001b[39m \u001b[35m/\u001b[39m \u001b[93m1 ms\u001b[39m","size":"109","timestamp":"2025-07-07 00:54:46"}
{"level":"info","message":"Root endpoint hit","timestamp":"2025-07-07 00:55:46"}
{"level":"info","message":" Incoming Request \u001b[32mGET\u001b[39m \u001b[32m200\u001b[39m \u001b[35m/\u001b[39m \u001b[93m0 ms\u001b[39m","size":"109","timestamp":"2025-07-07 00:55:46"}
{"level":"info","message":"Root endpoint hit","timestamp":"2025-07-07 00:56:46"}
{"level":"info","message":" Incoming Request \u001b[32mGET\u001b[39m \u001b[32m200\u001b[39m \u001b[35m/\u001b[39m \u001b[93m1 ms\u001b[39m","size":"109","timestamp":"2025-07-07 00:56:46"}
{"level":"info","message":"Root endpoint hit","timestamp":"2025-07-07 00:57:46"}
{"level":"info","message":" Incoming Request \u001b[32mGET\u001b[39m \u001b[32m200\u001b[39m \u001b[35m/\u001b[39m \u001b[93m1 ms\u001b[39m","size":"109","timestamp":"2025-07-07 00:57:46"}
{"level":"info","message":"Root endpoint hit","timestamp":"2025-07-07 00:58:46"}
{"level":"info","message":" Incoming Request \u001b[32mGET\u001b[39m \u001b[32m200\u001b[39m \u001b[35m/\u001b[39m \u001b[93m2 ms\u001b[39m","size":"109","timestamp":"2025-07-07 00:58:46"}
{"level":"info","message":"Root endpoint hit","timestamp":"2025-07-07 00:59:46"}
{"level":"info","message":" Incoming Request \u001b[32mGET\u001b[39m \u001b[32m200\u001b[39m \u001b[35m/\u001b[39m \u001b[93m1 ms\u001b[39m","size":"109","timestamp":"2025-07-07 00:59:46"}
{"level":"info","message":"Root endpoint hit","timestamp":"2025-07-07 01:00:46"}
{"level":"info","message":" Incoming Request \u001b[32mGET\u001b[39m \u001b[32m200\u001b[39m \u001b[35m/\u001b[39m \u001b[93m2 ms\u001b[39m","size":"109","timestamp":"2025-07-07 01:00:46"}
{"level":"info","message":"Root endpoint hit","timestamp":"2025-07-07 01:01:46"}
{"level":"info","message":" Incoming Request \u001b[32mGET\u001b[39m \u001b[32m200\u001b[39m \u001b[35m/\u001b[39m \u001b[93m2 ms\u001b[39m","size":"109","timestamp":"2025-07-07 01:01:46"}
{"level":"info","message":"Root endpoint hit","timestamp":"2025-07-07 01:02:46"}
{"level":"info","message":" Incoming Request \u001b[32mGET\u001b[39m \u001b[32m200\u001b[39m \u001b[35m/\u001b[39m \u001b[93m2 ms\u001b[39m","size":"109","timestamp":"2025-07-07 01:02:46"}
{"level":"info","message":"Root endpoint hit","timestamp":"2025-07-07 01:03:46"}
{"level":"info","message":" Incoming Request \u001b[32mGET\u001b[39m \u001b[32m200\u001b[39m \u001b[35m/\u001b[39m \u001b[93m1 ms\u001b[39m","size":"109","timestamp":"2025-07-07 01:03:46"}
{"level":"info","message":"Root endpoint hit","timestamp":"2025-07-07 01:04:46"}
{"level":"info","message":" Incoming Request \u001b[32mGET\u001b[39m \u001b[32m200\u001b[39m \u001b[35m/\u001b[39m \u001b[93m2 ms\u001b[39m","size":"109","timestamp":"2025-07-07 01:04:46"}
{"level":"info","message":"Root endpoint hit","timestamp":"2025-07-07 01:05:46"}
{"level":"info","message":" Incoming Request \u001b[32mGET\u001b[39m \u001b[32m200\u001b[39m \u001b[35m/\u001b[39m \u001b[93m1 ms\u001b[39m","size":"109","timestamp":"2025-07-07 01:05:46"}
{"level":"info","message":"Root endpoint hit","timestamp":"2025-07-07 01:06:46"}
{"level":"info","message":" Incoming Request \u001b[32mGET\u001b[39m \u001b[32m200\u001b[39m \u001b[35m/\u001b[39m \u001b[93m1 ms\u001b[39m","size":"109","timestamp":"2025-07-07 01:06:46"}
{"level":"info","message":"Root endpoint hit","timestamp":"2025-07-07 01:07:46"}
{"level":"info","message":" Incoming Request \u001b[32mGET\u001b[39m \u001b[32m200\u001b[39m \u001b[35m/\u001b[39m \u001b[93m1 ms\u001b[39m","size":"109","timestamp":"2025-07-07 01:07:46"}
{"level":"info","message":"Root endpoint hit","timestamp":"2025-07-07 01:08:46"}
{"level":"info","message":" Incoming Request \u001b[32mGET\u001b[39m \u001b[32m200\u001b[39m \u001b[35m/\u001b[39m \u001b[93m0 ms\u001b[39m","size":"109","timestamp":"2025-07-07 01:08:46"}
{"level":"info","message":"Root endpoint hit","timestamp":"2025-07-07 01:09:45"}
{"level":"info","message":" Incoming Request \u001b[32mGET\u001b[39m \u001b[32m200\u001b[39m \u001b[35m/\u001b[39m \u001b[93m1 ms\u001b[39m","size":"109","timestamp":"2025-07-07 01:09:45"}
{"level":"info","message":"Root endpoint hit","timestamp":"2025-07-07 01:10:46"}
{"level":"info","message":" Incoming Request \u001b[32mGET\u001b[39m \u001b[32m200\u001b[39m \u001b[35m/\u001b[39m \u001b[93m1 ms\u001b[39m","size":"109","timestamp":"2025-07-07 01:10:46"}
{"level":"info","message":"Root endpoint hit","timestamp":"2025-07-07 01:11:46"}
{"level":"info","message":" Incoming Request \u001b[32mGET\u001b[39m \u001b[32m200\u001b[39m \u001b[35m/\u001b[39m \u001b[93m1 ms\u001b[39m","size":"109","timestamp":"2025-07-07 01:11:46"}
{"level":"info","message":"Root endpoint hit","timestamp":"2025-07-07 01:12:46"}
{"level":"info","message":" Incoming Request \u001b[32mGET\u001b[39m \u001b[32m200\u001b[39m \u001b[35m/\u001b[39m \u001b[93m1 ms\u001b[39m","size":"109","timestamp":"2025-07-07 01:12:46"}
{"level":"info","message":"Root endpoint hit","timestamp":"2025-07-07 01:13:46"}
{"level":"info","message":" Incoming Request \u001b[32mGET\u001b[39m \u001b[32m200\u001b[39m \u001b[35m/\u001b[39m \u001b[93m0 ms\u001b[39m","size":"109","timestamp":"2025-07-07 01:13:46"}
{"level":"info","message":"Root endpoint hit","timestamp":"2025-07-07 01:14:46"}
{"level":"info","message":" Incoming Request \u001b[32mGET\u001b[39m \u001b[32m200\u001b[39m \u001b[35m/\u001b[39m \u001b[93m1 ms\u001b[39m","size":"109","timestamp":"2025-07-07 01:14:46"}
{"level":"info","message":"Root endpoint hit","timestamp":"2025-07-07 01:15:46"}
{"level":"info","message":" Incoming Request \u001b[32mGET\u001b[39m \u001b[32m200\u001b[39m \u001b[35m/\u001b[39m \u001b[93m4 ms\u001b[39m","size":"109","timestamp":"2025-07-07 01:15:46"}
{"level":"info","message":" Incoming Request \u001b[32mGET\u001b[39m \u001b[31m400\u001b[39m \u001b[35m/api/v1/user/all-user\u001b[39m \u001b[93m8 ms\u001b[39m","size":"1308","timestamp":"2025-07-07 01:16:39"}
{"level":"info","message":"Root endpoint hit","timestamp":"2025-07-07 01:16:46"}
{"level":"info","message":" Incoming Request \u001b[32mGET\u001b[39m \u001b[32m200\u001b[39m \u001b[35m/\u001b[39m \u001b[93m1 ms\u001b[39m","size":"109","timestamp":"2025-07-07 01:16:46"}
{"level":"info","message":" Incoming Request \u001b[32mGET\u001b[39m \u001b[32m200\u001b[39m \u001b[35m/api/v1/user/all-user?role=employer\u001b[39m \u001b[93m159 ms\u001b[39m","size":"2662","timestamp":"2025-07-07 01:17:02"}
{"level":"info","message":" Incoming Request \u001b[32mGET\u001b[39m \u001b[32m200\u001b[39m \u001b[35m/api/v1/user/all-user?role=candidate\u001b[39m \u001b[93m153 ms\u001b[39m","size":"451","timestamp":"2025-07-07 01:17:17"}
{"level":"info","message":"Root endpoint hit","timestamp":"2025-07-07 01:17:46"}
{"level":"info","message":" Incoming Request \u001b[32mGET\u001b[39m \u001b[32m200\u001b[39m \u001b[35m/\u001b[39m \u001b[93m1 ms\u001b[39m","size":"109","timestamp":"2025-07-07 01:17:46"}
{"level":"info","message":" Incoming Request \u001b[32mGET\u001b[39m \u001b[32m200\u001b[39m \u001b[35m/api/v1/user/all-user?role=candidate\u001b[39m \u001b[93m153 ms\u001b[39m","size":"720","timestamp":"2025-07-07 01:18:41"}
{"level":"info","message":"Root endpoint hit","timestamp":"2025-07-07 01:18:46"}
{"level":"info","message":" Incoming Request \u001b[32mGET\u001b[39m \u001b[32m200\u001b[39m \u001b[35m/\u001b[39m \u001b[93m1 ms\u001b[39m","size":"109","timestamp":"2025-07-07 01:18:46"}
{"level":"info","message":"Root endpoint hit","timestamp":"2025-07-07 01:19:46"}
{"level":"info","message":" Incoming Request \u001b[32mGET\u001b[39m \u001b[32m200\u001b[39m \u001b[35m/\u001b[39m \u001b[93m1 ms\u001b[39m","size":"109","timestamp":"2025-07-07 01:19:46"}
{"level":"info","message":"Root endpoint hit","timestamp":"2025-07-07 01:20:46"}
{"level":"info","message":" Incoming Request \u001b[32mGET\u001b[39m \u001b[32m200\u001b[39m \u001b[35m/\u001b[39m \u001b[93m1 ms\u001b[39m","size":"109","timestamp":"2025-07-07 01:20:46"}
{"level":"info","message":"Root endpoint hit","timestamp":"2025-07-07 01:26:46"}
{"level":"info","message":" Incoming Request \u001b[32mGET\u001b[39m \u001b[32m200\u001b[39m \u001b[35m/\u001b[39m \u001b[93m4 ms\u001b[39m","size":"109","timestamp":"2025-07-07 01:26:46"}
{"level":"info","message":" Incoming Request \u001b[32mGET\u001b[39m \u001b[32m200\u001b[39m \u001b[35m/api/v1/user/all-user?role=candidate\u001b[39m \u001b[93m158 ms\u001b[39m","size":"78","timestamp":"2025-07-07 01:28:13"}
{"level":"info","message":"Root endpoint hit","timestamp":"2025-07-07 01:28:48"}
{"level":"info","message":" Incoming Request \u001b[32mGET\u001b[39m \u001b[32m200\u001b[39m \u001b[35m/\u001b[39m \u001b[93m2 ms\u001b[39m","size":"109","timestamp":"2025-07-07 01:28:48"}
{"level":"info","message":" Incoming Request \u001b[32mGET\u001b[39m \u001b[32m200\u001b[39m \u001b[35m/api/v1/user/all-user?role=candidate\u001b[39m \u001b[93m154 ms\u001b[39m","size":"720","timestamp":"2025-07-07 01:29:06"}
{"level":"info","message":"Root endpoint hit","timestamp":"2025-07-07 01:29:46"}
{"level":"info","message":" Incoming Request \u001b[32mGET\u001b[39m \u001b[32m200\u001b[39m \u001b[35m/\u001b[39m \u001b[93m3 ms\u001b[39m","size":"109","timestamp":"2025-07-07 01:29:46"}
{"level":"info","message":"Root endpoint hit","timestamp":"2025-07-07 01:30:46"}
{"level":"info","message":" Incoming Request \u001b[32mGET\u001b[39m \u001b[32m200\u001b[39m \u001b[35m/\u001b[39m \u001b[93m4 ms\u001b[39m","size":"109","timestamp":"2025-07-07 01:30:46"}
{"level":"info","message":" Incoming Request \u001b[32mGET\u001b[39m \u001b[32m200\u001b[39m \u001b[35m/api/v1/user/all-user?role=candidate\u001b[39m \u001b[93m162 ms\u001b[39m","size":"704","timestamp":"2025-07-07 01:31:05"}
{"level":"info","message":" Incoming Request \u001b[32mGET\u001b[39m \u001b[32m200\u001b[39m \u001b[35m/api/v1/user/all-user?role=candidate\u001b[39m \u001b[93m152 ms\u001b[39m","size":"704","timestamp":"2025-07-07 01:31:49"}
{"level":"info","message":" Incoming Request \u001b[32mGET\u001b[39m \u001b[32m200\u001b[39m \u001b[35m/api/v1/user/all-user?role=candidate\u001b[39m \u001b[93m152 ms\u001b[39m","size":"704","timestamp":"2025-07-07 01:31:50"}
{"level":"info","message":" Incoming Request \u001b[32mGET\u001b[39m \u001b[32m200\u001b[39m \u001b[35m/api/v1/user/all-user?role=employer\u001b[39m \u001b[93m152 ms\u001b[39m","size":"2654","timestamp":"2025-07-07 01:32:03"}
{"level":"info","message":"Root endpoint hit","timestamp":"2025-07-07 01:32:46"}
{"level":"info","message":" Incoming Request \u001b[32mGET\u001b[39m \u001b[32m200\u001b[39m \u001b[35m/\u001b[39m \u001b[93m2 ms\u001b[39m","size":"109","timestamp":"2025-07-07 01:32:46"}
{"level":"info","message":" Incoming Request \u001b[32mGET\u001b[39m \u001b[32m200\u001b[39m \u001b[35m/api/v1/user/all-user?role=candidate\u001b[39m \u001b[93m159 ms\u001b[39m","size":"704","timestamp":"2025-07-07 01:33:17"}
{"level":"info","message":"Root endpoint hit","timestamp":"2025-07-07 01:33:46"}
{"level":"info","message":" Incoming Request \u001b[32mGET\u001b[39m \u001b[32m200\u001b[39m \u001b[35m/\u001b[39m \u001b[93m1 ms\u001b[39m","size":"109","timestamp":"2025-07-07 01:33:46"}
{"level":"info","message":"Root endpoint hit","timestamp":"2025-07-07 01:34:46"}
{"level":"info","message":" Incoming Request \u001b[32mGET\u001b[39m \u001b[32m200\u001b[39m \u001b[35m/\u001b[39m \u001b[93m5 ms\u001b[39m","size":"109","timestamp":"2025-07-07 01:34:46"}
{"level":"info","message":"Root endpoint hit","timestamp":"2025-07-07 01:35:46"}
{"level":"info","message":" Incoming Request \u001b[32mGET\u001b[39m \u001b[32m200\u001b[39m \u001b[35m/\u001b[39m \u001b[93m4 ms\u001b[39m","size":"109","timestamp":"2025-07-07 01:35:46"}
{"level":"info","message":" Incoming Request \u001b[32mGET\u001b[39m \u001b[32m200\u001b[39m \u001b[35m/api/v1/user/all-user?role=candidate\u001b[39m \u001b[93m167 ms\u001b[39m","size":"362","timestamp":"2025-07-07 01:36:18"}
{"level":"info","message":"Root endpoint hit","timestamp":"2025-07-07 01:36:46"}
{"level":"info","message":" Incoming Request \u001b[32mGET\u001b[39m \u001b[32m200\u001b[39m \u001b[35m/\u001b[39m \u001b[93m1 ms\u001b[39m","size":"109","timestamp":"2025-07-07 01:36:46"}
{"level":"info","message":" Incoming Request \u001b[32mGET\u001b[39m \u001b[32m200\u001b[39m \u001b[35m/api/v1/user/all-user?role=candidate\u001b[39m \u001b[93m169 ms\u001b[39m","size":"394","timestamp":"2025-07-07 01:37:07"}
{"level":"info","message":" Incoming Request \u001b[32mGET\u001b[39m \u001b[32m200\u001b[39m \u001b[35m/api/v1/user/all-user?role=employer\u001b[39m \u001b[93m161 ms\u001b[39m","size":"367","timestamp":"2025-07-07 01:37:20"}
{"level":"info","message":"Root endpoint hit","timestamp":"2025-07-07 01:37:46"}
{"level":"info","message":" Incoming Request \u001b[32mGET\u001b[39m \u001b[32m200\u001b[39m \u001b[35m/\u001b[39m \u001b[93m1 ms\u001b[39m","size":"109","timestamp":"2025-07-07 01:37:46"}
{"level":"info","message":"Root endpoint hit","timestamp":"2025-07-07 01:38:46"}
{"level":"info","message":" Incoming Request \u001b[32mGET\u001b[39m \u001b[32m200\u001b[39m \u001b[35m/\u001b[39m \u001b[93m1 ms\u001b[39m","size":"109","timestamp":"2025-07-07 01:38:46"}
{"level":"info","message":"Root endpoint hit","timestamp":"2025-07-07 01:39:46"}
{"level":"info","message":" Incoming Request \u001b[32mGET\u001b[39m \u001b[32m200\u001b[39m \u001b[35m/\u001b[39m \u001b[93m2 ms\u001b[39m","size":"109","timestamp":"2025-07-07 01:39:46"}
{"level":"info","message":"Root endpoint hit","timestamp":"2025-07-07 01:40:46"}
{"level":"info","message":" Incoming Request \u001b[32mGET\u001b[39m \u001b[32m200\u001b[39m \u001b[35m/\u001b[39m \u001b[93m1 ms\u001b[39m","size":"109","timestamp":"2025-07-07 01:40:46"}
{"level":"info","message":"Root endpoint hit","timestamp":"2025-07-07 01:41:46"}
{"level":"info","message":" Incoming Request \u001b[32mGET\u001b[39m \u001b[32m200\u001b[39m \u001b[35m/\u001b[39m \u001b[93m1 ms\u001b[39m","size":"109","timestamp":"2025-07-07 01:41:46"}
{"level":"info","message":"Root endpoint hit","timestamp":"2025-07-07 01:42:46"}
{"level":"info","message":" Incoming Request \u001b[32mGET\u001b[39m \u001b[32m200\u001b[39m \u001b[35m/\u001b[39m \u001b[93m1 ms\u001b[39m","size":"109","timestamp":"2025-07-07 01:42:46"}
{"level":"info","message":"Root endpoint hit","timestamp":"2025-07-07 01:43:46"}
{"level":"info","message":" Incoming Request \u001b[32mGET\u001b[39m \u001b[32m200\u001b[39m \u001b[35m/\u001b[39m \u001b[93m1 ms\u001b[39m","size":"109","timestamp":"2025-07-07 01:43:46"}
{"level":"info","message":"Root endpoint hit","timestamp":"2025-07-07 01:44:46"}
{"level":"info","message":" Incoming Request \u001b[32mGET\u001b[39m \u001b[32m200\u001b[39m \u001b[35m/\u001b[39m \u001b[93m2 ms\u001b[39m","size":"109","timestamp":"2025-07-07 01:44:46"}
{"level":"info","message":"Root endpoint hit","timestamp":"2025-07-07 01:45:46"}
{"level":"info","message":" Incoming Request \u001b[32mGET\u001b[39m \u001b[32m200\u001b[39m \u001b[35m/\u001b[39m \u001b[93m0 ms\u001b[39m","size":"109","timestamp":"2025-07-07 01:45:46"}
{"level":"info","message":"Root endpoint hit","timestamp":"2025-07-07 01:46:34"}
{"level":"info","message":" Incoming Request \u001b[32mGET\u001b[39m \u001b[32m200\u001b[39m \u001b[35m/\u001b[39m \u001b[93m1 ms\u001b[39m","size":"109","timestamp":"2025-07-07 01:46:34"}
{"level":"info","message":"Root endpoint hit","timestamp":"2025-07-07 01:46:47"}
{"level":"info","message":" Incoming Request \u001b[32mGET\u001b[39m \u001b[32m200\u001b[39m \u001b[35m/\u001b[39m \u001b[93m1 ms\u001b[39m","size":"109","timestamp":"2025-07-07 01:46:47"}
{"level":"info","message":"Root endpoint hit","timestamp":"2025-07-07 01:47:17"}
{"level":"info","message":" Incoming Request \u001b[32mGET\u001b[39m \u001b[32m200\u001b[39m \u001b[35m/\u001b[39m \u001b[93m1 ms\u001b[39m","size":"109","timestamp":"2025-07-07 01:47:17"}
{"level":"info","message":"Root endpoint hit","timestamp":"2025-07-07 01:47:48"}
{"level":"info","message":" Incoming Request \u001b[32mGET\u001b[39m \u001b[32m200\u001b[39m \u001b[35m/\u001b[39m \u001b[93m0 ms\u001b[39m","size":"109","timestamp":"2025-07-07 01:47:48"}
{"level":"info","message":"Root endpoint hit","timestamp":"2025-07-07 01:48:18"}
{"level":"info","message":" Incoming Request \u001b[32mGET\u001b[39m \u001b[32m200\u001b[39m \u001b[35m/\u001b[39m \u001b[93m1 ms\u001b[39m","size":"109","timestamp":"2025-07-07 01:48:18"}
{"level":"info","message":"Root endpoint hit","timestamp":"2025-07-07 01:49:19"}
{"level":"info","message":" Incoming Request \u001b[32mGET\u001b[39m \u001b[32m200\u001b[39m \u001b[35m/\u001b[39m \u001b[93m1 ms\u001b[39m","size":"109","timestamp":"2025-07-07 01:49:19"}
{"level":"info","message":"Root endpoint hit","timestamp":"2025-07-07 01:50:20"}
{"level":"info","message":" Incoming Request \u001b[32mGET\u001b[39m \u001b[32m200\u001b[39m \u001b[35m/\u001b[39m \u001b[93m0 ms\u001b[39m","size":"109","timestamp":"2025-07-07 01:50:20"}
{"level":"info","message":"Root endpoint hit","timestamp":"2025-07-07 01:51:35"}
{"level":"info","message":" Incoming Request \u001b[32mGET\u001b[39m \u001b[32m200\u001b[39m \u001b[35m/\u001b[39m \u001b[93m1 ms\u001b[39m","size":"109","timestamp":"2025-07-07 01:51:35"}
{"level":"info","message":"Root endpoint hit","timestamp":"2025-07-07 01:51:47"}
{"level":"info","message":" Incoming Request \u001b[32mGET\u001b[39m \u001b[32m200\u001b[39m \u001b[35m/\u001b[39m \u001b[93m1 ms\u001b[39m","size":"109","timestamp":"2025-07-07 01:51:47"}
{"level":"info","message":"Root endpoint hit","timestamp":"2025-07-07 01:52:18"}
{"level":"info","message":" Incoming Request \u001b[32mGET\u001b[39m \u001b[32m200\u001b[39m \u001b[35m/\u001b[39m \u001b[93m1 ms\u001b[39m","size":"109","timestamp":"2025-07-07 01:52:18"}
{"level":"info","message":"Root endpoint hit","timestamp":"2025-07-07 01:52:47"}
{"level":"info","message":" Incoming Request \u001b[32mGET\u001b[39m \u001b[32m200\u001b[39m \u001b[35m/\u001b[39m \u001b[93m1 ms\u001b[39m","size":"109","timestamp":"2025-07-07 01:52:47"}
{"level":"info","message":"Root endpoint hit","timestamp":"2025-07-07 01:53:18"}
{"level":"info","message":" Incoming Request \u001b[32mGET\u001b[39m \u001b[32m200\u001b[39m \u001b[35m/\u001b[39m \u001b[93m1 ms\u001b[39m","size":"109","timestamp":"2025-07-07 01:53:18"}
{"level":"info","message":"Root endpoint hit","timestamp":"2025-07-07 01:53:48"}
{"level":"info","message":" Incoming Request \u001b[32mGET\u001b[39m \u001b[32m200\u001b[39m \u001b[35m/\u001b[39m \u001b[93m2 ms\u001b[39m","size":"109","timestamp":"2025-07-07 01:53:48"}
{"level":"info","message":" Incoming Request \u001b[32mGET\u001b[39m \u001b[32m200\u001b[39m \u001b[35m/api/v1/user/all-user?role=employer\u001b[39m \u001b[93m189 ms\u001b[39m","size":"367","timestamp":"2025-07-07 01:54:42"}
{"level":"info","message":"Root endpoint hit","timestamp":"2025-07-07 01:54:47"}
{"level":"info","message":" Incoming Request \u001b[32mGET\u001b[39m \u001b[32m200\u001b[39m \u001b[35m/\u001b[39m \u001b[93m1 ms\u001b[39m","size":"109","timestamp":"2025-07-07 01:54:47"}
{"level":"info","message":" Incoming Request \u001b[32mGET\u001b[39m \u001b[32m200\u001b[39m \u001b[35m/api/v1/user/all-user?role=candidate\u001b[39m \u001b[93m161 ms\u001b[39m","size":"394","timestamp":"2025-07-07 01:54:50"}
{"level":"info","message":"Root endpoint hit","timestamp":"2025-07-07 01:55:47"}
{"level":"info","message":" Incoming Request \u001b[32mGET\u001b[39m \u001b[32m200\u001b[39m \u001b[35m/\u001b[39m \u001b[93m2 ms\u001b[39m","size":"109","timestamp":"2025-07-07 01:55:47"}
{"level":"info","message":"Root endpoint hit","timestamp":"2025-07-07 01:56:48"}
{"level":"info","message":" Incoming Request \u001b[32mGET\u001b[39m \u001b[32m200\u001b[39m \u001b[35m/\u001b[39m \u001b[93m1 ms\u001b[39m","size":"109","timestamp":"2025-07-07 01:56:48"}
{"level":"info","message":"Root endpoint hit","timestamp":"2025-07-07 01:57:11"}
{"level":"info","message":" Incoming Request \u001b[32mGET\u001b[39m \u001b[32m200\u001b[39m \u001b[35m/\u001b[39m \u001b[93m1 ms\u001b[39m","size":"109","timestamp":"2025-07-07 01:57:11"}
{"level":"info","message":"Root endpoint hit","timestamp":"2025-07-07 01:57:43"}
{"level":"info","message":" Incoming Request \u001b[32mGET\u001b[39m \u001b[32m200\u001b[39m \u001b[35m/\u001b[39m \u001b[93m2 ms\u001b[39m","size":"109","timestamp":"2025-07-07 01:57:43"}
{"level":"info","message":"Root endpoint hit","timestamp":"2025-07-07 01:58:13"}
{"level":"info","message":" Incoming Request \u001b[32mGET\u001b[39m \u001b[32m200\u001b[39m \u001b[35m/\u001b[39m \u001b[93m1 ms\u001b[39m","size":"109","timestamp":"2025-07-07 01:58:13"}
{"level":"info","message":"Root endpoint hit","timestamp":"2025-07-07 01:58:43"}
{"level":"info","message":" Incoming Request \u001b[32mGET\u001b[39m \u001b[32m200\u001b[39m \u001b[35m/\u001b[39m \u001b[93m1 ms\u001b[39m","size":"109","timestamp":"2025-07-07 01:58:43"}
{"level":"info","message":"Root endpoint hit","timestamp":"2025-07-07 01:59:12"}
{"level":"info","message":" Incoming Request \u001b[32mGET\u001b[39m \u001b[32m200\u001b[39m \u001b[35m/\u001b[39m \u001b[93m1 ms\u001b[39m","size":"109","timestamp":"2025-07-07 01:59:12"}
{"level":"info","message":"Root endpoint hit","timestamp":"2025-07-07 01:59:43"}
{"level":"info","message":" Incoming Request \u001b[32mGET\u001b[39m \u001b[32m200\u001b[39m \u001b[35m/\u001b[39m \u001b[93m2 ms\u001b[39m","size":"109","timestamp":"2025-07-07 01:59:43"}
{"level":"info","message":"Root endpoint hit","timestamp":"2025-07-07 02:00:13"}
{"level":"info","message":" Incoming Request \u001b[32mGET\u001b[39m \u001b[32m200\u001b[39m \u001b[35m/\u001b[39m \u001b[93m2 ms\u001b[39m","size":"109","timestamp":"2025-07-07 02:00:13"}
{"level":"info","message":"Root endpoint hit","timestamp":"2025-07-07 02:00:43"}
{"level":"info","message":" Incoming Request \u001b[32mGET\u001b[39m \u001b[32m200\u001b[39m \u001b[35m/\u001b[39m \u001b[93m1 ms\u001b[39m","size":"109","timestamp":"2025-07-07 02:00:43"}
{"level":"info","message":"Root endpoint hit","timestamp":"2025-07-07 02:01:44"}
{"level":"info","message":" Incoming Request \u001b[32mGET\u001b[39m \u001b[32m200\u001b[39m \u001b[35m/\u001b[39m \u001b[93m1 ms\u001b[39m","size":"109","timestamp":"2025-07-07 02:01:44"}
{"level":"info","message":"Root endpoint hit","timestamp":"2025-07-07 02:02:45"}
{"level":"info","message":" Incoming Request \u001b[32mGET\u001b[39m \u001b[32m200\u001b[39m \u001b[35m/\u001b[39m \u001b[93m1 ms\u001b[39m","size":"109","timestamp":"2025-07-07 02:02:45"}
{"level":"info","message":"Root endpoint hit","timestamp":"2025-07-07 02:03:47"}
{"level":"info","message":" Incoming Request \u001b[32mGET\u001b[39m \u001b[32m200\u001b[39m \u001b[35m/\u001b[39m \u001b[93m1 ms\u001b[39m","size":"109","timestamp":"2025-07-07 02:03:47"}
{"level":"info","message":"Root endpoint hit","timestamp":"2025-07-07 02:04:47"}
{"level":"info","message":" Incoming Request \u001b[32mGET\u001b[39m \u001b[32m200\u001b[39m \u001b[35m/\u001b[39m \u001b[93m1 ms\u001b[39m","size":"109","timestamp":"2025-07-07 02:04:47"}
{"level":"info","message":"Root endpoint hit","timestamp":"2025-07-07 02:05:48"}
{"level":"info","message":" Incoming Request \u001b[32mGET\u001b[39m \u001b[32m200\u001b[39m \u001b[35m/\u001b[39m \u001b[93m1 ms\u001b[39m","size":"109","timestamp":"2025-07-07 02:05:48"}
{"level":"info","message":"Root endpoint hit","timestamp":"2025-07-07 02:06:48"}
{"level":"info","message":" Incoming Request \u001b[32mGET\u001b[39m \u001b[32m200\u001b[39m \u001b[35m/\u001b[39m \u001b[93m2 ms\u001b[39m","size":"109","timestamp":"2025-07-07 02:06:48"}
{"level":"info","message":"Root endpoint hit","timestamp":"2025-07-07 02:07:17"}
{"level":"info","message":" Incoming Request \u001b[32mGET\u001b[39m \u001b[32m200\u001b[39m \u001b[35m/\u001b[39m \u001b[93m1 ms\u001b[39m","size":"109","timestamp":"2025-07-07 02:07:17"}
{"level":"info","message":"Root endpoint hit","timestamp":"2025-07-07 02:07:43"}
{"level":"info","message":" Incoming Request \u001b[32mGET\u001b[39m \u001b[32m200\u001b[39m \u001b[35m/\u001b[39m \u001b[93m1 ms\u001b[39m","size":"109","timestamp":"2025-07-07 02:07:43"}
{"level":"info","message":"Root endpoint hit","timestamp":"2025-07-07 02:08:13"}
{"level":"info","message":" Incoming Request \u001b[32mGET\u001b[39m \u001b[32m200\u001b[39m \u001b[35m/\u001b[39m \u001b[93m1 ms\u001b[39m","size":"109","timestamp":"2025-07-07 02:08:13"}
{"level":"info","message":"Root endpoint hit","timestamp":"2025-07-07 02:08:48"}
{"level":"info","message":" Incoming Request \u001b[32mGET\u001b[39m \u001b[32m200\u001b[39m \u001b[35m/\u001b[39m \u001b[93m1 ms\u001b[39m","size":"109","timestamp":"2025-07-07 02:08:48"}
{"level":"info","message":"Root endpoint hit","timestamp":"2025-07-07 02:09:12"}
{"level":"info","message":" Incoming Request \u001b[32mGET\u001b[39m \u001b[32m200\u001b[39m \u001b[35m/\u001b[39m \u001b[93m1 ms\u001b[39m","size":"109","timestamp":"2025-07-07 02:09:12"}
{"level":"info","message":"Root endpoint hit","timestamp":"2025-07-07 02:09:43"}
{"level":"info","message":" Incoming Request \u001b[32mGET\u001b[39m \u001b[32m200\u001b[39m \u001b[35m/\u001b[39m \u001b[93m1 ms\u001b[39m","size":"109","timestamp":"2025-07-07 02:09:43"}
{"level":"info","message":"Root endpoint hit","timestamp":"2025-07-07 02:10:44"}
{"level":"info","message":" Incoming Request \u001b[32mGET\u001b[39m \u001b[32m200\u001b[39m \u001b[35m/\u001b[39m \u001b[93m2 ms\u001b[39m","size":"109","timestamp":"2025-07-07 02:10:44"}
{"level":"info","message":"Root endpoint hit","timestamp":"2025-07-07 02:11:45"}
{"level":"info","message":" Incoming Request \u001b[32mGET\u001b[39m \u001b[32m200\u001b[39m \u001b[35m/\u001b[39m \u001b[93m1 ms\u001b[39m","size":"109","timestamp":"2025-07-07 02:11:45"}
{"level":"info","message":"Root endpoint hit","timestamp":"2025-07-07 02:12:44"}
{"level":"info","message":" Incoming Request \u001b[32mGET\u001b[39m \u001b[32m200\u001b[39m \u001b[35m/\u001b[39m \u001b[93m1 ms\u001b[39m","size":"109","timestamp":"2025-07-07 02:12:44"}
{"level":"info","message":"Root endpoint hit","timestamp":"2025-07-07 02:13:13"}
{"level":"info","message":" Incoming Request \u001b[32mGET\u001b[39m \u001b[32m200\u001b[39m \u001b[35m/\u001b[39m \u001b[93m2 ms\u001b[39m","size":"109","timestamp":"2025-07-07 02:13:13"}
{"level":"info","message":"Root endpoint hit","timestamp":"2025-07-07 02:13:43"}
{"level":"info","message":" Incoming Request \u001b[32mGET\u001b[39m \u001b[32m200\u001b[39m \u001b[35m/\u001b[39m \u001b[93m2 ms\u001b[39m","size":"109","timestamp":"2025-07-07 02:13:43"}
{"level":"info","message":"Root endpoint hit","timestamp":"2025-07-07 02:14:44"}
{"level":"info","message":" Incoming Request \u001b[32mGET\u001b[39m \u001b[32m200\u001b[39m \u001b[35m/\u001b[39m \u001b[93m1 ms\u001b[39m","size":"109","timestamp":"2025-07-07 02:14:44"}
{"level":"info","message":"Root endpoint hit","timestamp":"2025-07-07 02:15:45"}
{"level":"info","message":" Incoming Request \u001b[32mGET\u001b[39m \u001b[32m200\u001b[39m \u001b[35m/\u001b[39m \u001b[93m1 ms\u001b[39m","size":"109","timestamp":"2025-07-07 02:15:45"}
{"level":"info","message":"Root endpoint hit","timestamp":"2025-07-07 02:16:46"}
{"level":"info","message":" Incoming Request \u001b[32mGET\u001b[39m \u001b[32m200\u001b[39m \u001b[35m/\u001b[39m \u001b[93m1 ms\u001b[39m","size":"109","timestamp":"2025-07-07 02:16:46"}
{"level":"info","message":"Root endpoint hit","timestamp":"2025-07-07 02:17:47"}
{"level":"info","message":" Incoming Request \u001b[32mGET\u001b[39m \u001b[32m200\u001b[39m \u001b[35m/\u001b[39m \u001b[93m1 ms\u001b[39m","size":"109","timestamp":"2025-07-07 02:17:47"}
{"level":"info","message":"Root endpoint hit","timestamp":"2025-07-07 02:18:13"}
{"level":"info","message":" Incoming Request \u001b[32mGET\u001b[39m \u001b[32m200\u001b[39m \u001b[35m/\u001b[39m \u001b[93m1 ms\u001b[39m","size":"109","timestamp":"2025-07-07 02:18:13"}
{"level":"info","message":"Root endpoint hit","timestamp":"2025-07-07 02:18:43"}
{"level":"info","message":" Incoming Request \u001b[32mGET\u001b[39m \u001b[32m200\u001b[39m \u001b[35m/\u001b[39m \u001b[93m0 ms\u001b[39m","size":"109","timestamp":"2025-07-07 02:18:43"}
{"level":"info","message":"Root endpoint hit","timestamp":"2025-07-07 02:19:45"}
{"level":"info","message":" Incoming Request \u001b[32mGET\u001b[39m \u001b[32m200\u001b[39m \u001b[35m/\u001b[39m \u001b[93m1 ms\u001b[39m","size":"109","timestamp":"2025-07-07 02:19:45"}
{"level":"info","message":"Root endpoint hit","timestamp":"2025-07-07 02:20:46"}
{"level":"info","message":" Incoming Request \u001b[32mGET\u001b[39m \u001b[32m200\u001b[39m \u001b[35m/\u001b[39m \u001b[93m1 ms\u001b[39m","size":"109","timestamp":"2025-07-07 02:20:46"}
{"level":"info","message":" Incoming Request \u001b[32mGET\u001b[39m \u001b[32m200\u001b[39m \u001b[35m/api/v1/user/all-user?role=candidate\u001b[39m \u001b[93m172 ms\u001b[39m","size":"394","timestamp":"2025-07-07 02:21:21"}
{"level":"info","message":"Root endpoint hit","timestamp":"2025-07-07 02:21:47"}
{"level":"info","message":" Incoming Request \u001b[32mGET\u001b[39m \u001b[32m200\u001b[39m \u001b[35m/\u001b[39m \u001b[93m2 ms\u001b[39m","size":"109","timestamp":"2025-07-07 02:21:47"}
{"level":"info","message":" Incoming Request \u001b[32mGET\u001b[39m \u001b[31m400\u001b[39m \u001b[35m/api/v1/user/all-user\u001b[39m \u001b[93m18 ms\u001b[39m","size":"1308","timestamp":"2025-07-07 02:22:15"}
{"level":"info","message":" Incoming Request \u001b[32mGET\u001b[39m \u001b[32m200\u001b[39m \u001b[35m/api/v1/user/all-user?role=candidate\u001b[39m \u001b[93m164 ms\u001b[39m","size":"394","timestamp":"2025-07-07 02:22:44"}
{"level":"info","message":"Root endpoint hit","timestamp":"2025-07-07 02:22:48"}
{"level":"info","message":" Incoming Request \u001b[32mGET\u001b[39m \u001b[32m200\u001b[39m \u001b[35m/\u001b[39m \u001b[93m1 ms\u001b[39m","size":"109","timestamp":"2025-07-07 02:22:48"}
{"level":"info","message":"Root endpoint hit","timestamp":"2025-07-07 02:23:49"}
{"level":"info","message":" Incoming Request \u001b[32mGET\u001b[39m \u001b[32m200\u001b[39m \u001b[35m/\u001b[39m \u001b[93m0 ms\u001b[39m","size":"109","timestamp":"2025-07-07 02:23:49"}
{"level":"info","message":"Root endpoint hit","timestamp":"2025-07-07 02:24:49"}
{"level":"info","message":" Incoming Request \u001b[32mGET\u001b[39m \u001b[32m200\u001b[39m \u001b[35m/\u001b[39m \u001b[93m1 ms\u001b[39m","size":"109","timestamp":"2025-07-07 02:24:49"}
{"level":"info","message":"Root endpoint hit","timestamp":"2025-07-07 02:25:49"}
{"level":"info","message":" Incoming Request \u001b[32mGET\u001b[39m \u001b[32m200\u001b[39m \u001b[35m/\u001b[39m \u001b[93m1 ms\u001b[39m","size":"109","timestamp":"2025-07-07 02:25:49"}
{"level":"info","message":" Incoming Request \u001b[32mGET\u001b[39m \u001b[34m304\u001b[39m \u001b[35m/api/v1/user/my-profile\u001b[39m \u001b[93m128 ms\u001b[39m","size":0,"timestamp":"2025-07-07 02:26:14"}
{"level":"info","message":"Root endpoint hit","timestamp":"2025-07-07 02:26:49"}
{"level":"info","message":" Incoming Request \u001b[32mGET\u001b[39m \u001b[32m200\u001b[39m \u001b[35m/\u001b[39m \u001b[93m0 ms\u001b[39m","size":"109","timestamp":"2025-07-07 02:26:49"}
{"level":"info","message":"Root endpoint hit","timestamp":"2025-07-07 02:27:49"}
{"level":"info","message":" Incoming Request \u001b[32mGET\u001b[39m \u001b[32m200\u001b[39m \u001b[35m/\u001b[39m \u001b[93m1 ms\u001b[39m","size":"109","timestamp":"2025-07-07 02:27:49"}
{"level":"info","message":"Root endpoint hit","timestamp":"2025-07-07 02:28:49"}
{"level":"info","message":" Incoming Request \u001b[32mGET\u001b[39m \u001b[32m200\u001b[39m \u001b[35m/\u001b[39m \u001b[93m1 ms\u001b[39m","size":"109","timestamp":"2025-07-07 02:28:49"}
{"level":"info","message":"Root endpoint hit","timestamp":"2025-07-07 02:29:49"}
{"level":"info","message":" Incoming Request \u001b[32mGET\u001b[39m \u001b[32m200\u001b[39m \u001b[35m/\u001b[39m \u001b[93m1 ms\u001b[39m","size":"109","timestamp":"2025-07-07 02:29:49"}
{"level":"info","message":"Root endpoint hit","timestamp":"2025-07-07 02:30:49"}
{"level":"info","message":" Incoming Request \u001b[32mGET\u001b[39m \u001b[32m200\u001b[39m \u001b[35m/\u001b[39m \u001b[93m0 ms\u001b[39m","size":"109","timestamp":"2025-07-07 02:30:49"}
{"level":"info","message":"Root endpoint hit","timestamp":"2025-07-07 02:31:49"}
{"level":"info","message":" Incoming Request \u001b[32mGET\u001b[39m \u001b[32m200\u001b[39m \u001b[35m/\u001b[39m \u001b[93m1 ms\u001b[39m","size":"109","timestamp":"2025-07-07 02:31:49"}
{"level":"info","message":"Root endpoint hit","timestamp":"2025-07-07 02:32:49"}
{"level":"info","message":" Incoming Request \u001b[32mGET\u001b[39m \u001b[32m200\u001b[39m \u001b[35m/\u001b[39m \u001b[93m2 ms\u001b[39m","size":"109","timestamp":"2025-07-07 02:32:49"}
{"level":"info","message":"Root endpoint hit","timestamp":"2025-07-07 02:33:49"}
{"level":"info","message":" Incoming Request \u001b[32mGET\u001b[39m \u001b[32m200\u001b[39m \u001b[35m/\u001b[39m \u001b[93m1 ms\u001b[39m","size":"109","timestamp":"2025-07-07 02:33:49"}
{"level":"info","message":"Root endpoint hit","timestamp":"2025-07-07 02:34:14"}
{"level":"info","message":" Incoming Request \u001b[32mGET\u001b[39m \u001b[32m200\u001b[39m \u001b[35m/\u001b[39m \u001b[93m1 ms\u001b[39m","size":"109","timestamp":"2025-07-07 02:34:14"}
{"level":"info","message":"Root endpoint hit","timestamp":"2025-07-07 02:34:44"}
{"level":"info","message":" Incoming Request \u001b[32mGET\u001b[39m \u001b[32m200\u001b[39m \u001b[35m/\u001b[39m \u001b[93m1 ms\u001b[39m","size":"109","timestamp":"2025-07-07 02:34:44"}
{"level":"info","message":"Root endpoint hit","timestamp":"2025-07-07 02:35:45"}
{"level":"info","message":" Incoming Request \u001b[32mGET\u001b[39m \u001b[32m200\u001b[39m \u001b[35m/\u001b[39m \u001b[93m1 ms\u001b[39m","size":"109","timestamp":"2025-07-07 02:35:45"}
{"level":"info","message":"Root endpoint hit","timestamp":"2025-07-07 02:36:43"}
{"level":"info","message":" Incoming Request \u001b[32mGET\u001b[39m \u001b[32m200\u001b[39m \u001b[35m/\u001b[39m \u001b[93m1 ms\u001b[39m","size":"109","timestamp":"2025-07-07 02:36:43"}
{"level":"info","message":"Root endpoint hit","timestamp":"2025-07-07 02:36:47"}
{"level":"info","message":" Incoming Request \u001b[32mGET\u001b[39m \u001b[32m200\u001b[39m \u001b[35m/\u001b[39m \u001b[93m1 ms\u001b[39m","size":"109","timestamp":"2025-07-07 02:36:47"}
{"level":"info","message":"Root endpoint hit","timestamp":"2025-07-07 02:37:14"}
{"level":"info","message":" Incoming Request \u001b[32mGET\u001b[39m \u001b[32m200\u001b[39m \u001b[35m/\u001b[39m \u001b[93m1 ms\u001b[39m","size":"109","timestamp":"2025-07-07 02:37:14"}
{"level":"info","message":"Root endpoint hit","timestamp":"2025-07-07 02:37:44"}
{"level":"info","message":" Incoming Request \u001b[32mGET\u001b[39m \u001b[32m200\u001b[39m \u001b[35m/\u001b[39m \u001b[93m1 ms\u001b[39m","size":"109","timestamp":"2025-07-07 02:37:44"}
{"level":"info","message":"Root endpoint hit","timestamp":"2025-07-07 02:38:14"}
{"level":"info","message":" Incoming Request \u001b[32mGET\u001b[39m \u001b[32m200\u001b[39m \u001b[35m/\u001b[39m \u001b[93m2 ms\u001b[39m","size":"109","timestamp":"2025-07-07 02:38:14"}
{"level":"info","message":"Root endpoint hit","timestamp":"2025-07-07 02:38:46"}
{"level":"info","message":" Incoming Request \u001b[32mGET\u001b[39m \u001b[32m200\u001b[39m \u001b[35m/\u001b[39m \u001b[93m1 ms\u001b[39m","size":"109","timestamp":"2025-07-07 02:38:46"}
{"level":"info","message":"Root endpoint hit","timestamp":"2025-07-07 02:39:31"}
{"level":"info","message":" Incoming Request \u001b[32mGET\u001b[39m \u001b[32m200\u001b[39m \u001b[35m/\u001b[39m \u001b[93m0 ms\u001b[39m","size":"109","timestamp":"2025-07-07 02:39:31"}
{"level":"info","message":"Root endpoint hit","timestamp":"2025-07-07 02:39:44"}
{"level":"info","message":" Incoming Request \u001b[32mGET\u001b[39m \u001b[32m200\u001b[39m \u001b[35m/\u001b[39m \u001b[93m1 ms\u001b[39m","size":"109","timestamp":"2025-07-07 02:39:44"}
{"level":"info","message":"Root endpoint hit","timestamp":"2025-07-07 02:40:14"}
{"level":"info","message":" Incoming Request \u001b[32mGET\u001b[39m \u001b[32m200\u001b[39m \u001b[35m/\u001b[39m \u001b[93m2 ms\u001b[39m","size":"109","timestamp":"2025-07-07 02:40:14"}
{"level":"info","message":"Root endpoint hit","timestamp":"2025-07-07 02:40:49"}
{"level":"info","message":" Incoming Request \u001b[32mGET\u001b[39m \u001b[32m200\u001b[39m \u001b[35m/\u001b[39m \u001b[93m1 ms\u001b[39m","size":"109","timestamp":"2025-07-07 02:40:49"}
{"level":"info","message":" Incoming Request \u001b[32mGET\u001b[39m \u001b[32m200\u001b[39m \u001b[35m/api/v1/user/all-user?role=employer\u001b[39m \u001b[93m165 ms\u001b[39m","size":"367","timestamp":"2025-07-07 02:41:34"}
{"level":"info","message":"Root endpoint hit","timestamp":"2025-07-07 02:41:49"}
{"level":"info","message":" Incoming Request \u001b[32mGET\u001b[39m \u001b[32m200\u001b[39m \u001b[35m/\u001b[39m \u001b[93m1 ms\u001b[39m","size":"109","timestamp":"2025-07-07 02:41:49"}
{"level":"info","message":"Root endpoint hit","timestamp":"2025-07-07 02:42:49"}
{"level":"info","message":" Incoming Request \u001b[32mGET\u001b[39m \u001b[32m200\u001b[39m \u001b[35m/\u001b[39m \u001b[93m1 ms\u001b[39m","size":"109","timestamp":"2025-07-07 02:42:49"}
{"level":"info","message":" Incoming Request \u001b[32mGET\u001b[39m \u001b[32m200\u001b[39m \u001b[35m/api/v1/user/all-user?role=candidate\u001b[39m \u001b[93m162 ms\u001b[39m","size":"394","timestamp":"2025-07-07 02:43:23"}
{"level":"info","message":" Incoming Request \u001b[32mGET\u001b[39m \u001b[32m200\u001b[39m \u001b[35m/api/v1/user/all-user?role=employer\u001b[39m \u001b[93m163 ms\u001b[39m","size":"367","timestamp":"2025-07-07 02:43:32"}
{"level":"info","message":"Root endpoint hit","timestamp":"2025-07-07 02:43:49"}
{"level":"info","message":" Incoming Request \u001b[32mGET\u001b[39m \u001b[32m200\u001b[39m \u001b[35m/\u001b[39m \u001b[93m2 ms\u001b[39m","size":"109","timestamp":"2025-07-07 02:43:49"}
{"level":"info","message":"Root endpoint hit","timestamp":"2025-07-07 02:44:49"}
{"level":"info","message":" Incoming Request \u001b[32mGET\u001b[39m \u001b[32m200\u001b[39m \u001b[35m/\u001b[39m \u001b[93m1 ms\u001b[39m","size":"109","timestamp":"2025-07-07 02:44:49"}
{"level":"info","message":" Incoming Request \u001b[32mGET\u001b[39m \u001b[32m200\u001b[39m \u001b[35m/api/v1/user/all-user?role=candidate\u001b[39m \u001b[93m161 ms\u001b[39m","size":"394","timestamp":"2025-07-07 02:45:48"}
{"level":"info","message":"Root endpoint hit","timestamp":"2025-07-07 02:45:49"}
{"level":"info","message":" Incoming Request \u001b[32mGET\u001b[39m \u001b[32m200\u001b[39m \u001b[35m/\u001b[39m \u001b[93m1 ms\u001b[39m","size":"109","timestamp":"2025-07-07 02:45:49"}
{"level":"info","message":"Root endpoint hit","timestamp":"2025-07-07 02:46:49"}
{"level":"info","message":" Incoming Request \u001b[32mGET\u001b[39m \u001b[32m200\u001b[39m \u001b[35m/\u001b[39m \u001b[93m2 ms\u001b[39m","size":"109","timestamp":"2025-07-07 02:46:49"}
{"level":"info","message":"Root endpoint hit","timestamp":"2025-07-07 02:47:49"}
{"level":"info","message":" Incoming Request \u001b[32mGET\u001b[39m \u001b[32m200\u001b[39m \u001b[35m/\u001b[39m \u001b[93m0 ms\u001b[39m","size":"109","timestamp":"2025-07-07 02:47:49"}
{"level":"info","message":" Incoming Request \u001b[32mGET\u001b[39m \u001b[34m304\u001b[39m \u001b[35m/api/v1/user/my-profile\u001b[39m \u001b[93m87 ms\u001b[39m","size":0,"timestamp":"2025-07-07 02:48:33"}
{"level":"info","message":" Incoming Request \u001b[32mGET\u001b[39m \u001b[34m304\u001b[39m \u001b[35m/api/v1/user/all-user?role=candidate\u001b[39m \u001b[93m166 ms\u001b[39m","size":0,"timestamp":"2025-07-07 02:48:36"}
{"level":"info","message":" Incoming Request \u001b[32mGET\u001b[39m \u001b[34m304\u001b[39m \u001b[35m/api/v1/user/all-user?role=employer\u001b[39m \u001b[93m166 ms\u001b[39m","size":0,"timestamp":"2025-07-07 02:48:41"}
{"level":"info","message":"Root endpoint hit","timestamp":"2025-07-07 02:48:49"}
{"level":"info","message":" Incoming Request \u001b[32mGET\u001b[39m \u001b[32m200\u001b[39m \u001b[35m/\u001b[39m \u001b[93m0 ms\u001b[39m","size":"109","timestamp":"2025-07-07 02:48:49"}
{"level":"info","message":"Root endpoint hit","timestamp":"2025-07-07 02:49:49"}
{"level":"info","message":" Incoming Request \u001b[32mGET\u001b[39m \u001b[32m200\u001b[39m \u001b[35m/\u001b[39m \u001b[93m2 ms\u001b[39m","size":"109","timestamp":"2025-07-07 02:49:49"}
{"level":"info","message":"Root endpoint hit","timestamp":"2025-07-07 02:50:49"}
{"level":"info","message":" Incoming Request \u001b[32mGET\u001b[39m \u001b[32m200\u001b[39m \u001b[35m/\u001b[39m \u001b[93m1 ms\u001b[39m","size":"109","timestamp":"2025-07-07 02:50:49"}
{"level":"info","message":" Incoming Request \u001b[32mGET\u001b[39m \u001b[34m304\u001b[39m \u001b[35m/api/v1/user/all-user?role=employer\u001b[39m \u001b[93m162 ms\u001b[39m","size":0,"timestamp":"2025-07-07 02:51:27"}
{"level":"info","message":"Root endpoint hit","timestamp":"2025-07-07 02:51:49"}
{"level":"info","message":" Incoming Request \u001b[32mGET\u001b[39m \u001b[32m200\u001b[39m \u001b[35m/\u001b[39m \u001b[93m1 ms\u001b[39m","size":"109","timestamp":"2025-07-07 02:51:49"}
{"level":"info","message":"Root endpoint hit","timestamp":"2025-07-07 02:52:50"}
{"level":"info","message":" Incoming Request \u001b[32mGET\u001b[39m \u001b[32m200\u001b[39m \u001b[35m/\u001b[39m \u001b[93m1 ms\u001b[39m","size":"109","timestamp":"2025-07-07 02:52:50"}
{"level":"info","message":" Incoming Request \u001b[32mGET\u001b[39m \u001b[34m304\u001b[39m \u001b[35m/api/v1/user/all-user?role=employer\u001b[39m \u001b[93m164 ms\u001b[39m","size":0,"timestamp":"2025-07-07 02:52:51"}
{"level":"info","message":"Root endpoint hit","timestamp":"2025-07-07 02:53:49"}
{"level":"info","message":" Incoming Request \u001b[32mGET\u001b[39m \u001b[32m200\u001b[39m \u001b[35m/\u001b[39m \u001b[93m2 ms\u001b[39m","size":"109","timestamp":"2025-07-07 02:53:49"}
{"level":"info","message":"Root endpoint hit","timestamp":"2025-07-07 02:54:49"}
{"level":"info","message":" Incoming Request \u001b[32mGET\u001b[39m \u001b[32m200\u001b[39m \u001b[35m/\u001b[39m \u001b[93m2 ms\u001b[39m","size":"109","timestamp":"2025-07-07 02:54:49"}
{"level":"info","message":"Root endpoint hit","timestamp":"2025-07-07 02:55:50"}
{"level":"info","message":" Incoming Request \u001b[32mGET\u001b[39m \u001b[32m200\u001b[39m \u001b[35m/\u001b[39m \u001b[93m1 ms\u001b[39m","size":"109","timestamp":"2025-07-07 02:55:50"}
{"level":"info","message":"Root endpoint hit","timestamp":"2025-07-07 02:56:50"}
{"level":"info","message":" Incoming Request \u001b[32mGET\u001b[39m \u001b[32m200\u001b[39m \u001b[35m/\u001b[39m \u001b[93m1 ms\u001b[39m","size":"109","timestamp":"2025-07-07 02:56:50"}
{"level":"info","message":"Root endpoint hit","timestamp":"2025-07-07 02:57:49"}
{"level":"info","message":" Incoming Request \u001b[32mGET\u001b[39m \u001b[32m200\u001b[39m \u001b[35m/\u001b[39m \u001b[93m1 ms\u001b[39m","size":"109","timestamp":"2025-07-07 02:57:49"}
{"level":"info","message":" Incoming Request \u001b[32mGET\u001b[39m \u001b[34m304\u001b[39m \u001b[35m/api/v1/user/all-user?role=candidate\u001b[39m \u001b[93m176 ms\u001b[39m","size":0,"timestamp":"2025-07-07 02:58:35"}
{"level":"info","message":" Incoming Request \u001b[32mGET\u001b[39m \u001b[34m304\u001b[39m \u001b[35m/api/v1/user/all-user?role=employer\u001b[39m \u001b[93m163 ms\u001b[39m","size":0,"timestamp":"2025-07-07 02:58:38"}
{"level":"info","message":"Root endpoint hit","timestamp":"2025-07-07 02:58:49"}
{"level":"info","message":" Incoming Request \u001b[32mGET\u001b[39m \u001b[32m200\u001b[39m \u001b[35m/\u001b[39m \u001b[93m1 ms\u001b[39m","size":"109","timestamp":"2025-07-07 02:58:49"}
{"level":"info","message":"Root endpoint hit","timestamp":"2025-07-07 02:59:51"}
{"level":"info","message":" Incoming Request \u001b[32mGET\u001b[39m \u001b[32m200\u001b[39m \u001b[35m/\u001b[39m \u001b[93m1 ms\u001b[39m","size":"109","timestamp":"2025-07-07 02:59:51"}
{"level":"info","message":"Root endpoint hit","timestamp":"2025-07-07 03:00:55"}
{"level":"info","message":" Incoming Request \u001b[32mGET\u001b[39m \u001b[32m200\u001b[39m \u001b[35m/\u001b[39m \u001b[93m2 ms\u001b[39m","size":"109","timestamp":"2025-07-07 03:00:55"}
{"level":"info","message":" Incoming Request \u001b[32mGET\u001b[39m \u001b[32m200\u001b[39m \u001b[35m/api/v1/user/all-user?role=candidate\u001b[39m \u001b[93m164 ms\u001b[39m","size":"394","timestamp":"2025-07-07 03:01:22"}
{"level":"info","message":" Incoming Request \u001b[32mGET\u001b[39m \u001b[34m304\u001b[39m \u001b[35m/api/v1/user/all-user?role=employer\u001b[39m \u001b[93m166 ms\u001b[39m","size":0,"timestamp":"2025-07-07 03:01:39"}
{"level":"info","message":" Incoming Request \u001b[32mGET\u001b[39m \u001b[32m200\u001b[39m \u001b[35m/api/v1/user/all-user?role=employer\u001b[39m \u001b[93m165 ms\u001b[39m","size":"367","timestamp":"2025-07-07 03:01:51"}
{"level":"info","message":"Root endpoint hit","timestamp":"2025-07-07 03:01:53"}
{"level":"info","message":" Incoming Request \u001b[32mGET\u001b[39m \u001b[32m200\u001b[39m \u001b[35m/\u001b[39m \u001b[93m1 ms\u001b[39m","size":"109","timestamp":"2025-07-07 03:01:53"}
{"level":"info","message":" Incoming Request \u001b[32mGET\u001b[39m \u001b[34m304\u001b[39m \u001b[35m/api/v1/user/my-profile\u001b[39m \u001b[93m90 ms\u001b[39m","size":0,"timestamp":"2025-07-07 03:05:27"}
{"level":"info","message":" Incoming Request \u001b[32mGET\u001b[39m \u001b[34m304\u001b[39m \u001b[35m/api/v1/user/all-user?role=employer\u001b[39m \u001b[93m157 ms\u001b[39m","size":0,"timestamp":"2025-07-07 03:05:27"}
{"level":"info","message":" Incoming Request \u001b[32mGET\u001b[39m \u001b[32m200\u001b[39m \u001b[35m/api/v1/user/all-user?role=candidate\u001b[39m \u001b[93m171 ms\u001b[39m","size":"394","timestamp":"2025-07-07 03:06:24"}
{"level":"info","message":" Incoming Request \u001b[32mGET\u001b[39m \u001b[34m304\u001b[39m \u001b[35m/api/v1/user/all-user?role=candidate\u001b[39m \u001b[93m158 ms\u001b[39m","size":0,"timestamp":"2025-07-07 03:07:19"}
{"level":"info","message":" Incoming Request \u001b[32mGET\u001b[39m \u001b[34m304\u001b[39m \u001b[35m/api/v1/user/all-user?role=candidate\u001b[39m \u001b[93m154 ms\u001b[39m","size":0,"timestamp":"2025-07-07 03:09:01"}
{"level":"info","message":" Incoming Request \u001b[32mGET\u001b[39m \u001b[34m304\u001b[39m \u001b[35m/api/v1/user/all-user?role=employer\u001b[39m \u001b[93m159 ms\u001b[39m","size":0,"timestamp":"2025-07-07 03:14:54"}
{"level":"info","message":" Incoming Request \u001b[32mGET\u001b[39m \u001b[34m304\u001b[39m \u001b[35m/api/v1/user/my-profile\u001b[39m \u001b[93m83 ms\u001b[39m","size":0,"timestamp":"2025-07-07 03:18:13"}
{"level":"info","message":" Incoming Request \u001b[32mGET\u001b[39m \u001b[34m304\u001b[39m \u001b[35m/api/v1/user/all-user?role=employer\u001b[39m \u001b[93m153 ms\u001b[39m","size":0,"timestamp":"2025-07-07 03:18:15"}
{"level":"info","message":" Incoming Request \u001b[32mGET\u001b[39m \u001b[31m400\u001b[39m \u001b[35m/api/v1/user/my-profile\u001b[39m \u001b[93m3 ms\u001b[39m","size":"1512","timestamp":"2025-07-07 03:18:44"}
{"level":"info","message":" Incoming Request \u001b[32mGET\u001b[39m \u001b[34m304\u001b[39m \u001b[35m/api/v1/user/all-user?role=candidate\u001b[39m \u001b[93m155 ms\u001b[39m","size":0,"timestamp":"2025-07-07 03:18:53"}
{"level":"info","message":" Incoming Request \u001b[34mPOST\u001b[39m \u001b[32m200\u001b[39m \u001b[35m/api/v1/user/login\u001b[39m \u001b[93m354 ms\u001b[39m","size":"641","timestamp":"2025-07-07 03:19:25"}
{"level":"info","message":" Incoming Request \u001b[32mGET\u001b[39m \u001b[31m400\u001b[39m \u001b[35m/api/v1/user/my-profile\u001b[39m \u001b[93m2 ms\u001b[39m","size":"1512","timestamp":"2025-07-07 03:19:25"}
{"level":"info","message":" Incoming Request \u001b[32mGET\u001b[39m \u001b[32m200\u001b[39m \u001b[35m/api/v1/user/all-user?role=candidate\u001b[39m \u001b[93m155 ms\u001b[39m","size":"394","timestamp":"2025-07-07 03:19:33"}
{"level":"info","message":" Incoming Request \u001b[32mGET\u001b[39m \u001b[32m200\u001b[39m \u001b[35m/api/v1/user/all-user?role=employer\u001b[39m \u001b[93m152 ms\u001b[39m","size":"367","timestamp":"2025-07-07 03:19:39"}
{"level":"info","message":" Incoming Request \u001b[32mGET\u001b[39m \u001b[31m400\u001b[39m \u001b[35m/api/v1/user/my-profile\u001b[39m \u001b[93m5 ms\u001b[39m","size":"1512","timestamp":"2025-07-07 03:26:44"}
{"level":"info","message":" Incoming Request \u001b[34mPOST\u001b[39m \u001b[32m200\u001b[39m \u001b[35m/api/v1/user/login\u001b[39m \u001b[93m381 ms\u001b[39m","size":"641","timestamp":"2025-07-07 03:26:51"}
{"level":"info","message":" Incoming Request \u001b[32mGET\u001b[39m \u001b[31m400\u001b[39m \u001b[35m/api/v1/user/my-profile\u001b[39m \u001b[93m4 ms\u001b[39m","size":"1512","timestamp":"2025-07-07 03:26:51"}
{"level":"info","message":" Incoming Request \u001b[32mGET\u001b[39m \u001b[34m304\u001b[39m \u001b[35m/api/v1/user/all-user?role=candidate\u001b[39m \u001b[93m176 ms\u001b[39m","size":0,"timestamp":"2025-07-07 03:26:56"}
{"level":"info","message":" Incoming Request \u001b[32mGET\u001b[39m \u001b[34m304\u001b[39m \u001b[35m/api/v1/user/all-user?role=employer\u001b[39m \u001b[93m170 ms\u001b[39m","size":0,"timestamp":"2025-07-07 03:27:02"}
{"level":"info","message":" Incoming Request \u001b[32mGET\u001b[39m \u001b[31m404\u001b[39m \u001b[35m/api/v1/user/single-user\u001b[39m \u001b[93m1 ms\u001b[39m","size":"1494","timestamp":"2025-07-07 03:29:32"}
{"level":"info","message":" Incoming Request \u001b[32mGET\u001b[39m \u001b[32m200\u001b[39m \u001b[35m/api/v1/user/all-user?role=candidate\u001b[39m \u001b[93m163 ms\u001b[39m","size":"394","timestamp":"2025-07-07 03:29:40"}
{"level":"info","message":" Incoming Request \u001b[32mGET\u001b[39m \u001b[32m200\u001b[39m \u001b[35m/api/v1/user/all-user?role=candidate\u001b[39m \u001b[93m163 ms\u001b[39m","size":"460","timestamp":"2025-07-07 03:30:23"}
{"level":"info","message":" Incoming Request \u001b[32mGET\u001b[39m \u001b[32m200\u001b[39m \u001b[35m/api/v1/user/single-user/686b7008ce147a62cbf73184\u001b[39m \u001b[93m81 ms\u001b[39m","size":"361","timestamp":"2025-07-07 03:30:38"}
{"level":"info","message":" Incoming Request \u001b[32mGET\u001b[39m \u001b[32m200\u001b[39m \u001b[35m/api/v1/user/all-user?role=employer\u001b[39m \u001b[93m156 ms\u001b[39m","size":"400","timestamp":"2025-07-07 03:30:52"}
{"level":"info","message":" Incoming Request \u001b[32mGET\u001b[39m \u001b[32m200\u001b[39m \u001b[35m/api/v1/user/single-user/6868af413db99908822128d4\u001b[39m \u001b[93m77 ms\u001b[39m","size":"2572","timestamp":"2025-07-07 03:31:03"}
{"level":"info","message":" Incoming Request \u001b[32mGET\u001b[39m \u001b[32m200\u001b[39m \u001b[35m/api/v1/user/all-user?role=employer\u001b[39m \u001b[93m155 ms\u001b[39m","size":"400","timestamp":"2025-07-07 03:41:51"}
{"level":"info","message":" Incoming Request \u001b[32mGET\u001b[39m \u001b[32m200\u001b[39m \u001b[35m/api/v1/user/all-user?role=candidate\u001b[39m \u001b[93m159 ms\u001b[39m","size":"460","timestamp":"2025-07-07 03:41:59"}
{"level":"info","message":" Incoming Request \u001b[32mGET\u001b[39m \u001b[32m200\u001b[39m \u001b[35m/api/v1/user/all-user?role=employer\u001b[39m \u001b[93m156 ms\u001b[39m","size":"400","timestamp":"2025-07-07 03:42:36"}
{"level":"info","message":" Incoming Request \u001b[32mGET\u001b[39m \u001b[32m200\u001b[39m \u001b[35m/api/v1/user/all-user?role=employer\u001b[39m \u001b[93m163 ms\u001b[39m","size":"416","timestamp":"2025-07-07 03:48:08"}
{"level":"info","message":" Incoming Request \u001b[32mGET\u001b[39m \u001b[32m200\u001b[39m \u001b[35m/api/v1/user/all-user?role=candidate\u001b[39m \u001b[93m155 ms\u001b[39m","size":"492","timestamp":"2025-07-07 03:48:24"}
{"level":"info","message":" Incoming Request \u001b[32mGET\u001b[39m \u001b[32m200\u001b[39m \u001b[35m/api/v1/user/all-user?role=candidate\u001b[39m \u001b[93m176 ms\u001b[39m","size":"566","timestamp":"2025-07-07 03:49:08"}
{"level":"info","message":" Incoming Request \u001b[34mPOST\u001b[39m \u001b[32m200\u001b[39m \u001b[35m/api/v1/plan/purchase/6868f8464973a3973c75f9c3?numberOfEmployees=2\u001b[39m \u001b[93m1332 ms\u001b[39m","size":"543","timestamp":"2025-07-07 20:32:26"}
{"level":"info","message":" Incoming Request \u001b[34mPOST\u001b[39m \u001b[32m200\u001b[39m \u001b[35m/api/v1/plan/purchase/6868f8464973a3973c75f9c3?numberOfEmployees=2\u001b[39m \u001b[93m1408 ms\u001b[39m","size":"543","timestamp":"2025-07-07 20:36:18"}
{"level":"info","message":" Incoming Request \u001b[34mPOST\u001b[39m \u001b[32m200\u001b[39m \u001b[35m/api/v1/plan/purchase/6868f8464973a3973c75f9c3?numberOfEmployees=2\u001b[39m \u001b[93m1338 ms\u001b[39m","size":"543","timestamp":"2025-07-07 20:37:50"}
{"level":"info","message":" Incoming Request \u001b[34mPOST\u001b[39m \u001b[32m200\u001b[39m \u001b[35m/api/v1/plan/purchase/6868f8464973a3973c75f9c3?numberOfEmployees=2\u001b[39m \u001b[93m1349 ms\u001b[39m","size":"543","timestamp":"2025-07-07 20:40:29"}
{"level":"info","message":" Incoming Request \u001b[34mPOST\u001b[39m \u001b[32m200\u001b[39m \u001b[35m/api/v1/plan/purchase/6868f8464973a3973c75f9c3?numberOfEmployees=2\u001b[39m \u001b[93m1267 ms\u001b[39m","size":"543","timestamp":"2025-07-07 20:53:57"}
{"level":"info","message":" Incoming Request \u001b[32mGET\u001b[39m \u001b[31m400\u001b[39m \u001b[35m/api/v1/user/my-profile\u001b[39m \u001b[93m6 ms\u001b[39m","size":"1512","timestamp":"2025-07-07 20:56:09"}
{"level":"info","message":" Incoming Request \u001b[32mGET\u001b[39m \u001b[31m400\u001b[39m \u001b[35m/api/v1/user/my-profile\u001b[39m \u001b[93m5 ms\u001b[39m","size":"1512","timestamp":"2025-07-07 20:56:29"}
{"level":"info","message":" Incoming Request \u001b[34mPOST\u001b[39m \u001b[32m200\u001b[39m \u001b[35m/api/v1/user/login\u001b[39m \u001b[93m382 ms\u001b[39m","size":"643","timestamp":"2025-07-07 20:56:54"}
{"level":"info","message":" Incoming Request \u001b[32mGET\u001b[39m \u001b[31m400\u001b[39m \u001b[35m/api/v1/user/my-profile\u001b[39m \u001b[93m17 ms\u001b[39m","size":"1512","timestamp":"2025-07-07 20:56:54"}
{"level":"info","message":" Incoming Request \u001b[32mGET\u001b[39m \u001b[32m200\u001b[39m \u001b[35m/api/v1/user/all-user?role=candidate\u001b[39m \u001b[93m172 ms\u001b[39m","size":"566","timestamp":"2025-07-07 20:57:04"}
{"level":"info","message":" Incoming Request \u001b[32mGET\u001b[39m \u001b[32m200\u001b[39m \u001b[35m/api/v1/user/my-profile\u001b[39m \u001b[93m385 ms\u001b[39m","size":"321","timestamp":"2025-07-07 20:58:02"}
{"level":"info","message":" Incoming Request \u001b[32mGET\u001b[39m \u001b[34m304\u001b[39m \u001b[35m/api/v1/user/all-user?role=candidate\u001b[39m \u001b[93m175 ms\u001b[39m","size":0,"timestamp":"2025-07-07 20:58:02"}
{"level":"info","message":" Incoming Request \u001b[32mGET\u001b[39m \u001b[32m200\u001b[39m \u001b[35m/api/v1/user/single-user/6868af413db99908822128d4\u001b[39m \u001b[93m87 ms\u001b[39m","size":"2614","timestamp":"2025-07-07 21:05:59"}
{"level":"info","message":" Incoming Request \u001b[32mGET\u001b[39m \u001b[34m304\u001b[39m \u001b[35m/api/v1/user/my-profile\u001b[39m \u001b[93m89 ms\u001b[39m","size":0,"timestamp":"2025-07-07 21:07:54"}
{"level":"info","message":" Incoming Request \u001b[32mGET\u001b[39m \u001b[34m304\u001b[39m \u001b[35m/api/v1/user/all-user?role=candidate\u001b[39m \u001b[93m166 ms\u001b[39m","size":0,"timestamp":"2025-07-07 21:07:54"}
{"level":"info","message":" Incoming Request \u001b[32mGET\u001b[39m \u001b[34m304\u001b[39m \u001b[35m/api/v1/user/my-profile\u001b[39m \u001b[93m90 ms\u001b[39m","size":0,"timestamp":"2025-07-07 21:09:50"}
{"level":"info","message":" Incoming Request \u001b[32mGET\u001b[39m \u001b[32m200\u001b[39m \u001b[35m/api/v1/user/all-user?role=candidate\u001b[39m \u001b[93m173 ms\u001b[39m","size":"606","timestamp":"2025-07-07 21:09:53"}
{"level":"info","message":" Incoming Request \u001b[32mGET\u001b[39m \u001b[32m200\u001b[39m \u001b[35m/api/v1/user/all-user?role=candidate\u001b[39m \u001b[93m163 ms\u001b[39m","size":"606","timestamp":"2025-07-07 21:10:06"}
{"level":"info","message":" Incoming Request \u001b[32mGET\u001b[39m \u001b[32m200\u001b[39m \u001b[35m/api/v1/user/all-user?role=candidate\u001b[39m \u001b[93m173 ms\u001b[39m","size":"646","timestamp":"2025-07-07 21:11:23"}
{"level":"info","message":" Incoming Request \u001b[32mGET\u001b[39m \u001b[34m304\u001b[39m \u001b[35m/api/v1/user/my-profile\u001b[39m \u001b[93m91 ms\u001b[39m","size":0,"timestamp":"2025-07-07 21:11:31"}
{"level":"info","message":" Incoming Request \u001b[32mGET\u001b[39m \u001b[32m200\u001b[39m \u001b[35m/api/v1/user/all-user?role=candidate\u001b[39m \u001b[93m173 ms\u001b[39m","size":"646","timestamp":"2025-07-07 21:11:32"}
{"level":"info","message":" Incoming Request \u001b[32mGET\u001b[39m \u001b[32m200\u001b[39m \u001b[35m/api/v1/user/single-user/6868af413db99908822128d4\u001b[39m \u001b[93m84 ms\u001b[39m","size":"2614","timestamp":"2025-07-07 21:13:21"}
{"level":"info","message":" Incoming Request \u001b[32mGET\u001b[39m \u001b[32m200\u001b[39m \u001b[35m/api/v1/user/all-user?role=employer\u001b[39m \u001b[93m171 ms\u001b[39m","size":"416","timestamp":"2025-07-07 21:19:18"}
{"level":"info","message":" Incoming Request \u001b[32mGET\u001b[39m \u001b[34m304\u001b[39m \u001b[35m/api/v1/user/all-user?role=candidate\u001b[39m \u001b[93m180 ms\u001b[39m","size":0,"timestamp":"2025-07-07 21:20:58"}
{"level":"info","message":" Incoming Request \u001b[32mGET\u001b[39m \u001b[34m304\u001b[39m \u001b[35m/api/v1/user/all-user?role=candidate\u001b[39m \u001b[93m160 ms\u001b[39m","size":0,"timestamp":"2025-07-07 21:25:33"}
{"level":"info","message":" Incoming Request \u001b[34mPOST\u001b[39m \u001b[32m200\u001b[39m \u001b[35m/api/v1/user/login\u001b[39m \u001b[93m385 ms\u001b[39m","size":"643","timestamp":"2025-07-07 21:28:07"}
{"level":"info","message":" Incoming Request \u001b[32mGET\u001b[39m \u001b[31m400\u001b[39m \u001b[35m/api/v1/user/my-profile\u001b[39m \u001b[93m4 ms\u001b[39m","size":"1512","timestamp":"2025-07-07 21:28:07"}
{"level":"info","message":" Incoming Request \u001b[32mGET\u001b[39m \u001b[32m200\u001b[39m \u001b[35m/api/v1/user/my-profile\u001b[39m \u001b[93m89 ms\u001b[39m","size":"321","timestamp":"2025-07-07 21:29:43"}
{"level":"info","message":" Incoming Request \u001b[32mGET\u001b[39m \u001b[34m304\u001b[39m \u001b[35m/api/v1/user/all-user?role=candidate\u001b[39m \u001b[93m169 ms\u001b[39m","size":0,"timestamp":"2025-07-07 21:29:43"}
{"level":"info","message":" Incoming Request \u001b[32mGET\u001b[39m \u001b[34m304\u001b[39m \u001b[35m/api/v1/user/all-user?role=employer\u001b[39m \u001b[93m166 ms\u001b[39m","size":0,"timestamp":"2025-07-07 21:29:50"}
{"level":"info","message":" Incoming Request \u001b[34mPOST\u001b[39m \u001b[31m404\u001b[39m \u001b[35m/api/v1/user/deactive/685d4a23c3c7445f730635d0\u001b[39m \u001b[93m85 ms\u001b[39m","size":"528","timestamp":"2025-07-07 21:30:05"}
{"level":"info","message":" Incoming Request \u001b[34mPOST\u001b[39m \u001b[31m404\u001b[39m \u001b[35m/api/v1/user/dashboard/2025\u001b[39m \u001b[93m3 ms\u001b[39m","size":"1493","timestamp":"2025-07-07 21:31:15"}
{"level":"info","message":" Incoming Request \u001b[32mGET\u001b[39m \u001b[31m404\u001b[39m \u001b[35m/api/v1/admin/dashboard/2025\u001b[39m \u001b[93m5 ms\u001b[39m","size":"1506","timestamp":"2025-07-07 21:31:51"}
{"level":"info","message":" Incoming Request \u001b[32mGET\u001b[39m \u001b[31m404\u001b[39m \u001b[35m/api/v1/admin/dashboard/2025\u001b[39m \u001b[93m5 ms\u001b[39m","size":"1506","timestamp":"2025-07-07 21:32:11"}
{"level":"info","message":" Incoming Request \u001b[32mGET\u001b[39m \u001b[31m404\u001b[39m \u001b[35m/api/v1/admin/dashboard/2025\u001b[39m \u001b[93m1 ms\u001b[39m","size":"1506","timestamp":"2025-07-07 21:32:13"}
{"level":"info","message":" Incoming Request \u001b[32mGET\u001b[39m \u001b[31m404\u001b[39m \u001b[35m/api/v1/admin/dashboard/2025\u001b[39m \u001b[93m1 ms\u001b[39m","size":"1506","timestamp":"2025-07-07 21:32:13"}
{"level":"info","message":" Incoming Request \u001b[32mGET\u001b[39m \u001b[34m304\u001b[39m \u001b[35m/api/v1/user/all-user?role=employer\u001b[39m \u001b[93m173 ms\u001b[39m","size":0,"timestamp":"2025-07-07 21:32:28"}
{"level":"info","message":" Incoming Request \u001b[32mGET\u001b[39m \u001b[32m200\u001b[39m \u001b[35m/api/v1/admin/dashboard/2025\u001b[39m \u001b[93m353 ms\u001b[39m","size":"603","timestamp":"2025-07-07 21:32:29"}
{"level":"info","message":" Incoming Request \u001b[32mGET\u001b[39m \u001b[34m304\u001b[39m \u001b[35m/api/v1/user/my-profile\u001b[39m \u001b[93m84 ms\u001b[39m","size":0,"timestamp":"2025-07-07 21:33:24"}
{"level":"info","message":" Incoming Request \u001b[32mGET\u001b[39m \u001b[34m304\u001b[39m \u001b[35m/api/v1/user/all-user?role=candidate\u001b[39m \u001b[93m159 ms\u001b[39m","size":0,"timestamp":"2025-07-07 21:33:24"}
{"level":"info","message":" Incoming Request \u001b[32mGET\u001b[39m \u001b[34m304\u001b[39m \u001b[35m/api/v1/user/my-profile\u001b[39m \u001b[93m85 ms\u001b[39m","size":0,"timestamp":"2025-07-07 21:35:21"}
{"level":"info","message":" Incoming Request \u001b[32mGET\u001b[39m \u001b[34m304\u001b[39m \u001b[35m/api/v1/user/all-user?role=candidate\u001b[39m \u001b[93m161 ms\u001b[39m","size":0,"timestamp":"2025-07-07 21:35:21"}
{"level":"info","message":" Incoming Request \u001b[32mGET\u001b[39m \u001b[32m200\u001b[39m \u001b[35m/api/v1/admin/dashboard/2025\u001b[39m \u001b[93m312 ms\u001b[39m","size":"603","timestamp":"2025-07-07 21:37:51"}
{"level":"info","message":" Incoming Request \u001b[32mGET\u001b[39m \u001b[32m200\u001b[39m \u001b[35m/api/v1/admin/dashboard/2025\u001b[39m \u001b[93m379 ms\u001b[39m","size":"603","timestamp":"2025-07-07 21:42:30"}
{"level":"info","message":" Incoming Request \u001b[32mGET\u001b[39m \u001b[32m200\u001b[39m \u001b[35m/api/v1/admin/dashboard/2025\u001b[39m \u001b[93m373 ms\u001b[39m","size":"603","timestamp":"2025-07-07 21:42:32"}
{"level":"info","message":" Incoming Request \u001b[32mGET\u001b[39m \u001b[32m200\u001b[39m \u001b[35m/api/v1/admin/dashboard/2025\u001b[39m \u001b[93m385 ms\u001b[39m","size":"603","timestamp":"2025-07-07 21:45:33"}
{"level":"info","message":" Incoming Request \u001b[32mGET\u001b[39m \u001b[32m200\u001b[39m \u001b[35m/api/v1/admin/dashboard/2025\u001b[39m \u001b[93m394 ms\u001b[39m","size":"315","timestamp":"2025-07-07 21:52:13"}
{"level":"info","message":" Incoming Request \u001b[32mGET\u001b[39m \u001b[32m200\u001b[39m \u001b[35m/api/v1/admin/dashboard/2025\u001b[39m \u001b[93m393 ms\u001b[39m","size":"318","timestamp":"2025-07-07 21:54:56"}
{"level":"info","message":" Incoming Request \u001b[32mGET\u001b[39m \u001b[32m200\u001b[39m \u001b[35m/api/v1/admin/dashboard/2025\u001b[39m \u001b[93m376 ms\u001b[39m","size":"318","timestamp":"2025-07-07 21:56:36"}
{"level":"info","message":" Incoming Request \u001b[32mGET\u001b[39m \u001b[32m200\u001b[39m \u001b[35m/api/v1/admin/dashboard/2025\u001b[39m \u001b[93m387 ms\u001b[39m","size":"318","timestamp":"2025-07-07 21:59:10"}
{"level":"info","message":" Incoming Request \u001b[32mGET\u001b[39m \u001b[32m200\u001b[39m \u001b[35m/api/v1/user/my-profile\u001b[39m \u001b[93m171 ms\u001b[39m","size":"3118","timestamp":"2025-07-07 22:00:56"}
{"level":"info","message":" Incoming Request \u001b[32mGET\u001b[39m \u001b[31m400\u001b[39m \u001b[35m/api/v1/user/my-profile\u001b[39m \u001b[93m6 ms\u001b[39m","size":"1512","timestamp":"2025-07-07 22:02:31"}
{"level":"info","message":" Incoming Request \u001b[32mGET\u001b[39m \u001b[31m400\u001b[39m \u001b[35m/api/v1/user/my-profile\u001b[39m \u001b[93m1 ms\u001b[39m","size":"1512","timestamp":"2025-07-07 22:02:39"}
{"level":"info","message":" Incoming Request \u001b[32mGET\u001b[39m \u001b[32m200\u001b[39m \u001b[35m/api/v1/admin/dashboard/2025\u001b[39m \u001b[93m392 ms\u001b[39m","size":"318","timestamp":"2025-07-07 22:05:48"}
{"level":"info","message":" Incoming Request \u001b[34mPOST\u001b[39m \u001b[32m200\u001b[39m \u001b[35m/api/v1/plan/purchase/6868f8464973a3973c75f9c3?numberOfEmployees=2\u001b[39m \u001b[93m1307 ms\u001b[39m","size":"543","timestamp":"2025-07-07 22:07:28"}
{"level":"info","message":" Incoming Request \u001b[32mGET\u001b[39m \u001b[32m200\u001b[39m \u001b[35m/api/v1/user/my-profile\u001b[39m \u001b[93m158 ms\u001b[39m","size":"3118","timestamp":"2025-07-07 22:08:17"}
{"level":"info","message":" Incoming Request \u001b[32mGET\u001b[39m \u001b[32m201\u001b[39m \u001b[35m/api/v1/subscription\u001b[39m \u001b[93m81 ms\u001b[39m","size":"1346","timestamp":"2025-07-07 22:08:43"}
{"level":"info","message":" Incoming Request \u001b[34mPOST\u001b[39m \u001b[32m200\u001b[39m \u001b[35m/api/v1/plan/purchase/6868f9dd236864c43c2b9871\u001b[39m \u001b[93m1121 ms\u001b[39m","size":"543","timestamp":"2025-07-07 22:09:02"}
{"level":"info","message":" Incoming Request \u001b[32mGET\u001b[39m \u001b[32m200\u001b[39m \u001b[35m/api/v1/user/my-profile\u001b[39m \u001b[93m155 ms\u001b[39m","size":"2850","timestamp":"2025-07-07 22:09:31"}
{"level":"info","message":" Incoming Request \u001b[32mGET\u001b[39m \u001b[34m304\u001b[39m \u001b[35m/api/v1/user/my-profile\u001b[39m \u001b[93m88 ms\u001b[39m","size":0,"timestamp":"2025-07-07 22:49:57"}
{"level":"info","message":" Incoming Request \u001b[32mGET\u001b[39m \u001b[34m304\u001b[39m \u001b[35m/api/v1/user/all-user?role=candidate\u001b[39m \u001b[93m170 ms\u001b[39m","size":0,"timestamp":"2025-07-07 22:49:57"}
{"level":"info","message":" Incoming Request \u001b[32mGET\u001b[39m \u001b[32m200\u001b[39m \u001b[35m/api/v1/user/all-user?role=candidate\u001b[39m \u001b[93m153 ms\u001b[39m","size":"646","timestamp":"2025-07-07 22:50:01"}
{"level":"info","message":" Incoming Request \u001b[32mGET\u001b[39m \u001b[34m304\u001b[39m \u001b[35m/api/v1/user/my-profile\u001b[39m \u001b[93m85 ms\u001b[39m","size":0,"timestamp":"2025-07-07 22:55:10"}
{"level":"info","message":" Incoming Request \u001b[32mGET\u001b[39m \u001b[34m304\u001b[39m \u001b[35m/api/v1/user/all-user?role=candidate\u001b[39m \u001b[93m159 ms\u001b[39m","size":0,"timestamp":"2025-07-07 22:55:17"}
{"level":"info","message":" Incoming Request \u001b[32mGET\u001b[39m \u001b[34m304\u001b[39m \u001b[35m/api/v1/user/my-profile\u001b[39m \u001b[93m92 ms\u001b[39m","size":0,"timestamp":"2025-07-07 22:56:50"}
{"level":"info","message":" Incoming Request \u001b[32mGET\u001b[39m \u001b[34m304\u001b[39m \u001b[35m/api/v1/user/all-user?role=candidate\u001b[39m \u001b[93m170 ms\u001b[39m","size":0,"timestamp":"2025-07-07 22:56:59"}
{"level":"info","message":" Incoming Request \u001b[32mGET\u001b[39m \u001b[32m201\u001b[39m \u001b[35m/api/v1/plan/latest-invoice\u001b[39m \u001b[93m173 ms\u001b[39m","size":"4223","timestamp":"2025-07-07 22:57:47"}
{"level":"info","message":" Incoming Request \u001b[32mGET\u001b[39m \u001b[32m201\u001b[39m \u001b[35m/api/v1/plan/latest-invoice\u001b[39m \u001b[93m156 ms\u001b[39m","size":"888","timestamp":"2025-07-07 23:01:37"}
{"level":"info","message":" Incoming Request \u001b[32mGET\u001b[39m \u001b[32m201\u001b[39m \u001b[35m/api/v1/plan/latest-invoice\u001b[39m \u001b[93m173 ms\u001b[39m","size":"896","timestamp":"2025-07-07 23:02:14"}
{"level":"info","message":" Incoming Request \u001b[32mGET\u001b[39m \u001b[32m201\u001b[39m \u001b[35m/api/v1/plan/latest-invoice\u001b[39m \u001b[93m162 ms\u001b[39m","size":"891","timestamp":"2025-07-07 23:02:44"}
{"level":"info","message":"Root endpoint hit","timestamp":"2025-07-07 23:24:30"}
{"level":"info","message":" Incoming Request \u001b[32mGET\u001b[39m \u001b[32m200\u001b[39m \u001b[35m/\u001b[39m \u001b[93m6 ms\u001b[39m","size":"109","timestamp":"2025-07-07 23:24:30"}
{"level":"info","message":"Root endpoint hit","timestamp":"2025-07-07 23:25:00"}
{"level":"info","message":" Incoming Request \u001b[32mGET\u001b[39m \u001b[32m200\u001b[39m \u001b[35m/\u001b[39m \u001b[93m1 ms\u001b[39m","size":"109","timestamp":"2025-07-07 23:25:00"}
{"level":"info","message":" Incoming Request \u001b[32mGET\u001b[39m \u001b[32m200\u001b[39m \u001b[35m/api/v1/user/all-user?role=candidate\u001b[39m \u001b[93m164 ms\u001b[39m","size":"646","timestamp":"2025-07-07 23:25:40"}
{"level":"info","message":"Root endpoint hit","timestamp":"2025-07-07 23:26:00"}
{"level":"info","message":" Incoming Request \u001b[32mGET\u001b[39m \u001b[32m200\u001b[39m \u001b[35m/\u001b[39m \u001b[93m1 ms\u001b[39m","size":"109","timestamp":"2025-07-07 23:26:00"}
{"level":"info","message":"Root endpoint hit","timestamp":"2025-07-07 23:26:30"}
{"level":"info","message":" Incoming Request \u001b[32mGET\u001b[39m \u001b[32m200\u001b[39m \u001b[35m/\u001b[39m \u001b[93m2 ms\u001b[39m","size":"109","timestamp":"2025-07-07 23:26:30"}
{"level":"info","message":" Incoming Request \u001b[32mGET\u001b[39m \u001b[34m304\u001b[39m \u001b[35m/api/v1/user/my-profile\u001b[39m \u001b[93m86 ms\u001b[39m","size":0,"timestamp":"2025-07-07 23:26:59"}
{"level":"info","message":" Incoming Request \u001b[32mGET\u001b[39m \u001b[34m304\u001b[39m \u001b[35m/api/v1/user/all-user?role=candidate\u001b[39m \u001b[93m153 ms\u001b[39m","size":0,"timestamp":"2025-07-07 23:26:59"}
{"level":"info","message":"Root endpoint hit","timestamp":"2025-07-07 23:27:00"}
{"level":"info","message":" Incoming Request \u001b[32mGET\u001b[39m \u001b[32m200\u001b[39m \u001b[35m/\u001b[39m \u001b[93m1 ms\u001b[39m","size":"109","timestamp":"2025-07-07 23:27:00"}
{"level":"info","message":"Root endpoint hit","timestamp":"2025-07-07 23:27:30"}
{"level":"info","message":" Incoming Request \u001b[32mGET\u001b[39m \u001b[32m200\u001b[39m \u001b[35m/\u001b[39m \u001b[93m2 ms\u001b[39m","size":"109","timestamp":"2025-07-07 23:27:30"}
{"level":"info","message":"Root endpoint hit","timestamp":"2025-07-07 23:28:17"}
{"level":"info","message":" Incoming Request \u001b[32mGET\u001b[39m \u001b[32m200\u001b[39m \u001b[35m/\u001b[39m \u001b[93m1 ms\u001b[39m","size":"109","timestamp":"2025-07-07 23:28:17"}
{"level":"info","message":"Root endpoint hit","timestamp":"2025-07-07 23:29:17"}
{"level":"info","message":" Incoming Request \u001b[32mGET\u001b[39m \u001b[32m200\u001b[39m \u001b[35m/\u001b[39m \u001b[93m1 ms\u001b[39m","size":"109","timestamp":"2025-07-07 23:29:17"}
{"level":"info","message":"Root endpoint hit","timestamp":"2025-07-07 23:30:17"}
{"level":"info","message":" Incoming Request \u001b[32mGET\u001b[39m \u001b[32m200\u001b[39m \u001b[35m/\u001b[39m \u001b[93m0 ms\u001b[39m","size":"109","timestamp":"2025-07-07 23:30:17"}
{"level":"info","message":"Root endpoint hit","timestamp":"2025-07-07 23:31:17"}
{"level":"info","message":" Incoming Request \u001b[32mGET\u001b[39m \u001b[32m200\u001b[39m \u001b[35m/\u001b[39m \u001b[93m1 ms\u001b[39m","size":"109","timestamp":"2025-07-07 23:31:17"}
{"level":"info","message":" Incoming Request \u001b[32mGET\u001b[39m \u001b[34m304\u001b[39m \u001b[35m/api/v1/user/my-profile\u001b[39m \u001b[93m78 ms\u001b[39m","size":0,"timestamp":"2025-07-07 23:31:18"}
{"level":"info","message":" Incoming Request \u001b[32mGET\u001b[39m \u001b[34m304\u001b[39m \u001b[35m/api/v1/user/all-user?role=candidate\u001b[39m \u001b[93m158 ms\u001b[39m","size":0,"timestamp":"2025-07-07 23:31:22"}
{"level":"info","message":" Incoming Request \u001b[32mGET\u001b[39m \u001b[34m304\u001b[39m \u001b[35m/api/v1/user/all-user?role=employer\u001b[39m \u001b[93m155 ms\u001b[39m","size":0,"timestamp":"2025-07-07 23:31:45"}
{"level":"info","message":"Root endpoint hit","timestamp":"2025-07-07 23:32:17"}
{"level":"info","message":" Incoming Request \u001b[32mGET\u001b[39m \u001b[32m200\u001b[39m \u001b[35m/\u001b[39m \u001b[93m1 ms\u001b[39m","size":"109","timestamp":"2025-07-07 23:32:17"}
{"level":"info","message":" Incoming Request \u001b[32mGET\u001b[39m \u001b[31m404\u001b[39m \u001b[35m/api/v1/plan/my-plan\u001b[39m \u001b[93m5 ms\u001b[39m","size":"1482","timestamp":"2025-07-07 23:32:32"}
{"level":"info","message":" Incoming Request \u001b[32mGET\u001b[39m \u001b[33m500\u001b[39m \u001b[35m/api/v1/plan/my-plan\u001b[39m \u001b[93m7 ms\u001b[39m","size":"593","timestamp":"2025-07-07 23:32:47"}
{"level":"info","message":"Root endpoint hit","timestamp":"2025-07-07 23:33:17"}
{"level":"info","message":" Incoming Request \u001b[32mGET\u001b[39m \u001b[32m200\u001b[39m \u001b[35m/\u001b[39m \u001b[93m1 ms\u001b[39m","size":"109","timestamp":"2025-07-07 23:33:17"}
{"level":"info","message":" Incoming Request \u001b[32mGET\u001b[39m \u001b[33m500\u001b[39m \u001b[35m/api/v1/plan/my-plan\u001b[39m \u001b[93m7 ms\u001b[39m","size":"593","timestamp":"2025-07-07 23:33:42"}
{"level":"info","message":"Root endpoint hit","timestamp":"2025-07-07 23:34:17"}
{"level":"info","message":" Incoming Request \u001b[32mGET\u001b[39m \u001b[32m200\u001b[39m \u001b[35m/\u001b[39m \u001b[93m1 ms\u001b[39m","size":"109","timestamp":"2025-07-07 23:34:17"}
{"level":"info","message":" Incoming Request \u001b[32mGET\u001b[39m \u001b[31m400\u001b[39m \u001b[35m/api/v1/plan/my-plan\u001b[39m \u001b[93m6 ms\u001b[39m","size":"1446","timestamp":"2025-07-07 23:34:23"}
{"level":"info","message":" Incoming Request \u001b[32mGET\u001b[39m \u001b[32m201\u001b[39m \u001b[35m/api/v1/plan/my-plan\u001b[39m \u001b[93m164 ms\u001b[39m","size":"543","timestamp":"2025-07-07 23:34:35"}
{"level":"info","message":"Root endpoint hit","timestamp":"2025-07-07 23:35:17"}
{"level":"info","message":" Incoming Request \u001b[32mGET\u001b[39m \u001b[32m200\u001b[39m \u001b[35m/\u001b[39m \u001b[93m1 ms\u001b[39m","size":"109","timestamp":"2025-07-07 23:35:17"}
{"level":"info","message":"Root endpoint hit","timestamp":"2025-07-07 23:36:17"}
{"level":"info","message":" Incoming Request \u001b[32mGET\u001b[39m \u001b[32m200\u001b[39m \u001b[35m/\u001b[39m \u001b[93m1 ms\u001b[39m","size":"109","timestamp":"2025-07-07 23:36:17"}
{"level":"info","message":"Root endpoint hit","timestamp":"2025-07-07 23:37:17"}
{"level":"info","message":" Incoming Request \u001b[32mGET\u001b[39m \u001b[32m200\u001b[39m \u001b[35m/\u001b[39m \u001b[93m1 ms\u001b[39m","size":"109","timestamp":"2025-07-07 23:37:17"}
{"level":"info","message":"Root endpoint hit","timestamp":"2025-07-07 23:38:17"}
{"level":"info","message":" Incoming Request \u001b[32mGET\u001b[39m \u001b[32m200\u001b[39m \u001b[35m/\u001b[39m \u001b[93m0 ms\u001b[39m","size":"109","timestamp":"2025-07-07 23:38:17"}
{"level":"info","message":"Root endpoint hit","timestamp":"2025-07-07 23:39:17"}
{"level":"info","message":" Incoming Request \u001b[32mGET\u001b[39m \u001b[32m200\u001b[39m \u001b[35m/\u001b[39m \u001b[93m1 ms\u001b[39m","size":"109","timestamp":"2025-07-07 23:39:17"}
{"level":"info","message":"Root endpoint hit","timestamp":"2025-07-07 23:40:17"}
{"level":"info","message":" Incoming Request \u001b[32mGET\u001b[39m \u001b[32m200\u001b[39m \u001b[35m/\u001b[39m \u001b[93m0 ms\u001b[39m","size":"109","timestamp":"2025-07-07 23:40:17"}
{"level":"info","message":"Root endpoint hit","timestamp":"2025-07-07 23:41:17"}
{"level":"info","message":" Incoming Request \u001b[32mGET\u001b[39m \u001b[32m200\u001b[39m \u001b[35m/\u001b[39m \u001b[93m1 ms\u001b[39m","size":"109","timestamp":"2025-07-07 23:41:17"}
{"level":"info","message":"Root endpoint hit","timestamp":"2025-07-07 23:42:17"}
{"level":"info","message":" Incoming Request \u001b[32mGET\u001b[39m \u001b[32m200\u001b[39m \u001b[35m/\u001b[39m \u001b[93m1 ms\u001b[39m","size":"109","timestamp":"2025-07-07 23:42:17"}
{"level":"info","message":"Root endpoint hit","timestamp":"2025-07-07 23:43:17"}
{"level":"info","message":" Incoming Request \u001b[32mGET\u001b[39m \u001b[32m200\u001b[39m \u001b[35m/\u001b[39m \u001b[93m1 ms\u001b[39m","size":"109","timestamp":"2025-07-07 23:43:17"}
{"level":"info","message":"Root endpoint hit","timestamp":"2025-07-07 23:44:17"}
{"level":"info","message":" Incoming Request \u001b[32mGET\u001b[39m \u001b[32m200\u001b[39m \u001b[35m/\u001b[39m \u001b[93m1 ms\u001b[39m","size":"109","timestamp":"2025-07-07 23:44:17"}
{"level":"info","message":"Root endpoint hit","timestamp":"2025-07-07 23:45:17"}
{"level":"info","message":" Incoming Request \u001b[32mGET\u001b[39m \u001b[32m200\u001b[39m \u001b[35m/\u001b[39m \u001b[93m2 ms\u001b[39m","size":"109","timestamp":"2025-07-07 23:45:17"}
{"level":"info","message":"Root endpoint hit","timestamp":"2025-07-07 23:46:17"}
{"level":"info","message":" Incoming Request \u001b[32mGET\u001b[39m \u001b[32m200\u001b[39m \u001b[35m/\u001b[39m \u001b[93m1 ms\u001b[39m","size":"109","timestamp":"2025-07-07 23:46:17"}
{"level":"info","message":"Root endpoint hit","timestamp":"2025-07-07 23:47:17"}
{"level":"info","message":" Incoming Request \u001b[32mGET\u001b[39m \u001b[32m200\u001b[39m \u001b[35m/\u001b[39m \u001b[93m1 ms\u001b[39m","size":"109","timestamp":"2025-07-07 23:47:17"}
{"level":"info","message":"Root endpoint hit","timestamp":"2025-07-07 23:48:17"}
{"level":"info","message":" Incoming Request \u001b[32mGET\u001b[39m \u001b[32m200\u001b[39m \u001b[35m/\u001b[39m \u001b[93m1 ms\u001b[39m","size":"109","timestamp":"2025-07-07 23:48:17"}
{"level":"info","message":" Incoming Request \u001b[32mGET\u001b[39m \u001b[34m304\u001b[39m \u001b[35m/api/v1/user/my-profile\u001b[39m \u001b[93m84 ms\u001b[39m","size":0,"timestamp":"2025-07-07 23:48:58"}
{"level":"info","message":"Root endpoint hit","timestamp":"2025-07-07 23:49:17"}
{"level":"info","message":" Incoming Request \u001b[32mGET\u001b[39m \u001b[32m200\u001b[39m \u001b[35m/\u001b[39m \u001b[93m0 ms\u001b[39m","size":"109","timestamp":"2025-07-07 23:49:17"}
{"level":"info","message":" Incoming Request \u001b[32mGET\u001b[39m \u001b[34m304\u001b[39m \u001b[35m/api/v1/user/all-user?role=candidate\u001b[39m \u001b[93m153 ms\u001b[39m","size":0,"timestamp":"2025-07-07 23:49:22"}
{"level":"info","message":"Root endpoint hit","timestamp":"2025-07-07 23:50:17"}
{"level":"info","message":" Incoming Request \u001b[32mGET\u001b[39m \u001b[32m200\u001b[39m \u001b[35m/\u001b[39m \u001b[93m2 ms\u001b[39m","size":"109","timestamp":"2025-07-07 23:50:17"}
{"level":"info","message":"Root endpoint hit","timestamp":"2025-07-07 23:51:17"}
{"level":"info","message":" Incoming Request \u001b[32mGET\u001b[39m \u001b[32m200\u001b[39m \u001b[35m/\u001b[39m \u001b[93m1 ms\u001b[39m","size":"109","timestamp":"2025-07-07 23:51:17"}
{"level":"info","message":" Incoming Request \u001b[32mGET\u001b[39m \u001b[32m201\u001b[39m \u001b[35m/api/v1/plan/my-plan\u001b[39m \u001b[93m317 ms\u001b[39m","size":"543","timestamp":"2025-07-07 23:51:30"}
{"level":"info","message":"Root endpoint hit","timestamp":"2025-07-07 23:52:17"}
{"level":"info","message":" Incoming Request \u001b[32mGET\u001b[39m \u001b[32m200\u001b[39m \u001b[35m/\u001b[39m \u001b[93m1 ms\u001b[39m","size":"109","timestamp":"2025-07-07 23:52:17"}
{"level":"info","message":"Root endpoint hit","timestamp":"2025-07-07 23:53:17"}
{"level":"info","message":" Incoming Request \u001b[32mGET\u001b[39m \u001b[32m200\u001b[39m \u001b[35m/\u001b[39m \u001b[93m1 ms\u001b[39m","size":"109","timestamp":"2025-07-07 23:53:17"}
{"level":"info","message":"Root endpoint hit","timestamp":"2025-07-07 23:54:16"}
{"level":"info","message":" Incoming Request \u001b[32mGET\u001b[39m \u001b[32m200\u001b[39m \u001b[35m/\u001b[39m \u001b[93m1 ms\u001b[39m","size":"109","timestamp":"2025-07-07 23:54:16"}
{"level":"info","message":"Root endpoint hit","timestamp":"2025-07-07 23:55:17"}
{"level":"info","message":" Incoming Request \u001b[32mGET\u001b[39m \u001b[32m200\u001b[39m \u001b[35m/\u001b[39m \u001b[93m1 ms\u001b[39m","size":"109","timestamp":"2025-07-07 23:55:17"}
{"level":"info","message":"Root endpoint hit","timestamp":"2025-07-07 23:56:17"}
{"level":"info","message":" Incoming Request \u001b[32mGET\u001b[39m \u001b[32m200\u001b[39m \u001b[35m/\u001b[39m \u001b[93m1 ms\u001b[39m","size":"109","timestamp":"2025-07-07 23:56:17"}
{"level":"info","message":" Incoming Request \u001b[32mGET\u001b[39m \u001b[34m304\u001b[39m \u001b[35m/api/v1/user/my-profile\u001b[39m \u001b[93m79 ms\u001b[39m","size":0,"timestamp":"2025-07-07 23:56:32"}
{"level":"info","message":" Incoming Request \u001b[32mGET\u001b[39m \u001b[34m304\u001b[39m \u001b[35m/api/v1/user/all-user?role=candidate\u001b[39m \u001b[93m158 ms\u001b[39m","size":0,"timestamp":"2025-07-07 23:56:33"}
{"level":"info","message":"Root endpoint hit","timestamp":"2025-07-07 23:57:17"}
{"level":"info","message":" Incoming Request \u001b[32mGET\u001b[39m \u001b[32m200\u001b[39m \u001b[35m/\u001b[39m \u001b[93m1 ms\u001b[39m","size":"109","timestamp":"2025-07-07 23:57:17"}
{"level":"info","message":"Root endpoint hit","timestamp":"2025-07-07 23:58:17"}
{"level":"info","message":" Incoming Request \u001b[32mGET\u001b[39m \u001b[32m200\u001b[39m \u001b[35m/\u001b[39m \u001b[93m1 ms\u001b[39m","size":"109","timestamp":"2025-07-07 23:58:17"}
{"level":"info","message":"Root endpoint hit","timestamp":"2025-07-07 23:59:17"}
{"level":"info","message":" Incoming Request \u001b[32mGET\u001b[39m \u001b[32m200\u001b[39m \u001b[35m/\u001b[39m \u001b[93m0 ms\u001b[39m","size":"109","timestamp":"2025-07-07 23:59:17"}
