{"level":"info","message":" Incoming Request \u001b[32mGET\u001b[39m \u001b[31m400\u001b[39m \u001b[35m/api/v1/user/my-profile\u001b[39m \u001b[93m2 ms\u001b[39m","size":"1513","timestamp":"2025-07-19 03:42:15"}
{"level":"info","message":" Incoming Request \u001b[32mGET\u001b[39m \u001b[31m400\u001b[39m \u001b[35m/api/v1/user/my-profile\u001b[39m \u001b[93m2 ms\u001b[39m","size":"1513","timestamp":"2025-07-19 03:43:40"}
{"level":"info","message":" Incoming Request \u001b[32mGET\u001b[39m \u001b[31m400\u001b[39m \u001b[35m/api/v1/user/my-profile\u001b[39m \u001b[93m1 ms\u001b[39m","size":"1513","timestamp":"2025-07-19 03:49:02"}
{"level":"info","message":" Incoming Request \u001b[32mGET\u001b[39m \u001b[31m400\u001b[39m \u001b[35m/api/v1/user/my-profile\u001b[39m \u001b[93m1 ms\u001b[39m","size":"1513","timestamp":"2025-07-19 03:49:13"}
{"level":"info","message":" Incoming Request \u001b[32mGET\u001b[39m \u001b[31m400\u001b[39m \u001b[35m/api/v1/user/my-profile\u001b[39m \u001b[93m2 ms\u001b[39m","size":"1513","timestamp":"2025-07-19 04:02:45"}
{"level":"info","message":" Incoming Request \u001b[32mGET\u001b[39m \u001b[31m400\u001b[39m \u001b[35m/api/v1/user/my-profile\u001b[39m \u001b[93m1 ms\u001b[39m","size":"1513","timestamp":"2025-07-19 05:18:12"}
{"level":"info","message":" Incoming Request \u001b[34mPOST\u001b[39m \u001b[31m404\u001b[39m \u001b[35m/api/v1/user/login\u001b[39m \u001b[93m685 ms\u001b[39m","size":"570","timestamp":"2025-07-19 05:19:08"}
{"level":"info","message":" Incoming Request \u001b[32mGET\u001b[39m \u001b[31m400\u001b[39m \u001b[35m/api/v1/user/my-profile\u001b[39m \u001b[93m2 ms\u001b[39m","size":"1513","timestamp":"2025-07-19 05:19:08"}
{"level":"info","message":" Incoming Request \u001b[34mPOST\u001b[39m \u001b[31m404\u001b[39m \u001b[35m/api/v1/user/login\u001b[39m \u001b[93m150 ms\u001b[39m","size":"570","timestamp":"2025-07-19 05:19:16"}
{"level":"info","message":" Incoming Request \u001b[32mGET\u001b[39m \u001b[31m400\u001b[39m \u001b[35m/api/v1/user/my-profile\u001b[39m \u001b[93m1 ms\u001b[39m","size":"1513","timestamp":"2025-07-19 05:19:17"}
{"level":"info","message":" Incoming Request \u001b[34mPOST\u001b[39m \u001b[32m200\u001b[39m \u001b[35m/api/v1/user/register\u001b[39m \u001b[93m3014 ms\u001b[39m","size":"280","timestamp":"2025-07-19 05:20:35"}
{"level":"info","message":" Incoming Request \u001b[34mPOST\u001b[39m \u001b[32m201\u001b[39m \u001b[35m/api/v1/user/verify-otp\u001b[39m \u001b[93m410 ms\u001b[39m","size":"776","timestamp":"2025-07-19 05:21:14"}
{"level":"info","message":" Incoming Request \u001b[32mGET\u001b[39m \u001b[31m400\u001b[39m \u001b[35m/api/v1/user/my-profile\u001b[39m \u001b[93m3 ms\u001b[39m","size":"1447","timestamp":"2025-07-19 05:21:15"}
{"level":"info","message":" Incoming Request \u001b[32mGET\u001b[39m \u001b[31m404\u001b[39m \u001b[35m/api/v1/user/my-profile\u001b[39m \u001b[93m162 ms\u001b[39m","size":"531","timestamp":"2025-07-19 07:13:52"}
{"level":"info","message":" Incoming Request \u001b[34mPOST\u001b[39m \u001b[32m200\u001b[39m \u001b[35m/api/v1/user/login\u001b[39m \u001b[93m390 ms\u001b[39m","size":"663","timestamp":"2025-07-19 07:17:23"}
{"level":"info","message":" Incoming Request \u001b[32mGET\u001b[39m \u001b[31m404\u001b[39m \u001b[35m/api/v1/user/my-profile\u001b[39m \u001b[93m154 ms\u001b[39m","size":"531","timestamp":"2025-07-19 07:17:23"}
{"level":"info","message":" Incoming Request \u001b[34mPOST\u001b[39m \u001b[32m200\u001b[39m \u001b[35m/api/v1/uploded\u001b[39m \u001b[93m2567 ms\u001b[39m","size":"200","timestamp":"2025-07-19 07:17:55"}
{"level":"info","message":" Incoming Request \u001b[34mPOST\u001b[39m \u001b[32m200\u001b[39m \u001b[35m/api/v1/uploded\u001b[39m \u001b[93m34 ms\u001b[39m","size":"218","timestamp":"2025-07-19 07:19:09"}
{"level":"info","message":" Incoming Request \u001b[34mPOST\u001b[39m \u001b[32m200\u001b[39m \u001b[35m/api/v1/user/cv-update\u001b[39m \u001b[93m94 ms\u001b[39m","size":"398","timestamp":"2025-07-19 07:19:34"}
{"level":"info","message":" Incoming Request \u001b[32mGET\u001b[39m \u001b[32m200\u001b[39m \u001b[35m/api/v1/user/my-profile\u001b[39m \u001b[93m156 ms\u001b[39m","size":"326","timestamp":"2025-07-19 07:19:35"}
{"level":"info","message":" Incoming Request \u001b[34mPOST\u001b[39m \u001b[32m200\u001b[39m \u001b[35m/api/v1/user/candidate-identity-verification?step=1\u001b[39m \u001b[93m335 ms\u001b[39m","size":"403","timestamp":"2025-07-19 07:20:21"}
{"level":"info","message":" Incoming Request \u001b[32mGET\u001b[39m \u001b[32m200\u001b[39m \u001b[35m/api/v1/user/my-profile\u001b[39m \u001b[93m156 ms\u001b[39m","size":"326","timestamp":"2025-07-19 07:20:22"}
{"level":"info","message":" Incoming Request \u001b[34mPOST\u001b[39m \u001b[32m200\u001b[39m \u001b[35m/api/v1/user/candidate-identity-verification?step=2\u001b[39m \u001b[93m328 ms\u001b[39m","size":"403","timestamp":"2025-07-19 07:22:03"}
{"level":"info","message":" Incoming Request \u001b[32mGET\u001b[39m \u001b[32m200\u001b[39m \u001b[35m/api/v1/user/my-profile\u001b[39m \u001b[93m157 ms\u001b[39m","size":"326","timestamp":"2025-07-19 07:22:05"}
{"level":"info","message":" Incoming Request \u001b[34mPOST\u001b[39m \u001b[32m200\u001b[39m \u001b[35m/api/v1/user/candidate-identity-verification?step=3\u001b[39m \u001b[93m316 ms\u001b[39m","size":"403","timestamp":"2025-07-19 07:23:33"}
{"level":"info","message":" Incoming Request \u001b[32mGET\u001b[39m \u001b[32m200\u001b[39m \u001b[35m/api/v1/user/my-profile\u001b[39m \u001b[93m151 ms\u001b[39m","size":"326","timestamp":"2025-07-19 07:23:33"}
{"level":"info","message":" Incoming Request \u001b[34mPOST\u001b[39m \u001b[32m200\u001b[39m \u001b[35m/api/v1/user/candidate-identity-verification?step=4\u001b[39m \u001b[93m478 ms\u001b[39m","size":"1146","timestamp":"2025-07-19 07:26:06"}
{"level":"info","message":" Incoming Request \u001b[32mGET\u001b[39m \u001b[32m200\u001b[39m \u001b[35m/api/v1/user/my-profile\u001b[39m \u001b[93m231 ms\u001b[39m","size":"1000","timestamp":"2025-07-19 07:26:07"}
{"level":"info","message":" Incoming Request \u001b[32mGET\u001b[39m \u001b[32m200\u001b[39m \u001b[35m/api/v1/category/all?\u001b[39m \u001b[93m81 ms\u001b[39m","size":"1302","timestamp":"2025-07-19 07:26:08"}
{"level":"info","message":" Incoming Request \u001b[32mGET\u001b[39m \u001b[32m201\u001b[39m \u001b[35m/api/v1/job/overview\u001b[39m \u001b[93m160 ms\u001b[39m","size":"130","timestamp":"2025-07-19 07:26:44"}
{"level":"info","message":" Incoming Request \u001b[32mGET\u001b[39m \u001b[32m201\u001b[39m \u001b[35m/api/v1/job/my-jobs?limit=10\u001b[39m \u001b[93m812 ms\u001b[39m","size":"186","timestamp":"2025-07-19 07:26:45"}
{"level":"info","message":" Incoming Request \u001b[32mGET\u001b[39m \u001b[34m304\u001b[39m \u001b[35m/api/v1/user/my-profile\u001b[39m \u001b[93m248 ms\u001b[39m","size":0,"timestamp":"2025-07-19 07:26:56"}
{"level":"info","message":" Incoming Request \u001b[32mGET\u001b[39m \u001b[32m201\u001b[39m \u001b[35m/api/v1/job/overview\u001b[39m \u001b[93m156 ms\u001b[39m","size":"130","timestamp":"2025-07-19 07:26:57"}
{"level":"info","message":" Incoming Request \u001b[32mGET\u001b[39m \u001b[32m201\u001b[39m \u001b[35m/api/v1/job/my-jobs?limit=10\u001b[39m \u001b[93m246 ms\u001b[39m","size":"186","timestamp":"2025-07-19 07:26:57"}
{"level":"info","message":" Incoming Request \u001b[32mGET\u001b[39m \u001b[34m304\u001b[39m \u001b[35m/api/v1/user/my-profile\u001b[39m \u001b[93m247 ms\u001b[39m","size":0,"timestamp":"2025-07-19 07:27:09"}
{"level":"info","message":" Incoming Request \u001b[32mGET\u001b[39m \u001b[32m201\u001b[39m \u001b[35m/api/v1/job/overview\u001b[39m \u001b[93m150 ms\u001b[39m","size":"130","timestamp":"2025-07-19 07:27:13"}
{"level":"info","message":" Incoming Request \u001b[32mGET\u001b[39m \u001b[32m201\u001b[39m \u001b[35m/api/v1/job/my-jobs?limit=10\u001b[39m \u001b[93m241 ms\u001b[39m","size":"186","timestamp":"2025-07-19 07:27:13"}
{"level":"info","message":" Incoming Request \u001b[32mGET\u001b[39m \u001b[34m304\u001b[39m \u001b[35m/api/v1/user/my-profile\u001b[39m \u001b[93m248 ms\u001b[39m","size":0,"timestamp":"2025-07-19 07:27:22"}
{"level":"info","message":" Incoming Request \u001b[32mGET\u001b[39m \u001b[32m201\u001b[39m \u001b[35m/api/v1/job/overview\u001b[39m \u001b[93m164 ms\u001b[39m","size":"130","timestamp":"2025-07-19 07:27:29"}
{"level":"info","message":" Incoming Request \u001b[32mGET\u001b[39m \u001b[32m201\u001b[39m \u001b[35m/api/v1/job/my-jobs?limit=10\u001b[39m \u001b[93m231 ms\u001b[39m","size":"186","timestamp":"2025-07-19 07:27:29"}
{"level":"info","message":" Incoming Request \u001b[32mGET\u001b[39m \u001b[34m304\u001b[39m \u001b[35m/api/v1/user/my-profile\u001b[39m \u001b[93m232 ms\u001b[39m","size":0,"timestamp":"2025-07-19 07:27:54"}
{"level":"info","message":" Incoming Request \u001b[32mGET\u001b[39m \u001b[32m201\u001b[39m \u001b[35m/api/v1/job/overview\u001b[39m \u001b[93m163 ms\u001b[39m","size":"130","timestamp":"2025-07-19 07:28:08"}
{"level":"info","message":" Incoming Request \u001b[32mGET\u001b[39m \u001b[32m201\u001b[39m \u001b[35m/api/v1/job/my-jobs?limit=10\u001b[39m \u001b[93m227 ms\u001b[39m","size":"186","timestamp":"2025-07-19 07:28:08"}
{"level":"info","message":" Incoming Request \u001b[32mGET\u001b[39m \u001b[32m201\u001b[39m \u001b[35m/api/v1/job/my-jobs?page=1&limit=10\u001b[39m \u001b[93m227 ms\u001b[39m","size":"186","timestamp":"2025-07-19 07:28:08"}
{"level":"info","message":" Incoming Request \u001b[32mGET\u001b[39m \u001b[34m304\u001b[39m \u001b[35m/api/v1/user/my-profile\u001b[39m \u001b[93m232 ms\u001b[39m","size":0,"timestamp":"2025-07-19 07:28:17"}
{"level":"info","message":" Incoming Request \u001b[32mGET\u001b[39m \u001b[32m201\u001b[39m \u001b[35m/api/v1/job/overview\u001b[39m \u001b[93m156 ms\u001b[39m","size":"130","timestamp":"2025-07-19 07:28:21"}
{"level":"info","message":" Incoming Request \u001b[32mGET\u001b[39m \u001b[32m201\u001b[39m \u001b[35m/api/v1/job/my-jobs?limit=10\u001b[39m \u001b[93m242 ms\u001b[39m","size":"186","timestamp":"2025-07-19 07:28:21"}
{"level":"info","message":" Incoming Request \u001b[32mGET\u001b[39m \u001b[34m304\u001b[39m \u001b[35m/api/v1/user/my-profile\u001b[39m \u001b[93m245 ms\u001b[39m","size":0,"timestamp":"2025-07-19 07:28:29"}
{"level":"info","message":" Incoming Request \u001b[32mGET\u001b[39m \u001b[32m201\u001b[39m \u001b[35m/api/v1/job/overview\u001b[39m \u001b[93m155 ms\u001b[39m","size":"130","timestamp":"2025-07-19 07:28:32"}
{"level":"info","message":" Incoming Request \u001b[32mGET\u001b[39m \u001b[32m201\u001b[39m \u001b[35m/api/v1/job/my-jobs?limit=10\u001b[39m \u001b[93m244 ms\u001b[39m","size":"186","timestamp":"2025-07-19 07:28:32"}
{"level":"info","message":" Incoming Request \u001b[34mPOST\u001b[39m \u001b[32m200\u001b[39m \u001b[35m/api/v1/uploded\u001b[39m \u001b[93m305 ms\u001b[39m","size":"200","timestamp":"2025-07-19 07:30:16"}
{"level":"info","message":" Incoming Request \u001b[34mPOST\u001b[39m \u001b[32m200\u001b[39m \u001b[35m/api/v1/user/candidate-identity-verification?step=1\u001b[39m \u001b[93m340 ms\u001b[39m","size":"1141","timestamp":"2025-07-19 07:30:25"}
{"level":"info","message":" Incoming Request \u001b[32mGET\u001b[39m \u001b[34m304\u001b[39m \u001b[35m/api/v1/user/my-profile\u001b[39m \u001b[93m240 ms\u001b[39m","size":0,"timestamp":"2025-07-19 07:30:26"}
{"level":"info","message":" Incoming Request \u001b[34mPOST\u001b[39m \u001b[32m200\u001b[39m \u001b[35m/api/v1/user/candidate-identity-verification?step=1\u001b[39m \u001b[93m332 ms\u001b[39m","size":"1183","timestamp":"2025-07-19 07:31:23"}
{"level":"info","message":" Incoming Request \u001b[32mGET\u001b[39m \u001b[32m200\u001b[39m \u001b[35m/api/v1/user/my-profile\u001b[39m \u001b[93m247 ms\u001b[39m","size":"1042","timestamp":"2025-07-19 07:31:24"}
{"level":"info","message":" Incoming Request \u001b[32mGET\u001b[39m \u001b[34m304\u001b[39m \u001b[35m/api/v1/category/all?\u001b[39m \u001b[93m81 ms\u001b[39m","size":0,"timestamp":"2025-07-19 07:33:02"}
{"level":"info","message":" Incoming Request \u001b[32mGET\u001b[39m \u001b[32m201\u001b[39m \u001b[35m/api/v1/job/overview\u001b[39m \u001b[93m152 ms\u001b[39m","size":"130","timestamp":"2025-07-19 07:35:00"}
{"level":"info","message":" Incoming Request \u001b[32mGET\u001b[39m \u001b[32m201\u001b[39m \u001b[35m/api/v1/job/my-jobs?limit=10\u001b[39m \u001b[93m246 ms\u001b[39m","size":"186","timestamp":"2025-07-19 07:35:00"}
{"level":"info","message":" Incoming Request \u001b[32mGET\u001b[39m \u001b[34m304\u001b[39m \u001b[35m/api/v1/user/my-profile\u001b[39m \u001b[93m248 ms\u001b[39m","size":0,"timestamp":"2025-07-19 07:35:12"}
{"level":"info","message":" Incoming Request \u001b[32mGET\u001b[39m \u001b[32m201\u001b[39m \u001b[35m/api/v1/job/overview\u001b[39m \u001b[93m164 ms\u001b[39m","size":"130","timestamp":"2025-07-19 07:37:35"}
{"level":"info","message":" Incoming Request \u001b[32mGET\u001b[39m \u001b[32m201\u001b[39m \u001b[35m/api/v1/job/my-jobs?limit=10\u001b[39m \u001b[93m228 ms\u001b[39m","size":"186","timestamp":"2025-07-19 07:37:35"}
{"level":"info","message":" Incoming Request \u001b[34mPOST\u001b[39m \u001b[32m200\u001b[39m \u001b[35m/api/v1/uploded\u001b[39m \u001b[93m901 ms\u001b[39m","size":"206","timestamp":"2025-07-19 07:39:40"}
{"level":"info","message":" Incoming Request \u001b[34mPOST\u001b[39m \u001b[32m200\u001b[39m \u001b[35m/api/v1/user/candidate-identity-verification?step=1\u001b[39m \u001b[93m330 ms\u001b[39m","size":"1183","timestamp":"2025-07-19 07:39:49"}
{"level":"info","message":" Incoming Request \u001b[32mGET\u001b[39m \u001b[34m304\u001b[39m \u001b[35m/api/v1/user/my-profile\u001b[39m \u001b[93m229 ms\u001b[39m","size":0,"timestamp":"2025-07-19 07:39:50"}
{"level":"info","message":" Incoming Request \u001b[32mGET\u001b[39m \u001b[34m304\u001b[39m \u001b[35m/api/v1/category/all?\u001b[39m \u001b[93m76 ms\u001b[39m","size":0,"timestamp":"2025-07-19 07:40:07"}
{"level":"info","message":" Incoming Request \u001b[34mPOST\u001b[39m \u001b[32m200\u001b[39m \u001b[35m/api/v1/user/register\u001b[39m \u001b[93m2808 ms\u001b[39m","size":"276","timestamp":"2025-07-19 07:58:46"}
{"level":"info","message":" Incoming Request \u001b[34mPOST\u001b[39m \u001b[32m201\u001b[39m \u001b[35m/api/v1/user/verify-otp\u001b[39m \u001b[93m387 ms\u001b[39m","size":"760","timestamp":"2025-07-19 07:59:10"}
{"level":"info","message":" Incoming Request \u001b[32mGET\u001b[39m \u001b[31m400\u001b[39m \u001b[35m/api/v1/user/my-profile\u001b[39m \u001b[93m4 ms\u001b[39m","size":"1447","timestamp":"2025-07-19 07:59:10"}
{"level":"info","message":" Incoming Request \u001b[34mPOST\u001b[39m \u001b[32m200\u001b[39m \u001b[35m/api/v1/uploded\u001b[39m \u001b[93m932 ms\u001b[39m","size":"220","timestamp":"2025-07-19 08:02:23"}
{"level":"info","message":" Incoming Request \u001b[34mPOST\u001b[39m \u001b[32m200\u001b[39m \u001b[35m/api/v1/uploded\u001b[39m \u001b[93m1144 ms\u001b[39m","size":"200","timestamp":"2025-07-19 08:05:49"}
{"level":"info","message":" Incoming Request \u001b[34mPOST\u001b[39m \u001b[32m200\u001b[39m \u001b[35m/api/v1/user/identity-verification?step=1\u001b[39m \u001b[93m252 ms\u001b[39m","size":"1189","timestamp":"2025-07-19 08:05:58"}
{"level":"info","message":" Incoming Request \u001b[32mGET\u001b[39m \u001b[32m200\u001b[39m \u001b[35m/api/v1/user/my-profile\u001b[39m \u001b[93m154 ms\u001b[39m","size":"1126","timestamp":"2025-07-19 08:05:58"}
{"level":"info","message":" Incoming Request \u001b[34mPOST\u001b[39m \u001b[32m200\u001b[39m \u001b[35m/api/v1/user/identity-verification?step=2\u001b[39m \u001b[93m252 ms\u001b[39m","size":"1447","timestamp":"2025-07-19 08:09:30"}
{"level":"info","message":" Incoming Request \u001b[32mGET\u001b[39m \u001b[32m200\u001b[39m \u001b[35m/api/v1/user/my-profile\u001b[39m \u001b[93m154 ms\u001b[39m","size":"1384","timestamp":"2025-07-19 08:09:31"}
{"level":"info","message":" Incoming Request \u001b[34mPOST\u001b[39m \u001b[32m200\u001b[39m \u001b[35m/api/v1/user/identity-verification?step=3\u001b[39m \u001b[93m235 ms\u001b[39m","size":"1482","timestamp":"2025-07-19 08:09:51"}
{"level":"info","message":" Incoming Request \u001b[32mGET\u001b[39m \u001b[32m200\u001b[39m \u001b[35m/api/v1/user/my-profile\u001b[39m \u001b[93m153 ms\u001b[39m","size":"1419","timestamp":"2025-07-19 08:09:51"}
{"level":"info","message":" Incoming Request \u001b[34mPOST\u001b[39m \u001b[32m200\u001b[39m \u001b[35m/api/v1/user/identity-verification?step=4\u001b[39m \u001b[93m315 ms\u001b[39m","size":"1633","timestamp":"2025-07-19 08:10:35"}
{"level":"info","message":" Incoming Request \u001b[32mGET\u001b[39m \u001b[32m200\u001b[39m \u001b[35m/api/v1/user/my-profile\u001b[39m \u001b[93m155 ms\u001b[39m","size":"1535","timestamp":"2025-07-19 08:10:36"}
{"level":"info","message":" Incoming Request \u001b[32mGET\u001b[39m \u001b[32m201\u001b[39m \u001b[35m/api/v1/job/overview\u001b[39m \u001b[93m227 ms\u001b[39m","size":"130","timestamp":"2025-07-19 08:11:05"}
{"level":"info","message":" Incoming Request \u001b[32mGET\u001b[39m \u001b[32m201\u001b[39m \u001b[35m/api/v1/job/my-jobs?limit=10\u001b[39m \u001b[93m227 ms\u001b[39m","size":"181","timestamp":"2025-07-19 08:11:05"}
{"level":"info","message":" Incoming Request \u001b[32mGET\u001b[39m \u001b[34m304\u001b[39m \u001b[35m/api/v1/user/my-profile\u001b[39m \u001b[93m233 ms\u001b[39m","size":0,"timestamp":"2025-07-19 08:11:38"}
{"level":"info","message":" Incoming Request \u001b[32mGET\u001b[39m \u001b[32m201\u001b[39m \u001b[35m/api/v1/job/my-jobs?limit=10\u001b[39m \u001b[93m301 ms\u001b[39m","size":"329","timestamp":"2025-07-19 08:11:51"}
{"level":"info","message":" Incoming Request \u001b[32mGET\u001b[39m \u001b[32m201\u001b[39m \u001b[35m/api/v1/job/overview\u001b[39m \u001b[93m225 ms\u001b[39m","size":"130","timestamp":"2025-07-19 08:11:51"}
{"level":"info","message":" Incoming Request \u001b[32mGET\u001b[39m \u001b[32m201\u001b[39m \u001b[35m/api/v1/job/my-jobs?page=1&limit=10\u001b[39m \u001b[93m300 ms\u001b[39m","size":"329","timestamp":"2025-07-19 08:12:03"}
{"level":"info","message":" Incoming Request \u001b[32mGET\u001b[39m \u001b[34m304\u001b[39m \u001b[35m/api/v1/job/view-applications/687a28f227657fdf3e8abd26?page=1&limit=10\u001b[39m \u001b[93m384 ms\u001b[39m","size":0,"timestamp":"2025-07-19 08:12:11"}
{"level":"info","message":" Incoming Request \u001b[32mGET\u001b[39m \u001b[32m201\u001b[39m \u001b[35m/api/v1/job/my-jobs?page=1&limit=10\u001b[39m \u001b[93m311 ms\u001b[39m","size":"329","timestamp":"2025-07-19 08:13:26"}
{"level":"info","message":" Incoming Request \u001b[32mGET\u001b[39m \u001b[32m201\u001b[39m \u001b[35m/api/v1/job/overview\u001b[39m \u001b[93m241 ms\u001b[39m","size":"130","timestamp":"2025-07-19 08:22:50"}
{"level":"info","message":" Incoming Request \u001b[32mGET\u001b[39m \u001b[32m201\u001b[39m \u001b[35m/api/v1/job/my-jobs?limit=10\u001b[39m \u001b[93m304 ms\u001b[39m","size":"329","timestamp":"2025-07-19 08:22:50"}
{"level":"info","message":" Incoming Request \u001b[32mGET\u001b[39m \u001b[32m201\u001b[39m \u001b[35m/api/v1/job/my-jobs?page=1&limit=10\u001b[39m \u001b[93m303 ms\u001b[39m","size":"329","timestamp":"2025-07-19 08:26:34"}
{"level":"info","message":" Incoming Request \u001b[34mPOST\u001b[39m \u001b[32m200\u001b[39m \u001b[35m/api/v1/user/register\u001b[39m \u001b[93m3436 ms\u001b[39m","size":"280","timestamp":"2025-07-19 08:47:45"}
{"level":"info","message":" Incoming Request \u001b[34mPOST\u001b[39m \u001b[32m201\u001b[39m \u001b[35m/api/v1/user/verify-otp\u001b[39m \u001b[93m392 ms\u001b[39m","size":"766","timestamp":"2025-07-19 08:48:20"}
{"level":"info","message":" Incoming Request \u001b[32mGET\u001b[39m \u001b[31m400\u001b[39m \u001b[35m/api/v1/user/my-profile\u001b[39m \u001b[93m4 ms\u001b[39m","size":"1447","timestamp":"2025-07-19 08:48:20"}
{"level":"info","message":" Incoming Request \u001b[34mPOST\u001b[39m \u001b[32m200\u001b[39m \u001b[35m/api/v1/uploded\u001b[39m \u001b[93m91 ms\u001b[39m","size":"260","timestamp":"2025-07-19 08:49:59"}
{"level":"info","message":" Incoming Request \u001b[34mPOST\u001b[39m \u001b[32m200\u001b[39m \u001b[35m/api/v1/uploded\u001b[39m \u001b[93m272 ms\u001b[39m","size":"206","timestamp":"2025-07-19 08:50:53"}
{"level":"info","message":" Incoming Request \u001b[34mPOST\u001b[39m \u001b[32m200\u001b[39m \u001b[35m/api/v1/user/cv-update\u001b[39m \u001b[93m96 ms\u001b[39m","size":"381","timestamp":"2025-07-19 08:50:55"}
{"level":"info","message":" Incoming Request \u001b[32mGET\u001b[39m \u001b[32m200\u001b[39m \u001b[35m/api/v1/user/my-profile\u001b[39m \u001b[93m154 ms\u001b[39m","size":"316","timestamp":"2025-07-19 08:50:55"}
{"level":"info","message":" Incoming Request \u001b[34mPOST\u001b[39m \u001b[32m200\u001b[39m \u001b[35m/api/v1/user/candidate-identity-verification?step=1\u001b[39m \u001b[93m315 ms\u001b[39m","size":"393","timestamp":"2025-07-19 08:51:03"}
{"level":"info","message":" Incoming Request \u001b[32mGET\u001b[39m \u001b[32m200\u001b[39m \u001b[35m/api/v1/user/my-profile\u001b[39m \u001b[93m157 ms\u001b[39m","size":"316","timestamp":"2025-07-19 08:51:03"}
{"level":"info","message":" Incoming Request \u001b[34mPOST\u001b[39m \u001b[32m200\u001b[39m \u001b[35m/api/v1/user/candidate-identity-verification?step=2\u001b[39m \u001b[93m316 ms\u001b[39m","size":"393","timestamp":"2025-07-19 08:51:28"}
{"level":"info","message":" Incoming Request \u001b[32mGET\u001b[39m \u001b[32m200\u001b[39m \u001b[35m/api/v1/user/my-profile\u001b[39m \u001b[93m155 ms\u001b[39m","size":"316","timestamp":"2025-07-19 08:51:28"}
{"level":"info","message":" Incoming Request \u001b[34mPOST\u001b[39m \u001b[32m200\u001b[39m \u001b[35m/api/v1/user/candidate-identity-verification?step=3\u001b[39m \u001b[93m315 ms\u001b[39m","size":"393","timestamp":"2025-07-19 08:51:40"}
{"level":"info","message":" Incoming Request \u001b[32mGET\u001b[39m \u001b[32m200\u001b[39m \u001b[35m/api/v1/user/my-profile\u001b[39m \u001b[93m154 ms\u001b[39m","size":"316","timestamp":"2025-07-19 08:51:41"}
{"level":"info","message":" Incoming Request \u001b[34mPOST\u001b[39m \u001b[32m200\u001b[39m \u001b[35m/api/v1/user/candidate-identity-verification?step=4\u001b[39m \u001b[93m469 ms\u001b[39m","size":"1574","timestamp":"2025-07-19 08:52:23"}
{"level":"info","message":" Incoming Request \u001b[32mGET\u001b[39m \u001b[32m200\u001b[39m \u001b[35m/api/v1/user/my-profile\u001b[39m \u001b[93m228 ms\u001b[39m","size":"1428","timestamp":"2025-07-19 08:52:24"}
{"level":"info","message":" Incoming Request \u001b[32mGET\u001b[39m \u001b[32m200\u001b[39m \u001b[35m/api/v1/category/all?\u001b[39m \u001b[93m77 ms\u001b[39m","size":"1302","timestamp":"2025-07-19 08:52:25"}
{"level":"info","message":" Incoming Request \u001b[32mGET\u001b[39m \u001b[32m201\u001b[39m \u001b[35m/api/v1/job/overview\u001b[39m \u001b[93m164 ms\u001b[39m","size":"130","timestamp":"2025-07-19 08:52:48"}
{"level":"info","message":" Incoming Request \u001b[32mGET\u001b[39m \u001b[32m201\u001b[39m \u001b[35m/api/v1/job/my-jobs?limit=10\u001b[39m \u001b[93m230 ms\u001b[39m","size":"186","timestamp":"2025-07-19 08:52:48"}
{"level":"info","message":" Incoming Request \u001b[32mGET\u001b[39m \u001b[34m304\u001b[39m \u001b[35m/api/v1/user/my-profile\u001b[39m \u001b[93m231 ms\u001b[39m","size":0,"timestamp":"2025-07-19 08:52:52"}
{"level":"info","message":" Incoming Request \u001b[32mGET\u001b[39m \u001b[32m201\u001b[39m \u001b[35m/api/v1/job/overview\u001b[39m \u001b[93m154 ms\u001b[39m","size":"130","timestamp":"2025-07-19 08:52:53"}
{"level":"info","message":" Incoming Request \u001b[32mGET\u001b[39m \u001b[32m201\u001b[39m \u001b[35m/api/v1/job/my-jobs?limit=10\u001b[39m \u001b[93m240 ms\u001b[39m","size":"186","timestamp":"2025-07-19 08:52:53"}
{"level":"info","message":" Incoming Request \u001b[32mGET\u001b[39m \u001b[34m304\u001b[39m \u001b[35m/api/v1/user/my-profile\u001b[39m \u001b[93m245 ms\u001b[39m","size":0,"timestamp":"2025-07-19 08:53:09"}
{"level":"info","message":" Incoming Request \u001b[32mGET\u001b[39m \u001b[32m200\u001b[39m \u001b[35m/api/v1/user/my-profile\u001b[39m \u001b[93m247 ms\u001b[39m","size":"1428","timestamp":"2025-07-19 08:53:10"}
{"level":"info","message":" Incoming Request \u001b[34mPOST\u001b[39m \u001b[32m200\u001b[39m \u001b[35m/api/v1/uploded\u001b[39m \u001b[93m733 ms\u001b[39m","size":"258","timestamp":"2025-07-19 08:53:49"}
{"level":"info","message":" Incoming Request \u001b[34mPOST\u001b[39m \u001b[32m200\u001b[39m \u001b[35m/api/v1/user/cv-update\u001b[39m \u001b[93m104 ms\u001b[39m","size":"1546","timestamp":"2025-07-19 08:53:51"}
{"level":"info","message":" Incoming Request \u001b[32mGET\u001b[39m \u001b[32m200\u001b[39m \u001b[35m/api/v1/user/my-profile\u001b[39m \u001b[93m245 ms\u001b[39m","size":"1634","timestamp":"2025-07-19 08:53:51"}
{"level":"info","message":" Incoming Request \u001b[32mGET\u001b[39m \u001b[34m304\u001b[39m \u001b[35m/api/v1/category/all?\u001b[39m \u001b[93m84 ms\u001b[39m","size":0,"timestamp":"2025-07-19 08:55:33"}
{"level":"info","message":" Incoming Request \u001b[32mGET\u001b[39m \u001b[31m400\u001b[39m \u001b[35m/api/v1/user/my-profile\u001b[39m \u001b[93m2 ms\u001b[39m","size":"1513","timestamp":"2025-07-19 08:57:13"}
{"level":"info","message":" Incoming Request \u001b[34mPOST\u001b[39m \u001b[32m200\u001b[39m \u001b[35m/api/v1/user/login\u001b[39m \u001b[93m388 ms\u001b[39m","size":"692","timestamp":"2025-07-19 09:03:12"}
{"level":"info","message":" Incoming Request \u001b[32mGET\u001b[39m \u001b[31m400\u001b[39m \u001b[35m/api/v1/user/my-profile\u001b[39m \u001b[93m1 ms\u001b[39m","size":"1513","timestamp":"2025-07-19 09:03:12"}
{"level":"info","message":" Incoming Request \u001b[32mGET\u001b[39m \u001b[32m201\u001b[39m \u001b[35m/api/v1/job/overview\u001b[39m \u001b[93m168 ms\u001b[39m","size":"130","timestamp":"2025-07-19 09:03:21"}
{"level":"info","message":" Incoming Request \u001b[32mGET\u001b[39m \u001b[32m201\u001b[39m \u001b[35m/api/v1/job/my-jobs?limit=10\u001b[39m \u001b[93m307 ms\u001b[39m","size":"1164","timestamp":"2025-07-19 09:03:21"}
{"level":"info","message":" Incoming Request \u001b[32mGET\u001b[39m \u001b[32m200\u001b[39m \u001b[35m/api/v1/user/my-profile\u001b[39m \u001b[93m228 ms\u001b[39m","size":"1011","timestamp":"2025-07-19 09:03:23"}
{"level":"info","message":" Incoming Request \u001b[32mGET\u001b[39m \u001b[32m201\u001b[39m \u001b[35m/api/v1/job/overview\u001b[39m \u001b[93m154 ms\u001b[39m","size":"130","timestamp":"2025-07-19 09:03:24"}
{"level":"info","message":" Incoming Request \u001b[32mGET\u001b[39m \u001b[32m201\u001b[39m \u001b[35m/api/v1/job/my-jobs?limit=10\u001b[39m \u001b[93m332 ms\u001b[39m","size":"1164","timestamp":"2025-07-19 09:03:24"}
{"level":"info","message":" Incoming Request \u001b[32mGET\u001b[39m \u001b[34m304\u001b[39m \u001b[35m/api/v1/user/my-profile\u001b[39m \u001b[93m252 ms\u001b[39m","size":0,"timestamp":"2025-07-19 09:04:53"}
{"level":"info","message":" Incoming Request \u001b[32mGET\u001b[39m \u001b[31m400\u001b[39m \u001b[35m/api/v1/user/my-profile\u001b[39m \u001b[93m1 ms\u001b[39m","size":"1513","timestamp":"2025-07-19 09:05:18"}
{"level":"info","message":" Incoming Request \u001b[32mGET\u001b[39m \u001b[31m400\u001b[39m \u001b[35m/api/v1/admin/dashboard\u001b[39m \u001b[93m2 ms\u001b[39m","size":"1513","timestamp":"2025-07-19 09:05:18"}
{"level":"info","message":" Incoming Request \u001b[32mGET\u001b[39m \u001b[31m400\u001b[39m \u001b[35m/api/v1/admin/earning/2025\u001b[39m \u001b[93m1 ms\u001b[39m","size":"1503","timestamp":"2025-07-19 09:05:18"}
{"level":"info","message":" Incoming Request \u001b[32mGET\u001b[39m \u001b[32m201\u001b[39m \u001b[35m/api/v1/job/overview\u001b[39m \u001b[93m228 ms\u001b[39m","size":"130","timestamp":"2025-07-19 09:05:33"}
{"level":"info","message":" Incoming Request \u001b[32mGET\u001b[39m \u001b[32m201\u001b[39m \u001b[35m/api/v1/job/my-jobs?limit=10\u001b[39m \u001b[93m344 ms\u001b[39m","size":"329","timestamp":"2025-07-19 09:05:33"}
{"level":"info","message":" Incoming Request \u001b[32mGET\u001b[39m \u001b[34m304\u001b[39m \u001b[35m/api/v1/user/my-profile\u001b[39m \u001b[93m253 ms\u001b[39m","size":0,"timestamp":"2025-07-19 09:05:42"}
{"level":"info","message":" Incoming Request \u001b[32mGET\u001b[39m \u001b[32m201\u001b[39m \u001b[35m/api/v1/job/my-jobs?limit=10\u001b[39m \u001b[93m320 ms\u001b[39m","size":"329","timestamp":"2025-07-19 09:05:44"}
{"level":"info","message":" Incoming Request \u001b[32mGET\u001b[39m \u001b[32m201\u001b[39m \u001b[35m/api/v1/job/overview\u001b[39m \u001b[93m241 ms\u001b[39m","size":"130","timestamp":"2025-07-19 09:05:45"}
{"level":"info","message":" Incoming Request \u001b[32mGET\u001b[39m \u001b[34m304\u001b[39m \u001b[35m/api/v1/user/my-profile\u001b[39m \u001b[93m249 ms\u001b[39m","size":0,"timestamp":"2025-07-19 09:05:52"}
{"level":"info","message":" Incoming Request \u001b[32mGET\u001b[39m \u001b[32m201\u001b[39m \u001b[35m/api/v1/job/overview\u001b[39m \u001b[93m149 ms\u001b[39m","size":"130","timestamp":"2025-07-19 09:05:52"}
{"level":"info","message":" Incoming Request \u001b[32mGET\u001b[39m \u001b[32m201\u001b[39m \u001b[35m/api/v1/job/my-jobs?limit=10\u001b[39m \u001b[93m331 ms\u001b[39m","size":"1164","timestamp":"2025-07-19 09:05:52"}
{"level":"info","message":" Incoming Request \u001b[34mPOST\u001b[39m \u001b[32m200\u001b[39m \u001b[35m/api/v1/user/login\u001b[39m \u001b[93m384 ms\u001b[39m","size":"787","timestamp":"2025-07-19 09:05:54"}
{"level":"info","message":" Incoming Request \u001b[32mGET\u001b[39m \u001b[31m400\u001b[39m \u001b[35m/api/v1/user/my-profile\u001b[39m \u001b[93m2 ms\u001b[39m","size":"1513","timestamp":"2025-07-19 09:05:54"}
{"level":"info","message":" Incoming Request \u001b[32mGET\u001b[39m \u001b[32m200\u001b[39m \u001b[35m/api/v1/admin/earning/2025\u001b[39m \u001b[93m87 ms\u001b[39m","size":"226","timestamp":"2025-07-19 09:05:55"}
{"level":"info","message":" Incoming Request \u001b[32mGET\u001b[39m \u001b[32m200\u001b[39m \u001b[35m/api/v1/admin/dashboard\u001b[39m \u001b[93m304 ms\u001b[39m","size":"159","timestamp":"2025-07-19 09:05:55"}
{"level":"info","message":" Incoming Request \u001b[32mGET\u001b[39m \u001b[32m200\u001b[39m \u001b[35m/api/v1/admin/earning-history\u001b[39m \u001b[93m236 ms\u001b[39m","size":"1583","timestamp":"2025-07-19 09:06:08"}
{"level":"info","message":" Incoming Request \u001b[32mGET\u001b[39m \u001b[32m201\u001b[39m \u001b[35m/api/v1/job/my-jobs?page=1&limit=10\u001b[39m \u001b[93m332 ms\u001b[39m","size":"329","timestamp":"2025-07-19 09:06:25"}
{"level":"info","message":" Incoming Request \u001b[32mGET\u001b[39m \u001b[34m304\u001b[39m \u001b[35m/api/v1/user/my-profile\u001b[39m \u001b[93m248 ms\u001b[39m","size":0,"timestamp":"2025-07-19 09:06:33"}
{"level":"info","message":" Incoming Request \u001b[32mGET\u001b[39m \u001b[32m201\u001b[39m \u001b[35m/api/v1/job/my-jobs?page=1&limit=10\u001b[39m \u001b[93m333 ms\u001b[39m","size":"1164","timestamp":"2025-07-19 09:06:34"}
{"level":"info","message":" Incoming Request \u001b[32mGET\u001b[39m \u001b[34m304\u001b[39m \u001b[35m/api/v1/user/my-profile\u001b[39m \u001b[93m251 ms\u001b[39m","size":0,"timestamp":"2025-07-19 09:07:27"}
{"level":"info","message":" Incoming Request \u001b[32mGET\u001b[39m \u001b[32m201\u001b[39m \u001b[35m/api/v1/job/my-jobs?page=1&limit=10\u001b[39m \u001b[93m331 ms\u001b[39m","size":"1164","timestamp":"2025-07-19 09:07:28"}
{"level":"info","message":" Incoming Request \u001b[32mGET\u001b[39m \u001b[34m304\u001b[39m \u001b[35m/api/v1/user/my-profile\u001b[39m \u001b[93m250 ms\u001b[39m","size":0,"timestamp":"2025-07-19 09:08:49"}
{"level":"info","message":" Incoming Request \u001b[32mGET\u001b[39m \u001b[34m304\u001b[39m \u001b[35m/api/v1/user/my-profile\u001b[39m \u001b[93m251 ms\u001b[39m","size":0,"timestamp":"2025-07-19 09:08:53"}
{"level":"info","message":" Incoming Request \u001b[34mPOST\u001b[39m \u001b[32m200\u001b[39m \u001b[35m/api/v1/user/login\u001b[39m \u001b[93m770 ms\u001b[39m","size":"1963","timestamp":"2025-07-19 09:09:08"}
{"level":"info","message":" Incoming Request \u001b[32mGET\u001b[39m \u001b[34m304\u001b[39m \u001b[35m/api/v1/user/my-profile\u001b[39m \u001b[93m237 ms\u001b[39m","size":0,"timestamp":"2025-07-19 09:09:08"}
{"level":"info","message":" Incoming Request \u001b[32mGET\u001b[39m \u001b[32m201\u001b[39m \u001b[35m/api/v1/job/overview\u001b[39m \u001b[93m250 ms\u001b[39m","size":"130","timestamp":"2025-07-19 09:09:11"}
{"level":"info","message":" Incoming Request \u001b[32mGET\u001b[39m \u001b[32m201\u001b[39m \u001b[35m/api/v1/job/my-jobs?limit=10\u001b[39m \u001b[93m303 ms\u001b[39m","size":"329","timestamp":"2025-07-19 09:09:11"}
{"level":"info","message":" Incoming Request \u001b[32mGET\u001b[39m \u001b[34m304\u001b[39m \u001b[35m/api/v1/category/all?\u001b[39m \u001b[93m78 ms\u001b[39m","size":0,"timestamp":"2025-07-19 09:09:50"}
{"level":"info","message":" Incoming Request \u001b[34mPOST\u001b[39m \u001b[32m200\u001b[39m \u001b[35m/api/v1/uploded\u001b[39m \u001b[93m1083 ms\u001b[39m","size":"280","timestamp":"2025-07-19 09:09:59"}
{"level":"info","message":" Incoming Request \u001b[34mPOST\u001b[39m \u001b[32m200\u001b[39m \u001b[35m/api/v1/uploded\u001b[39m \u001b[93m1525 ms\u001b[39m","size":"256","timestamp":"2025-07-19 09:10:02"}
{"level":"info","message":" Incoming Request \u001b[34mPOST\u001b[39m \u001b[32m201\u001b[39m \u001b[35m/api/v1/job/create\u001b[39m \u001b[93m728 ms\u001b[39m","size":"2685","timestamp":"2025-07-19 09:11:03"}
{"level":"info","message":" Incoming Request \u001b[32mGET\u001b[39m \u001b[32m201\u001b[39m \u001b[35m/api/v1/job/overview\u001b[39m \u001b[93m246 ms\u001b[39m","size":"130","timestamp":"2025-07-19 09:11:08"}
{"level":"info","message":" Incoming Request \u001b[32mGET\u001b[39m \u001b[32m201\u001b[39m \u001b[35m/api/v1/job/my-jobs?limit=10\u001b[39m \u001b[93m834 ms\u001b[39m","size":"468","timestamp":"2025-07-19 09:11:09"}
{"level":"info","message":" Incoming Request \u001b[32mGET\u001b[39m \u001b[32m201\u001b[39m \u001b[35m/api/v1/job/my-jobs?page=1&limit=10\u001b[39m \u001b[93m302 ms\u001b[39m","size":"468","timestamp":"2025-07-19 09:11:29"}
{"level":"info","message":" Incoming Request \u001b[32mGET\u001b[39m \u001b[32m200\u001b[39m \u001b[35m/api/v1/job/single/687a28f227657fdf3e8abd26\u001b[39m \u001b[93m153 ms\u001b[39m","size":"1290","timestamp":"2025-07-19 09:13:24"}
{"level":"info","message":" Incoming Request \u001b[32mGET\u001b[39m \u001b[31m404\u001b[39m \u001b[35m/images/06d2232a938640d-images(3).jpg\u001b[39m \u001b[93m2 ms\u001b[39m","size":"1535","timestamp":"2025-07-19 09:13:25"}
{"level":"info","message":" Incoming Request \u001b[32mGET\u001b[39m \u001b[31m404\u001b[39m \u001b[35m/images/06d2232a938640d-images(3).jpg\u001b[39m \u001b[93m1 ms\u001b[39m","size":"1535","timestamp":"2025-07-19 09:13:25"}
{"level":"info","message":" Incoming Request \u001b[32mGET\u001b[39m \u001b[31m404\u001b[39m \u001b[35m/images/06d2232a938640d-images(3).jpg\u001b[39m \u001b[93m1 ms\u001b[39m","size":"1535","timestamp":"2025-07-19 09:13:36"}
{"level":"info","message":" Incoming Request \u001b[32mGET\u001b[39m \u001b[32m200\u001b[39m \u001b[35m/api/v1/user/my-profile\u001b[39m \u001b[93m233 ms\u001b[39m","size":"1645","timestamp":"2025-07-19 09:13:40"}
{"level":"info","message":" Incoming Request \u001b[32mGET\u001b[39m \u001b[34m304\u001b[39m \u001b[35m/api/v1/job/single/687a28f227657fdf3e8abd26\u001b[39m \u001b[93m152 ms\u001b[39m","size":0,"timestamp":"2025-07-19 09:13:41"}
{"level":"info","message":" Incoming Request \u001b[32mGET\u001b[39m \u001b[32m201\u001b[39m \u001b[35m/api/v1/job/my-jobs?page=1&limit=10\u001b[39m \u001b[93m307 ms\u001b[39m","size":"468","timestamp":"2025-07-19 09:14:12"}
{"level":"info","message":" Incoming Request \u001b[32mGET\u001b[39m \u001b[31m404\u001b[39m \u001b[35m/images/06d2232a938640d-images(3).jpg\u001b[39m \u001b[93m1 ms\u001b[39m","size":"1535","timestamp":"2025-07-19 09:14:21"}
{"level":"info","message":" Incoming Request \u001b[32mGET\u001b[39m \u001b[32m200\u001b[39m \u001b[35m/api/v1/job/single/687b0cc633646c2edb0a2f5d\u001b[39m \u001b[93m153 ms\u001b[39m","size":"2789","timestamp":"2025-07-19 09:14:33"}
{"level":"info","message":" Incoming Request \u001b[32mGET\u001b[39m \u001b[32m200\u001b[39m \u001b[35m/api/v1/job/view-applications/687b0cc633646c2edb0a2f5d?page=1&limit=10\u001b[39m \u001b[93m231 ms\u001b[39m","size":"191","timestamp":"2025-07-19 09:15:22"}
{"level":"info","message":" Incoming Request \u001b[32mGET\u001b[39m \u001b[34m304\u001b[39m \u001b[35m/api/v1/user/my-profile\u001b[39m \u001b[93m229 ms\u001b[39m","size":0,"timestamp":"2025-07-19 09:15:28"}
{"level":"info","message":" Incoming Request \u001b[32mGET\u001b[39m \u001b[34m304\u001b[39m \u001b[35m/api/v1/job/view-applications/687b0cc633646c2edb0a2f5d?page=1&limit=10\u001b[39m \u001b[93m832 ms\u001b[39m","size":0,"timestamp":"2025-07-19 09:15:29"}
{"level":"info","message":" Incoming Request \u001b[32mGET\u001b[39m \u001b[32m201\u001b[39m \u001b[35m/api/v1/job/my-jobs?page=1&limit=10\u001b[39m \u001b[93m378 ms\u001b[39m","size":"468","timestamp":"2025-07-19 09:15:33"}
{"level":"info","message":" Incoming Request \u001b[32mGET\u001b[39m \u001b[34m304\u001b[39m \u001b[35m/api/v1/job/view-applications/687a28f227657fdf3e8abd26?page=1&limit=10\u001b[39m \u001b[93m379 ms\u001b[39m","size":0,"timestamp":"2025-07-19 09:15:37"}
{"level":"info","message":" Incoming Request \u001b[32mGET\u001b[39m \u001b[34m304\u001b[39m \u001b[35m/api/v1/user/my-profile\u001b[39m \u001b[93m231 ms\u001b[39m","size":0,"timestamp":"2025-07-19 09:16:03"}
{"level":"info","message":" Incoming Request \u001b[32mGET\u001b[39m \u001b[34m304\u001b[39m \u001b[35m/api/v1/job/view-applications/687b0cc633646c2edb0a2f5d?page=1&limit=10\u001b[39m \u001b[93m230 ms\u001b[39m","size":0,"timestamp":"2025-07-19 09:16:04"}
{"level":"info","message":" Incoming Request \u001b[32mGET\u001b[39m \u001b[32m201\u001b[39m \u001b[35m/api/v1/job/my-jobs?page=1&limit=10\u001b[39m \u001b[93m306 ms\u001b[39m","size":"468","timestamp":"2025-07-19 09:16:33"}
{"level":"info","message":" Incoming Request \u001b[32mGET\u001b[39m \u001b[34m304\u001b[39m \u001b[35m/api/v1/job/view-applications/687a28f227657fdf3e8abd26?page=1&limit=10\u001b[39m \u001b[93m385 ms\u001b[39m","size":0,"timestamp":"2025-07-19 09:16:39"}
{"level":"info","message":" Incoming Request \u001b[32mGET\u001b[39m \u001b[32m201\u001b[39m \u001b[35m/api/v1/subscription?\u001b[39m \u001b[93m78 ms\u001b[39m","size":"1754","timestamp":"2025-07-19 09:19:45"}
{"level":"info","message":" Incoming Request \u001b[34mPOST\u001b[39m \u001b[32m200\u001b[39m \u001b[35m/api/v1/user/register\u001b[39m \u001b[93m2955 ms\u001b[39m","size":"280","timestamp":"2025-07-19 09:20:53"}
{"level":"info","message":" Incoming Request \u001b[34mPOST\u001b[39m \u001b[32m201\u001b[39m \u001b[35m/api/v1/user/verify-otp\u001b[39m \u001b[93m383 ms\u001b[39m","size":"770","timestamp":"2025-07-19 09:21:21"}
{"level":"info","message":" Incoming Request \u001b[32mGET\u001b[39m \u001b[31m400\u001b[39m \u001b[35m/api/v1/user/my-profile\u001b[39m \u001b[93m3 ms\u001b[39m","size":"1447","timestamp":"2025-07-19 09:21:21"}
{"level":"info","message":" Incoming Request \u001b[34mPOST\u001b[39m \u001b[32m200\u001b[39m \u001b[35m/api/v1/uploded\u001b[39m \u001b[93m100 ms\u001b[39m","size":"256","timestamp":"2025-07-19 09:22:53"}
{"level":"info","message":" Incoming Request \u001b[34mPOST\u001b[39m \u001b[32m200\u001b[39m \u001b[35m/api/v1/uploded\u001b[39m \u001b[93m302 ms\u001b[39m","size":"206","timestamp":"2025-07-19 09:23:00"}
{"level":"info","message":" Incoming Request \u001b[34mPOST\u001b[39m \u001b[32m200\u001b[39m \u001b[35m/api/v1/user/cv-update\u001b[39m \u001b[93m94 ms\u001b[39m","size":"380","timestamp":"2025-07-19 09:23:10"}
{"level":"info","message":" Incoming Request \u001b[32mGET\u001b[39m \u001b[32m200\u001b[39m \u001b[35m/api/v1/user/my-profile\u001b[39m \u001b[93m156 ms\u001b[39m","size":"320","timestamp":"2025-07-19 09:23:10"}
{"level":"info","message":" Incoming Request \u001b[34mPOST\u001b[39m \u001b[32m200\u001b[39m \u001b[35m/api/v1/user/candidate-identity-verification?step=1\u001b[39m \u001b[93m313 ms\u001b[39m","size":"397","timestamp":"2025-07-19 09:23:13"}
{"level":"info","message":" Incoming Request \u001b[32mGET\u001b[39m \u001b[32m200\u001b[39m \u001b[35m/api/v1/user/my-profile\u001b[39m \u001b[93m154 ms\u001b[39m","size":"320","timestamp":"2025-07-19 09:23:13"}
{"level":"info","message":" Incoming Request \u001b[34mPOST\u001b[39m \u001b[32m200\u001b[39m \u001b[35m/api/v1/user/candidate-identity-verification?step=2\u001b[39m \u001b[93m315 ms\u001b[39m","size":"397","timestamp":"2025-07-19 09:23:31"}
{"level":"info","message":" Incoming Request \u001b[32mGET\u001b[39m \u001b[32m200\u001b[39m \u001b[35m/api/v1/user/my-profile\u001b[39m \u001b[93m156 ms\u001b[39m","size":"320","timestamp":"2025-07-19 09:23:32"}
{"level":"info","message":" Incoming Request \u001b[34mPOST\u001b[39m \u001b[32m200\u001b[39m \u001b[35m/api/v1/user/candidate-identity-verification?step=3\u001b[39m \u001b[93m312 ms\u001b[39m","size":"397","timestamp":"2025-07-19 09:23:48"}
{"level":"info","message":" Incoming Request \u001b[32mGET\u001b[39m \u001b[32m200\u001b[39m \u001b[35m/api/v1/user/my-profile\u001b[39m \u001b[93m151 ms\u001b[39m","size":"320","timestamp":"2025-07-19 09:23:48"}
{"level":"info","message":" Incoming Request \u001b[34mPOST\u001b[39m \u001b[32m200\u001b[39m \u001b[35m/api/v1/user/candidate-identity-verification?step=4\u001b[39m \u001b[93m468 ms\u001b[39m","size":"1607","timestamp":"2025-07-19 09:24:33"}
{"level":"info","message":" Incoming Request \u001b[32mGET\u001b[39m \u001b[32m200\u001b[39m \u001b[35m/api/v1/user/my-profile\u001b[39m \u001b[93m228 ms\u001b[39m","size":"1461","timestamp":"2025-07-19 09:24:34"}
{"level":"info","message":" Incoming Request \u001b[32mGET\u001b[39m \u001b[32m200\u001b[39m \u001b[35m/api/v1/category/all?\u001b[39m \u001b[93m77 ms\u001b[39m","size":"1302","timestamp":"2025-07-19 09:24:34"}
{"level":"info","message":" Incoming Request \u001b[34mPOST\u001b[39m \u001b[31m400\u001b[39m \u001b[35m/api/v1/user/job-alert\u001b[39m \u001b[93m4 ms\u001b[39m","size":"1070","timestamp":"2025-07-19 09:24:50"}
{"level":"info","message":" Incoming Request \u001b[32mGET\u001b[39m \u001b[34m304\u001b[39m \u001b[35m/api/v1/user/my-profile\u001b[39m \u001b[93m233 ms\u001b[39m","size":0,"timestamp":"2025-07-19 09:24:51"}
{"level":"info","message":" Incoming Request \u001b[34mPOST\u001b[39m \u001b[32m200\u001b[39m \u001b[35m/api/v1/user/candidate-identity-verification?step=4\u001b[39m \u001b[93m330 ms\u001b[39m","size":"1602","timestamp":"2025-07-19 09:25:17"}
{"level":"info","message":" Incoming Request \u001b[32mGET\u001b[39m \u001b[34m304\u001b[39m \u001b[35m/api/v1/user/my-profile\u001b[39m \u001b[93m231 ms\u001b[39m","size":0,"timestamp":"2025-07-19 09:25:18"}
{"level":"info","message":" Incoming Request \u001b[34mPOST\u001b[39m \u001b[31m400\u001b[39m \u001b[35m/api/v1/user/job-alert\u001b[39m \u001b[93m3 ms\u001b[39m","size":"1070","timestamp":"2025-07-19 09:25:18"}
{"level":"info","message":" Incoming Request \u001b[32mGET\u001b[39m \u001b[34m304\u001b[39m \u001b[35m/api/v1/user/my-profile\u001b[39m \u001b[93m232 ms\u001b[39m","size":0,"timestamp":"2025-07-19 09:25:19"}
{"level":"info","message":" Incoming Request \u001b[32mGET\u001b[39m \u001b[32m201\u001b[39m \u001b[35m/api/v1/job/my-jobs?page=1&limit=10\u001b[39m \u001b[93m226 ms\u001b[39m","size":"181","timestamp":"2025-07-19 09:26:12"}
{"level":"info","message":" Incoming Request \u001b[32mGET\u001b[39m \u001b[32m200\u001b[39m \u001b[35m/api/v1/category/all?\u001b[39m \u001b[93m78 ms\u001b[39m","size":"1302","timestamp":"2025-07-19 09:26:32"}
{"level":"info","message":" Incoming Request \u001b[32mGET\u001b[39m \u001b[33m500\u001b[39m \u001b[35m/api/v1/plan/my-plan\u001b[39m \u001b[93m83 ms\u001b[39m","size":"673","timestamp":"2025-07-19 09:27:53"}
{"level":"info","message":" Incoming Request \u001b[32mGET\u001b[39m \u001b[32m201\u001b[39m \u001b[35m/api/v1/subscription?\u001b[39m \u001b[93m76 ms\u001b[39m","size":"1754","timestamp":"2025-07-19 09:27:53"}
{"level":"info","message":" Incoming Request \u001b[32mGET\u001b[39m \u001b[32m201\u001b[39m \u001b[35m/api/v1/plan/latest-invoice?page=1&limit=10\u001b[39m \u001b[93m164 ms\u001b[39m","size":"189","timestamp":"2025-07-19 09:27:53"}
{"level":"info","message":" Incoming Request \u001b[34mPOST\u001b[39m \u001b[31m401\u001b[39m \u001b[35m/api/v1/plan/purchase/687a241403d7f8c39ea63b03\u001b[39m \u001b[93m541 ms\u001b[39m","size":"611","timestamp":"2025-07-19 09:28:06"}
{"level":"info","message":" Incoming Request \u001b[34mPOST\u001b[39m \u001b[31m401\u001b[39m \u001b[35m/api/v1/plan/purchase/687a241903d7f8c39ea63b06\u001b[39m \u001b[93m83 ms\u001b[39m","size":"611","timestamp":"2025-07-19 09:28:10"}
{"level":"info","message":" Incoming Request \u001b[32mGET\u001b[39m \u001b[31m400\u001b[39m \u001b[35m/api/v1/user/my-profile\u001b[39m \u001b[93m1 ms\u001b[39m","size":"1513","timestamp":"2025-07-19 09:28:28"}
{"level":"info","message":" Incoming Request \u001b[32mGET\u001b[39m \u001b[31m400\u001b[39m \u001b[35m/api/v1/user/my-profile\u001b[39m \u001b[93m1 ms\u001b[39m","size":"1513","timestamp":"2025-07-19 09:28:28"}
{"level":"info","message":" Incoming Request \u001b[34mPOST\u001b[39m \u001b[32m200\u001b[39m \u001b[35m/api/v1/user/login\u001b[39m \u001b[93m381 ms\u001b[39m","size":"787","timestamp":"2025-07-19 09:29:20"}
{"level":"info","message":" Incoming Request \u001b[32mGET\u001b[39m \u001b[31m400\u001b[39m \u001b[35m/api/v1/user/my-profile\u001b[39m \u001b[93m1 ms\u001b[39m","size":"1513","timestamp":"2025-07-19 09:29:21"}
{"level":"info","message":" Incoming Request \u001b[32mGET\u001b[39m \u001b[32m200\u001b[39m \u001b[35m/api/v1/admin/earning/2025\u001b[39m \u001b[93m85 ms\u001b[39m","size":"226","timestamp":"2025-07-19 09:29:22"}
{"level":"info","message":" Incoming Request \u001b[32mGET\u001b[39m \u001b[32m200\u001b[39m \u001b[35m/api/v1/admin/dashboard\u001b[39m \u001b[93m294 ms\u001b[39m","size":"159","timestamp":"2025-07-19 09:29:22"}
{"level":"info","message":" Incoming Request \u001b[32mGET\u001b[39m \u001b[31m400\u001b[39m \u001b[35m/api/v1/user/my-profile\u001b[39m \u001b[93m0 ms\u001b[39m","size":"1513","timestamp":"2025-07-19 09:29:29"}
{"level":"info","message":" Incoming Request \u001b[32mGET\u001b[39m \u001b[32m200\u001b[39m \u001b[35m/api/v1/category/all?\u001b[39m \u001b[93m75 ms\u001b[39m","size":"1302","timestamp":"2025-07-19 09:29:31"}
{"level":"info","message":" Incoming Request \u001b[32mGET\u001b[39m \u001b[32m200\u001b[39m \u001b[35m/api/v1/admin/earning-history\u001b[39m \u001b[93m237 ms\u001b[39m","size":"1583","timestamp":"2025-07-19 09:29:50"}
{"level":"info","message":" Incoming Request \u001b[32mGET\u001b[39m \u001b[32m201\u001b[39m \u001b[35m/api/v1/subscription?\u001b[39m \u001b[93m85 ms\u001b[39m","size":"1754","timestamp":"2025-07-19 09:30:24"}
{"level":"info","message":" Incoming Request \u001b[32mGET\u001b[39m \u001b[32m200\u001b[39m \u001b[35m/api/v1/subscription/687a241403d7f8c39ea63b03\u001b[39m \u001b[93m88 ms\u001b[39m","size":"619","timestamp":"2025-07-19 09:31:22"}
{"level":"info","message":" Incoming Request \u001b[34mPOST\u001b[39m \u001b[32m201\u001b[39m \u001b[35m/api/v1/subscription/update/687a241403d7f8c39ea63b03\u001b[39m \u001b[93m181 ms\u001b[39m","size":"610","timestamp":"2025-07-19 09:32:44"}
{"level":"info","message":" Incoming Request \u001b[32mGET\u001b[39m \u001b[32m200\u001b[39m \u001b[35m/api/v1/subscription/687a241403d7f8c39ea63b03\u001b[39m \u001b[93m84 ms\u001b[39m","size":"618","timestamp":"2025-07-19 09:32:44"}
{"level":"info","message":" Incoming Request \u001b[32mGET\u001b[39m \u001b[32m201\u001b[39m \u001b[35m/api/v1/subscription?\u001b[39m \u001b[93m76 ms\u001b[39m","size":"1753","timestamp":"2025-07-19 09:32:44"}
{"level":"info","message":" Incoming Request \u001b[32mGET\u001b[39m \u001b[32m200\u001b[39m \u001b[35m/api/v1/subscription/687a241903d7f8c39ea63b06\u001b[39m \u001b[93m77 ms\u001b[39m","size":"620","timestamp":"2025-07-19 09:32:55"}
{"level":"info","message":" Incoming Request \u001b[34mPOST\u001b[39m \u001b[32m201\u001b[39m \u001b[35m/api/v1/subscription/update/687a241903d7f8c39ea63b06\u001b[39m \u001b[93m155 ms\u001b[39m","size":"609","timestamp":"2025-07-19 09:34:10"}
{"level":"info","message":" Incoming Request \u001b[32mGET\u001b[39m \u001b[32m200\u001b[39m \u001b[35m/api/v1/subscription/687a241903d7f8c39ea63b06\u001b[39m \u001b[93m72 ms\u001b[39m","size":"617","timestamp":"2025-07-19 09:34:10"}
{"level":"info","message":" Incoming Request \u001b[32mGET\u001b[39m \u001b[32m201\u001b[39m \u001b[35m/api/v1/subscription?\u001b[39m \u001b[93m82 ms\u001b[39m","size":"1750","timestamp":"2025-07-19 09:34:10"}
{"level":"info","message":" Incoming Request \u001b[32mGET\u001b[39m \u001b[32m200\u001b[39m \u001b[35m/api/v1/subscription/687a241d03d7f8c39ea63b09\u001b[39m \u001b[93m88 ms\u001b[39m","size":"853","timestamp":"2025-07-19 09:34:25"}
{"level":"info","message":" Incoming Request \u001b[34mPOST\u001b[39m \u001b[32m201\u001b[39m \u001b[35m/api/v1/subscription/update/687a241d03d7f8c39ea63b09\u001b[39m \u001b[93m178 ms\u001b[39m","size":"845","timestamp":"2025-07-19 09:35:35"}
{"level":"info","message":" Incoming Request \u001b[32mGET\u001b[39m \u001b[32m200\u001b[39m \u001b[35m/api/v1/subscription/687a241d03d7f8c39ea63b09\u001b[39m \u001b[93m84 ms\u001b[39m","size":"853","timestamp":"2025-07-19 09:35:35"}
{"level":"info","message":" Incoming Request \u001b[32mGET\u001b[39m \u001b[32m201\u001b[39m \u001b[35m/api/v1/subscription?\u001b[39m \u001b[93m77 ms\u001b[39m","size":"1750","timestamp":"2025-07-19 09:35:35"}
{"level":"info","message":" Incoming Request \u001b[32mGET\u001b[39m \u001b[34m304\u001b[39m \u001b[35m/api/v1/subscription/687a241903d7f8c39ea63b06\u001b[39m \u001b[93m76 ms\u001b[39m","size":0,"timestamp":"2025-07-19 09:36:09"}
{"level":"info","message":" Incoming Request \u001b[32mGET\u001b[39m \u001b[34m304\u001b[39m \u001b[35m/api/v1/subscription/687a241403d7f8c39ea63b03\u001b[39m \u001b[93m74 ms\u001b[39m","size":0,"timestamp":"2025-07-19 09:36:15"}
{"level":"info","message":" Incoming Request \u001b[32mGET\u001b[39m \u001b[34m304\u001b[39m \u001b[35m/api/v1/subscription/687a241903d7f8c39ea63b06\u001b[39m \u001b[93m74 ms\u001b[39m","size":0,"timestamp":"2025-07-19 09:38:52"}
{"level":"info","message":" Incoming Request \u001b[32mGET\u001b[39m \u001b[34m304\u001b[39m \u001b[35m/api/v1/subscription/687a241d03d7f8c39ea63b09\u001b[39m \u001b[93m77 ms\u001b[39m","size":0,"timestamp":"2025-07-19 09:39:36"}
{"level":"info","message":" Incoming Request \u001b[32mGET\u001b[39m \u001b[34m304\u001b[39m \u001b[35m/api/v1/subscription/687a241903d7f8c39ea63b06\u001b[39m \u001b[93m76 ms\u001b[39m","size":0,"timestamp":"2025-07-19 09:45:07"}
{"level":"info","message":" Incoming Request \u001b[32mGET\u001b[39m \u001b[34m304\u001b[39m \u001b[35m/api/v1/user/my-profile\u001b[39m \u001b[93m230 ms\u001b[39m","size":0,"timestamp":"2025-07-19 09:50:23"}
{"level":"info","message":" Incoming Request \u001b[32mGET\u001b[39m \u001b[34m304\u001b[39m \u001b[35m/api/v1/user/my-profile\u001b[39m \u001b[93m225 ms\u001b[39m","size":0,"timestamp":"2025-07-19 09:50:33"}
{"level":"info","message":" Incoming Request \u001b[34mPOST\u001b[39m \u001b[31m400\u001b[39m \u001b[35m/api/v1/user/register\u001b[39m \u001b[93m444 ms\u001b[39m","size":"964","timestamp":"2025-07-19 09:51:15"}
{"level":"info","message":" Incoming Request \u001b[34mPOST\u001b[39m \u001b[32m200\u001b[39m \u001b[35m/api/v1/user/register\u001b[39m \u001b[93m2847 ms\u001b[39m","size":"280","timestamp":"2025-07-19 09:51:28"}
{"level":"info","message":" Incoming Request \u001b[34mPOST\u001b[39m \u001b[32m201\u001b[39m \u001b[35m/api/v1/user/verify-otp\u001b[39m \u001b[93m379 ms\u001b[39m","size":"767","timestamp":"2025-07-19 09:51:55"}
{"level":"info","message":" Incoming Request \u001b[32mGET\u001b[39m \u001b[31m400\u001b[39m \u001b[35m/api/v1/user/my-profile\u001b[39m \u001b[93m4 ms\u001b[39m","size":"1447","timestamp":"2025-07-19 09:51:55"}
{"level":"info","message":" Incoming Request \u001b[32mGET\u001b[39m \u001b[32m200\u001b[39m \u001b[35m/api/v1/user/my-profile\u001b[39m \u001b[93m151 ms\u001b[39m","size":"317","timestamp":"2025-07-19 09:52:04"}
{"level":"info","message":" Incoming Request \u001b[34mPOST\u001b[39m \u001b[32m200\u001b[39m \u001b[35m/api/v1/uploded\u001b[39m \u001b[93m191 ms\u001b[39m","size":"256","timestamp":"2025-07-19 09:52:25"}
{"level":"info","message":" Incoming Request \u001b[34mPOST\u001b[39m \u001b[32m200\u001b[39m \u001b[35m/api/v1/uploded\u001b[39m \u001b[93m132 ms\u001b[39m","size":"260","timestamp":"2025-07-19 09:53:54"}
{"level":"info","message":" Incoming Request \u001b[34mPOST\u001b[39m \u001b[32m200\u001b[39m \u001b[35m/api/v1/uploded\u001b[39m \u001b[93m437 ms\u001b[39m","size":"252","timestamp":"2025-07-19 09:56:18"}
{"level":"info","message":" Incoming Request \u001b[34mPOST\u001b[39m \u001b[32m200\u001b[39m \u001b[35m/api/v1/user/cv-update\u001b[39m \u001b[93m94 ms\u001b[39m","size":"405","timestamp":"2025-07-19 09:56:25"}
{"level":"info","message":" Incoming Request \u001b[32mGET\u001b[39m \u001b[34m304\u001b[39m \u001b[35m/api/v1/user/my-profile\u001b[39m \u001b[93m149 ms\u001b[39m","size":0,"timestamp":"2025-07-19 09:56:25"}
{"level":"info","message":" Incoming Request \u001b[34mPOST\u001b[39m \u001b[32m200\u001b[39m \u001b[35m/api/v1/user/candidate-identity-verification?step=1\u001b[39m \u001b[93m305 ms\u001b[39m","size":"394","timestamp":"2025-07-19 09:56:30"}
{"level":"info","message":" Incoming Request \u001b[32mGET\u001b[39m \u001b[32m200\u001b[39m \u001b[35m/api/v1/user/my-profile\u001b[39m \u001b[93m150 ms\u001b[39m","size":"317","timestamp":"2025-07-19 09:56:30"}
{"level":"info","message":" Incoming Request \u001b[34mPOST\u001b[39m \u001b[32m200\u001b[39m \u001b[35m/api/v1/user/candidate-identity-verification?step=2\u001b[39m \u001b[93m609 ms\u001b[39m","size":"394","timestamp":"2025-07-19 09:57:10"}
{"level":"info","message":" Incoming Request \u001b[32mGET\u001b[39m \u001b[32m200\u001b[39m \u001b[35m/api/v1/user/my-profile\u001b[39m \u001b[93m151 ms\u001b[39m","size":"317","timestamp":"2025-07-19 09:57:11"}
{"level":"info","message":" Incoming Request \u001b[34mPOST\u001b[39m \u001b[32m200\u001b[39m \u001b[35m/api/v1/user/candidate-identity-verification?step=3\u001b[39m \u001b[93m315 ms\u001b[39m","size":"394","timestamp":"2025-07-19 09:58:40"}
{"level":"info","message":" Incoming Request \u001b[32mGET\u001b[39m \u001b[32m200\u001b[39m \u001b[35m/api/v1/user/my-profile\u001b[39m \u001b[93m150 ms\u001b[39m","size":"317","timestamp":"2025-07-19 09:58:40"}
{"level":"info","message":" Incoming Request \u001b[34mPOST\u001b[39m \u001b[32m200\u001b[39m \u001b[35m/api/v1/user/candidate-identity-verification?step=4\u001b[39m \u001b[93m749 ms\u001b[39m","size":"1638","timestamp":"2025-07-19 10:00:13"}
{"level":"info","message":" Incoming Request \u001b[32mGET\u001b[39m \u001b[32m200\u001b[39m \u001b[35m/api/v1/user/my-profile\u001b[39m \u001b[93m224 ms\u001b[39m","size":"1492","timestamp":"2025-07-19 10:00:14"}
{"level":"info","message":" Incoming Request \u001b[32mGET\u001b[39m \u001b[34m304\u001b[39m \u001b[35m/api/v1/category/all?\u001b[39m \u001b[93m74 ms\u001b[39m","size":0,"timestamp":"2025-07-19 10:00:14"}
{"level":"info","message":" Incoming Request \u001b[32mGET\u001b[39m \u001b[34m304\u001b[39m \u001b[35m/api/v1/user/my-profile\u001b[39m \u001b[93m228 ms\u001b[39m","size":0,"timestamp":"2025-07-19 10:02:23"}
{"level":"info","message":" Incoming Request \u001b[32mGET\u001b[39m \u001b[34m304\u001b[39m \u001b[35m/api/v1/user/my-profile\u001b[39m \u001b[93m227 ms\u001b[39m","size":0,"timestamp":"2025-07-19 10:02:33"}
{"level":"info","message":" Incoming Request \u001b[32mGET\u001b[39m \u001b[34m304\u001b[39m \u001b[35m/api/v1/category/all?\u001b[39m \u001b[93m74 ms\u001b[39m","size":0,"timestamp":"2025-07-19 10:02:38"}
{"level":"info","message":" Incoming Request \u001b[32mGET\u001b[39m \u001b[34m304\u001b[39m \u001b[35m/api/v1/category/all?\u001b[39m \u001b[93m75 ms\u001b[39m","size":0,"timestamp":"2025-07-19 10:05:56"}
{"level":"info","message":" Incoming Request \u001b[32mGET\u001b[39m \u001b[34m304\u001b[39m \u001b[35m/api/v1/user/my-profile\u001b[39m \u001b[93m226 ms\u001b[39m","size":0,"timestamp":"2025-07-19 10:09:57"}
{"level":"info","message":" Incoming Request \u001b[32mGET\u001b[39m \u001b[32m200\u001b[39m \u001b[35m/api/v1/user/my-profile\u001b[39m \u001b[93m227 ms\u001b[39m","size":"1492","timestamp":"2025-07-19 10:09:58"}
{"level":"info","message":" Incoming Request \u001b[32mGET\u001b[39m \u001b[34m304\u001b[39m \u001b[35m/api/v1/user/my-profile\u001b[39m \u001b[93m227 ms\u001b[39m","size":0,"timestamp":"2025-07-19 10:09:58"}
{"level":"info","message":" Incoming Request \u001b[32mGET\u001b[39m \u001b[34m304\u001b[39m \u001b[35m/api/v1/user/my-profile\u001b[39m \u001b[93m224 ms\u001b[39m","size":0,"timestamp":"2025-07-19 10:10:00"}
{"level":"info","message":" Incoming Request \u001b[32mGET\u001b[39m \u001b[34m304\u001b[39m \u001b[35m/api/v1/category/all?\u001b[39m \u001b[93m75 ms\u001b[39m","size":0,"timestamp":"2025-07-19 10:10:02"}
{"level":"info","message":" Incoming Request \u001b[34mPOST\u001b[39m \u001b[32m200\u001b[39m \u001b[35m/api/v1/user/login\u001b[39m \u001b[93m438 ms\u001b[39m","size":"1963","timestamp":"2025-07-19 10:11:42"}
{"level":"info","message":" Incoming Request \u001b[32mGET\u001b[39m \u001b[31m400\u001b[39m \u001b[35m/api/v1/user/my-profile\u001b[39m \u001b[93m1 ms\u001b[39m","size":"1513","timestamp":"2025-07-19 10:11:43"}
{"level":"info","message":" Incoming Request \u001b[32mGET\u001b[39m \u001b[32m201\u001b[39m \u001b[35m/api/v1/job/overview\u001b[39m \u001b[93m227 ms\u001b[39m","size":"130","timestamp":"2025-07-19 10:11:46"}
{"level":"info","message":" Incoming Request \u001b[32mGET\u001b[39m \u001b[32m201\u001b[39m \u001b[35m/api/v1/job/my-jobs?limit=10\u001b[39m \u001b[93m378 ms\u001b[39m","size":"468","timestamp":"2025-07-19 10:11:46"}
{"level":"info","message":" Incoming Request \u001b[32mGET\u001b[39m \u001b[32m201\u001b[39m \u001b[35m/api/v1/job/my-jobs?page=1&limit=10\u001b[39m \u001b[93m379 ms\u001b[39m","size":"468","timestamp":"2025-07-19 10:12:21"}
{"level":"info","message":" Incoming Request \u001b[32mGET\u001b[39m \u001b[32m201\u001b[39m \u001b[35m/api/v1/job/my-jobs?page=1&limit=10&jobType=Soft-Skill\u001b[39m \u001b[93m281 ms\u001b[39m","size":"181","timestamp":"2025-07-19 10:12:32"}
{"level":"info","message":" Incoming Request \u001b[32mGET\u001b[39m \u001b[32m201\u001b[39m \u001b[35m/api/v1/job/my-jobs?page=1&limit=10&searchTerm=js\u001b[39m \u001b[93m380 ms\u001b[39m","size":"319","timestamp":"2025-07-19 10:12:39"}
{"level":"info","message":" Incoming Request \u001b[32mGET\u001b[39m \u001b[34m304\u001b[39m \u001b[35m/api/v1/job/single/687a28f227657fdf3e8abd26\u001b[39m \u001b[93m189 ms\u001b[39m","size":0,"timestamp":"2025-07-19 10:12:54"}
{"level":"info","message":" Incoming Request \u001b[32mGET\u001b[39m \u001b[31m404\u001b[39m \u001b[35m/images/06d2232a938640d-images(3).jpg\u001b[39m \u001b[93m1 ms\u001b[39m","size":"1535","timestamp":"2025-07-19 10:12:54"}
{"level":"info","message":" Incoming Request \u001b[32mGET\u001b[39m \u001b[34m304\u001b[39m \u001b[35m/api/v1/job/view-applications/687a28f227657fdf3e8abd26?page=1&limit=10\u001b[39m \u001b[93m469 ms\u001b[39m","size":0,"timestamp":"2025-07-19 10:13:07"}
{"level":"info","message":" Incoming Request \u001b[32mGET\u001b[39m \u001b[31m404\u001b[39m \u001b[35m/favicon.ico\u001b[39m \u001b[93m1 ms\u001b[39m","size":"1460","timestamp":"2025-07-19 10:13:38"}
{"level":"info","message":" Incoming Request \u001b[32mGET\u001b[39m \u001b[32m200\u001b[39m \u001b[35m/api/v1/user/my-profile\u001b[39m \u001b[93m287 ms\u001b[39m","size":"1645","timestamp":"2025-07-19 10:13:51"}
{"level":"info","message":" Incoming Request \u001b[32mGET\u001b[39m \u001b[32m201\u001b[39m \u001b[35m/api/v1/job/overview\u001b[39m \u001b[93m280 ms\u001b[39m","size":"130","timestamp":"2025-07-19 10:14:05"}
{"level":"info","message":" Incoming Request \u001b[32mGET\u001b[39m \u001b[32m201\u001b[39m \u001b[35m/api/v1/job/my-jobs?limit=10\u001b[39m \u001b[93m300 ms\u001b[39m","size":"468","timestamp":"2025-07-19 10:14:05"}
{"level":"info","message":" Incoming Request \u001b[32mGET\u001b[39m \u001b[34m304\u001b[39m \u001b[35m/api/v1/category/all?\u001b[39m \u001b[93m76 ms\u001b[39m","size":0,"timestamp":"2025-07-19 10:14:24"}
{"level":"info","message":" Incoming Request \u001b[34mPOST\u001b[39m \u001b[32m200\u001b[39m \u001b[35m/api/v1/user/login\u001b[39m \u001b[93m382 ms\u001b[39m","size":"695","timestamp":"2025-07-19 10:20:12"}
{"level":"info","message":" Incoming Request \u001b[32mGET\u001b[39m \u001b[31m400\u001b[39m \u001b[35m/api/v1/user/my-profile\u001b[39m \u001b[93m1 ms\u001b[39m","size":"1513","timestamp":"2025-07-19 10:20:13"}
{"level":"info","message":" Incoming Request \u001b[32mGET\u001b[39m \u001b[32m201\u001b[39m \u001b[35m/api/v1/job/my-jobs?page=1&limit=10\u001b[39m \u001b[93m227 ms\u001b[39m","size":"186","timestamp":"2025-07-19 10:20:24"}
{"level":"info","message":" Incoming Request \u001b[32mGET\u001b[39m \u001b[32m201\u001b[39m \u001b[35m/api/v1/subscription?\u001b[39m \u001b[93m494 ms\u001b[39m","size":"1750","timestamp":"2025-07-19 10:34:46"}
{"level":"info","message":" Incoming Request \u001b[32mGET\u001b[39m \u001b[34m304\u001b[39m \u001b[35m/api/v1/subscription/687a241d03d7f8c39ea63b09\u001b[39m \u001b[93m79 ms\u001b[39m","size":0,"timestamp":"2025-07-19 10:34:50"}
{"level":"info","message":" Incoming Request \u001b[32mGET\u001b[39m \u001b[34m304\u001b[39m \u001b[35m/api/v1/admin/earning-history\u001b[39m \u001b[93m238 ms\u001b[39m","size":0,"timestamp":"2025-07-19 11:57:13"}
{"level":"info","message":" Incoming Request \u001b[32mGET\u001b[39m \u001b[34m304\u001b[39m \u001b[35m/api/v1/category/all?\u001b[39m \u001b[93m76 ms\u001b[39m","size":0,"timestamp":"2025-07-19 11:57:15"}
{"level":"info","message":" Incoming Request \u001b[32mGET\u001b[39m \u001b[32m201\u001b[39m \u001b[35m/api/v1/subscription?\u001b[39m \u001b[93m78 ms\u001b[39m","size":"1750","timestamp":"2025-07-19 12:00:46"}
{"level":"info","message":" Incoming Request \u001b[32mGET\u001b[39m \u001b[34m304\u001b[39m \u001b[35m/api/v1/subscription/687a241403d7f8c39ea63b03\u001b[39m \u001b[93m79 ms\u001b[39m","size":0,"timestamp":"2025-07-19 12:00:49"}
{"level":"info","message":" Incoming Request \u001b[32mGET\u001b[39m \u001b[34m304\u001b[39m \u001b[35m/api/v1/subscription/687a241903d7f8c39ea63b06\u001b[39m \u001b[93m79 ms\u001b[39m","size":0,"timestamp":"2025-07-19 12:01:11"}
{"level":"info","message":" Incoming Request \u001b[32mGET\u001b[39m \u001b[34m304\u001b[39m \u001b[35m/api/v1/subscription/687a241403d7f8c39ea63b03\u001b[39m \u001b[93m78 ms\u001b[39m","size":0,"timestamp":"2025-07-19 12:02:25"}
{"level":"info","message":" Incoming Request \u001b[32mGET\u001b[39m \u001b[34m304\u001b[39m \u001b[35m/api/v1/admin/earning/2025\u001b[39m \u001b[93m73 ms\u001b[39m","size":0,"timestamp":"2025-07-19 12:03:30"}
{"level":"info","message":" Incoming Request \u001b[32mGET\u001b[39m \u001b[32m200\u001b[39m \u001b[35m/api/v1/admin/dashboard\u001b[39m \u001b[93m379 ms\u001b[39m","size":"159","timestamp":"2025-07-19 12:03:30"}
{"level":"info","message":" Incoming Request \u001b[32mGET\u001b[39m \u001b[31m400\u001b[39m \u001b[35m/api/v1/user/my-profile\u001b[39m \u001b[93m1 ms\u001b[39m","size":"1513","timestamp":"2025-07-19 12:20:00"}
{"level":"info","message":" Incoming Request \u001b[32mGET\u001b[39m \u001b[31m400\u001b[39m \u001b[35m/api/v1/user/my-profile\u001b[39m \u001b[93m1 ms\u001b[39m","size":"1513","timestamp":"2025-07-19 12:48:11"}
{"level":"info","message":" Incoming Request \u001b[34mPOST\u001b[39m \u001b[31m404\u001b[39m \u001b[35m/api/v1/user/login\u001b[39m \u001b[93m151 ms\u001b[39m","size":"570","timestamp":"2025-07-19 12:48:28"}
{"level":"info","message":" Incoming Request \u001b[32mGET\u001b[39m \u001b[31m400\u001b[39m \u001b[35m/api/v1/user/my-profile\u001b[39m \u001b[93m1 ms\u001b[39m","size":"1513","timestamp":"2025-07-19 12:48:28"}
{"level":"info","message":" Incoming Request \u001b[32mGET\u001b[39m \u001b[31m400\u001b[39m \u001b[35m/api/v1/subscription?\u001b[39m \u001b[93m2 ms\u001b[39m","size":"1513","timestamp":"2025-07-19 12:49:03"}
{"level":"info","message":" Incoming Request \u001b[32mGET\u001b[39m \u001b[31m400\u001b[39m \u001b[35m/api/v1/user/my-profile\u001b[39m \u001b[93m2 ms\u001b[39m","size":"1513","timestamp":"2025-07-19 12:49:49"}
{"level":"info","message":" Incoming Request \u001b[32mGET\u001b[39m \u001b[31m400\u001b[39m \u001b[35m/api/v1/user/my-profile\u001b[39m \u001b[93m2 ms\u001b[39m","size":"1513","timestamp":"2025-07-19 12:50:35"}
{"level":"info","message":" Incoming Request \u001b[32mGET\u001b[39m \u001b[31m400\u001b[39m \u001b[35m/api/v1/user/my-profile\u001b[39m \u001b[93m1 ms\u001b[39m","size":"1513","timestamp":"2025-07-19 12:50:41"}
