{"level":"info","message":" Incoming Request \u001b[32mGET\u001b[39m \u001b[34m304\u001b[39m \u001b[35m/api/v1/user/my-profile\u001b[39m \u001b[93m238 ms\u001b[39m","size":0,"timestamp":"2025-07-11 00:00:18"}
{"level":"info","message":"Root endpoint hit","timestamp":"2025-07-11 00:00:20"}
{"level":"info","message":" Incoming Request \u001b[32mGET\u001b[39m \u001b[32m200\u001b[39m \u001b[35m/\u001b[39m \u001b[93m1 ms\u001b[39m","size":"109","timestamp":"2025-07-11 00:00:20"}
{"level":"info","message":" Incoming Request \u001b[32mGET\u001b[39m \u001b[34m304\u001b[39m \u001b[35m/api/v1/category/all?\u001b[39m \u001b[93m76 ms\u001b[39m","size":0,"timestamp":"2025-07-11 00:00:44"}
{"level":"info","message":"Root endpoint hit","timestamp":"2025-07-11 00:01:21"}
{"level":"info","message":" Incoming Request \u001b[32mGET\u001b[39m \u001b[32m200\u001b[39m \u001b[35m/\u001b[39m \u001b[93m2 ms\u001b[39m","size":"109","timestamp":"2025-07-11 00:01:21"}
{"level":"info","message":"Root endpoint hit","timestamp":"2025-07-11 00:02:20"}
{"level":"info","message":" Incoming Request \u001b[32mGET\u001b[39m \u001b[32m200\u001b[39m \u001b[35m/\u001b[39m \u001b[93m2 ms\u001b[39m","size":"109","timestamp":"2025-07-11 00:02:20"}
{"level":"info","message":"Root endpoint hit","timestamp":"2025-07-11 00:03:20"}
{"level":"info","message":" Incoming Request \u001b[32mGET\u001b[39m \u001b[32m200\u001b[39m \u001b[35m/\u001b[39m \u001b[93m1 ms\u001b[39m","size":"109","timestamp":"2025-07-11 00:03:20"}
{"level":"info","message":"Root endpoint hit","timestamp":"2025-07-11 00:04:20"}
{"level":"info","message":" Incoming Request \u001b[32mGET\u001b[39m \u001b[32m200\u001b[39m \u001b[35m/\u001b[39m \u001b[93m1 ms\u001b[39m","size":"109","timestamp":"2025-07-11 00:04:20"}
{"level":"info","message":"Root endpoint hit","timestamp":"2025-07-11 00:05:20"}
{"level":"info","message":" Incoming Request \u001b[32mGET\u001b[39m \u001b[32m200\u001b[39m \u001b[35m/\u001b[39m \u001b[93m2 ms\u001b[39m","size":"109","timestamp":"2025-07-11 00:05:20"}
{"level":"info","message":"Root endpoint hit","timestamp":"2025-07-11 00:06:20"}
{"level":"info","message":" Incoming Request \u001b[32mGET\u001b[39m \u001b[32m200\u001b[39m \u001b[35m/\u001b[39m \u001b[93m1 ms\u001b[39m","size":"109","timestamp":"2025-07-11 00:06:20"}
{"level":"info","message":"Root endpoint hit","timestamp":"2025-07-11 00:07:20"}
{"level":"info","message":" Incoming Request \u001b[32mGET\u001b[39m \u001b[32m200\u001b[39m \u001b[35m/\u001b[39m \u001b[93m2 ms\u001b[39m","size":"109","timestamp":"2025-07-11 00:07:20"}
{"level":"info","message":"Root endpoint hit","timestamp":"2025-07-11 00:08:20"}
{"level":"info","message":" Incoming Request \u001b[32mGET\u001b[39m \u001b[32m200\u001b[39m \u001b[35m/\u001b[39m \u001b[93m1 ms\u001b[39m","size":"109","timestamp":"2025-07-11 00:08:20"}
{"level":"info","message":"Root endpoint hit","timestamp":"2025-07-11 00:09:21"}
{"level":"info","message":" Incoming Request \u001b[32mGET\u001b[39m \u001b[32m200\u001b[39m \u001b[35m/\u001b[39m \u001b[93m1 ms\u001b[39m","size":"109","timestamp":"2025-07-11 00:09:21"}
{"level":"info","message":"Root endpoint hit","timestamp":"2025-07-11 00:10:20"}
{"level":"info","message":" Incoming Request \u001b[32mGET\u001b[39m \u001b[32m200\u001b[39m \u001b[35m/\u001b[39m \u001b[93m1 ms\u001b[39m","size":"109","timestamp":"2025-07-11 00:10:20"}
{"level":"info","message":"Root endpoint hit","timestamp":"2025-07-11 00:11:20"}
{"level":"info","message":" Incoming Request \u001b[32mGET\u001b[39m \u001b[32m200\u001b[39m \u001b[35m/\u001b[39m \u001b[93m1 ms\u001b[39m","size":"109","timestamp":"2025-07-11 00:11:20"}
{"level":"info","message":"Root endpoint hit","timestamp":"2025-07-11 00:12:21"}
{"level":"info","message":" Incoming Request \u001b[32mGET\u001b[39m \u001b[32m200\u001b[39m \u001b[35m/\u001b[39m \u001b[93m2 ms\u001b[39m","size":"109","timestamp":"2025-07-11 00:12:21"}
{"level":"info","message":"Root endpoint hit","timestamp":"2025-07-11 00:13:20"}
{"level":"info","message":" Incoming Request \u001b[32mGET\u001b[39m \u001b[32m200\u001b[39m \u001b[35m/\u001b[39m \u001b[93m1 ms\u001b[39m","size":"109","timestamp":"2025-07-11 00:13:20"}
{"level":"info","message":"Root endpoint hit","timestamp":"2025-07-11 00:14:21"}
{"level":"info","message":" Incoming Request \u001b[32mGET\u001b[39m \u001b[32m200\u001b[39m \u001b[35m/\u001b[39m \u001b[93m1 ms\u001b[39m","size":"109","timestamp":"2025-07-11 00:14:21"}
{"level":"info","message":"Root endpoint hit","timestamp":"2025-07-11 00:15:20"}
{"level":"info","message":" Incoming Request \u001b[32mGET\u001b[39m \u001b[32m200\u001b[39m \u001b[35m/\u001b[39m \u001b[93m0 ms\u001b[39m","size":"109","timestamp":"2025-07-11 00:15:20"}
{"level":"info","message":"Root endpoint hit","timestamp":"2025-07-11 00:16:20"}
{"level":"info","message":" Incoming Request \u001b[32mGET\u001b[39m \u001b[32m200\u001b[39m \u001b[35m/\u001b[39m \u001b[93m1 ms\u001b[39m","size":"109","timestamp":"2025-07-11 00:16:20"}
{"level":"info","message":"Root endpoint hit","timestamp":"2025-07-11 00:17:20"}
{"level":"info","message":" Incoming Request \u001b[32mGET\u001b[39m \u001b[32m200\u001b[39m \u001b[35m/\u001b[39m \u001b[93m1 ms\u001b[39m","size":"109","timestamp":"2025-07-11 00:17:20"}
{"level":"info","message":"Root endpoint hit","timestamp":"2025-07-11 00:18:20"}
{"level":"info","message":" Incoming Request \u001b[32mGET\u001b[39m \u001b[32m200\u001b[39m \u001b[35m/\u001b[39m \u001b[93m2 ms\u001b[39m","size":"109","timestamp":"2025-07-11 00:18:20"}
{"level":"info","message":"Root endpoint hit","timestamp":"2025-07-11 00:19:20"}
{"level":"info","message":" Incoming Request \u001b[32mGET\u001b[39m \u001b[32m200\u001b[39m \u001b[35m/\u001b[39m \u001b[93m2 ms\u001b[39m","size":"109","timestamp":"2025-07-11 00:19:20"}
{"level":"info","message":"Root endpoint hit","timestamp":"2025-07-11 00:20:20"}
{"level":"info","message":" Incoming Request \u001b[32mGET\u001b[39m \u001b[32m200\u001b[39m \u001b[35m/\u001b[39m \u001b[93m1 ms\u001b[39m","size":"109","timestamp":"2025-07-11 00:20:20"}
{"level":"info","message":"Root endpoint hit","timestamp":"2025-07-11 00:21:20"}
{"level":"info","message":" Incoming Request \u001b[32mGET\u001b[39m \u001b[32m200\u001b[39m \u001b[35m/\u001b[39m \u001b[93m1 ms\u001b[39m","size":"109","timestamp":"2025-07-11 00:21:20"}
{"level":"info","message":"Root endpoint hit","timestamp":"2025-07-11 00:22:20"}
{"level":"info","message":" Incoming Request \u001b[32mGET\u001b[39m \u001b[32m200\u001b[39m \u001b[35m/\u001b[39m \u001b[93m2 ms\u001b[39m","size":"109","timestamp":"2025-07-11 00:22:20"}
{"level":"info","message":"Root endpoint hit","timestamp":"2025-07-11 00:23:20"}
{"level":"info","message":" Incoming Request \u001b[32mGET\u001b[39m \u001b[32m200\u001b[39m \u001b[35m/\u001b[39m \u001b[93m1 ms\u001b[39m","size":"109","timestamp":"2025-07-11 00:23:20"}
{"level":"info","message":"Root endpoint hit","timestamp":"2025-07-11 00:24:20"}
{"level":"info","message":" Incoming Request \u001b[32mGET\u001b[39m \u001b[32m200\u001b[39m \u001b[35m/\u001b[39m \u001b[93m1 ms\u001b[39m","size":"109","timestamp":"2025-07-11 00:24:20"}
{"level":"info","message":"Root endpoint hit","timestamp":"2025-07-11 00:25:20"}
{"level":"info","message":" Incoming Request \u001b[32mGET\u001b[39m \u001b[32m200\u001b[39m \u001b[35m/\u001b[39m \u001b[93m1 ms\u001b[39m","size":"109","timestamp":"2025-07-11 00:25:20"}
{"level":"info","message":"Root endpoint hit","timestamp":"2025-07-11 00:26:20"}
{"level":"info","message":" Incoming Request \u001b[32mGET\u001b[39m \u001b[32m200\u001b[39m \u001b[35m/\u001b[39m \u001b[93m1 ms\u001b[39m","size":"109","timestamp":"2025-07-11 00:26:20"}
{"level":"info","message":"Root endpoint hit","timestamp":"2025-07-11 00:27:20"}
{"level":"info","message":" Incoming Request \u001b[32mGET\u001b[39m \u001b[32m200\u001b[39m \u001b[35m/\u001b[39m \u001b[93m1 ms\u001b[39m","size":"109","timestamp":"2025-07-11 00:27:20"}
{"level":"info","message":"Root endpoint hit","timestamp":"2025-07-11 00:28:20"}
{"level":"info","message":" Incoming Request \u001b[32mGET\u001b[39m \u001b[32m200\u001b[39m \u001b[35m/\u001b[39m \u001b[93m1 ms\u001b[39m","size":"109","timestamp":"2025-07-11 00:28:20"}
{"level":"info","message":"Root endpoint hit","timestamp":"2025-07-11 00:29:20"}
{"level":"info","message":" Incoming Request \u001b[32mGET\u001b[39m \u001b[32m200\u001b[39m \u001b[35m/\u001b[39m \u001b[93m1 ms\u001b[39m","size":"109","timestamp":"2025-07-11 00:29:20"}
{"level":"info","message":"Root endpoint hit","timestamp":"2025-07-11 00:30:20"}
{"level":"info","message":" Incoming Request \u001b[32mGET\u001b[39m \u001b[32m200\u001b[39m \u001b[35m/\u001b[39m \u001b[93m1 ms\u001b[39m","size":"109","timestamp":"2025-07-11 00:30:20"}
{"level":"info","message":"Root endpoint hit","timestamp":"2025-07-11 00:31:21"}
{"level":"info","message":" Incoming Request \u001b[32mGET\u001b[39m \u001b[32m200\u001b[39m \u001b[35m/\u001b[39m \u001b[93m1 ms\u001b[39m","size":"109","timestamp":"2025-07-11 00:31:21"}
{"level":"info","message":"Root endpoint hit","timestamp":"2025-07-11 00:32:20"}
{"level":"info","message":" Incoming Request \u001b[32mGET\u001b[39m \u001b[32m200\u001b[39m \u001b[35m/\u001b[39m \u001b[93m2 ms\u001b[39m","size":"109","timestamp":"2025-07-11 00:32:20"}
{"level":"info","message":"Root endpoint hit","timestamp":"2025-07-11 00:33:20"}
{"level":"info","message":" Incoming Request \u001b[32mGET\u001b[39m \u001b[32m200\u001b[39m \u001b[35m/\u001b[39m \u001b[93m1 ms\u001b[39m","size":"109","timestamp":"2025-07-11 00:33:20"}
{"level":"info","message":"Root endpoint hit","timestamp":"2025-07-11 00:34:20"}
{"level":"info","message":" Incoming Request \u001b[32mGET\u001b[39m \u001b[32m200\u001b[39m \u001b[35m/\u001b[39m \u001b[93m1 ms\u001b[39m","size":"109","timestamp":"2025-07-11 00:34:20"}
{"level":"info","message":"Root endpoint hit","timestamp":"2025-07-11 00:35:20"}
{"level":"info","message":" Incoming Request \u001b[32mGET\u001b[39m \u001b[32m200\u001b[39m \u001b[35m/\u001b[39m \u001b[93m1 ms\u001b[39m","size":"109","timestamp":"2025-07-11 00:35:20"}
{"level":"info","message":"Root endpoint hit","timestamp":"2025-07-11 00:36:21"}
{"level":"info","message":" Incoming Request \u001b[32mGET\u001b[39m \u001b[32m200\u001b[39m \u001b[35m/\u001b[39m \u001b[93m2 ms\u001b[39m","size":"109","timestamp":"2025-07-11 00:36:21"}
{"level":"info","message":"Root endpoint hit","timestamp":"2025-07-11 00:37:20"}
{"level":"info","message":" Incoming Request \u001b[32mGET\u001b[39m \u001b[32m200\u001b[39m \u001b[35m/\u001b[39m \u001b[93m3 ms\u001b[39m","size":"109","timestamp":"2025-07-11 00:37:20"}
{"level":"info","message":"Root endpoint hit","timestamp":"2025-07-11 00:38:20"}
{"level":"info","message":" Incoming Request \u001b[32mGET\u001b[39m \u001b[32m200\u001b[39m \u001b[35m/\u001b[39m \u001b[93m1 ms\u001b[39m","size":"109","timestamp":"2025-07-11 00:38:20"}
{"level":"info","message":"Root endpoint hit","timestamp":"2025-07-11 00:39:20"}
{"level":"info","message":" Incoming Request \u001b[32mGET\u001b[39m \u001b[32m200\u001b[39m \u001b[35m/\u001b[39m \u001b[93m2 ms\u001b[39m","size":"109","timestamp":"2025-07-11 00:39:20"}
{"level":"info","message":"Root endpoint hit","timestamp":"2025-07-11 00:40:20"}
{"level":"info","message":" Incoming Request \u001b[32mGET\u001b[39m \u001b[32m200\u001b[39m \u001b[35m/\u001b[39m \u001b[93m2 ms\u001b[39m","size":"109","timestamp":"2025-07-11 00:40:20"}
{"level":"info","message":"Root endpoint hit","timestamp":"2025-07-11 00:41:21"}
{"level":"info","message":" Incoming Request \u001b[32mGET\u001b[39m \u001b[32m200\u001b[39m \u001b[35m/\u001b[39m \u001b[93m1 ms\u001b[39m","size":"109","timestamp":"2025-07-11 00:41:21"}
{"level":"info","message":"Root endpoint hit","timestamp":"2025-07-11 00:42:20"}
{"level":"info","message":" Incoming Request \u001b[32mGET\u001b[39m \u001b[32m200\u001b[39m \u001b[35m/\u001b[39m \u001b[93m1 ms\u001b[39m","size":"109","timestamp":"2025-07-11 00:42:20"}
{"level":"info","message":"Root endpoint hit","timestamp":"2025-07-11 00:43:20"}
{"level":"info","message":" Incoming Request \u001b[32mGET\u001b[39m \u001b[32m200\u001b[39m \u001b[35m/\u001b[39m \u001b[93m2 ms\u001b[39m","size":"109","timestamp":"2025-07-11 00:43:20"}
{"level":"info","message":"Root endpoint hit","timestamp":"2025-07-11 00:44:20"}
{"level":"info","message":" Incoming Request \u001b[32mGET\u001b[39m \u001b[32m200\u001b[39m \u001b[35m/\u001b[39m \u001b[93m1 ms\u001b[39m","size":"109","timestamp":"2025-07-11 00:44:20"}
{"level":"info","message":"Root endpoint hit","timestamp":"2025-07-11 00:45:20"}
{"level":"info","message":" Incoming Request \u001b[32mGET\u001b[39m \u001b[32m200\u001b[39m \u001b[35m/\u001b[39m \u001b[93m2 ms\u001b[39m","size":"109","timestamp":"2025-07-11 00:45:20"}
{"level":"info","message":"Root endpoint hit","timestamp":"2025-07-11 00:46:20"}
{"level":"info","message":" Incoming Request \u001b[32mGET\u001b[39m \u001b[32m200\u001b[39m \u001b[35m/\u001b[39m \u001b[93m1 ms\u001b[39m","size":"109","timestamp":"2025-07-11 00:46:20"}
{"level":"info","message":"Root endpoint hit","timestamp":"2025-07-11 00:47:20"}
{"level":"info","message":" Incoming Request \u001b[32mGET\u001b[39m \u001b[32m200\u001b[39m \u001b[35m/\u001b[39m \u001b[93m2 ms\u001b[39m","size":"109","timestamp":"2025-07-11 00:47:21"}
{"level":"info","message":"Root endpoint hit","timestamp":"2025-07-11 00:48:20"}
{"level":"info","message":" Incoming Request \u001b[32mGET\u001b[39m \u001b[32m200\u001b[39m \u001b[35m/\u001b[39m \u001b[93m1 ms\u001b[39m","size":"109","timestamp":"2025-07-11 00:48:20"}
{"level":"info","message":"Root endpoint hit","timestamp":"2025-07-11 00:49:20"}
{"level":"info","message":" Incoming Request \u001b[32mGET\u001b[39m \u001b[32m200\u001b[39m \u001b[35m/\u001b[39m \u001b[93m1 ms\u001b[39m","size":"109","timestamp":"2025-07-11 00:49:20"}
{"level":"info","message":"Root endpoint hit","timestamp":"2025-07-11 00:50:21"}
{"level":"info","message":" Incoming Request \u001b[32mGET\u001b[39m \u001b[32m200\u001b[39m \u001b[35m/\u001b[39m \u001b[93m1 ms\u001b[39m","size":"109","timestamp":"2025-07-11 00:50:21"}
{"level":"info","message":"Root endpoint hit","timestamp":"2025-07-11 00:51:20"}
{"level":"info","message":" Incoming Request \u001b[32mGET\u001b[39m \u001b[32m200\u001b[39m \u001b[35m/\u001b[39m \u001b[93m1 ms\u001b[39m","size":"109","timestamp":"2025-07-11 00:51:20"}
{"level":"info","message":"Root endpoint hit","timestamp":"2025-07-11 00:52:20"}
{"level":"info","message":" Incoming Request \u001b[32mGET\u001b[39m \u001b[32m200\u001b[39m \u001b[35m/\u001b[39m \u001b[93m2 ms\u001b[39m","size":"109","timestamp":"2025-07-11 00:52:20"}
{"level":"info","message":"Root endpoint hit","timestamp":"2025-07-11 00:53:20"}
{"level":"info","message":" Incoming Request \u001b[32mGET\u001b[39m \u001b[32m200\u001b[39m \u001b[35m/\u001b[39m \u001b[93m1 ms\u001b[39m","size":"109","timestamp":"2025-07-11 00:53:20"}
{"level":"info","message":"Root endpoint hit","timestamp":"2025-07-11 00:54:20"}
{"level":"info","message":" Incoming Request \u001b[32mGET\u001b[39m \u001b[32m200\u001b[39m \u001b[35m/\u001b[39m \u001b[93m1 ms\u001b[39m","size":"109","timestamp":"2025-07-11 00:54:20"}
{"level":"info","message":"Root endpoint hit","timestamp":"2025-07-11 00:55:20"}
{"level":"info","message":" Incoming Request \u001b[32mGET\u001b[39m \u001b[32m200\u001b[39m \u001b[35m/\u001b[39m \u001b[93m1 ms\u001b[39m","size":"109","timestamp":"2025-07-11 00:55:20"}
{"level":"info","message":"Root endpoint hit","timestamp":"2025-07-11 00:56:20"}
{"level":"info","message":" Incoming Request \u001b[32mGET\u001b[39m \u001b[32m200\u001b[39m \u001b[35m/\u001b[39m \u001b[93m2 ms\u001b[39m","size":"109","timestamp":"2025-07-11 00:56:20"}
{"level":"info","message":"Root endpoint hit","timestamp":"2025-07-11 00:57:20"}
{"level":"info","message":" Incoming Request \u001b[32mGET\u001b[39m \u001b[32m200\u001b[39m \u001b[35m/\u001b[39m \u001b[93m1 ms\u001b[39m","size":"109","timestamp":"2025-07-11 00:57:20"}
{"level":"info","message":"Root endpoint hit","timestamp":"2025-07-11 00:58:20"}
{"level":"info","message":" Incoming Request \u001b[32mGET\u001b[39m \u001b[32m200\u001b[39m \u001b[35m/\u001b[39m \u001b[93m1 ms\u001b[39m","size":"109","timestamp":"2025-07-11 00:58:20"}
{"level":"info","message":"Root endpoint hit","timestamp":"2025-07-11 00:59:20"}
{"level":"info","message":" Incoming Request \u001b[32mGET\u001b[39m \u001b[32m200\u001b[39m \u001b[35m/\u001b[39m \u001b[93m1 ms\u001b[39m","size":"109","timestamp":"2025-07-11 00:59:20"}
{"level":"info","message":"Root endpoint hit","timestamp":"2025-07-11 01:00:20"}
{"level":"info","message":" Incoming Request \u001b[32mGET\u001b[39m \u001b[32m200\u001b[39m \u001b[35m/\u001b[39m \u001b[93m1 ms\u001b[39m","size":"109","timestamp":"2025-07-11 01:00:20"}
{"level":"info","message":"Root endpoint hit","timestamp":"2025-07-11 01:01:20"}
{"level":"info","message":" Incoming Request \u001b[32mGET\u001b[39m \u001b[32m200\u001b[39m \u001b[35m/\u001b[39m \u001b[93m1 ms\u001b[39m","size":"109","timestamp":"2025-07-11 01:01:20"}
{"level":"info","message":"Root endpoint hit","timestamp":"2025-07-11 01:02:21"}
{"level":"info","message":" Incoming Request \u001b[32mGET\u001b[39m \u001b[32m200\u001b[39m \u001b[35m/\u001b[39m \u001b[93m3 ms\u001b[39m","size":"109","timestamp":"2025-07-11 01:02:21"}
{"level":"info","message":"Root endpoint hit","timestamp":"2025-07-11 01:03:20"}
{"level":"info","message":" Incoming Request \u001b[32mGET\u001b[39m \u001b[32m200\u001b[39m \u001b[35m/\u001b[39m \u001b[93m1 ms\u001b[39m","size":"109","timestamp":"2025-07-11 01:03:20"}
{"level":"info","message":"Root endpoint hit","timestamp":"2025-07-11 01:04:20"}
{"level":"info","message":" Incoming Request \u001b[32mGET\u001b[39m \u001b[32m200\u001b[39m \u001b[35m/\u001b[39m \u001b[93m1 ms\u001b[39m","size":"109","timestamp":"2025-07-11 01:04:20"}
{"level":"info","message":"Root endpoint hit","timestamp":"2025-07-11 01:05:20"}
{"level":"info","message":" Incoming Request \u001b[32mGET\u001b[39m \u001b[32m200\u001b[39m \u001b[35m/\u001b[39m \u001b[93m1 ms\u001b[39m","size":"109","timestamp":"2025-07-11 01:05:20"}
{"level":"info","message":"Root endpoint hit","timestamp":"2025-07-11 01:06:21"}
{"level":"info","message":" Incoming Request \u001b[32mGET\u001b[39m \u001b[32m200\u001b[39m \u001b[35m/\u001b[39m \u001b[93m1 ms\u001b[39m","size":"109","timestamp":"2025-07-11 01:06:21"}
{"level":"info","message":"Root endpoint hit","timestamp":"2025-07-11 01:07:20"}
{"level":"info","message":" Incoming Request \u001b[32mGET\u001b[39m \u001b[32m200\u001b[39m \u001b[35m/\u001b[39m \u001b[93m1 ms\u001b[39m","size":"109","timestamp":"2025-07-11 01:07:20"}
{"level":"info","message":"Root endpoint hit","timestamp":"2025-07-11 01:08:20"}
{"level":"info","message":" Incoming Request \u001b[32mGET\u001b[39m \u001b[32m200\u001b[39m \u001b[35m/\u001b[39m \u001b[93m1 ms\u001b[39m","size":"109","timestamp":"2025-07-11 01:08:20"}
{"level":"info","message":"Root endpoint hit","timestamp":"2025-07-11 01:09:20"}
{"level":"info","message":" Incoming Request \u001b[32mGET\u001b[39m \u001b[32m200\u001b[39m \u001b[35m/\u001b[39m \u001b[93m1 ms\u001b[39m","size":"109","timestamp":"2025-07-11 01:09:20"}
{"level":"info","message":" Incoming Request \u001b[34mPOST\u001b[39m \u001b[32m200\u001b[39m \u001b[35m/api/v1/uploded\u001b[39m \u001b[93m130 ms\u001b[39m","size":"256","timestamp":"2025-07-11 01:09:37"}
{"level":"info","message":" Incoming Request \u001b[34mPOST\u001b[39m \u001b[32m200\u001b[39m \u001b[35m/api/v1/uploded\u001b[39m \u001b[93m31 ms\u001b[39m","size":"194","timestamp":"2025-07-11 01:09:40"}
{"level":"info","message":"Root endpoint hit","timestamp":"2025-07-11 01:10:21"}
{"level":"info","message":" Incoming Request \u001b[32mGET\u001b[39m \u001b[32m200\u001b[39m \u001b[35m/\u001b[39m \u001b[93m0 ms\u001b[39m","size":"109","timestamp":"2025-07-11 01:10:21"}
{"level":"info","message":"Root endpoint hit","timestamp":"2025-07-11 01:11:21"}
{"level":"info","message":" Incoming Request \u001b[32mGET\u001b[39m \u001b[32m200\u001b[39m \u001b[35m/\u001b[39m \u001b[93m2 ms\u001b[39m","size":"109","timestamp":"2025-07-11 01:11:21"}
{"level":"info","message":"Root endpoint hit","timestamp":"2025-07-11 01:12:20"}
{"level":"info","message":" Incoming Request \u001b[32mGET\u001b[39m \u001b[32m200\u001b[39m \u001b[35m/\u001b[39m \u001b[93m2 ms\u001b[39m","size":"109","timestamp":"2025-07-11 01:12:20"}
{"level":"info","message":" Incoming Request \u001b[32mGET\u001b[39m \u001b[34m304\u001b[39m \u001b[35m/api/v1/user/my-profile\u001b[39m \u001b[93m241 ms\u001b[39m","size":0,"timestamp":"2025-07-11 01:13:15"}
{"level":"info","message":" Incoming Request \u001b[32mGET\u001b[39m \u001b[34m304\u001b[39m \u001b[35m/api/v1/category/all?\u001b[39m \u001b[93m82 ms\u001b[39m","size":0,"timestamp":"2025-07-11 01:13:16"}
{"level":"info","message":"Root endpoint hit","timestamp":"2025-07-11 01:13:20"}
{"level":"info","message":" Incoming Request \u001b[32mGET\u001b[39m \u001b[32m200\u001b[39m \u001b[35m/\u001b[39m \u001b[93m1 ms\u001b[39m","size":"109","timestamp":"2025-07-11 01:13:20"}
{"level":"info","message":"Root endpoint hit","timestamp":"2025-07-11 01:14:20"}
{"level":"info","message":" Incoming Request \u001b[32mGET\u001b[39m \u001b[32m200\u001b[39m \u001b[35m/\u001b[39m \u001b[93m2 ms\u001b[39m","size":"109","timestamp":"2025-07-11 01:14:20"}
{"level":"info","message":" Incoming Request \u001b[34mPOST\u001b[39m \u001b[32m200\u001b[39m \u001b[35m/api/v1/uploded\u001b[39m \u001b[93m102 ms\u001b[39m","size":"256","timestamp":"2025-07-11 01:14:35"}
{"level":"info","message":" Incoming Request \u001b[34mPOST\u001b[39m \u001b[32m200\u001b[39m \u001b[35m/api/v1/uploded\u001b[39m \u001b[93m211 ms\u001b[39m","size":"280","timestamp":"2025-07-11 01:14:39"}
{"level":"info","message":"Root endpoint hit","timestamp":"2025-07-11 01:15:20"}
{"level":"info","message":" Incoming Request \u001b[32mGET\u001b[39m \u001b[32m200\u001b[39m \u001b[35m/\u001b[39m \u001b[93m1 ms\u001b[39m","size":"109","timestamp":"2025-07-11 01:15:20"}
{"level":"info","message":"Root endpoint hit","timestamp":"2025-07-11 01:16:20"}
{"level":"info","message":" Incoming Request \u001b[32mGET\u001b[39m \u001b[32m200\u001b[39m \u001b[35m/\u001b[39m \u001b[93m1 ms\u001b[39m","size":"109","timestamp":"2025-07-11 01:16:20"}
{"level":"info","message":"Root endpoint hit","timestamp":"2025-07-11 01:17:20"}
{"level":"info","message":" Incoming Request \u001b[32mGET\u001b[39m \u001b[32m200\u001b[39m \u001b[35m/\u001b[39m \u001b[93m0 ms\u001b[39m","size":"109","timestamp":"2025-07-11 01:17:20"}
{"level":"info","message":" Incoming Request \u001b[34mPOST\u001b[39m \u001b[31m400\u001b[39m \u001b[35m/api/v1/job/create\u001b[39m \u001b[93m307 ms\u001b[39m","size":"1236","timestamp":"2025-07-11 01:18:03"}
{"level":"info","message":"Root endpoint hit","timestamp":"2025-07-11 01:18:20"}
{"level":"info","message":" Incoming Request \u001b[32mGET\u001b[39m \u001b[32m200\u001b[39m \u001b[35m/\u001b[39m \u001b[93m1 ms\u001b[39m","size":"109","timestamp":"2025-07-11 01:18:20"}
{"level":"info","message":" Incoming Request \u001b[34mPOST\u001b[39m \u001b[31m400\u001b[39m \u001b[35m/api/v1/job/create\u001b[39m \u001b[93m302 ms\u001b[39m","size":"1236","timestamp":"2025-07-11 01:18:37"}
{"level":"info","message":"Root endpoint hit","timestamp":"2025-07-11 01:19:20"}
{"level":"info","message":" Incoming Request \u001b[32mGET\u001b[39m \u001b[32m200\u001b[39m \u001b[35m/\u001b[39m \u001b[93m2 ms\u001b[39m","size":"109","timestamp":"2025-07-11 01:19:20"}
{"level":"info","message":"Root endpoint hit","timestamp":"2025-07-11 01:20:20"}
{"level":"info","message":" Incoming Request \u001b[32mGET\u001b[39m \u001b[32m200\u001b[39m \u001b[35m/\u001b[39m \u001b[93m1 ms\u001b[39m","size":"109","timestamp":"2025-07-11 01:20:20"}
{"level":"info","message":"Root endpoint hit","timestamp":"2025-07-11 01:21:20"}
{"level":"info","message":" Incoming Request \u001b[32mGET\u001b[39m \u001b[32m200\u001b[39m \u001b[35m/\u001b[39m \u001b[93m1 ms\u001b[39m","size":"109","timestamp":"2025-07-11 01:21:20"}
{"level":"info","message":" Incoming Request \u001b[34mPOST\u001b[39m \u001b[31m400\u001b[39m \u001b[35m/api/v1/job/create\u001b[39m \u001b[93m309 ms\u001b[39m","size":"1224","timestamp":"2025-07-11 01:21:31"}
{"level":"info","message":"Root endpoint hit","timestamp":"2025-07-11 01:22:20"}
{"level":"info","message":" Incoming Request \u001b[32mGET\u001b[39m \u001b[32m200\u001b[39m \u001b[35m/\u001b[39m \u001b[93m0 ms\u001b[39m","size":"109","timestamp":"2025-07-11 01:22:20"}
{"level":"info","message":"Root endpoint hit","timestamp":"2025-07-11 01:23:20"}
{"level":"info","message":" Incoming Request \u001b[32mGET\u001b[39m \u001b[32m200\u001b[39m \u001b[35m/\u001b[39m \u001b[93m1 ms\u001b[39m","size":"109","timestamp":"2025-07-11 01:23:20"}
{"level":"info","message":"Root endpoint hit","timestamp":"2025-07-11 01:24:20"}
{"level":"info","message":" Incoming Request \u001b[32mGET\u001b[39m \u001b[32m200\u001b[39m \u001b[35m/\u001b[39m \u001b[93m2 ms\u001b[39m","size":"109","timestamp":"2025-07-11 01:24:20"}
{"level":"info","message":" Incoming Request \u001b[32mGET\u001b[39m \u001b[34m304\u001b[39m \u001b[35m/api/v1/user/my-profile\u001b[39m \u001b[93m233 ms\u001b[39m","size":0,"timestamp":"2025-07-11 01:24:25"}
{"level":"info","message":" Incoming Request \u001b[32mGET\u001b[39m \u001b[34m304\u001b[39m \u001b[35m/api/v1/category/all?\u001b[39m \u001b[93m77 ms\u001b[39m","size":0,"timestamp":"2025-07-11 01:24:31"}
{"level":"info","message":"Root endpoint hit","timestamp":"2025-07-11 01:25:20"}
{"level":"info","message":" Incoming Request \u001b[32mGET\u001b[39m \u001b[32m200\u001b[39m \u001b[35m/\u001b[39m \u001b[93m1 ms\u001b[39m","size":"109","timestamp":"2025-07-11 01:25:20"}
{"level":"info","message":" Incoming Request \u001b[32mGET\u001b[39m \u001b[34m304\u001b[39m \u001b[35m/api/v1/user/my-profile\u001b[39m \u001b[93m229 ms\u001b[39m","size":0,"timestamp":"2025-07-11 01:25:26"}
{"level":"info","message":" Incoming Request \u001b[32mGET\u001b[39m \u001b[34m304\u001b[39m \u001b[35m/api/v1/category/all?\u001b[39m \u001b[93m75 ms\u001b[39m","size":0,"timestamp":"2025-07-11 01:25:37"}
{"level":"info","message":" Incoming Request \u001b[34mPOST\u001b[39m \u001b[32m200\u001b[39m \u001b[35m/api/v1/uploded\u001b[39m \u001b[93m92 ms\u001b[39m","size":"256","timestamp":"2025-07-11 01:26:09"}
{"level":"info","message":" Incoming Request \u001b[34mPOST\u001b[39m \u001b[32m200\u001b[39m \u001b[35m/api/v1/uploded\u001b[39m \u001b[93m16 ms\u001b[39m","size":"194","timestamp":"2025-07-11 01:26:12"}
{"level":"info","message":"Root endpoint hit","timestamp":"2025-07-11 01:26:20"}
{"level":"info","message":" Incoming Request \u001b[32mGET\u001b[39m \u001b[32m200\u001b[39m \u001b[35m/\u001b[39m \u001b[93m1 ms\u001b[39m","size":"109","timestamp":"2025-07-11 01:26:20"}
{"level":"info","message":" Incoming Request \u001b[32mGET\u001b[39m \u001b[34m304\u001b[39m \u001b[35m/api/v1/user/my-profile\u001b[39m \u001b[93m229 ms\u001b[39m","size":0,"timestamp":"2025-07-11 01:26:52"}
{"level":"info","message":" Incoming Request \u001b[32mGET\u001b[39m \u001b[34m304\u001b[39m \u001b[35m/api/v1/category/all?\u001b[39m \u001b[93m78 ms\u001b[39m","size":0,"timestamp":"2025-07-11 01:26:56"}
{"level":"info","message":" Incoming Request \u001b[34mPOST\u001b[39m \u001b[32m200\u001b[39m \u001b[35m/api/v1/uploded\u001b[39m \u001b[93m206 ms\u001b[39m","size":"280","timestamp":"2025-07-11 01:27:05"}
{"level":"info","message":" Incoming Request \u001b[34mPOST\u001b[39m \u001b[32m200\u001b[39m \u001b[35m/api/v1/uploded\u001b[39m \u001b[93m10 ms\u001b[39m","size":"194","timestamp":"2025-07-11 01:27:06"}
{"level":"info","message":"Root endpoint hit","timestamp":"2025-07-11 01:27:20"}
{"level":"info","message":" Incoming Request \u001b[32mGET\u001b[39m \u001b[32m200\u001b[39m \u001b[35m/\u001b[39m \u001b[93m1 ms\u001b[39m","size":"109","timestamp":"2025-07-11 01:27:20"}
{"level":"info","message":"Root endpoint hit","timestamp":"2025-07-11 01:28:21"}
{"level":"info","message":" Incoming Request \u001b[32mGET\u001b[39m \u001b[32m200\u001b[39m \u001b[35m/\u001b[39m \u001b[93m1 ms\u001b[39m","size":"109","timestamp":"2025-07-11 01:28:21"}
{"level":"info","message":" Incoming Request \u001b[34mPOST\u001b[39m \u001b[31m400\u001b[39m \u001b[35m/api/v1/job/create\u001b[39m \u001b[93m314 ms\u001b[39m","size":"1311","timestamp":"2025-07-11 01:28:27"}
{"level":"info","message":"Root endpoint hit","timestamp":"2025-07-11 01:29:20"}
{"level":"info","message":" Incoming Request \u001b[32mGET\u001b[39m \u001b[32m200\u001b[39m \u001b[35m/\u001b[39m \u001b[93m2 ms\u001b[39m","size":"109","timestamp":"2025-07-11 01:29:20"}
{"level":"info","message":"Root endpoint hit","timestamp":"2025-07-11 01:30:20"}
{"level":"info","message":" Incoming Request \u001b[32mGET\u001b[39m \u001b[32m200\u001b[39m \u001b[35m/\u001b[39m \u001b[93m0 ms\u001b[39m","size":"109","timestamp":"2025-07-11 01:30:20"}
{"level":"info","message":" Incoming Request \u001b[32mGET\u001b[39m \u001b[34m304\u001b[39m \u001b[35m/api/v1/user/my-profile\u001b[39m \u001b[93m229 ms\u001b[39m","size":0,"timestamp":"2025-07-11 01:30:22"}
{"level":"info","message":" Incoming Request \u001b[32mGET\u001b[39m \u001b[34m304\u001b[39m \u001b[35m/api/v1/user/my-profile\u001b[39m \u001b[93m228 ms\u001b[39m","size":0,"timestamp":"2025-07-11 01:30:42"}
{"level":"info","message":"Root endpoint hit","timestamp":"2025-07-11 01:31:20"}
{"level":"info","message":" Incoming Request \u001b[32mGET\u001b[39m \u001b[32m200\u001b[39m \u001b[35m/\u001b[39m \u001b[93m1 ms\u001b[39m","size":"109","timestamp":"2025-07-11 01:31:20"}
{"level":"info","message":"Root endpoint hit","timestamp":"2025-07-11 01:32:20"}
{"level":"info","message":" Incoming Request \u001b[32mGET\u001b[39m \u001b[32m200\u001b[39m \u001b[35m/\u001b[39m \u001b[93m1 ms\u001b[39m","size":"109","timestamp":"2025-07-11 01:32:20"}
{"level":"info","message":"Root endpoint hit","timestamp":"2025-07-11 01:33:20"}
{"level":"info","message":" Incoming Request \u001b[32mGET\u001b[39m \u001b[32m200\u001b[39m \u001b[35m/\u001b[39m \u001b[93m1 ms\u001b[39m","size":"109","timestamp":"2025-07-11 01:33:20"}
{"level":"info","message":"Root endpoint hit","timestamp":"2025-07-11 01:34:20"}
{"level":"info","message":" Incoming Request \u001b[32mGET\u001b[39m \u001b[32m200\u001b[39m \u001b[35m/\u001b[39m \u001b[93m1 ms\u001b[39m","size":"109","timestamp":"2025-07-11 01:34:20"}
{"level":"info","message":"Root endpoint hit","timestamp":"2025-07-11 01:35:20"}
{"level":"info","message":" Incoming Request \u001b[32mGET\u001b[39m \u001b[32m200\u001b[39m \u001b[35m/\u001b[39m \u001b[93m1 ms\u001b[39m","size":"109","timestamp":"2025-07-11 01:35:20"}
{"level":"info","message":"Root endpoint hit","timestamp":"2025-07-11 01:36:20"}
{"level":"info","message":" Incoming Request \u001b[32mGET\u001b[39m \u001b[32m200\u001b[39m \u001b[35m/\u001b[39m \u001b[93m2 ms\u001b[39m","size":"109","timestamp":"2025-07-11 01:36:20"}
{"level":"info","message":"Root endpoint hit","timestamp":"2025-07-11 01:37:20"}
{"level":"info","message":" Incoming Request \u001b[32mGET\u001b[39m \u001b[32m200\u001b[39m \u001b[35m/\u001b[39m \u001b[93m2 ms\u001b[39m","size":"109","timestamp":"2025-07-11 01:37:20"}
{"level":"info","message":"Root endpoint hit","timestamp":"2025-07-11 01:38:20"}
{"level":"info","message":" Incoming Request \u001b[32mGET\u001b[39m \u001b[32m200\u001b[39m \u001b[35m/\u001b[39m \u001b[93m1 ms\u001b[39m","size":"109","timestamp":"2025-07-11 01:38:20"}
{"level":"info","message":" Incoming Request \u001b[32mGET\u001b[39m \u001b[34m304\u001b[39m \u001b[35m/api/v1/user/my-profile\u001b[39m \u001b[93m228 ms\u001b[39m","size":0,"timestamp":"2025-07-11 01:38:22"}
{"level":"info","message":" Incoming Request \u001b[32mGET\u001b[39m \u001b[34m304\u001b[39m \u001b[35m/api/v1/category/all?\u001b[39m \u001b[93m76 ms\u001b[39m","size":0,"timestamp":"2025-07-11 01:38:23"}
{"level":"info","message":"Root endpoint hit","timestamp":"2025-07-11 01:39:21"}
{"level":"info","message":" Incoming Request \u001b[32mGET\u001b[39m \u001b[32m200\u001b[39m \u001b[35m/\u001b[39m \u001b[93m1 ms\u001b[39m","size":"109","timestamp":"2025-07-11 01:39:21"}
{"level":"info","message":" Incoming Request \u001b[34mPOST\u001b[39m \u001b[32m200\u001b[39m \u001b[35m/api/v1/uploded\u001b[39m \u001b[93m245 ms\u001b[39m","size":"280","timestamp":"2025-07-11 01:39:40"}
{"level":"info","message":" Incoming Request \u001b[34mPOST\u001b[39m \u001b[32m200\u001b[39m \u001b[35m/api/v1/uploded\u001b[39m \u001b[93m21 ms\u001b[39m","size":"194","timestamp":"2025-07-11 01:39:43"}
{"level":"info","message":"Root endpoint hit","timestamp":"2025-07-11 01:40:20"}
{"level":"info","message":" Incoming Request \u001b[32mGET\u001b[39m \u001b[32m200\u001b[39m \u001b[35m/\u001b[39m \u001b[93m1 ms\u001b[39m","size":"109","timestamp":"2025-07-11 01:40:20"}
{"level":"info","message":"Root endpoint hit","timestamp":"2025-07-11 01:41:21"}
{"level":"info","message":" Incoming Request \u001b[32mGET\u001b[39m \u001b[32m200\u001b[39m \u001b[35m/\u001b[39m \u001b[93m1 ms\u001b[39m","size":"109","timestamp":"2025-07-11 01:41:21"}
{"level":"info","message":"Root endpoint hit","timestamp":"2025-07-11 01:42:20"}
{"level":"info","message":" Incoming Request \u001b[32mGET\u001b[39m \u001b[32m200\u001b[39m \u001b[35m/\u001b[39m \u001b[93m2 ms\u001b[39m","size":"109","timestamp":"2025-07-11 01:42:20"}
{"level":"info","message":"Root endpoint hit","timestamp":"2025-07-11 01:43:20"}
{"level":"info","message":" Incoming Request \u001b[32mGET\u001b[39m \u001b[32m200\u001b[39m \u001b[35m/\u001b[39m \u001b[93m1 ms\u001b[39m","size":"109","timestamp":"2025-07-11 01:43:20"}
{"level":"info","message":"Root endpoint hit","timestamp":"2025-07-11 01:44:21"}
{"level":"info","message":" Incoming Request \u001b[32mGET\u001b[39m \u001b[32m200\u001b[39m \u001b[35m/\u001b[39m \u001b[93m1 ms\u001b[39m","size":"109","timestamp":"2025-07-11 01:44:21"}
{"level":"info","message":"Root endpoint hit","timestamp":"2025-07-11 01:45:20"}
{"level":"info","message":" Incoming Request \u001b[32mGET\u001b[39m \u001b[32m200\u001b[39m \u001b[35m/\u001b[39m \u001b[93m1 ms\u001b[39m","size":"109","timestamp":"2025-07-11 01:45:20"}
{"level":"info","message":" Incoming Request \u001b[34mPOST\u001b[39m \u001b[31m404\u001b[39m \u001b[35m/api/v1/job/create\u001b[39m \u001b[93m232 ms\u001b[39m","size":"580","timestamp":"2025-07-11 01:45:32"}
{"level":"info","message":" Incoming Request \u001b[34mPOST\u001b[39m \u001b[31m404\u001b[39m \u001b[35m/api/v1/job/create\u001b[39m \u001b[93m228 ms\u001b[39m","size":"580","timestamp":"2025-07-11 01:45:32"}
{"level":"info","message":" Incoming Request \u001b[34mPOST\u001b[39m \u001b[31m404\u001b[39m \u001b[35m/api/v1/job/create\u001b[39m \u001b[93m237 ms\u001b[39m","size":"580","timestamp":"2025-07-11 01:45:36"}
{"level":"info","message":"Root endpoint hit","timestamp":"2025-07-11 01:46:20"}
{"level":"info","message":" Incoming Request \u001b[32mGET\u001b[39m \u001b[32m200\u001b[39m \u001b[35m/\u001b[39m \u001b[93m1 ms\u001b[39m","size":"109","timestamp":"2025-07-11 01:46:20"}
