{"level":"info","message":"Root endpoint hit","timestamp":"2025-07-13 00:00:32"}
{"level":"info","message":" Incoming Request \u001b[32mGET\u001b[39m \u001b[32m200\u001b[39m \u001b[35m/\u001b[39m \u001b[93m3 ms\u001b[39m","size":"109","timestamp":"2025-07-13 00:00:32"}
{"level":"info","message":"Root endpoint hit","timestamp":"2025-07-13 00:00:42"}
{"level":"info","message":" Incoming Request \u001b[32mGET\u001b[39m \u001b[32m200\u001b[39m \u001b[35m/\u001b[39m \u001b[93m3 ms\u001b[39m","size":"109","timestamp":"2025-07-13 00:00:42"}
{"level":"info","message":"Root endpoint hit","timestamp":"2025-07-13 00:00:46"}
{"level":"info","message":" Incoming Request \u001b[32mGET\u001b[39m \u001b[32m200\u001b[39m \u001b[35m/\u001b[39m \u001b[93m2 ms\u001b[39m","size":"109","timestamp":"2025-07-13 00:00:46"}
{"level":"info","message":"Root endpoint hit","timestamp":"2025-07-13 00:01:11"}
{"level":"info","message":" Incoming Request \u001b[32mGET\u001b[39m \u001b[32m200\u001b[39m \u001b[35m/\u001b[39m \u001b[93m1 ms\u001b[39m","size":"109","timestamp":"2025-07-13 00:01:11"}
{"level":"info","message":"Root endpoint hit","timestamp":"2025-07-13 00:01:41"}
{"level":"info","message":" Incoming Request \u001b[32mGET\u001b[39m \u001b[32m200\u001b[39m \u001b[35m/\u001b[39m \u001b[93m1 ms\u001b[39m","size":"109","timestamp":"2025-07-13 00:01:41"}
{"level":"info","message":"Root endpoint hit","timestamp":"2025-07-13 00:02:32"}
{"level":"info","message":" Incoming Request \u001b[32mGET\u001b[39m \u001b[32m200\u001b[39m \u001b[35m/\u001b[39m \u001b[93m1 ms\u001b[39m","size":"109","timestamp":"2025-07-13 00:02:32"}
{"level":"info","message":"Root endpoint hit","timestamp":"2025-07-13 00:03:31"}
{"level":"info","message":" Incoming Request \u001b[32mGET\u001b[39m \u001b[32m200\u001b[39m \u001b[35m/\u001b[39m \u001b[93m1 ms\u001b[39m","size":"109","timestamp":"2025-07-13 00:03:31"}
{"level":"info","message":" Incoming Request \u001b[32mGET\u001b[39m \u001b[32m201\u001b[39m \u001b[35m/api/v1/plan/my-plan\u001b[39m \u001b[93m444 ms\u001b[39m","size":"680","timestamp":"2025-07-13 00:03:45"}
{"level":"info","message":" Incoming Request \u001b[34mPOST\u001b[39m \u001b[33m500\u001b[39m \u001b[35m/api/v1/job/create\u001b[39m \u001b[93m406 ms\u001b[39m","size":"746","timestamp":"2025-07-13 00:04:21"}
{"level":"info","message":"Root endpoint hit","timestamp":"2025-07-13 00:04:31"}
{"level":"info","message":" Incoming Request \u001b[32mGET\u001b[39m \u001b[32m200\u001b[39m \u001b[35m/\u001b[39m \u001b[93m1 ms\u001b[39m","size":"109","timestamp":"2025-07-13 00:04:31"}
{"level":"info","message":"Root endpoint hit","timestamp":"2025-07-13 00:05:31"}
{"level":"info","message":" Incoming Request \u001b[32mGET\u001b[39m \u001b[32m200\u001b[39m \u001b[35m/\u001b[39m \u001b[93m1 ms\u001b[39m","size":"109","timestamp":"2025-07-13 00:05:31"}
{"level":"info","message":"Root endpoint hit","timestamp":"2025-07-13 00:06:31"}
{"level":"info","message":" Incoming Request \u001b[32mGET\u001b[39m \u001b[32m200\u001b[39m \u001b[35m/\u001b[39m \u001b[93m1 ms\u001b[39m","size":"109","timestamp":"2025-07-13 00:06:31"}
{"level":"info","message":"Root endpoint hit","timestamp":"2025-07-13 00:07:31"}
{"level":"info","message":" Incoming Request \u001b[32mGET\u001b[39m \u001b[32m200\u001b[39m \u001b[35m/\u001b[39m \u001b[93m0 ms\u001b[39m","size":"109","timestamp":"2025-07-13 00:07:31"}
{"level":"info","message":"Root endpoint hit","timestamp":"2025-07-13 13:07:50"}
{"level":"info","message":" Incoming Request \u001b[32mGET\u001b[39m \u001b[32m200\u001b[39m \u001b[35m/\u001b[39m \u001b[93m6 ms\u001b[39m","size":"109","timestamp":"2025-07-13 13:07:50"}
{"level":"info","message":"Root endpoint hit","timestamp":"2025-07-13 00:07:56"}
{"level":"info","message":" Incoming Request \u001b[32mGET\u001b[39m \u001b[32m200\u001b[39m \u001b[35m/\u001b[39m \u001b[93m0 ms\u001b[39m","size":"109","timestamp":"2025-07-13 00:07:56"}
{"level":"info","message":"Root endpoint hit","timestamp":"2025-07-13 13:07:57"}
{"level":"info","message":" Incoming Request \u001b[32mGET\u001b[39m \u001b[32m200\u001b[39m \u001b[35m/\u001b[39m \u001b[93m2 ms\u001b[39m","size":"109","timestamp":"2025-07-13 13:07:57"}
{"level":"info","message":"Root endpoint hit","timestamp":"2025-07-13 00:08:11"}
{"level":"info","message":" Incoming Request \u001b[32mGET\u001b[39m \u001b[32m200\u001b[39m \u001b[35m/\u001b[39m \u001b[93m0 ms\u001b[39m","size":"109","timestamp":"2025-07-13 00:08:11"}
{"level":"info","message":"Root endpoint hit","timestamp":"2025-07-13 00:08:41"}
{"level":"info","message":" Incoming Request \u001b[32mGET\u001b[39m \u001b[32m200\u001b[39m \u001b[35m/\u001b[39m \u001b[93m0 ms\u001b[39m","size":"109","timestamp":"2025-07-13 00:08:41"}
{"level":"info","message":"Root endpoint hit","timestamp":"2025-07-13 00:09:31"}
{"level":"info","message":" Incoming Request \u001b[32mGET\u001b[39m \u001b[32m200\u001b[39m \u001b[35m/\u001b[39m \u001b[93m1 ms\u001b[39m","size":"109","timestamp":"2025-07-13 00:09:31"}
{"level":"info","message":" Incoming Request \u001b[34mPOST\u001b[39m \u001b[33m500\u001b[39m \u001b[35m/api/v1/job/create\u001b[39m \u001b[93m434 ms\u001b[39m","size":"746","timestamp":"2025-07-13 13:10:23"}
{"level":"info","message":"Root endpoint hit","timestamp":"2025-07-13 00:10:31"}
{"level":"info","message":" Incoming Request \u001b[32mGET\u001b[39m \u001b[32m200\u001b[39m \u001b[35m/\u001b[39m \u001b[93m1 ms\u001b[39m","size":"109","timestamp":"2025-07-13 00:10:31"}
{"level":"info","message":" Incoming Request \u001b[34mPOST\u001b[39m \u001b[32m201\u001b[39m \u001b[35m/api/v1/job/create\u001b[39m \u001b[93m552 ms\u001b[39m","size":"1082","timestamp":"2025-07-13 13:11:22"}
{"level":"info","message":"Root endpoint hit","timestamp":"2025-07-13 00:11:31"}
{"level":"info","message":" Incoming Request \u001b[32mGET\u001b[39m \u001b[32m200\u001b[39m \u001b[35m/\u001b[39m \u001b[93m1 ms\u001b[39m","size":"109","timestamp":"2025-07-13 00:11:31"}
{"level":"info","message":" Incoming Request \u001b[34mPOST\u001b[39m \u001b[31m404\u001b[39m \u001b[35m/api/v1/job/create\u001b[39m \u001b[93m229 ms\u001b[39m","size":"613","timestamp":"2025-07-13 13:11:45"}
{"level":"info","message":" Incoming Request \u001b[34mPOST\u001b[39m \u001b[31m404\u001b[39m \u001b[35m/api/v1/job/create\u001b[39m \u001b[93m517 ms\u001b[39m","size":"616","timestamp":"2025-07-13 13:11:54"}
{"level":"info","message":" Incoming Request \u001b[32mGET\u001b[39m \u001b[32m200\u001b[39m \u001b[35m/api/v1/category/all\u001b[39m \u001b[93m74 ms\u001b[39m","size":"1299","timestamp":"2025-07-13 13:12:09"}
{"level":"info","message":"Root endpoint hit","timestamp":"2025-07-13 00:12:31"}
{"level":"info","message":" Incoming Request \u001b[32mGET\u001b[39m \u001b[32m200\u001b[39m \u001b[35m/\u001b[39m \u001b[93m1 ms\u001b[39m","size":"109","timestamp":"2025-07-13 00:12:31"}
{"level":"info","message":" Incoming Request \u001b[34mPOST\u001b[39m \u001b[32m201\u001b[39m \u001b[35m/api/v1/job/create\u001b[39m \u001b[93m827 ms\u001b[39m","size":"1114","timestamp":"2025-07-13 13:12:35"}
{"level":"info","message":"Root endpoint hit","timestamp":"2025-07-13 00:13:31"}
{"level":"info","message":" Incoming Request \u001b[32mGET\u001b[39m \u001b[32m200\u001b[39m \u001b[35m/\u001b[39m \u001b[93m1 ms\u001b[39m","size":"109","timestamp":"2025-07-13 00:13:31"}
{"level":"info","message":"Root endpoint hit","timestamp":"2025-07-13 00:14:31"}
{"level":"info","message":" Incoming Request \u001b[32mGET\u001b[39m \u001b[32m200\u001b[39m \u001b[35m/\u001b[39m \u001b[93m1 ms\u001b[39m","size":"109","timestamp":"2025-07-13 00:14:31"}
{"level":"info","message":"Root endpoint hit","timestamp":"2025-07-13 00:15:31"}
{"level":"info","message":" Incoming Request \u001b[32mGET\u001b[39m \u001b[32m200\u001b[39m \u001b[35m/\u001b[39m \u001b[93m2 ms\u001b[39m","size":"109","timestamp":"2025-07-13 00:15:31"}
{"level":"info","message":"Root endpoint hit","timestamp":"2025-07-13 00:16:31"}
{"level":"info","message":" Incoming Request \u001b[32mGET\u001b[39m \u001b[32m200\u001b[39m \u001b[35m/\u001b[39m \u001b[93m2 ms\u001b[39m","size":"109","timestamp":"2025-07-13 00:16:31"}
{"level":"info","message":"Root endpoint hit","timestamp":"2025-07-13 00:17:31"}
{"level":"info","message":" Incoming Request \u001b[32mGET\u001b[39m \u001b[32m200\u001b[39m \u001b[35m/\u001b[39m \u001b[93m1 ms\u001b[39m","size":"109","timestamp":"2025-07-13 00:17:31"}
{"level":"info","message":"Root endpoint hit","timestamp":"2025-07-13 00:18:31"}
{"level":"info","message":" Incoming Request \u001b[32mGET\u001b[39m \u001b[32m200\u001b[39m \u001b[35m/\u001b[39m \u001b[93m1 ms\u001b[39m","size":"109","timestamp":"2025-07-13 00:18:31"}
{"level":"info","message":"Root endpoint hit","timestamp":"2025-07-13 00:19:31"}
{"level":"info","message":" Incoming Request \u001b[32mGET\u001b[39m \u001b[32m200\u001b[39m \u001b[35m/\u001b[39m \u001b[93m1 ms\u001b[39m","size":"109","timestamp":"2025-07-13 00:19:31"}
{"level":"info","message":"Root endpoint hit","timestamp":"2025-07-13 00:20:31"}
{"level":"info","message":" Incoming Request \u001b[32mGET\u001b[39m \u001b[32m200\u001b[39m \u001b[35m/\u001b[39m \u001b[93m1 ms\u001b[39m","size":"109","timestamp":"2025-07-13 00:20:31"}
{"level":"info","message":"Root endpoint hit","timestamp":"2025-07-13 00:21:31"}
{"level":"info","message":" Incoming Request \u001b[32mGET\u001b[39m \u001b[32m200\u001b[39m \u001b[35m/\u001b[39m \u001b[93m1 ms\u001b[39m","size":"109","timestamp":"2025-07-13 00:21:31"}
{"level":"info","message":"Root endpoint hit","timestamp":"2025-07-13 00:22:31"}
{"level":"info","message":" Incoming Request \u001b[32mGET\u001b[39m \u001b[32m200\u001b[39m \u001b[35m/\u001b[39m \u001b[93m1 ms\u001b[39m","size":"109","timestamp":"2025-07-13 00:22:31"}
{"level":"info","message":"Root endpoint hit","timestamp":"2025-07-13 00:23:31"}
{"level":"info","message":" Incoming Request \u001b[32mGET\u001b[39m \u001b[32m200\u001b[39m \u001b[35m/\u001b[39m \u001b[93m1 ms\u001b[39m","size":"109","timestamp":"2025-07-13 00:23:31"}
{"level":"info","message":"Root endpoint hit","timestamp":"2025-07-13 00:24:31"}
{"level":"info","message":" Incoming Request \u001b[32mGET\u001b[39m \u001b[32m200\u001b[39m \u001b[35m/\u001b[39m \u001b[93m1 ms\u001b[39m","size":"109","timestamp":"2025-07-13 00:24:31"}
{"level":"info","message":"Root endpoint hit","timestamp":"2025-07-13 00:25:31"}
{"level":"info","message":" Incoming Request \u001b[32mGET\u001b[39m \u001b[32m200\u001b[39m \u001b[35m/\u001b[39m \u001b[93m1 ms\u001b[39m","size":"109","timestamp":"2025-07-13 00:25:31"}
{"level":"info","message":"Root endpoint hit","timestamp":"2025-07-13 00:26:31"}
{"level":"info","message":" Incoming Request \u001b[32mGET\u001b[39m \u001b[32m200\u001b[39m \u001b[35m/\u001b[39m \u001b[93m1 ms\u001b[39m","size":"109","timestamp":"2025-07-13 00:26:31"}
{"level":"info","message":"Root endpoint hit","timestamp":"2025-07-13 00:27:31"}
{"level":"info","message":" Incoming Request \u001b[32mGET\u001b[39m \u001b[32m200\u001b[39m \u001b[35m/\u001b[39m \u001b[93m0 ms\u001b[39m","size":"109","timestamp":"2025-07-13 00:27:31"}
{"level":"info","message":"Root endpoint hit","timestamp":"2025-07-13 00:28:31"}
{"level":"info","message":" Incoming Request \u001b[32mGET\u001b[39m \u001b[32m200\u001b[39m \u001b[35m/\u001b[39m \u001b[93m0 ms\u001b[39m","size":"109","timestamp":"2025-07-13 00:28:31"}
{"level":"info","message":"Root endpoint hit","timestamp":"2025-07-13 00:29:31"}
{"level":"info","message":" Incoming Request \u001b[32mGET\u001b[39m \u001b[32m200\u001b[39m \u001b[35m/\u001b[39m \u001b[93m1 ms\u001b[39m","size":"109","timestamp":"2025-07-13 00:29:31"}
{"level":"info","message":"Root endpoint hit","timestamp":"2025-07-13 00:30:31"}
{"level":"info","message":" Incoming Request \u001b[32mGET\u001b[39m \u001b[32m200\u001b[39m \u001b[35m/\u001b[39m \u001b[93m1 ms\u001b[39m","size":"109","timestamp":"2025-07-13 00:30:31"}
{"level":"info","message":"Root endpoint hit","timestamp":"2025-07-13 00:31:31"}
{"level":"info","message":" Incoming Request \u001b[32mGET\u001b[39m \u001b[32m200\u001b[39m \u001b[35m/\u001b[39m \u001b[93m2 ms\u001b[39m","size":"109","timestamp":"2025-07-13 00:31:31"}
{"level":"info","message":"Root endpoint hit","timestamp":"2025-07-13 00:32:31"}
{"level":"info","message":" Incoming Request \u001b[32mGET\u001b[39m \u001b[32m200\u001b[39m \u001b[35m/\u001b[39m \u001b[93m2 ms\u001b[39m","size":"109","timestamp":"2025-07-13 00:32:31"}
{"level":"info","message":"Root endpoint hit","timestamp":"2025-07-13 00:33:31"}
{"level":"info","message":" Incoming Request \u001b[32mGET\u001b[39m \u001b[32m200\u001b[39m \u001b[35m/\u001b[39m \u001b[93m1 ms\u001b[39m","size":"109","timestamp":"2025-07-13 00:33:31"}
{"level":"info","message":"Root endpoint hit","timestamp":"2025-07-13 00:34:31"}
{"level":"info","message":" Incoming Request \u001b[32mGET\u001b[39m \u001b[32m200\u001b[39m \u001b[35m/\u001b[39m \u001b[93m2 ms\u001b[39m","size":"109","timestamp":"2025-07-13 00:34:31"}
{"level":"info","message":"Root endpoint hit","timestamp":"2025-07-13 00:35:31"}
{"level":"info","message":" Incoming Request \u001b[32mGET\u001b[39m \u001b[32m200\u001b[39m \u001b[35m/\u001b[39m \u001b[93m1 ms\u001b[39m","size":"109","timestamp":"2025-07-13 00:35:31"}
{"level":"info","message":"Root endpoint hit","timestamp":"2025-07-13 00:36:31"}
{"level":"info","message":" Incoming Request \u001b[32mGET\u001b[39m \u001b[32m200\u001b[39m \u001b[35m/\u001b[39m \u001b[93m1 ms\u001b[39m","size":"109","timestamp":"2025-07-13 00:36:31"}
{"level":"info","message":"Root endpoint hit","timestamp":"2025-07-13 00:37:31"}
{"level":"info","message":" Incoming Request \u001b[32mGET\u001b[39m \u001b[32m200\u001b[39m \u001b[35m/\u001b[39m \u001b[93m1 ms\u001b[39m","size":"109","timestamp":"2025-07-13 00:37:31"}
{"level":"info","message":"Root endpoint hit","timestamp":"2025-07-13 00:38:31"}
{"level":"info","message":" Incoming Request \u001b[32mGET\u001b[39m \u001b[32m200\u001b[39m \u001b[35m/\u001b[39m \u001b[93m1 ms\u001b[39m","size":"109","timestamp":"2025-07-13 00:38:31"}
{"level":"info","message":"Root endpoint hit","timestamp":"2025-07-13 00:39:31"}
{"level":"info","message":" Incoming Request \u001b[32mGET\u001b[39m \u001b[32m200\u001b[39m \u001b[35m/\u001b[39m \u001b[93m1 ms\u001b[39m","size":"109","timestamp":"2025-07-13 00:39:31"}
{"level":"info","message":"Root endpoint hit","timestamp":"2025-07-13 00:40:33"}
{"level":"info","message":" Incoming Request \u001b[32mGET\u001b[39m \u001b[32m200\u001b[39m \u001b[35m/\u001b[39m \u001b[93m1 ms\u001b[39m","size":"109","timestamp":"2025-07-13 00:40:33"}
{"level":"info","message":"Root endpoint hit","timestamp":"2025-07-13 00:41:31"}
{"level":"info","message":" Incoming Request \u001b[32mGET\u001b[39m \u001b[32m200\u001b[39m \u001b[35m/\u001b[39m \u001b[93m1 ms\u001b[39m","size":"109","timestamp":"2025-07-13 00:41:31"}
{"level":"info","message":"Root endpoint hit","timestamp":"2025-07-13 00:42:31"}
{"level":"info","message":" Incoming Request \u001b[32mGET\u001b[39m \u001b[32m200\u001b[39m \u001b[35m/\u001b[39m \u001b[93m1 ms\u001b[39m","size":"109","timestamp":"2025-07-13 00:42:31"}
{"level":"info","message":"Root endpoint hit","timestamp":"2025-07-13 00:43:31"}
{"level":"info","message":" Incoming Request \u001b[32mGET\u001b[39m \u001b[32m200\u001b[39m \u001b[35m/\u001b[39m \u001b[93m1 ms\u001b[39m","size":"109","timestamp":"2025-07-13 00:43:31"}
{"level":"info","message":"Root endpoint hit","timestamp":"2025-07-13 00:44:31"}
{"level":"info","message":" Incoming Request \u001b[32mGET\u001b[39m \u001b[32m200\u001b[39m \u001b[35m/\u001b[39m \u001b[93m1 ms\u001b[39m","size":"109","timestamp":"2025-07-13 00:44:31"}
{"level":"info","message":"Root endpoint hit","timestamp":"2025-07-13 00:45:31"}
{"level":"info","message":" Incoming Request \u001b[32mGET\u001b[39m \u001b[32m200\u001b[39m \u001b[35m/\u001b[39m \u001b[93m1 ms\u001b[39m","size":"109","timestamp":"2025-07-13 00:45:31"}
{"level":"info","message":"Root endpoint hit","timestamp":"2025-07-13 00:46:31"}
{"level":"info","message":" Incoming Request \u001b[32mGET\u001b[39m \u001b[32m200\u001b[39m \u001b[35m/\u001b[39m \u001b[93m1 ms\u001b[39m","size":"109","timestamp":"2025-07-13 00:46:31"}
{"level":"info","message":"Root endpoint hit","timestamp":"2025-07-13 00:47:31"}
{"level":"info","message":" Incoming Request \u001b[32mGET\u001b[39m \u001b[32m200\u001b[39m \u001b[35m/\u001b[39m \u001b[93m1 ms\u001b[39m","size":"109","timestamp":"2025-07-13 00:47:31"}
{"level":"info","message":"Root endpoint hit","timestamp":"2025-07-13 00:48:31"}
{"level":"info","message":" Incoming Request \u001b[32mGET\u001b[39m \u001b[32m200\u001b[39m \u001b[35m/\u001b[39m \u001b[93m1 ms\u001b[39m","size":"109","timestamp":"2025-07-13 00:48:31"}
{"level":"info","message":"Root endpoint hit","timestamp":"2025-07-13 00:49:32"}
{"level":"info","message":" Incoming Request \u001b[32mGET\u001b[39m \u001b[32m200\u001b[39m \u001b[35m/\u001b[39m \u001b[93m1 ms\u001b[39m","size":"109","timestamp":"2025-07-13 00:49:32"}
{"level":"info","message":"Root endpoint hit","timestamp":"2025-07-13 00:50:31"}
{"level":"info","message":" Incoming Request \u001b[32mGET\u001b[39m \u001b[32m200\u001b[39m \u001b[35m/\u001b[39m \u001b[93m1 ms\u001b[39m","size":"109","timestamp":"2025-07-13 00:50:31"}
{"level":"info","message":"Root endpoint hit","timestamp":"2025-07-13 00:51:31"}
{"level":"info","message":" Incoming Request \u001b[32mGET\u001b[39m \u001b[32m200\u001b[39m \u001b[35m/\u001b[39m \u001b[93m1 ms\u001b[39m","size":"109","timestamp":"2025-07-13 00:51:31"}
{"level":"info","message":"Root endpoint hit","timestamp":"2025-07-13 00:52:31"}
{"level":"info","message":" Incoming Request \u001b[32mGET\u001b[39m \u001b[32m200\u001b[39m \u001b[35m/\u001b[39m \u001b[93m0 ms\u001b[39m","size":"109","timestamp":"2025-07-13 00:52:31"}
{"level":"info","message":"Root endpoint hit","timestamp":"2025-07-13 00:53:31"}
{"level":"info","message":" Incoming Request \u001b[32mGET\u001b[39m \u001b[32m200\u001b[39m \u001b[35m/\u001b[39m \u001b[93m2 ms\u001b[39m","size":"109","timestamp":"2025-07-13 00:53:31"}
{"level":"info","message":"Root endpoint hit","timestamp":"2025-07-13 00:54:31"}
{"level":"info","message":" Incoming Request \u001b[32mGET\u001b[39m \u001b[32m200\u001b[39m \u001b[35m/\u001b[39m \u001b[93m1 ms\u001b[39m","size":"109","timestamp":"2025-07-13 00:54:31"}
{"level":"info","message":"Root endpoint hit","timestamp":"2025-07-13 00:55:31"}
{"level":"info","message":" Incoming Request \u001b[32mGET\u001b[39m \u001b[32m200\u001b[39m \u001b[35m/\u001b[39m \u001b[93m1 ms\u001b[39m","size":"109","timestamp":"2025-07-13 00:55:31"}
{"level":"info","message":"Root endpoint hit","timestamp":"2025-07-13 00:56:31"}
{"level":"info","message":" Incoming Request \u001b[32mGET\u001b[39m \u001b[32m200\u001b[39m \u001b[35m/\u001b[39m \u001b[93m1 ms\u001b[39m","size":"109","timestamp":"2025-07-13 00:56:31"}
{"level":"info","message":"Root endpoint hit","timestamp":"2025-07-13 00:57:31"}
{"level":"info","message":" Incoming Request \u001b[32mGET\u001b[39m \u001b[32m200\u001b[39m \u001b[35m/\u001b[39m \u001b[93m1 ms\u001b[39m","size":"109","timestamp":"2025-07-13 00:57:31"}
{"level":"info","message":"Root endpoint hit","timestamp":"2025-07-13 00:58:31"}
{"level":"info","message":" Incoming Request \u001b[32mGET\u001b[39m \u001b[32m200\u001b[39m \u001b[35m/\u001b[39m \u001b[93m1 ms\u001b[39m","size":"109","timestamp":"2025-07-13 00:58:31"}
{"level":"info","message":"Root endpoint hit","timestamp":"2025-07-13 00:59:31"}
{"level":"info","message":" Incoming Request \u001b[32mGET\u001b[39m \u001b[32m200\u001b[39m \u001b[35m/\u001b[39m \u001b[93m1 ms\u001b[39m","size":"109","timestamp":"2025-07-13 00:59:31"}
{"level":"info","message":"Root endpoint hit","timestamp":"2025-07-13 01:00:31"}
{"level":"info","message":" Incoming Request \u001b[32mGET\u001b[39m \u001b[32m200\u001b[39m \u001b[35m/\u001b[39m \u001b[93m1 ms\u001b[39m","size":"109","timestamp":"2025-07-13 01:00:31"}
{"level":"info","message":"Root endpoint hit","timestamp":"2025-07-13 01:01:31"}
{"level":"info","message":" Incoming Request \u001b[32mGET\u001b[39m \u001b[32m200\u001b[39m \u001b[35m/\u001b[39m \u001b[93m1 ms\u001b[39m","size":"109","timestamp":"2025-07-13 01:01:31"}
{"level":"info","message":"Root endpoint hit","timestamp":"2025-07-13 01:02:31"}
{"level":"info","message":" Incoming Request \u001b[32mGET\u001b[39m \u001b[32m200\u001b[39m \u001b[35m/\u001b[39m \u001b[93m1 ms\u001b[39m","size":"109","timestamp":"2025-07-13 01:02:31"}
{"level":"info","message":"Root endpoint hit","timestamp":"2025-07-13 01:03:31"}
{"level":"info","message":" Incoming Request \u001b[32mGET\u001b[39m \u001b[32m200\u001b[39m \u001b[35m/\u001b[39m \u001b[93m1 ms\u001b[39m","size":"109","timestamp":"2025-07-13 01:03:31"}
{"level":"info","message":"Root endpoint hit","timestamp":"2025-07-13 01:04:31"}
{"level":"info","message":" Incoming Request \u001b[32mGET\u001b[39m \u001b[32m200\u001b[39m \u001b[35m/\u001b[39m \u001b[93m0 ms\u001b[39m","size":"109","timestamp":"2025-07-13 01:04:31"}
{"level":"info","message":"Root endpoint hit","timestamp":"2025-07-13 01:05:31"}
{"level":"info","message":" Incoming Request \u001b[32mGET\u001b[39m \u001b[32m200\u001b[39m \u001b[35m/\u001b[39m \u001b[93m1 ms\u001b[39m","size":"109","timestamp":"2025-07-13 01:05:31"}
{"level":"info","message":"Root endpoint hit","timestamp":"2025-07-13 01:06:31"}
{"level":"info","message":" Incoming Request \u001b[32mGET\u001b[39m \u001b[32m200\u001b[39m \u001b[35m/\u001b[39m \u001b[93m1 ms\u001b[39m","size":"109","timestamp":"2025-07-13 01:06:31"}
{"level":"info","message":"Root endpoint hit","timestamp":"2025-07-13 01:07:31"}
{"level":"info","message":" Incoming Request \u001b[32mGET\u001b[39m \u001b[32m200\u001b[39m \u001b[35m/\u001b[39m \u001b[93m1 ms\u001b[39m","size":"109","timestamp":"2025-07-13 01:07:31"}
{"level":"info","message":"Root endpoint hit","timestamp":"2025-07-13 01:08:31"}
{"level":"info","message":" Incoming Request \u001b[32mGET\u001b[39m \u001b[32m200\u001b[39m \u001b[35m/\u001b[39m \u001b[93m1 ms\u001b[39m","size":"109","timestamp":"2025-07-13 01:08:31"}
{"level":"info","message":"Root endpoint hit","timestamp":"2025-07-13 14:08:59"}
{"level":"info","message":" Incoming Request \u001b[32mGET\u001b[39m \u001b[32m200\u001b[39m \u001b[35m/\u001b[39m \u001b[93m1 ms\u001b[39m","size":"109","timestamp":"2025-07-13 14:08:59"}
{"level":"info","message":"Root endpoint hit","timestamp":"2025-07-13 01:09:03"}
{"level":"info","message":" Incoming Request \u001b[32mGET\u001b[39m \u001b[32m200\u001b[39m \u001b[35m/\u001b[39m \u001b[93m1 ms\u001b[39m","size":"109","timestamp":"2025-07-13 01:09:03"}
{"level":"info","message":"Root endpoint hit","timestamp":"2025-07-13 01:09:11"}
{"level":"info","message":" Incoming Request \u001b[32mGET\u001b[39m \u001b[32m200\u001b[39m \u001b[35m/\u001b[39m \u001b[93m0 ms\u001b[39m","size":"109","timestamp":"2025-07-13 01:09:11"}
{"level":"info","message":"Root endpoint hit","timestamp":"2025-07-13 01:09:41"}
{"level":"info","message":" Incoming Request \u001b[32mGET\u001b[39m \u001b[32m200\u001b[39m \u001b[35m/\u001b[39m \u001b[93m2 ms\u001b[39m","size":"109","timestamp":"2025-07-13 01:09:41"}
{"level":"info","message":"Root endpoint hit","timestamp":"2025-07-13 01:10:11"}
{"level":"info","message":" Incoming Request \u001b[32mGET\u001b[39m \u001b[32m200\u001b[39m \u001b[35m/\u001b[39m \u001b[93m1 ms\u001b[39m","size":"109","timestamp":"2025-07-13 01:10:11"}
{"level":"info","message":"Root endpoint hit","timestamp":"2025-07-13 01:11:12"}
{"level":"info","message":" Incoming Request \u001b[32mGET\u001b[39m \u001b[32m200\u001b[39m \u001b[35m/\u001b[39m \u001b[93m1 ms\u001b[39m","size":"109","timestamp":"2025-07-13 01:11:12"}
{"level":"info","message":"Root endpoint hit","timestamp":"2025-07-13 01:12:13"}
{"level":"info","message":" Incoming Request \u001b[32mGET\u001b[39m \u001b[32m200\u001b[39m \u001b[35m/\u001b[39m \u001b[93m1 ms\u001b[39m","size":"109","timestamp":"2025-07-13 01:12:13"}
{"level":"info","message":" Incoming Request \u001b[34mPOST\u001b[39m \u001b[32m201\u001b[39m \u001b[35m/api/v1/job/create\u001b[39m \u001b[93m911 ms\u001b[39m","size":"1113","timestamp":"2025-07-13 14:12:19"}
{"level":"info","message":" Incoming Request \u001b[34mPOST\u001b[39m \u001b[32m201\u001b[39m \u001b[35m/api/v1/job/create\u001b[39m \u001b[93m824 ms\u001b[39m","size":"1115","timestamp":"2025-07-13 14:12:44"}
{"level":"info","message":" Incoming Request \u001b[34mPOST\u001b[39m \u001b[31m400\u001b[39m \u001b[35m/api/v1/job/create\u001b[39m \u001b[93m518 ms\u001b[39m","size":"589","timestamp":"2025-07-13 14:13:02"}
{"level":"info","message":"Root endpoint hit","timestamp":"2025-07-13 01:13:14"}
{"level":"info","message":" Incoming Request \u001b[32mGET\u001b[39m \u001b[32m200\u001b[39m \u001b[35m/\u001b[39m \u001b[93m2 ms\u001b[39m","size":"109","timestamp":"2025-07-13 01:13:14"}
{"level":"info","message":"Root endpoint hit","timestamp":"2025-07-13 01:14:15"}
{"level":"info","message":" Incoming Request \u001b[32mGET\u001b[39m \u001b[32m200\u001b[39m \u001b[35m/\u001b[39m \u001b[93m1 ms\u001b[39m","size":"109","timestamp":"2025-07-13 01:14:15"}
{"level":"info","message":" Incoming Request \u001b[32mGET\u001b[39m \u001b[31m404\u001b[39m \u001b[35m/api/v1/job/all\u001b[39m \u001b[93m76 ms\u001b[39m","size":"535","timestamp":"2025-07-13 14:14:35"}
{"level":"info","message":" Incoming Request \u001b[34mPOST\u001b[39m \u001b[32m200\u001b[39m \u001b[35m/api/v1/user/login\u001b[39m \u001b[93m354 ms\u001b[39m","size":"652","timestamp":"2025-07-13 14:14:55"}
{"level":"info","message":"Root endpoint hit","timestamp":"2025-07-13 01:15:16"}
{"level":"info","message":" Incoming Request \u001b[32mGET\u001b[39m \u001b[32m200\u001b[39m \u001b[35m/\u001b[39m \u001b[93m1 ms\u001b[39m","size":"109","timestamp":"2025-07-13 01:15:16"}
{"level":"info","message":" Incoming Request \u001b[32mGET\u001b[39m \u001b[32m200\u001b[39m \u001b[35m/api/v1/job/all\u001b[39m \u001b[93m223 ms\u001b[39m","size":"755","timestamp":"2025-07-13 14:15:32"}
{"level":"info","message":" Incoming Request \u001b[32mGET\u001b[39m \u001b[31m404\u001b[39m \u001b[35m/api/v1/user/my-profile\u001b[39m \u001b[93m81 ms\u001b[39m","size":"531","timestamp":"2025-07-13 01:16:07"}
{"level":"info","message":" Incoming Request \u001b[32mGET\u001b[39m \u001b[31m404\u001b[39m \u001b[35m/api/v1/user/my-profile\u001b[39m \u001b[93m76 ms\u001b[39m","size":"531","timestamp":"2025-07-13 01:16:16"}
{"level":"info","message":"Root endpoint hit","timestamp":"2025-07-13 01:16:17"}
{"level":"info","message":" Incoming Request \u001b[32mGET\u001b[39m \u001b[32m200\u001b[39m \u001b[35m/\u001b[39m \u001b[93m1 ms\u001b[39m","size":"109","timestamp":"2025-07-13 01:16:17"}
{"level":"info","message":" Incoming Request \u001b[32mGET\u001b[39m \u001b[32m201\u001b[39m \u001b[35m/api/v1/job/employer-all-jobs\u001b[39m \u001b[93m224 ms\u001b[39m","size":"756","timestamp":"2025-07-13 14:16:28"}
{"level":"info","message":"Root endpoint hit","timestamp":"2025-07-13 14:17:06"}
{"level":"info","message":" Incoming Request \u001b[32mGET\u001b[39m \u001b[32m200\u001b[39m \u001b[35m/\u001b[39m \u001b[93m1 ms\u001b[39m","size":"109","timestamp":"2025-07-13 14:17:06"}
{"level":"info","message":"Root endpoint hit","timestamp":"2025-07-13 01:17:11"}
{"level":"info","message":" Incoming Request \u001b[32mGET\u001b[39m \u001b[32m200\u001b[39m \u001b[35m/\u001b[39m \u001b[93m2 ms\u001b[39m","size":"109","timestamp":"2025-07-13 01:17:11"}
{"level":"info","message":"Root endpoint hit","timestamp":"2025-07-13 01:17:41"}
{"level":"info","message":" Incoming Request \u001b[32mGET\u001b[39m \u001b[32m200\u001b[39m \u001b[35m/\u001b[39m \u001b[93m1 ms\u001b[39m","size":"109","timestamp":"2025-07-13 01:17:41"}
{"level":"info","message":" Incoming Request \u001b[32mGET\u001b[39m \u001b[31m404\u001b[39m \u001b[35m/api/v1/user/my-profile\u001b[39m \u001b[93m73 ms\u001b[39m","size":"531","timestamp":"2025-07-13 01:17:48"}
{"level":"info","message":" Incoming Request \u001b[32mGET\u001b[39m \u001b[31m404\u001b[39m \u001b[35m/api/v1/user/my-profile\u001b[39m \u001b[93m74 ms\u001b[39m","size":"531","timestamp":"2025-07-13 01:17:59"}
{"level":"info","message":"Root endpoint hit","timestamp":"2025-07-13 01:18:11"}
{"level":"info","message":" Incoming Request \u001b[32mGET\u001b[39m \u001b[32m200\u001b[39m \u001b[35m/\u001b[39m \u001b[93m1 ms\u001b[39m","size":"109","timestamp":"2025-07-13 01:18:11"}
{"level":"info","message":"Root endpoint hit","timestamp":"2025-07-13 01:19:12"}
{"level":"info","message":" Incoming Request \u001b[32mGET\u001b[39m \u001b[32m200\u001b[39m \u001b[35m/\u001b[39m \u001b[93m1 ms\u001b[39m","size":"109","timestamp":"2025-07-13 01:19:12"}
{"level":"info","message":" Incoming Request \u001b[34mPOST\u001b[39m \u001b[31m404\u001b[39m \u001b[35m/api/v1/user/login\u001b[39m \u001b[93m146 ms\u001b[39m","size":"570","timestamp":"2025-07-13 01:19:45"}
{"level":"info","message":" Incoming Request \u001b[32mGET\u001b[39m \u001b[31m404\u001b[39m \u001b[35m/api/v1/user/my-profile\u001b[39m \u001b[93m72 ms\u001b[39m","size":"531","timestamp":"2025-07-13 01:19:45"}
{"level":"info","message":" Incoming Request \u001b[34mPOST\u001b[39m \u001b[31m404\u001b[39m \u001b[35m/api/v1/user/login\u001b[39m \u001b[93m144 ms\u001b[39m","size":"570","timestamp":"2025-07-13 01:19:51"}
{"level":"info","message":" Incoming Request \u001b[32mGET\u001b[39m \u001b[31m404\u001b[39m \u001b[35m/api/v1/user/my-profile\u001b[39m \u001b[93m74 ms\u001b[39m","size":"531","timestamp":"2025-07-13 01:19:51"}
{"level":"info","message":" Incoming Request \u001b[34mPOST\u001b[39m \u001b[31m401\u001b[39m \u001b[35m/api/v1/user/login\u001b[39m \u001b[93m356 ms\u001b[39m","size":"447","timestamp":"2025-07-13 01:20:03"}
{"level":"info","message":" Incoming Request \u001b[32mGET\u001b[39m \u001b[31m404\u001b[39m \u001b[35m/api/v1/user/my-profile\u001b[39m \u001b[93m75 ms\u001b[39m","size":"531","timestamp":"2025-07-13 01:20:03"}
{"level":"info","message":" Incoming Request \u001b[34mPOST\u001b[39m \u001b[32m200\u001b[39m \u001b[35m/api/v1/user/login\u001b[39m \u001b[93m358 ms\u001b[39m","size":"652","timestamp":"2025-07-13 01:20:13"}
{"level":"info","message":" Incoming Request \u001b[32mGET\u001b[39m \u001b[31m404\u001b[39m \u001b[35m/api/v1/user/my-profile\u001b[39m \u001b[93m74 ms\u001b[39m","size":"531","timestamp":"2025-07-13 01:20:13"}
{"level":"info","message":"Root endpoint hit","timestamp":"2025-07-13 01:20:13"}
{"level":"info","message":" Incoming Request \u001b[32mGET\u001b[39m \u001b[32m200\u001b[39m \u001b[35m/\u001b[39m \u001b[93m1 ms\u001b[39m","size":"109","timestamp":"2025-07-13 01:20:13"}
{"level":"info","message":"Root endpoint hit","timestamp":"2025-07-13 01:21:14"}
{"level":"info","message":" Incoming Request \u001b[32mGET\u001b[39m \u001b[32m200\u001b[39m \u001b[35m/\u001b[39m \u001b[93m1 ms\u001b[39m","size":"109","timestamp":"2025-07-13 01:21:14"}
{"level":"info","message":" Incoming Request \u001b[32mGET\u001b[39m \u001b[32m200\u001b[39m \u001b[35m/api/v1/job/all\u001b[39m \u001b[93m251 ms\u001b[39m","size":"747","timestamp":"2025-07-13 14:21:28"}
{"level":"info","message":" Incoming Request \u001b[32mGET\u001b[39m \u001b[32m200\u001b[39m \u001b[35m/api/v1/job/all\u001b[39m \u001b[93m253 ms\u001b[39m","size":"5207","timestamp":"2025-07-13 14:21:59"}
{"level":"info","message":"Root endpoint hit","timestamp":"2025-07-13 01:22:15"}
{"level":"info","message":" Incoming Request \u001b[32mGET\u001b[39m \u001b[32m200\u001b[39m \u001b[35m/\u001b[39m \u001b[93m1 ms\u001b[39m","size":"109","timestamp":"2025-07-13 01:22:15"}
{"level":"info","message":"Root endpoint hit","timestamp":"2025-07-13 01:23:16"}
{"level":"info","message":" Incoming Request \u001b[32mGET\u001b[39m \u001b[32m200\u001b[39m \u001b[35m/\u001b[39m \u001b[93m1 ms\u001b[39m","size":"109","timestamp":"2025-07-13 01:23:16"}
{"level":"info","message":" Incoming Request \u001b[32mGET\u001b[39m \u001b[32m200\u001b[39m \u001b[35m/api/v1/job/all?searchTerm=Graphic%20Design\u001b[39m \u001b[93m245 ms\u001b[39m","size":"2193","timestamp":"2025-07-13 14:23:42"}
{"level":"info","message":" Incoming Request \u001b[32mGET\u001b[39m \u001b[32m200\u001b[39m \u001b[35m/api/v1/job/all?searchTerm=Design\u001b[39m \u001b[93m245 ms\u001b[39m","size":"4230","timestamp":"2025-07-13 14:23:50"}
{"level":"info","message":"Root endpoint hit","timestamp":"2025-07-13 01:24:17"}
{"level":"info","message":" Incoming Request \u001b[32mGET\u001b[39m \u001b[32m200\u001b[39m \u001b[35m/\u001b[39m \u001b[93m1 ms\u001b[39m","size":"109","timestamp":"2025-07-13 01:24:17"}
{"level":"info","message":" Incoming Request \u001b[32mGET\u001b[39m \u001b[32m200\u001b[39m \u001b[35m/api/v1/job/all?searchTerm=front\u001b[39m \u001b[93m244 ms\u001b[39m","size":"1155","timestamp":"2025-07-13 14:24:24"}
{"level":"info","message":" Incoming Request \u001b[32mGET\u001b[39m \u001b[32m200\u001b[39m \u001b[35m/api/v1/job/all?searchTerm=dev\u001b[39m \u001b[93m243 ms\u001b[39m","size":"1155","timestamp":"2025-07-13 14:24:38"}
{"level":"info","message":" Incoming Request \u001b[32mGET\u001b[39m \u001b[32m200\u001b[39m \u001b[35m/api/v1/job/all?searchTerm=%20back%20\u001b[39m \u001b[93m243 ms\u001b[39m","size":"1201","timestamp":"2025-07-13 14:24:52"}
{"level":"info","message":" Incoming Request \u001b[32mGET\u001b[39m \u001b[32m200\u001b[39m \u001b[35m/api/v1/user/my-profile\u001b[39m \u001b[93m145 ms\u001b[39m","size":"330","timestamp":"2025-07-13 01:24:53"}
{"level":"info","message":" Incoming Request \u001b[34mPOST\u001b[39m \u001b[32m200\u001b[39m \u001b[35m/api/v1/uploded\u001b[39m \u001b[93m100 ms\u001b[39m","size":"260","timestamp":"2025-07-13 01:25:00"}
{"level":"info","message":" Incoming Request \u001b[32mGET\u001b[39m \u001b[32m200\u001b[39m \u001b[35m/api/v1/job/all?searchTerm=back\u001b[39m \u001b[93m242 ms\u001b[39m","size":"1201","timestamp":"2025-07-13 14:25:03"}
{"level":"info","message":"Root endpoint hit","timestamp":"2025-07-13 01:25:18"}
{"level":"info","message":" Incoming Request \u001b[32mGET\u001b[39m \u001b[32m200\u001b[39m \u001b[35m/\u001b[39m \u001b[93m1 ms\u001b[39m","size":"109","timestamp":"2025-07-13 01:25:18"}
{"level":"info","message":" Incoming Request \u001b[34mPOST\u001b[39m \u001b[32m200\u001b[39m \u001b[35m/api/v1/user/candidate-identity-verification?step=1\u001b[39m \u001b[93m311 ms\u001b[39m","size":"393","timestamp":"2025-07-13 01:25:49"}
{"level":"info","message":" Incoming Request \u001b[32mGET\u001b[39m \u001b[32m200\u001b[39m \u001b[35m/api/v1/user/my-profile\u001b[39m \u001b[93m145 ms\u001b[39m","size":"330","timestamp":"2025-07-13 01:25:49"}
{"level":"info","message":" Incoming Request \u001b[34mPOST\u001b[39m \u001b[32m200\u001b[39m \u001b[35m/api/v1/user/candidate-identity-verification?step=2\u001b[39m \u001b[93m291 ms\u001b[39m","size":"393","timestamp":"2025-07-13 01:26:09"}
{"level":"info","message":" Incoming Request \u001b[32mGET\u001b[39m \u001b[32m200\u001b[39m \u001b[35m/api/v1/user/my-profile\u001b[39m \u001b[93m144 ms\u001b[39m","size":"330","timestamp":"2025-07-13 01:26:10"}
{"level":"info","message":"Root endpoint hit","timestamp":"2025-07-13 01:26:19"}
{"level":"info","message":" Incoming Request \u001b[32mGET\u001b[39m \u001b[32m200\u001b[39m \u001b[35m/\u001b[39m \u001b[93m1 ms\u001b[39m","size":"109","timestamp":"2025-07-13 01:26:19"}
{"level":"info","message":" Incoming Request \u001b[34mPOST\u001b[39m \u001b[32m200\u001b[39m \u001b[35m/api/v1/user/candidate-identity-verification?step=3\u001b[39m \u001b[93m291 ms\u001b[39m","size":"393","timestamp":"2025-07-13 01:26:26"}
{"level":"info","message":" Incoming Request \u001b[32mGET\u001b[39m \u001b[32m200\u001b[39m \u001b[35m/api/v1/user/my-profile\u001b[39m \u001b[93m146 ms\u001b[39m","size":"330","timestamp":"2025-07-13 01:26:27"}
{"level":"info","message":" Incoming Request \u001b[32mGET\u001b[39m \u001b[32m200\u001b[39m \u001b[35m/api/v1/category/all?\u001b[39m \u001b[93m75 ms\u001b[39m","size":"1300","timestamp":"2025-07-13 01:26:28"}
{"level":"info","message":" Incoming Request \u001b[34mPOST\u001b[39m \u001b[31m400\u001b[39m \u001b[35m/api/v1/user/candidate-identity-verification?step=4\u001b[39m \u001b[93m6 ms\u001b[39m","size":"940","timestamp":"2025-07-13 01:26:44"}
{"level":"info","message":" Incoming Request \u001b[32mGET\u001b[39m \u001b[34m304\u001b[39m \u001b[35m/api/v1/user/my-profile\u001b[39m \u001b[93m144 ms\u001b[39m","size":0,"timestamp":"2025-07-13 01:26:44"}
{"level":"info","message":" Incoming Request \u001b[34mPOST\u001b[39m \u001b[31m400\u001b[39m \u001b[35m/api/v1/user/candidate-identity-verification?step=4\u001b[39m \u001b[93m2 ms\u001b[39m","size":"940","timestamp":"2025-07-13 01:27:06"}
{"level":"info","message":" Incoming Request \u001b[32mGET\u001b[39m \u001b[34m304\u001b[39m \u001b[35m/api/v1/user/my-profile\u001b[39m \u001b[93m145 ms\u001b[39m","size":0,"timestamp":"2025-07-13 01:27:07"}
{"level":"info","message":"Root endpoint hit","timestamp":"2025-07-13 01:27:20"}
{"level":"info","message":" Incoming Request \u001b[32mGET\u001b[39m \u001b[32m200\u001b[39m \u001b[35m/\u001b[39m \u001b[93m1 ms\u001b[39m","size":"109","timestamp":"2025-07-13 01:27:20"}
{"level":"info","message":"Root endpoint hit","timestamp":"2025-07-13 14:28:21"}
{"level":"info","message":" Incoming Request \u001b[32mGET\u001b[39m \u001b[32m200\u001b[39m \u001b[35m/\u001b[39m \u001b[93m5 ms\u001b[39m","size":"109","timestamp":"2025-07-13 14:28:21"}
{"level":"info","message":" Incoming Request \u001b[32mGET\u001b[39m \u001b[34m304\u001b[39m \u001b[35m/api/v1/user/my-profile\u001b[39m \u001b[93m161 ms\u001b[39m","size":0,"timestamp":"2025-07-13 14:28:46"}
{"level":"info","message":" Incoming Request \u001b[32mGET\u001b[39m \u001b[34m304\u001b[39m \u001b[35m/api/v1/category/all?\u001b[39m \u001b[93m80 ms\u001b[39m","size":0,"timestamp":"2025-07-13 14:28:58"}
{"level":"info","message":"Root endpoint hit","timestamp":"2025-07-13 14:29:22"}
{"level":"info","message":" Incoming Request \u001b[32mGET\u001b[39m \u001b[32m200\u001b[39m \u001b[35m/\u001b[39m \u001b[93m1 ms\u001b[39m","size":"109","timestamp":"2025-07-13 14:29:22"}
{"level":"info","message":" Incoming Request \u001b[34mPOST\u001b[39m \u001b[32m200\u001b[39m \u001b[35m/api/v1/user/candidate-identity-verification?step=4\u001b[39m \u001b[93m469 ms\u001b[39m","size":"1329","timestamp":"2025-07-13 14:29:51"}
{"level":"info","message":" Incoming Request \u001b[32mGET\u001b[39m \u001b[32m200\u001b[39m \u001b[35m/api/v1/user/my-profile\u001b[39m \u001b[93m225 ms\u001b[39m","size":"1248","timestamp":"2025-07-13 14:29:52"}
{"level":"info","message":" Incoming Request \u001b[32mGET\u001b[39m \u001b[34m304\u001b[39m \u001b[35m/api/v1/user/my-profile\u001b[39m \u001b[93m225 ms\u001b[39m","size":0,"timestamp":"2025-07-13 14:30:19"}
{"level":"info","message":"Root endpoint hit","timestamp":"2025-07-13 14:30:23"}
{"level":"info","message":" Incoming Request \u001b[32mGET\u001b[39m \u001b[32m200\u001b[39m \u001b[35m/\u001b[39m \u001b[93m3 ms\u001b[39m","size":"109","timestamp":"2025-07-13 14:30:23"}
{"level":"info","message":" Incoming Request \u001b[32mGET\u001b[39m \u001b[34m304\u001b[39m \u001b[35m/api/v1/category/all?\u001b[39m \u001b[93m75 ms\u001b[39m","size":0,"timestamp":"2025-07-13 14:30:39"}
{"level":"info","message":"Root endpoint hit","timestamp":"2025-07-13 14:31:24"}
{"level":"info","message":" Incoming Request \u001b[32mGET\u001b[39m \u001b[32m200\u001b[39m \u001b[35m/\u001b[39m \u001b[93m1 ms\u001b[39m","size":"109","timestamp":"2025-07-13 14:31:24"}
{"level":"info","message":" Incoming Request \u001b[32mGET\u001b[39m \u001b[32m200\u001b[39m \u001b[35m/api/v1/user/my-profile\u001b[39m \u001b[93m253 ms\u001b[39m","size":"1248","timestamp":"2025-07-13 14:31:43"}
{"level":"info","message":" Incoming Request \u001b[32mGET\u001b[39m \u001b[34m304\u001b[39m \u001b[35m/api/v1/user/my-profile\u001b[39m \u001b[93m224 ms\u001b[39m","size":0,"timestamp":"2025-07-13 14:32:19"}
{"level":"info","message":"Root endpoint hit","timestamp":"2025-07-13 14:32:25"}
{"level":"info","message":" Incoming Request \u001b[32mGET\u001b[39m \u001b[32m200\u001b[39m \u001b[35m/\u001b[39m \u001b[93m0 ms\u001b[39m","size":"109","timestamp":"2025-07-13 14:32:25"}
{"level":"info","message":"Root endpoint hit","timestamp":"2025-07-13 14:33:26"}
{"level":"info","message":" Incoming Request \u001b[32mGET\u001b[39m \u001b[32m200\u001b[39m \u001b[35m/\u001b[39m \u001b[93m1 ms\u001b[39m","size":"109","timestamp":"2025-07-13 14:33:26"}
{"level":"info","message":"Root endpoint hit","timestamp":"2025-07-13 14:34:27"}
{"level":"info","message":" Incoming Request \u001b[32mGET\u001b[39m \u001b[32m200\u001b[39m \u001b[35m/\u001b[39m \u001b[93m1 ms\u001b[39m","size":"109","timestamp":"2025-07-13 14:34:27"}
{"level":"info","message":"Root endpoint hit","timestamp":"2025-07-13 14:35:29"}
{"level":"info","message":" Incoming Request \u001b[32mGET\u001b[39m \u001b[32m200\u001b[39m \u001b[35m/\u001b[39m \u001b[93m1 ms\u001b[39m","size":"109","timestamp":"2025-07-13 14:35:29"}
{"level":"info","message":" Incoming Request \u001b[32mGET\u001b[39m \u001b[32m200\u001b[39m \u001b[35m/api/v1/job/all\u001b[39m \u001b[93m238 ms\u001b[39m","size":"5207","timestamp":"2025-07-13 14:36:06"}
{"level":"info","message":" Incoming Request \u001b[32mGET\u001b[39m \u001b[32m200\u001b[39m \u001b[35m/api/v1/job/all?experience=8-10\u001b[39m \u001b[93m239 ms\u001b[39m","size":"4230","timestamp":"2025-07-13 14:36:27"}
{"level":"info","message":"Root endpoint hit","timestamp":"2025-07-13 14:36:29"}
{"level":"info","message":" Incoming Request \u001b[32mGET\u001b[39m \u001b[32m200\u001b[39m \u001b[35m/\u001b[39m \u001b[93m1 ms\u001b[39m","size":"109","timestamp":"2025-07-13 14:36:29"}
{"level":"info","message":" Incoming Request \u001b[32mGET\u001b[39m \u001b[34m304\u001b[39m \u001b[35m/api/v1/user/my-profile\u001b[39m \u001b[93m226 ms\u001b[39m","size":0,"timestamp":"2025-07-13 14:37:17"}
{"level":"info","message":"Root endpoint hit","timestamp":"2025-07-13 14:37:30"}
{"level":"info","message":" Incoming Request \u001b[32mGET\u001b[39m \u001b[32m200\u001b[39m \u001b[35m/\u001b[39m \u001b[93m1 ms\u001b[39m","size":"109","timestamp":"2025-07-13 14:37:30"}
{"level":"info","message":"Root endpoint hit","timestamp":"2025-07-13 14:38:31"}
{"level":"info","message":" Incoming Request \u001b[32mGET\u001b[39m \u001b[32m200\u001b[39m \u001b[35m/\u001b[39m \u001b[93m1 ms\u001b[39m","size":"109","timestamp":"2025-07-13 14:38:31"}
{"level":"info","message":" Incoming Request \u001b[32mGET\u001b[39m \u001b[34m304\u001b[39m \u001b[35m/api/v1/category/all?\u001b[39m \u001b[93m75 ms\u001b[39m","size":0,"timestamp":"2025-07-13 14:39:03"}
{"level":"info","message":"Root endpoint hit","timestamp":"2025-07-13 14:39:31"}
{"level":"info","message":" Incoming Request \u001b[32mGET\u001b[39m \u001b[32m200\u001b[39m \u001b[35m/\u001b[39m \u001b[93m0 ms\u001b[39m","size":"109","timestamp":"2025-07-13 14:39:31"}
{"level":"info","message":"Root endpoint hit","timestamp":"2025-07-13 14:40:32"}
{"level":"info","message":" Incoming Request \u001b[32mGET\u001b[39m \u001b[32m200\u001b[39m \u001b[35m/\u001b[39m \u001b[93m1 ms\u001b[39m","size":"109","timestamp":"2025-07-13 14:40:32"}
{"level":"info","message":" Incoming Request \u001b[32mGET\u001b[39m \u001b[34m304\u001b[39m \u001b[35m/api/v1/user/my-profile\u001b[39m \u001b[93m226 ms\u001b[39m","size":0,"timestamp":"2025-07-13 14:40:43"}
{"level":"info","message":" Incoming Request \u001b[32mGET\u001b[39m \u001b[34m304\u001b[39m \u001b[35m/api/v1/category/all?\u001b[39m \u001b[93m74 ms\u001b[39m","size":0,"timestamp":"2025-07-13 14:40:45"}
{"level":"info","message":"Root endpoint hit","timestamp":"2025-07-13 14:41:32"}
{"level":"info","message":" Incoming Request \u001b[32mGET\u001b[39m \u001b[32m200\u001b[39m \u001b[35m/\u001b[39m \u001b[93m1 ms\u001b[39m","size":"109","timestamp":"2025-07-13 14:41:32"}
{"level":"info","message":" Incoming Request \u001b[32mGET\u001b[39m \u001b[32m200\u001b[39m \u001b[35m/api/v1/user/my-profile\u001b[39m \u001b[93m256 ms\u001b[39m","size":"1248","timestamp":"2025-07-13 14:42:18"}
{"level":"info","message":"Root endpoint hit","timestamp":"2025-07-13 14:42:31"}
{"level":"info","message":" Incoming Request \u001b[32mGET\u001b[39m \u001b[32m200\u001b[39m \u001b[35m/\u001b[39m \u001b[93m1 ms\u001b[39m","size":"109","timestamp":"2025-07-13 14:42:31"}
{"level":"info","message":" Incoming Request \u001b[34mPOST\u001b[39m \u001b[32m200\u001b[39m \u001b[35m/api/v1/user/candidate-identity-verification?step=2\u001b[39m \u001b[93m333 ms\u001b[39m","size":"947","timestamp":"2025-07-13 14:42:37"}
{"level":"info","message":" Incoming Request \u001b[32mGET\u001b[39m \u001b[32m200\u001b[39m \u001b[35m/api/v1/user/my-profile\u001b[39m \u001b[93m246 ms\u001b[39m","size":"871","timestamp":"2025-07-13 14:42:43"}
{"level":"info","message":"Root endpoint hit","timestamp":"2025-07-13 14:43:33"}
{"level":"info","message":" Incoming Request \u001b[32mGET\u001b[39m \u001b[32m200\u001b[39m \u001b[35m/\u001b[39m \u001b[93m1 ms\u001b[39m","size":"109","timestamp":"2025-07-13 14:43:33"}
{"level":"info","message":" Incoming Request \u001b[32mGET\u001b[39m \u001b[32m200\u001b[39m \u001b[35m/api/v1/user/my-profile\u001b[39m \u001b[93m224 ms\u001b[39m","size":"871","timestamp":"2025-07-13 14:43:44"}
{"level":"info","message":"Root endpoint hit","timestamp":"2025-07-13 14:44:31"}
{"level":"info","message":" Incoming Request \u001b[32mGET\u001b[39m \u001b[32m200\u001b[39m \u001b[35m/\u001b[39m \u001b[93m1 ms\u001b[39m","size":"109","timestamp":"2025-07-13 14:44:31"}
{"level":"info","message":" Incoming Request \u001b[32mGET\u001b[39m \u001b[34m304\u001b[39m \u001b[35m/api/v1/category/all?\u001b[39m \u001b[93m75 ms\u001b[39m","size":0,"timestamp":"2025-07-13 14:44:36"}
{"level":"info","message":" Incoming Request \u001b[32mGET\u001b[39m \u001b[34m304\u001b[39m \u001b[35m/api/v1/user/my-profile\u001b[39m \u001b[93m222 ms\u001b[39m","size":0,"timestamp":"2025-07-13 14:44:49"}
{"level":"info","message":"Root endpoint hit","timestamp":"2025-07-13 14:45:31"}
{"level":"info","message":" Incoming Request \u001b[32mGET\u001b[39m \u001b[32m200\u001b[39m \u001b[35m/\u001b[39m \u001b[93m1 ms\u001b[39m","size":"109","timestamp":"2025-07-13 14:45:31"}
{"level":"info","message":" Incoming Request \u001b[32mGET\u001b[39m \u001b[34m304\u001b[39m \u001b[35m/api/v1/category/all?\u001b[39m \u001b[93m73 ms\u001b[39m","size":0,"timestamp":"2025-07-13 14:46:08"}
{"level":"info","message":"Root endpoint hit","timestamp":"2025-07-13 14:46:31"}
{"level":"info","message":" Incoming Request \u001b[32mGET\u001b[39m \u001b[32m200\u001b[39m \u001b[35m/\u001b[39m \u001b[93m1 ms\u001b[39m","size":"109","timestamp":"2025-07-13 14:46:31"}
{"level":"info","message":" Incoming Request \u001b[34mPOST\u001b[39m \u001b[33m500\u001b[39m \u001b[35m/api/v1/user/job-alert\u001b[39m \u001b[93m2 ms\u001b[39m","size":"961","timestamp":"2025-07-13 14:47:15"}
{"level":"info","message":" Incoming Request \u001b[32mGET\u001b[39m \u001b[34m304\u001b[39m \u001b[35m/api/v1/user/my-profile\u001b[39m \u001b[93m222 ms\u001b[39m","size":0,"timestamp":"2025-07-13 14:47:15"}
{"level":"info","message":"Root endpoint hit","timestamp":"2025-07-13 14:47:32"}
{"level":"info","message":" Incoming Request \u001b[32mGET\u001b[39m \u001b[32m200\u001b[39m \u001b[35m/\u001b[39m \u001b[93m2 ms\u001b[39m","size":"109","timestamp":"2025-07-13 14:47:32"}
{"level":"info","message":" Incoming Request \u001b[34mPOST\u001b[39m \u001b[33m500\u001b[39m \u001b[35m/api/v1/user/job-alert\u001b[39m \u001b[93m3 ms\u001b[39m","size":"961","timestamp":"2025-07-13 14:47:35"}
{"level":"info","message":" Incoming Request \u001b[32mGET\u001b[39m \u001b[34m304\u001b[39m \u001b[35m/api/v1/user/my-profile\u001b[39m \u001b[93m220 ms\u001b[39m","size":0,"timestamp":"2025-07-13 14:47:36"}
{"level":"info","message":"Root endpoint hit","timestamp":"2025-07-13 14:48:31"}
{"level":"info","message":" Incoming Request \u001b[32mGET\u001b[39m \u001b[32m200\u001b[39m \u001b[35m/\u001b[39m \u001b[93m1 ms\u001b[39m","size":"109","timestamp":"2025-07-13 14:48:31"}
{"level":"info","message":"Root endpoint hit","timestamp":"2025-07-13 14:49:31"}
{"level":"info","message":" Incoming Request \u001b[32mGET\u001b[39m \u001b[32m200\u001b[39m \u001b[35m/\u001b[39m \u001b[93m0 ms\u001b[39m","size":"109","timestamp":"2025-07-13 14:49:31"}
{"level":"info","message":" Incoming Request \u001b[34mPOST\u001b[39m \u001b[33m500\u001b[39m \u001b[35m/api/v1/user/job-alert\u001b[39m \u001b[93m2 ms\u001b[39m","size":"961","timestamp":"2025-07-13 14:49:48"}
{"level":"info","message":" Incoming Request \u001b[32mGET\u001b[39m \u001b[34m304\u001b[39m \u001b[35m/api/v1/user/my-profile\u001b[39m \u001b[93m223 ms\u001b[39m","size":0,"timestamp":"2025-07-13 14:49:48"}
{"level":"info","message":"Root endpoint hit","timestamp":"2025-07-13 14:50:31"}
{"level":"info","message":" Incoming Request \u001b[32mGET\u001b[39m \u001b[32m200\u001b[39m \u001b[35m/\u001b[39m \u001b[93m1 ms\u001b[39m","size":"109","timestamp":"2025-07-13 14:50:31"}
{"level":"info","message":"Root endpoint hit","timestamp":"2025-07-13 14:51:31"}
{"level":"info","message":" Incoming Request \u001b[32mGET\u001b[39m \u001b[32m200\u001b[39m \u001b[35m/\u001b[39m \u001b[93m1 ms\u001b[39m","size":"109","timestamp":"2025-07-13 14:51:31"}
{"level":"info","message":" Incoming Request \u001b[34mPOST\u001b[39m \u001b[33m500\u001b[39m \u001b[35m/api/v1/user/job-alert\u001b[39m \u001b[93m3 ms\u001b[39m","size":"961","timestamp":"2025-07-13 14:51:48"}
{"level":"info","message":" Incoming Request \u001b[32mGET\u001b[39m \u001b[34m304\u001b[39m \u001b[35m/api/v1/user/my-profile\u001b[39m \u001b[93m224 ms\u001b[39m","size":0,"timestamp":"2025-07-13 14:51:49"}
{"level":"info","message":"Root endpoint hit","timestamp":"2025-07-13 14:52:31"}
{"level":"info","message":" Incoming Request \u001b[32mGET\u001b[39m \u001b[32m200\u001b[39m \u001b[35m/\u001b[39m \u001b[93m0 ms\u001b[39m","size":"109","timestamp":"2025-07-13 14:52:31"}
{"level":"info","message":" Incoming Request \u001b[32mGET\u001b[39m \u001b[32m200\u001b[39m \u001b[35m/api/v1/user/my-profile\u001b[39m \u001b[93m235 ms\u001b[39m","size":"2441","timestamp":"2025-07-13 14:52:37"}
{"level":"info","message":"Root endpoint hit","timestamp":"2025-07-13 14:53:32"}
{"level":"info","message":" Incoming Request \u001b[32mGET\u001b[39m \u001b[32m200\u001b[39m \u001b[35m/\u001b[39m \u001b[93m0 ms\u001b[39m","size":"109","timestamp":"2025-07-13 14:53:32"}
{"level":"info","message":" Incoming Request \u001b[32mGET\u001b[39m \u001b[34m304\u001b[39m \u001b[35m/api/v1/user/my-profile\u001b[39m \u001b[93m224 ms\u001b[39m","size":0,"timestamp":"2025-07-13 14:54:11"}
{"level":"info","message":" Incoming Request \u001b[32mGET\u001b[39m \u001b[34m304\u001b[39m \u001b[35m/api/v1/category/all?\u001b[39m \u001b[93m74 ms\u001b[39m","size":0,"timestamp":"2025-07-13 14:54:13"}
{"level":"info","message":" Incoming Request \u001b[32mGET\u001b[39m \u001b[32m200\u001b[39m \u001b[35m/api/v1/user/my-profile\u001b[39m \u001b[93m251 ms\u001b[39m","size":"2427","timestamp":"2025-07-13 14:54:17"}
{"level":"info","message":" Incoming Request \u001b[32mGET\u001b[39m \u001b[32m200\u001b[39m \u001b[35m/api/v1/user/my-profile\u001b[39m \u001b[93m240 ms\u001b[39m","size":"2427","timestamp":"2025-07-13 14:54:19"}
{"level":"info","message":" Incoming Request \u001b[32mGET\u001b[39m \u001b[32m200\u001b[39m \u001b[35m/api/v1/user/my-profile\u001b[39m \u001b[93m245 ms\u001b[39m","size":"2427","timestamp":"2025-07-13 14:54:21"}
{"level":"info","message":" Incoming Request \u001b[32mGET\u001b[39m \u001b[32m200\u001b[39m \u001b[35m/api/v1/user/my-profile\u001b[39m \u001b[93m245 ms\u001b[39m","size":"2427","timestamp":"2025-07-13 14:54:23"}
{"level":"info","message":"Root endpoint hit","timestamp":"2025-07-13 14:54:32"}
{"level":"info","message":" Incoming Request \u001b[32mGET\u001b[39m \u001b[32m200\u001b[39m \u001b[35m/\u001b[39m \u001b[93m1 ms\u001b[39m","size":"109","timestamp":"2025-07-13 14:54:32"}
{"level":"info","message":"Root endpoint hit","timestamp":"2025-07-13 14:55:31"}
{"level":"info","message":" Incoming Request \u001b[32mGET\u001b[39m \u001b[32m200\u001b[39m \u001b[35m/\u001b[39m \u001b[93m1 ms\u001b[39m","size":"109","timestamp":"2025-07-13 14:55:31"}
{"level":"info","message":" Incoming Request \u001b[32mGET\u001b[39m \u001b[32m200\u001b[39m \u001b[35m/api/v1/user/my-profile\u001b[39m \u001b[93m258 ms\u001b[39m","size":"2427","timestamp":"2025-07-13 14:55:34"}
{"level":"info","message":"Root endpoint hit","timestamp":"2025-07-13 14:56:31"}
{"level":"info","message":" Incoming Request \u001b[32mGET\u001b[39m \u001b[32m200\u001b[39m \u001b[35m/\u001b[39m \u001b[93m1 ms\u001b[39m","size":"109","timestamp":"2025-07-13 14:56:31"}
{"level":"info","message":" Incoming Request \u001b[32mGET\u001b[39m \u001b[32m200\u001b[39m \u001b[35m/api/v1/user/my-profile\u001b[39m \u001b[93m254 ms\u001b[39m","size":"2441","timestamp":"2025-07-13 14:56:38"}
{"level":"info","message":" Incoming Request \u001b[32mGET\u001b[39m \u001b[32m200\u001b[39m \u001b[35m/api/v1/user/my-profile\u001b[39m \u001b[93m245 ms\u001b[39m","size":"2441","timestamp":"2025-07-13 14:56:40"}
{"level":"info","message":" Incoming Request \u001b[32mGET\u001b[39m \u001b[32m200\u001b[39m \u001b[35m/api/v1/user/my-profile\u001b[39m \u001b[93m241 ms\u001b[39m","size":"2441","timestamp":"2025-07-13 14:56:41"}
{"level":"info","message":" Incoming Request \u001b[32mGET\u001b[39m \u001b[32m200\u001b[39m \u001b[35m/api/v1/user/my-profile\u001b[39m \u001b[93m240 ms\u001b[39m","size":"2441","timestamp":"2025-07-13 14:56:44"}
{"level":"info","message":" Incoming Request \u001b[32mGET\u001b[39m \u001b[32m200\u001b[39m \u001b[35m/api/v1/user/my-profile\u001b[39m \u001b[93m246 ms\u001b[39m","size":"1291","timestamp":"2025-07-13 14:56:54"}
{"level":"info","message":"Root endpoint hit","timestamp":"2025-07-13 14:57:31"}
{"level":"info","message":" Incoming Request \u001b[32mGET\u001b[39m \u001b[32m200\u001b[39m \u001b[35m/\u001b[39m \u001b[93m0 ms\u001b[39m","size":"109","timestamp":"2025-07-13 14:57:31"}
{"level":"info","message":" Incoming Request \u001b[32mGET\u001b[39m \u001b[32m200\u001b[39m \u001b[35m/api/v1/user/my-profile\u001b[39m \u001b[93m307 ms\u001b[39m","size":"2427","timestamp":"2025-07-13 14:57:56"}
{"level":"info","message":"Root endpoint hit","timestamp":"2025-07-13 14:58:31"}
{"level":"info","message":" Incoming Request \u001b[32mGET\u001b[39m \u001b[32m200\u001b[39m \u001b[35m/\u001b[39m \u001b[93m1 ms\u001b[39m","size":"109","timestamp":"2025-07-13 14:58:31"}
{"level":"info","message":"Root endpoint hit","timestamp":"2025-07-13 14:59:31"}
{"level":"info","message":" Incoming Request \u001b[32mGET\u001b[39m \u001b[32m200\u001b[39m \u001b[35m/\u001b[39m \u001b[93m1 ms\u001b[39m","size":"109","timestamp":"2025-07-13 14:59:31"}
{"level":"info","message":"Root endpoint hit","timestamp":"2025-07-13 15:00:31"}
{"level":"info","message":" Incoming Request \u001b[32mGET\u001b[39m \u001b[32m200\u001b[39m \u001b[35m/\u001b[39m \u001b[93m1 ms\u001b[39m","size":"109","timestamp":"2025-07-13 15:00:31"}
{"level":"info","message":"Root endpoint hit","timestamp":"2025-07-13 15:01:31"}
{"level":"info","message":" Incoming Request \u001b[32mGET\u001b[39m \u001b[32m200\u001b[39m \u001b[35m/\u001b[39m \u001b[93m1 ms\u001b[39m","size":"109","timestamp":"2025-07-13 15:01:31"}
{"level":"info","message":"Root endpoint hit","timestamp":"2025-07-13 15:02:31"}
{"level":"info","message":" Incoming Request \u001b[32mGET\u001b[39m \u001b[32m200\u001b[39m \u001b[35m/\u001b[39m \u001b[93m1 ms\u001b[39m","size":"109","timestamp":"2025-07-13 15:02:31"}
{"level":"info","message":" Incoming Request \u001b[34mPOST\u001b[39m \u001b[31m400\u001b[39m \u001b[35m/api/v1/user/cv-update\u001b[39m \u001b[93m2 ms\u001b[39m","size":"1447","timestamp":"2025-07-13 15:03:02"}
{"level":"info","message":"Root endpoint hit","timestamp":"2025-07-13 15:03:31"}
{"level":"info","message":" Incoming Request \u001b[32mGET\u001b[39m \u001b[32m200\u001b[39m \u001b[35m/\u001b[39m \u001b[93m1 ms\u001b[39m","size":"109","timestamp":"2025-07-13 15:03:31"}
{"level":"info","message":" Incoming Request \u001b[34mPOST\u001b[39m \u001b[32m200\u001b[39m \u001b[35m/api/v1/user/cv-update\u001b[39m \u001b[93m90 ms\u001b[39m","size":"860","timestamp":"2025-07-13 15:03:50"}
{"level":"info","message":" Incoming Request \u001b[32mGET\u001b[39m \u001b[32m200\u001b[39m \u001b[35m/api/v1/user/my-profile\u001b[39m \u001b[93m241 ms\u001b[39m","size":"2713","timestamp":"2025-07-13 15:04:04"}
{"level":"info","message":"Root endpoint hit","timestamp":"2025-07-13 15:04:31"}
{"level":"info","message":" Incoming Request \u001b[32mGET\u001b[39m \u001b[32m200\u001b[39m \u001b[35m/\u001b[39m \u001b[93m1 ms\u001b[39m","size":"109","timestamp":"2025-07-13 15:04:31"}
{"level":"info","message":"Root endpoint hit","timestamp":"2025-07-13 15:05:31"}
{"level":"info","message":" Incoming Request \u001b[32mGET\u001b[39m \u001b[32m200\u001b[39m \u001b[35m/\u001b[39m \u001b[93m1 ms\u001b[39m","size":"109","timestamp":"2025-07-13 15:05:31"}
{"level":"info","message":" Incoming Request \u001b[32mGET\u001b[39m \u001b[32m200\u001b[39m \u001b[35m/api/v1/user/my-profile\u001b[39m \u001b[93m249 ms\u001b[39m","size":"2713","timestamp":"2025-07-13 15:06:14"}
{"level":"info","message":"Root endpoint hit","timestamp":"2025-07-13 15:06:31"}
{"level":"info","message":" Incoming Request \u001b[32mGET\u001b[39m \u001b[32m200\u001b[39m \u001b[35m/\u001b[39m \u001b[93m0 ms\u001b[39m","size":"109","timestamp":"2025-07-13 15:06:31"}
{"level":"info","message":"Root endpoint hit","timestamp":"2025-07-13 15:07:31"}
{"level":"info","message":" Incoming Request \u001b[32mGET\u001b[39m \u001b[32m200\u001b[39m \u001b[35m/\u001b[39m \u001b[93m0 ms\u001b[39m","size":"109","timestamp":"2025-07-13 15:07:31"}
{"level":"info","message":"Root endpoint hit","timestamp":"2025-07-13 15:08:31"}
{"level":"info","message":" Incoming Request \u001b[32mGET\u001b[39m \u001b[32m200\u001b[39m \u001b[35m/\u001b[39m \u001b[93m1 ms\u001b[39m","size":"109","timestamp":"2025-07-13 15:08:31"}
{"level":"info","message":"Root endpoint hit","timestamp":"2025-07-13 15:09:31"}
{"level":"info","message":" Incoming Request \u001b[32mGET\u001b[39m \u001b[32m200\u001b[39m \u001b[35m/\u001b[39m \u001b[93m1 ms\u001b[39m","size":"109","timestamp":"2025-07-13 15:09:31"}
{"level":"info","message":"Root endpoint hit","timestamp":"2025-07-13 15:10:31"}
{"level":"info","message":" Incoming Request \u001b[32mGET\u001b[39m \u001b[32m200\u001b[39m \u001b[35m/\u001b[39m \u001b[93m1 ms\u001b[39m","size":"109","timestamp":"2025-07-13 15:10:31"}
{"level":"info","message":"Root endpoint hit","timestamp":"2025-07-13 15:11:31"}
{"level":"info","message":" Incoming Request \u001b[32mGET\u001b[39m \u001b[32m200\u001b[39m \u001b[35m/\u001b[39m \u001b[93m0 ms\u001b[39m","size":"109","timestamp":"2025-07-13 15:11:31"}
{"level":"info","message":"Root endpoint hit","timestamp":"2025-07-13 15:12:32"}
{"level":"info","message":" Incoming Request \u001b[32mGET\u001b[39m \u001b[32m200\u001b[39m \u001b[35m/\u001b[39m \u001b[93m1 ms\u001b[39m","size":"109","timestamp":"2025-07-13 15:12:32"}
{"level":"info","message":"Root endpoint hit","timestamp":"2025-07-13 15:13:31"}
{"level":"info","message":" Incoming Request \u001b[32mGET\u001b[39m \u001b[32m200\u001b[39m \u001b[35m/\u001b[39m \u001b[93m0 ms\u001b[39m","size":"109","timestamp":"2025-07-13 15:13:31"}
{"level":"info","message":"Root endpoint hit","timestamp":"2025-07-13 15:14:31"}
{"level":"info","message":" Incoming Request \u001b[32mGET\u001b[39m \u001b[32m200\u001b[39m \u001b[35m/\u001b[39m \u001b[93m1 ms\u001b[39m","size":"109","timestamp":"2025-07-13 15:14:31"}
{"level":"info","message":"Root endpoint hit","timestamp":"2025-07-13 15:15:31"}
{"level":"info","message":" Incoming Request \u001b[32mGET\u001b[39m \u001b[32m200\u001b[39m \u001b[35m/\u001b[39m \u001b[93m1 ms\u001b[39m","size":"109","timestamp":"2025-07-13 15:15:31"}
{"level":"info","message":"Root endpoint hit","timestamp":"2025-07-13 15:16:31"}
{"level":"info","message":" Incoming Request \u001b[32mGET\u001b[39m \u001b[32m200\u001b[39m \u001b[35m/\u001b[39m \u001b[93m1 ms\u001b[39m","size":"109","timestamp":"2025-07-13 15:16:31"}
{"level":"info","message":"Root endpoint hit","timestamp":"2025-07-13 15:17:31"}
{"level":"info","message":" Incoming Request \u001b[32mGET\u001b[39m \u001b[32m200\u001b[39m \u001b[35m/\u001b[39m \u001b[93m1 ms\u001b[39m","size":"109","timestamp":"2025-07-13 15:17:31"}
{"level":"info","message":"Root endpoint hit","timestamp":"2025-07-13 15:18:31"}
{"level":"info","message":" Incoming Request \u001b[32mGET\u001b[39m \u001b[32m200\u001b[39m \u001b[35m/\u001b[39m \u001b[93m1 ms\u001b[39m","size":"109","timestamp":"2025-07-13 15:18:31"}
{"level":"info","message":" Incoming Request \u001b[34mPOST\u001b[39m \u001b[33m500\u001b[39m \u001b[35m/api/v1/user/job-alert\u001b[39m \u001b[93m1 ms\u001b[39m","size":"961","timestamp":"2025-07-13 15:18:39"}
{"level":"info","message":" Incoming Request \u001b[32mGET\u001b[39m \u001b[32m200\u001b[39m \u001b[35m/api/v1/user/my-profile\u001b[39m \u001b[93m222 ms\u001b[39m","size":"1014","timestamp":"2025-07-13 15:18:40"}
{"level":"info","message":" Incoming Request \u001b[34mPOST\u001b[39m \u001b[32m200\u001b[39m \u001b[35m/api/v1/user/job-alert\u001b[39m \u001b[93m347 ms\u001b[39m","size":"1135","timestamp":"2025-07-13 15:18:44"}
{"level":"info","message":" Incoming Request \u001b[34mPOST\u001b[39m \u001b[33m500\u001b[39m \u001b[35m/api/v1/user/job-alert\u001b[39m \u001b[93m1 ms\u001b[39m","size":"961","timestamp":"2025-07-13 15:19:23"}
{"level":"info","message":" Incoming Request \u001b[32mGET\u001b[39m \u001b[32m200\u001b[39m \u001b[35m/api/v1/user/my-profile\u001b[39m \u001b[93m219 ms\u001b[39m","size":"1045","timestamp":"2025-07-13 15:19:24"}
{"level":"info","message":"Root endpoint hit","timestamp":"2025-07-13 15:19:31"}
{"level":"info","message":" Incoming Request \u001b[32mGET\u001b[39m \u001b[32m200\u001b[39m \u001b[35m/\u001b[39m \u001b[93m0 ms\u001b[39m","size":"109","timestamp":"2025-07-13 15:19:31"}
{"level":"info","message":" Incoming Request \u001b[34mPOST\u001b[39m \u001b[33m500\u001b[39m \u001b[35m/api/v1/user/job-alert\u001b[39m \u001b[93m2 ms\u001b[39m","size":"961","timestamp":"2025-07-13 15:19:44"}
{"level":"info","message":" Incoming Request \u001b[32mGET\u001b[39m \u001b[34m304\u001b[39m \u001b[35m/api/v1/user/my-profile\u001b[39m \u001b[93m222 ms\u001b[39m","size":0,"timestamp":"2025-07-13 15:19:44"}
{"level":"info","message":"Root endpoint hit","timestamp":"2025-07-13 15:20:31"}
{"level":"info","message":" Incoming Request \u001b[32mGET\u001b[39m \u001b[32m200\u001b[39m \u001b[35m/\u001b[39m \u001b[93m1 ms\u001b[39m","size":"109","timestamp":"2025-07-13 15:20:31"}
{"level":"info","message":"Root endpoint hit","timestamp":"2025-07-13 15:21:31"}
{"level":"info","message":" Incoming Request \u001b[32mGET\u001b[39m \u001b[32m200\u001b[39m \u001b[35m/\u001b[39m \u001b[93m1 ms\u001b[39m","size":"109","timestamp":"2025-07-13 15:21:31"}
{"level":"info","message":"Root endpoint hit","timestamp":"2025-07-13 15:22:31"}
{"level":"info","message":" Incoming Request \u001b[32mGET\u001b[39m \u001b[32m200\u001b[39m \u001b[35m/\u001b[39m \u001b[93m1 ms\u001b[39m","size":"109","timestamp":"2025-07-13 15:22:31"}
{"level":"info","message":"Root endpoint hit","timestamp":"2025-07-13 15:23:31"}
{"level":"info","message":" Incoming Request \u001b[32mGET\u001b[39m \u001b[32m200\u001b[39m \u001b[35m/\u001b[39m \u001b[93m1 ms\u001b[39m","size":"109","timestamp":"2025-07-13 15:23:31"}
{"level":"info","message":"Root endpoint hit","timestamp":"2025-07-13 15:24:31"}
{"level":"info","message":" Incoming Request \u001b[32mGET\u001b[39m \u001b[32m200\u001b[39m \u001b[35m/\u001b[39m \u001b[93m1 ms\u001b[39m","size":"109","timestamp":"2025-07-13 15:24:31"}
{"level":"info","message":" Incoming Request \u001b[34mPOST\u001b[39m \u001b[32m200\u001b[39m \u001b[35m/api/v1/user/cv-update\u001b[39m \u001b[93m95 ms\u001b[39m","size":"891","timestamp":"2025-07-13 15:24:44"}
{"level":"info","message":" Incoming Request \u001b[34mPOST\u001b[39m \u001b[32m200\u001b[39m \u001b[35m/api/v1/user/cv-update\u001b[39m \u001b[93m88 ms\u001b[39m","size":"891","timestamp":"2025-07-13 15:25:16"}
{"level":"info","message":"Root endpoint hit","timestamp":"2025-07-13 15:25:31"}
{"level":"info","message":" Incoming Request \u001b[32mGET\u001b[39m \u001b[32m200\u001b[39m \u001b[35m/\u001b[39m \u001b[93m1 ms\u001b[39m","size":"109","timestamp":"2025-07-13 15:25:31"}
{"level":"info","message":"Root endpoint hit","timestamp":"2025-07-13 15:26:31"}
{"level":"info","message":" Incoming Request \u001b[32mGET\u001b[39m \u001b[32m200\u001b[39m \u001b[35m/\u001b[39m \u001b[93m1 ms\u001b[39m","size":"109","timestamp":"2025-07-13 15:26:31"}
{"level":"info","message":" Incoming Request \u001b[34mPOST\u001b[39m \u001b[32m200\u001b[39m \u001b[35m/api/v1/user/cv-update\u001b[39m \u001b[93m94 ms\u001b[39m","size":"1035","timestamp":"2025-07-13 15:27:12"}
{"level":"info","message":" Incoming Request \u001b[34mPOST\u001b[39m \u001b[32m200\u001b[39m \u001b[35m/api/v1/user/cv-update\u001b[39m \u001b[93m86 ms\u001b[39m","size":"1107","timestamp":"2025-07-13 15:27:21"}
{"level":"info","message":"Root endpoint hit","timestamp":"2025-07-13 15:27:32"}
{"level":"info","message":" Incoming Request \u001b[32mGET\u001b[39m \u001b[32m200\u001b[39m \u001b[35m/\u001b[39m \u001b[93m1 ms\u001b[39m","size":"109","timestamp":"2025-07-13 15:27:32"}
{"level":"info","message":" Incoming Request \u001b[34mPOST\u001b[39m \u001b[32m200\u001b[39m \u001b[35m/api/v1/user/cv-update\u001b[39m \u001b[93m84 ms\u001b[39m","size":"1179","timestamp":"2025-07-13 15:28:07"}
{"level":"info","message":"Root endpoint hit","timestamp":"2025-07-13 15:28:31"}
{"level":"info","message":" Incoming Request \u001b[32mGET\u001b[39m \u001b[32m200\u001b[39m \u001b[35m/\u001b[39m \u001b[93m1 ms\u001b[39m","size":"109","timestamp":"2025-07-13 15:28:31"}
{"level":"info","message":" Incoming Request \u001b[34mPOST\u001b[39m \u001b[32m200\u001b[39m \u001b[35m/api/v1/user/cv-update\u001b[39m \u001b[93m90 ms\u001b[39m","size":"1251","timestamp":"2025-07-13 15:28:34"}
{"level":"info","message":" Incoming Request \u001b[34mPOST\u001b[39m \u001b[32m200\u001b[39m \u001b[35m/api/v1/user/cv-update\u001b[39m \u001b[93m79 ms\u001b[39m","size":"1323","timestamp":"2025-07-13 15:28:39"}
{"level":"info","message":" Incoming Request \u001b[34mPOST\u001b[39m \u001b[32m200\u001b[39m \u001b[35m/api/v1/user/cv-update\u001b[39m \u001b[93m78 ms\u001b[39m","size":"1395","timestamp":"2025-07-13 15:28:54"}
{"level":"info","message":" Incoming Request \u001b[34mPOST\u001b[39m \u001b[32m200\u001b[39m \u001b[35m/api/v1/user/cv-update\u001b[39m \u001b[93m80 ms\u001b[39m","size":"1467","timestamp":"2025-07-13 15:29:00"}
{"level":"info","message":" Incoming Request \u001b[34mPOST\u001b[39m \u001b[32m200\u001b[39m \u001b[35m/api/v1/user/cv-update\u001b[39m \u001b[93m78 ms\u001b[39m","size":"1539","timestamp":"2025-07-13 15:29:01"}
{"level":"info","message":" Incoming Request \u001b[34mPOST\u001b[39m \u001b[32m200\u001b[39m \u001b[35m/api/v1/user/cv-update\u001b[39m \u001b[93m80 ms\u001b[39m","size":"1611","timestamp":"2025-07-13 15:29:02"}
{"level":"info","message":" Incoming Request \u001b[34mPOST\u001b[39m \u001b[32m200\u001b[39m \u001b[35m/api/v1/user/cv-update\u001b[39m \u001b[93m78 ms\u001b[39m","size":"1686","timestamp":"2025-07-13 15:29:09"}
{"level":"info","message":"Root endpoint hit","timestamp":"2025-07-13 15:29:31"}
{"level":"info","message":" Incoming Request \u001b[32mGET\u001b[39m \u001b[32m200\u001b[39m \u001b[35m/\u001b[39m \u001b[93m1 ms\u001b[39m","size":"109","timestamp":"2025-07-13 15:29:31"}
{"level":"info","message":"Root endpoint hit","timestamp":"2025-07-13 15:30:31"}
{"level":"info","message":" Incoming Request \u001b[32mGET\u001b[39m \u001b[32m200\u001b[39m \u001b[35m/\u001b[39m \u001b[93m1 ms\u001b[39m","size":"109","timestamp":"2025-07-13 15:30:31"}
{"level":"info","message":"Root endpoint hit","timestamp":"2025-07-13 15:31:31"}
{"level":"info","message":" Incoming Request \u001b[32mGET\u001b[39m \u001b[32m200\u001b[39m \u001b[35m/\u001b[39m \u001b[93m1 ms\u001b[39m","size":"109","timestamp":"2025-07-13 15:31:31"}
{"level":"info","message":" Incoming Request \u001b[34mPOST\u001b[39m \u001b[32m200\u001b[39m \u001b[35m/api/v1/user/cv-update?pull=pull\u001b[39m \u001b[93m91 ms\u001b[39m","size":"1761","timestamp":"2025-07-13 15:31:53"}
{"level":"info","message":"Root endpoint hit","timestamp":"2025-07-13 15:32:31"}
{"level":"info","message":" Incoming Request \u001b[32mGET\u001b[39m \u001b[32m200\u001b[39m \u001b[35m/\u001b[39m \u001b[93m0 ms\u001b[39m","size":"109","timestamp":"2025-07-13 15:32:31"}
{"level":"info","message":"Root endpoint hit","timestamp":"2025-07-13 15:33:31"}
{"level":"info","message":" Incoming Request \u001b[32mGET\u001b[39m \u001b[32m200\u001b[39m \u001b[35m/\u001b[39m \u001b[93m1 ms\u001b[39m","size":"109","timestamp":"2025-07-13 15:33:31"}
{"level":"info","message":"Root endpoint hit","timestamp":"2025-07-13 15:34:31"}
{"level":"info","message":" Incoming Request \u001b[32mGET\u001b[39m \u001b[32m200\u001b[39m \u001b[35m/\u001b[39m \u001b[93m2 ms\u001b[39m","size":"109","timestamp":"2025-07-13 15:34:31"}
{"level":"info","message":"Root endpoint hit","timestamp":"2025-07-13 15:35:31"}
{"level":"info","message":" Incoming Request \u001b[32mGET\u001b[39m \u001b[32m200\u001b[39m \u001b[35m/\u001b[39m \u001b[93m0 ms\u001b[39m","size":"109","timestamp":"2025-07-13 15:35:31"}
{"level":"info","message":"Root endpoint hit","timestamp":"2025-07-13 15:36:31"}
{"level":"info","message":" Incoming Request \u001b[32mGET\u001b[39m \u001b[32m200\u001b[39m \u001b[35m/\u001b[39m \u001b[93m1 ms\u001b[39m","size":"109","timestamp":"2025-07-13 15:36:31"}
{"level":"info","message":" Incoming Request \u001b[34mPOST\u001b[39m \u001b[32m200\u001b[39m \u001b[35m/api/v1/user/cv-update?pull=68737b7ceb4a3566c5b7633b\u001b[39m \u001b[93m91 ms\u001b[39m","size":"1836","timestamp":"2025-07-13 15:36:43"}
{"level":"info","message":" Incoming Request \u001b[34mPOST\u001b[39m \u001b[32m200\u001b[39m \u001b[35m/api/v1/user/cv-update?pull=68737b7ceb4a3566c5b7633b\u001b[39m \u001b[93m81 ms\u001b[39m","size":"1911","timestamp":"2025-07-13 15:36:48"}
{"level":"info","message":"Root endpoint hit","timestamp":"2025-07-13 15:37:31"}
{"level":"info","message":" Incoming Request \u001b[32mGET\u001b[39m \u001b[32m200\u001b[39m \u001b[35m/\u001b[39m \u001b[93m1 ms\u001b[39m","size":"109","timestamp":"2025-07-13 15:37:31"}
{"level":"info","message":"Root endpoint hit","timestamp":"2025-07-13 15:38:32"}
{"level":"info","message":" Incoming Request \u001b[32mGET\u001b[39m \u001b[32m200\u001b[39m \u001b[35m/\u001b[39m \u001b[93m2 ms\u001b[39m","size":"109","timestamp":"2025-07-13 15:38:32"}
{"level":"info","message":"Root endpoint hit","timestamp":"2025-07-13 15:39:31"}
{"level":"info","message":" Incoming Request \u001b[32mGET\u001b[39m \u001b[32m200\u001b[39m \u001b[35m/\u001b[39m \u001b[93m1 ms\u001b[39m","size":"109","timestamp":"2025-07-13 15:39:31"}
{"level":"info","message":"Root endpoint hit","timestamp":"2025-07-13 15:40:31"}
{"level":"info","message":" Incoming Request \u001b[32mGET\u001b[39m \u001b[32m200\u001b[39m \u001b[35m/\u001b[39m \u001b[93m1 ms\u001b[39m","size":"109","timestamp":"2025-07-13 15:40:31"}
{"level":"info","message":" Incoming Request \u001b[34mPOST\u001b[39m \u001b[32m200\u001b[39m \u001b[35m/api/v1/user/cv-update?pull=68737b7ceb4a3566c5b7633b\u001b[39m \u001b[93m92 ms\u001b[39m","size":"1839","timestamp":"2025-07-13 15:41:20"}
{"level":"info","message":"Root endpoint hit","timestamp":"2025-07-13 15:41:31"}
{"level":"info","message":" Incoming Request \u001b[32mGET\u001b[39m \u001b[32m200\u001b[39m \u001b[35m/\u001b[39m \u001b[93m1 ms\u001b[39m","size":"109","timestamp":"2025-07-13 15:41:31"}
{"level":"info","message":" Incoming Request \u001b[34mPOST\u001b[39m \u001b[32m200\u001b[39m \u001b[35m/api/v1/user/cv-update?pull=68737b7ceb4a3566c5b7633c\u001b[39m \u001b[93m89 ms\u001b[39m","size":"1767","timestamp":"2025-07-13 15:41:32"}
{"level":"info","message":" Incoming Request \u001b[34mPOST\u001b[39m \u001b[32m200\u001b[39m \u001b[35m/api/v1/user/cv-update?pull=68737bf0e633ed3b71f0acc2\u001b[39m \u001b[93m83 ms\u001b[39m","size":"1695","timestamp":"2025-07-13 15:41:39"}
{"level":"info","message":" Incoming Request \u001b[34mPOST\u001b[39m \u001b[32m200\u001b[39m \u001b[35m/api/v1/user/cv-update?pull=68737bf0e633ed3b71f0acc3\u001b[39m \u001b[93m83 ms\u001b[39m","size":"1623","timestamp":"2025-07-13 15:41:47"}
{"level":"info","message":" Incoming Request \u001b[34mPOST\u001b[39m \u001b[32m200\u001b[39m \u001b[35m/api/v1/user/cv-update?pull=68737bf9e633ed3b71f0acc9\u001b[39m \u001b[93m82 ms\u001b[39m","size":"1551","timestamp":"2025-07-13 15:41:54"}
{"level":"info","message":" Incoming Request \u001b[34mPOST\u001b[39m \u001b[32m200\u001b[39m \u001b[35m/api/v1/user/cv-update?pull=68737c26e633ed3b71f0acd0\u001b[39m \u001b[93m85 ms\u001b[39m","size":"1479","timestamp":"2025-07-13 15:42:02"}
{"level":"info","message":" Incoming Request \u001b[34mPOST\u001b[39m \u001b[32m200\u001b[39m \u001b[35m/api/v1/user/cv-update?pull=68737c42de94b6ec27a6415e\u001b[39m \u001b[93m82 ms\u001b[39m","size":"1407","timestamp":"2025-07-13 15:42:09"}
{"level":"info","message":" Incoming Request \u001b[34mPOST\u001b[39m \u001b[32m200\u001b[39m \u001b[35m/api/v1/user/cv-update?pull=68737c47de94b6ec27a64167\u001b[39m \u001b[93m83 ms\u001b[39m","size":"1335","timestamp":"2025-07-13 15:42:16"}
{"level":"info","message":" Incoming Request \u001b[34mPOST\u001b[39m \u001b[32m200\u001b[39m \u001b[35m/api/v1/user/cv-update?pull=68737c56de94b6ec27a64171\u001b[39m \u001b[93m83 ms\u001b[39m","size":"1263","timestamp":"2025-07-13 15:42:24"}
{"level":"info","message":"Root endpoint hit","timestamp":"2025-07-13 15:42:31"}
{"level":"info","message":" Incoming Request \u001b[32mGET\u001b[39m \u001b[32m200\u001b[39m \u001b[35m/\u001b[39m \u001b[93m1 ms\u001b[39m","size":"109","timestamp":"2025-07-13 15:42:31"}
{"level":"info","message":" Incoming Request \u001b[34mPOST\u001b[39m \u001b[32m200\u001b[39m \u001b[35m/api/v1/user/cv-update?pull=68737c5cde94b6ec27a6417c\u001b[39m \u001b[93m82 ms\u001b[39m","size":"1191","timestamp":"2025-07-13 15:42:35"}
{"level":"info","message":" Incoming Request \u001b[34mPOST\u001b[39m \u001b[31m400\u001b[39m \u001b[35m/api/v1/user/cv-update?pull=68737c5dde94b6ec27a64188\u001b[39m \u001b[93m5 ms\u001b[39m","size":"590","timestamp":"2025-07-13 15:43:03"}
{"level":"info","message":"Root endpoint hit","timestamp":"2025-07-13 15:43:31"}
{"level":"info","message":" Incoming Request \u001b[32mGET\u001b[39m \u001b[32m200\u001b[39m \u001b[35m/\u001b[39m \u001b[93m1 ms\u001b[39m","size":"109","timestamp":"2025-07-13 15:43:31"}
{"level":"info","message":"Root endpoint hit","timestamp":"2025-07-13 15:44:31"}
{"level":"info","message":" Incoming Request \u001b[32mGET\u001b[39m \u001b[32m200\u001b[39m \u001b[35m/\u001b[39m \u001b[93m0 ms\u001b[39m","size":"109","timestamp":"2025-07-13 15:44:31"}
{"level":"info","message":" Incoming Request \u001b[34mPOST\u001b[39m \u001b[32m200\u001b[39m \u001b[35m/api/v1/user/cv-update?pull=68737c5dde94b6ec27a64188\u001b[39m \u001b[93m93 ms\u001b[39m","size":"1119","timestamp":"2025-07-13 15:44:36"}
{"level":"info","message":" Incoming Request \u001b[34mPOST\u001b[39m \u001b[32m200\u001b[39m \u001b[35m/api/v1/user/cv-update?pull=68737c5ede94b6ec27a64195\u001b[39m \u001b[93m88 ms\u001b[39m","size":"1047","timestamp":"2025-07-13 15:45:00"}
{"level":"info","message":" Incoming Request \u001b[34mPOST\u001b[39m \u001b[32m200\u001b[39m \u001b[35m/api/v1/user/cv-update?pull=68737c65de94b6ec27a641a3\u001b[39m \u001b[93m86 ms\u001b[39m","size":"972","timestamp":"2025-07-13 15:45:13"}
{"level":"info","message":" Incoming Request \u001b[34mPOST\u001b[39m \u001b[32m200\u001b[39m \u001b[35m/api/v1/user/cv-update?pull=68737d09dc4b628b61b58349\u001b[39m \u001b[93m85 ms\u001b[39m","size":"897","timestamp":"2025-07-13 15:45:19"}
{"level":"info","message":" Incoming Request \u001b[34mPOST\u001b[39m \u001b[32m200\u001b[39m \u001b[35m/api/v1/user/cv-update?pull=68737e2b8cf00459fe4cbacd\u001b[39m \u001b[93m86 ms\u001b[39m","size":"822","timestamp":"2025-07-13 15:45:28"}
{"level":"info","message":"Root endpoint hit","timestamp":"2025-07-13 15:45:31"}
{"level":"info","message":" Incoming Request \u001b[32mGET\u001b[39m \u001b[32m200\u001b[39m \u001b[35m/\u001b[39m \u001b[93m1 ms\u001b[39m","size":"109","timestamp":"2025-07-13 15:45:31"}
{"level":"info","message":" Incoming Request \u001b[34mPOST\u001b[39m \u001b[31m400\u001b[39m \u001b[35m/api/v1/user/cv-update\u001b[39m \u001b[93m6 ms\u001b[39m","size":"590","timestamp":"2025-07-13 15:45:43"}
{"level":"info","message":"Root endpoint hit","timestamp":"2025-07-13 15:46:31"}
{"level":"info","message":" Incoming Request \u001b[32mGET\u001b[39m \u001b[32m200\u001b[39m \u001b[35m/\u001b[39m \u001b[93m1 ms\u001b[39m","size":"109","timestamp":"2025-07-13 15:46:31"}
{"level":"info","message":"Root endpoint hit","timestamp":"2025-07-13 15:47:31"}
{"level":"info","message":" Incoming Request \u001b[32mGET\u001b[39m \u001b[32m200\u001b[39m \u001b[35m/\u001b[39m \u001b[93m2 ms\u001b[39m","size":"109","timestamp":"2025-07-13 15:47:31"}
{"level":"info","message":"Root endpoint hit","timestamp":"2025-07-13 15:48:31"}
{"level":"info","message":" Incoming Request \u001b[32mGET\u001b[39m \u001b[32m200\u001b[39m \u001b[35m/\u001b[39m \u001b[93m1 ms\u001b[39m","size":"109","timestamp":"2025-07-13 15:48:31"}
{"level":"info","message":" Incoming Request \u001b[32mGET\u001b[39m \u001b[32m200\u001b[39m \u001b[35m/api/v1/job/all?experience=8-10\u001b[39m \u001b[93m250 ms\u001b[39m","size":"2183","timestamp":"2025-07-13 15:48:49"}
{"level":"info","message":" Incoming Request \u001b[32mGET\u001b[39m \u001b[32m200\u001b[39m \u001b[35m/api/v1/job/all\u001b[39m \u001b[93m237 ms\u001b[39m","size":"5205","timestamp":"2025-07-13 15:48:54"}
{"level":"info","message":"Root endpoint hit","timestamp":"2025-07-13 15:49:31"}
{"level":"info","message":" Incoming Request \u001b[32mGET\u001b[39m \u001b[32m200\u001b[39m \u001b[35m/\u001b[39m \u001b[93m0 ms\u001b[39m","size":"109","timestamp":"2025-07-13 15:49:31"}
{"level":"info","message":"Root endpoint hit","timestamp":"2025-07-13 15:50:31"}
{"level":"info","message":" Incoming Request \u001b[32mGET\u001b[39m \u001b[32m200\u001b[39m \u001b[35m/\u001b[39m \u001b[93m1 ms\u001b[39m","size":"109","timestamp":"2025-07-13 15:50:31"}
{"level":"info","message":"Root endpoint hit","timestamp":"2025-07-13 15:51:31"}
{"level":"info","message":" Incoming Request \u001b[32mGET\u001b[39m \u001b[32m200\u001b[39m \u001b[35m/\u001b[39m \u001b[93m1 ms\u001b[39m","size":"109","timestamp":"2025-07-13 15:51:31"}
{"level":"info","message":"Root endpoint hit","timestamp":"2025-07-13 15:52:31"}
{"level":"info","message":" Incoming Request \u001b[32mGET\u001b[39m \u001b[32m200\u001b[39m \u001b[35m/\u001b[39m \u001b[93m1 ms\u001b[39m","size":"109","timestamp":"2025-07-13 15:52:31"}
{"level":"info","message":" Incoming Request \u001b[32mGET\u001b[39m \u001b[31m404\u001b[39m \u001b[35m/api/v1/job/single\u001b[39m \u001b[93m4 ms\u001b[39m","size":"1476","timestamp":"2025-07-13 15:52:46"}
{"level":"info","message":" Incoming Request \u001b[32mGET\u001b[39m \u001b[31m404\u001b[39m \u001b[35m/api/v1/job/single/68736a7b5c4bbdb5437dc284\u001b[39m \u001b[93m1 ms\u001b[39m","size":"1551","timestamp":"2025-07-13 15:53:17"}
{"level":"info","message":"Root endpoint hit","timestamp":"2025-07-13 15:53:31"}
{"level":"info","message":" Incoming Request \u001b[32mGET\u001b[39m \u001b[32m200\u001b[39m \u001b[35m/\u001b[39m \u001b[93m1 ms\u001b[39m","size":"109","timestamp":"2025-07-13 15:53:31"}
{"level":"info","message":" Incoming Request \u001b[32mGET\u001b[39m \u001b[31m404\u001b[39m \u001b[35m/api/v1/job/single/68736a7b5c4bbdb5437dc284\u001b[39m \u001b[93m82 ms\u001b[39m","size":"533","timestamp":"2025-07-13 15:53:34"}
{"level":"info","message":" Incoming Request \u001b[32mGET\u001b[39m \u001b[32m200\u001b[39m \u001b[35m/api/v1/job/single/68736a7b5c4bbdb5437dc284\u001b[39m \u001b[93m79 ms\u001b[39m","size":"1108","timestamp":"2025-07-13 15:54:07"}
{"level":"info","message":"Root endpoint hit","timestamp":"2025-07-13 15:54:31"}
{"level":"info","message":" Incoming Request \u001b[32mGET\u001b[39m \u001b[32m200\u001b[39m \u001b[35m/\u001b[39m \u001b[93m1 ms\u001b[39m","size":"109","timestamp":"2025-07-13 15:54:31"}
{"level":"info","message":"Root endpoint hit","timestamp":"2025-07-13 15:55:31"}
{"level":"info","message":" Incoming Request \u001b[32mGET\u001b[39m \u001b[32m200\u001b[39m \u001b[35m/\u001b[39m \u001b[93m0 ms\u001b[39m","size":"109","timestamp":"2025-07-13 15:55:31"}
{"level":"info","message":"Root endpoint hit","timestamp":"2025-07-13 15:56:31"}
{"level":"info","message":" Incoming Request \u001b[32mGET\u001b[39m \u001b[32m200\u001b[39m \u001b[35m/\u001b[39m \u001b[93m1 ms\u001b[39m","size":"109","timestamp":"2025-07-13 15:56:31"}
{"level":"info","message":"Root endpoint hit","timestamp":"2025-07-13 15:57:31"}
{"level":"info","message":" Incoming Request \u001b[32mGET\u001b[39m \u001b[32m200\u001b[39m \u001b[35m/\u001b[39m \u001b[93m1 ms\u001b[39m","size":"109","timestamp":"2025-07-13 15:57:31"}
{"level":"info","message":"Root endpoint hit","timestamp":"2025-07-13 15:58:31"}
{"level":"info","message":" Incoming Request \u001b[32mGET\u001b[39m \u001b[32m200\u001b[39m \u001b[35m/\u001b[39m \u001b[93m2 ms\u001b[39m","size":"109","timestamp":"2025-07-13 15:58:31"}
{"level":"info","message":"Root endpoint hit","timestamp":"2025-07-13 15:59:33"}
{"level":"info","message":" Incoming Request \u001b[32mGET\u001b[39m \u001b[32m200\u001b[39m \u001b[35m/\u001b[39m \u001b[93m1 ms\u001b[39m","size":"109","timestamp":"2025-07-13 15:59:33"}
{"level":"info","message":"Root endpoint hit","timestamp":"2025-07-13 16:00:31"}
{"level":"info","message":" Incoming Request \u001b[32mGET\u001b[39m \u001b[32m200\u001b[39m \u001b[35m/\u001b[39m \u001b[93m1 ms\u001b[39m","size":"109","timestamp":"2025-07-13 16:00:31"}
{"level":"info","message":"Root endpoint hit","timestamp":"2025-07-13 16:01:31"}
{"level":"info","message":" Incoming Request \u001b[32mGET\u001b[39m \u001b[32m200\u001b[39m \u001b[35m/\u001b[39m \u001b[93m1 ms\u001b[39m","size":"109","timestamp":"2025-07-13 16:01:31"}
{"level":"info","message":"Root endpoint hit","timestamp":"2025-07-13 16:02:31"}
{"level":"info","message":" Incoming Request \u001b[32mGET\u001b[39m \u001b[32m200\u001b[39m \u001b[35m/\u001b[39m \u001b[93m0 ms\u001b[39m","size":"109","timestamp":"2025-07-13 16:02:31"}
{"level":"info","message":"Root endpoint hit","timestamp":"2025-07-13 16:03:31"}
{"level":"info","message":" Incoming Request \u001b[32mGET\u001b[39m \u001b[32m200\u001b[39m \u001b[35m/\u001b[39m \u001b[93m1 ms\u001b[39m","size":"109","timestamp":"2025-07-13 16:03:31"}
{"level":"info","message":"Root endpoint hit","timestamp":"2025-07-13 16:04:31"}
{"level":"info","message":" Incoming Request \u001b[32mGET\u001b[39m \u001b[32m200\u001b[39m \u001b[35m/\u001b[39m \u001b[93m1 ms\u001b[39m","size":"109","timestamp":"2025-07-13 16:04:31"}
{"level":"info","message":"Root endpoint hit","timestamp":"2025-07-13 16:05:31"}
{"level":"info","message":" Incoming Request \u001b[32mGET\u001b[39m \u001b[32m200\u001b[39m \u001b[35m/\u001b[39m \u001b[93m2 ms\u001b[39m","size":"109","timestamp":"2025-07-13 16:05:31"}
{"level":"info","message":"Root endpoint hit","timestamp":"2025-07-13 16:06:31"}
{"level":"info","message":" Incoming Request \u001b[32mGET\u001b[39m \u001b[32m200\u001b[39m \u001b[35m/\u001b[39m \u001b[93m0 ms\u001b[39m","size":"109","timestamp":"2025-07-13 16:06:31"}
{"level":"info","message":"Root endpoint hit","timestamp":"2025-07-13 16:07:31"}
{"level":"info","message":" Incoming Request \u001b[32mGET\u001b[39m \u001b[32m200\u001b[39m \u001b[35m/\u001b[39m \u001b[93m1 ms\u001b[39m","size":"109","timestamp":"2025-07-13 16:07:31"}
{"level":"info","message":"Root endpoint hit","timestamp":"2025-07-13 16:08:31"}
{"level":"info","message":" Incoming Request \u001b[32mGET\u001b[39m \u001b[32m200\u001b[39m \u001b[35m/\u001b[39m \u001b[93m1 ms\u001b[39m","size":"109","timestamp":"2025-07-13 16:08:31"}
{"level":"info","message":"Root endpoint hit","timestamp":"2025-07-13 16:09:31"}
{"level":"info","message":" Incoming Request \u001b[32mGET\u001b[39m \u001b[32m200\u001b[39m \u001b[35m/\u001b[39m \u001b[93m2 ms\u001b[39m","size":"109","timestamp":"2025-07-13 16:09:31"}
{"level":"info","message":"Root endpoint hit","timestamp":"2025-07-13 16:10:31"}
{"level":"info","message":" Incoming Request \u001b[32mGET\u001b[39m \u001b[32m200\u001b[39m \u001b[35m/\u001b[39m \u001b[93m1 ms\u001b[39m","size":"109","timestamp":"2025-07-13 16:10:31"}
{"level":"info","message":"Root endpoint hit","timestamp":"2025-07-13 16:11:31"}
{"level":"info","message":" Incoming Request \u001b[32mGET\u001b[39m \u001b[32m200\u001b[39m \u001b[35m/\u001b[39m \u001b[93m2 ms\u001b[39m","size":"109","timestamp":"2025-07-13 16:11:31"}
{"level":"info","message":"Root endpoint hit","timestamp":"2025-07-13 16:12:31"}
{"level":"info","message":" Incoming Request \u001b[32mGET\u001b[39m \u001b[32m200\u001b[39m \u001b[35m/\u001b[39m \u001b[93m0 ms\u001b[39m","size":"109","timestamp":"2025-07-13 16:12:31"}
{"level":"info","message":"Root endpoint hit","timestamp":"2025-07-13 16:13:32"}
{"level":"info","message":" Incoming Request \u001b[32mGET\u001b[39m \u001b[32m200\u001b[39m \u001b[35m/\u001b[39m \u001b[93m1 ms\u001b[39m","size":"109","timestamp":"2025-07-13 16:13:32"}
{"level":"info","message":"Root endpoint hit","timestamp":"2025-07-13 16:14:32"}
{"level":"info","message":" Incoming Request \u001b[32mGET\u001b[39m \u001b[32m200\u001b[39m \u001b[35m/\u001b[39m \u001b[93m1 ms\u001b[39m","size":"109","timestamp":"2025-07-13 16:14:32"}
{"level":"info","message":" Incoming Request \u001b[32mGET\u001b[39m \u001b[32m200\u001b[39m \u001b[35m/api/v1/user/approve-employer\u001b[39m \u001b[93m160 ms\u001b[39m","size":"473","timestamp":"2025-07-13 16:14:35"}
{"level":"info","message":" Incoming Request \u001b[32mGET\u001b[39m \u001b[31m404\u001b[39m \u001b[35m/images/1976dc6b-de5e-4834-abee-efb1eb841b62.jpg\u001b[39m \u001b[93m1 ms\u001b[39m","size":"1568","timestamp":"2025-07-13 16:14:36"}
{"level":"info","message":" Incoming Request \u001b[32mGET\u001b[39m \u001b[32m200\u001b[39m \u001b[35m/api/v1/user/my-profile\u001b[39m \u001b[93m229 ms\u001b[39m","size":"976","timestamp":"2025-07-13 16:15:09"}
{"level":"info","message":" Incoming Request \u001b[32mGET\u001b[39m \u001b[34m304\u001b[39m \u001b[35m/api/v1/category/all?\u001b[39m \u001b[93m76 ms\u001b[39m","size":0,"timestamp":"2025-07-13 16:15:10"}
{"level":"info","message":" Incoming Request \u001b[34mPOST\u001b[39m \u001b[33m500\u001b[39m \u001b[35m/api/v1/user/job-alert\u001b[39m \u001b[93m3 ms\u001b[39m","size":"961","timestamp":"2025-07-13 16:15:29"}
{"level":"info","message":" Incoming Request \u001b[32mGET\u001b[39m \u001b[34m304\u001b[39m \u001b[35m/api/v1/user/my-profile\u001b[39m \u001b[93m232 ms\u001b[39m","size":0,"timestamp":"2025-07-13 16:15:29"}
{"level":"info","message":"Root endpoint hit","timestamp":"2025-07-13 16:15:31"}
{"level":"info","message":" Incoming Request \u001b[32mGET\u001b[39m \u001b[32m200\u001b[39m \u001b[35m/\u001b[39m \u001b[93m0 ms\u001b[39m","size":"109","timestamp":"2025-07-13 16:15:31"}
{"level":"info","message":" Incoming Request \u001b[32mGET\u001b[39m \u001b[34m304\u001b[39m \u001b[35m/api/v1/user/my-profile\u001b[39m \u001b[93m225 ms\u001b[39m","size":0,"timestamp":"2025-07-13 16:16:19"}
{"level":"info","message":"Root endpoint hit","timestamp":"2025-07-13 16:16:31"}
{"level":"info","message":" Incoming Request \u001b[32mGET\u001b[39m \u001b[32m200\u001b[39m \u001b[35m/\u001b[39m \u001b[93m1 ms\u001b[39m","size":"109","timestamp":"2025-07-13 16:16:31"}
{"level":"info","message":"Root endpoint hit","timestamp":"2025-07-13 16:17:31"}
{"level":"info","message":" Incoming Request \u001b[32mGET\u001b[39m \u001b[32m200\u001b[39m \u001b[35m/\u001b[39m \u001b[93m1 ms\u001b[39m","size":"109","timestamp":"2025-07-13 16:17:31"}
{"level":"info","message":"Root endpoint hit","timestamp":"2025-07-13 16:18:31"}
{"level":"info","message":" Incoming Request \u001b[32mGET\u001b[39m \u001b[32m200\u001b[39m \u001b[35m/\u001b[39m \u001b[93m2 ms\u001b[39m","size":"109","timestamp":"2025-07-13 16:18:31"}
{"level":"info","message":"Root endpoint hit","timestamp":"2025-07-13 16:19:31"}
{"level":"info","message":" Incoming Request \u001b[32mGET\u001b[39m \u001b[32m200\u001b[39m \u001b[35m/\u001b[39m \u001b[93m1 ms\u001b[39m","size":"109","timestamp":"2025-07-13 16:19:31"}
{"level":"info","message":"Root endpoint hit","timestamp":"2025-07-13 16:20:31"}
{"level":"info","message":" Incoming Request \u001b[32mGET\u001b[39m \u001b[32m200\u001b[39m \u001b[35m/\u001b[39m \u001b[93m1 ms\u001b[39m","size":"109","timestamp":"2025-07-13 16:20:31"}
{"level":"info","message":"Root endpoint hit","timestamp":"2025-07-13 16:21:31"}
{"level":"info","message":" Incoming Request \u001b[32mGET\u001b[39m \u001b[32m200\u001b[39m \u001b[35m/\u001b[39m \u001b[93m0 ms\u001b[39m","size":"109","timestamp":"2025-07-13 16:21:31"}
{"level":"info","message":" Incoming Request \u001b[34mPOST\u001b[39m \u001b[31m400\u001b[39m \u001b[35m/api/v1/job/apply\u001b[39m \u001b[93m5 ms\u001b[39m","size":"1512","timestamp":"2025-07-13 17:39:57"}
{"level":"info","message":" Incoming Request \u001b[34mPOST\u001b[39m \u001b[32m201\u001b[39m \u001b[35m/api/v1/job/apply\u001b[39m \u001b[93m7 ms\u001b[39m","size":"76","timestamp":"2025-07-13 17:40:09"}
{"level":"info","message":" Incoming Request \u001b[34mPOST\u001b[39m \u001b[33m500\u001b[39m \u001b[35m/api/v1/job/apply\u001b[39m \u001b[93m10 ms\u001b[39m","size":"794","timestamp":"2025-07-13 17:40:36"}
{"level":"info","message":" Incoming Request \u001b[34mPOST\u001b[39m \u001b[33m500\u001b[39m \u001b[35m/api/v1/job/apply\u001b[39m \u001b[93m11 ms\u001b[39m","size":"794","timestamp":"2025-07-13 17:41:35"}
{"level":"info","message":" Incoming Request \u001b[34mPOST\u001b[39m \u001b[33m500\u001b[39m \u001b[35m/api/v1/job/apply\u001b[39m \u001b[93m13 ms\u001b[39m","size":"794","timestamp":"2025-07-13 17:42:56"}
{"level":"info","message":" Incoming Request \u001b[34mPOST\u001b[39m \u001b[33m500\u001b[39m \u001b[35m/api/v1/job/apply\u001b[39m \u001b[93m11 ms\u001b[39m","size":"794","timestamp":"2025-07-13 17:43:19"}
{"level":"info","message":" Incoming Request \u001b[34mPOST\u001b[39m \u001b[33m500\u001b[39m \u001b[35m/api/v1/job/apply\u001b[39m \u001b[93m11 ms\u001b[39m","size":"800","timestamp":"2025-07-13 17:45:01"}
{"level":"info","message":" Incoming Request \u001b[32mGET\u001b[39m \u001b[32m200\u001b[39m \u001b[35m/api/v1/job/all\u001b[39m \u001b[93m252 ms\u001b[39m","size":"5205","timestamp":"2025-07-13 17:47:42"}
{"level":"info","message":" Incoming Request \u001b[34mPOST\u001b[39m \u001b[33m500\u001b[39m \u001b[35m/api/v1/job/apply/68736a7b5c4bbdb5437dc284\u001b[39m \u001b[93m88 ms\u001b[39m","size":"711","timestamp":"2025-07-13 17:49:06"}
{"level":"info","message":" Incoming Request \u001b[34mPOST\u001b[39m \u001b[32m201\u001b[39m \u001b[35m/api/v1/job/apply/68736a7b5c4bbdb5437dc284\u001b[39m \u001b[93m161 ms\u001b[39m","size":"291","timestamp":"2025-07-13 17:49:34"}
{"level":"info","message":" Incoming Request \u001b[34mPOST\u001b[39m \u001b[31m400\u001b[39m \u001b[35m/api/v1/job/apply/68736a7b5c4bbdb5437dc284\u001b[39m \u001b[93m79 ms\u001b[39m","size":"618","timestamp":"2025-07-13 17:50:16"}
{"level":"info","message":" Incoming Request \u001b[34mPOST\u001b[39m \u001b[31m404\u001b[39m \u001b[35m/api/v1/job/apply/68736a7b5c4bbdb5427dc284\u001b[39m \u001b[93m83 ms\u001b[39m","size":"544","timestamp":"2025-07-13 17:51:01"}
{"level":"info","message":" Incoming Request \u001b[34mPOST\u001b[39m \u001b[31m404\u001b[39m \u001b[35m/api/v1/job/apply/68736a7b5c4bbdb5427dc284\u001b[39m \u001b[93m76 ms\u001b[39m","size":"544","timestamp":"2025-07-13 17:51:10"}
{"level":"info","message":" Incoming Request \u001b[34mPOST\u001b[39m \u001b[31m400\u001b[39m \u001b[35m/api/v1/job/apply/68736a7b5c4bbdb5437dc284\u001b[39m \u001b[93m151 ms\u001b[39m","size":"619","timestamp":"2025-07-13 17:51:25"}
